#
# There is insufficient memory for the Java Runtime Environment to continue.
# Native memory allocation (malloc) failed to allocate 363024 bytes for Chunk::new
# Possible reasons:
#   The system is out of physical RAM or swap space
#   In 32 bit mode, the process size limit was hit
# Possible solutions:
#   Reduce memory load on the system
#   Increase physical memory or swap space
#   Check if swap backing store is full
#   Use 64 bit Java on a 64 bit OS
#   Decrease Java heap size (-Xmx/-Xms)
#   Decrease number of Java threads
#   Decrease Java thread stack sizes (-Xss)
#   Set larger code cache with -XX:ReservedCodeCacheSize=
# This output file may be truncated or incomplete.
#
#  Out of Memory Error (allocation.cpp:390), pid=852, tid=0x000000000000087c
#
# JRE version: OpenJDK Runtime Environment (8.0_76-b03) (build 1.8.0_76-release-b03)
# Java VM: OpenJDK 64-Bit Server VM (25.76-b03 mixed mode windows-amd64 compressed oops)
# Failed to write core dump. Minidumps are not enabled by default on client versions of Windows
#

---------------  T H R E A D  ---------------

Current thread (0x0000000016348000):  JavaThread "C2 CompilerThread0" daemon [_thread_in_native, id=2172, stack(0x0000000017990000,0x0000000017a90000)]

Stack: [0x0000000017990000,0x0000000017a90000]
[error occurred during error reporting (printing stack bounds), id 0xc0000005]

Native frames: (J=compiled Java code, j=interpreted, Vv=VM code, C=native code)


Current CompileTask:
C2:  13401 5260   !   4       com.sun.beans.TypeResolver::resolve (274 bytes)


---------------  P R O C E S S  ---------------

Java Threads: ( => current thread )
  0x0000000018e28800 JavaThread "File lock request listener" [_thread_in_native, id=10564, stack(0x000000001be50000,0x000000001bf50000)]
  0x0000000018e27000 JavaThread "Stdin handler" [_thread_blocked, id=4236, stack(0x000000001a980000,0x000000001aa80000)]
  0x0000000018e26000 JavaThread "Asynchronous log dispatcher for org.gradle.launcher.daemon.server.DefaultDaemonConnection@d9b537b" [_thread_blocked, id=6496, stack(0x000000001a880000,0x000000001a980000)]
  0x0000000018e23000 JavaThread "Daemon worker" [_thread_in_vm, id=12072, stack(0x000000001a580000,0x000000001a680000)]
  0x0000000019008000 JavaThread "Cancel handler" [_thread_blocked, id=9152, stack(0x000000001a480000,0x000000001a580000)]
  0x0000000018f5c000 JavaThread "Handler for socket connection from /127.0.0.1:54741 to /127.0.0.1:54742" [_thread_in_native, id=1464, stack(0x000000001a380000,0x000000001a480000)]
  0x0000000018f5b000 JavaThread "Daemon" [_thread_blocked, id=7564, stack(0x000000001a280000,0x000000001a380000)]
  0x0000000018d66000 JavaThread "pool-1-thread-1" [_thread_blocked, id=10476, stack(0x000000001a180000,0x000000001a280000)]
  0x000000001907b000 JavaThread "Incoming local TCP Connector on port 54741" [_thread_in_native, id=11908, stack(0x0000000019da0000,0x0000000019ea0000)]
  0x0000000017cab800 JavaThread "Service Thread" daemon [_thread_blocked, id=12192, stack(0x0000000018090000,0x0000000018190000)]
  0x000000001633c800 JavaThread "C1 CompilerThread2" daemon [_thread_blocked, id=11376, stack(0x0000000017b90000,0x0000000017c90000)]
  0x000000001634a800 JavaThread "C2 CompilerThread1" daemon [_thread_in_native, id=8932, stack(0x0000000017a90000,0x0000000017b90000)]
=>0x0000000016348000 JavaThread "C2 CompilerThread0" daemon [_thread_in_native, id=2172, stack(0x0000000017990000,0x0000000017a90000)]
  0x0000000016347000 JavaThread "Attach Listener" daemon [_thread_blocked, id=12128, stack(0x0000000017890000,0x0000000017990000)]
  0x0000000016345800 JavaThread "Signal Dispatcher" daemon [_thread_blocked, id=8428, stack(0x0000000017790000,0x0000000017890000)]
  0x00000000029c5800 JavaThread "Finalizer" daemon [_thread_blocked, id=11244, stack(0x00000000175b0000,0x00000000176b0000)]
  0x00000000029c0800 JavaThread "Reference Handler" daemon [_thread_blocked, id=10028, stack(0x00000000174b0000,0x00000000175b0000)]
  0x00000000028d2800 JavaThread "main" [_thread_blocked, id=10452, stack(0x0000000002780000,0x0000000002880000)]

Other Threads:
  0x0000000016305800 VMThread [stack: 0x00000000173b0000,0x00000000174b0000] [id=4968]
  0x0000000017ca1800 WatcherThread [stack: 0x0000000018190000,0x0000000018290000] [id=9632]

VM state:not at safepoint (normal execution)

VM Mutex/Monitor currently owned by a thread: None

Heap:
 PSYoungGen      total 86528K, used 12773K [0x00000000e0000000, 0x00000000e6d00000, 0x0000000100000000)
  eden space 76800K, 3% used [0x00000000e0000000,0x00000000e02fd448,0x00000000e4b00000)
  from space 9728K, 99% used [0x00000000e6380000,0x00000000e6cfbff0,0x00000000e6d00000)
  to   space 9216K, 0% used [0x00000000e4b00000,0x00000000e4b00000,0x00000000e5400000)
 ParOldGen       total 61952K, used 18029K [0x00000000a0000000, 0x00000000a3c80000, 0x00000000e0000000)
  object space 61952K, 29% used [0x00000000a0000000,0x00000000a119b728,0x00000000a3c80000)
 Metaspace       used 44966K, capacity 46074K, committed 46256K, reserved 1089536K
  class space    used 6046K, capacity 6305K, committed 6320K, reserved 1048576K

Card table byte_map: [0x0000000011d90000,0x00000000120a0000] byte_map_base: 0x0000000011890000

Marking Bits: (ParMarkBitMap*) 0x0000000056069d00
 Begin Bits: [0x00000000126a0000, 0x0000000013ea0000)
 End Bits:   [0x0000000013ea0000, 0x00000000156a0000)

Polling page: 0x00000000026f0000

CodeCache: size=245760Kb used=17000Kb max_used=17060Kb free=228759Kb
 bounds [0x00000000029d0000, 0x0000000003a90000, 0x00000000119d0000]
 total_blobs=5605 nmethods=4904 adapters=613
 compilation: enabled

Compilation events (10 events):
Event: 13.341 Thread 0x000000001633c800 5416       3       java.beans.Introspector::addPropertyDescriptors (37 bytes)
Event: 13.341 Thread 0x000000001633c800 nmethod 5416 0x0000000003a865d0 code [0x0000000003a86740, 0x0000000003a869e8]
Event: 13.373 Thread 0x000000001633c800 5417   !   3       java.util.zip.Inflater::end (50 bytes)
Event: 13.374 Thread 0x000000001633c800 nmethod 5417 0x0000000003a86b10 code [0x0000000003a86ca0, 0x0000000003a87128]
Event: 13.390 Thread 0x000000001633c800 5418       3       com.google.common.collect.Iterators::singletonIterator (9 bytes)
Event: 13.390 Thread 0x000000001633c800 nmethod 5418 0x0000000002b5ff50 code [0x0000000002b600c0, 0x0000000002b60370]
Event: 13.391 Thread 0x000000001633c800 5419       3       com.google.common.collect.Iterators$12::<init> (10 bytes)
Event: 13.391 Thread 0x000000001633c800 nmethod 5419 0x0000000002b739d0 code [0x0000000002b73b40, 0x0000000002b73d70]
Event: 13.392 Thread 0x000000001633c800 5420       3       com.google.common.collect.Iterators$12::next (25 bytes)
Event: 13.392 Thread 0x000000001633c800 nmethod 5420 0x0000000002b5e290 code [0x0000000002b5e400, 0x0000000002b5e668]

GC Heap History (10 events):
Event: 7.686 GC heap before
{Heap before GC invocations=12 (full 1):
 PSYoungGen      total 66048K, used 66016K [0x00000000e0000000, 0x00000000e5300000, 0x0000000100000000)
  eden space 62464K, 100% used [0x00000000e0000000,0x00000000e3d00000,0x00000000e3d00000)
  from space 3584K, 99% used [0x00000000e4480000,0x00000000e47f8020,0x00000000e4800000)
  to   space 7680K, 0% used [0x00000000e3d00000,0x00000000e3d00000,0x00000000e4480000)
 ParOldGen       total 40448K, used 11951K [0x00000000a0000000, 0x00000000a2780000, 0x00000000e0000000)
  object space 40448K, 29% used [0x00000000a0000000,0x00000000a0babfe8,0x00000000a2780000)
 Metaspace       used 32703K, capacity 33504K, committed 33840K, reserved 1079296K
  class space    used 4407K, capacity 4631K, committed 4656K, reserved 1048576K
Event: 7.705 GC heap after
Heap after GC invocations=12 (full 1):
 PSYoungGen      total 70144K, used 7672K [0x00000000e0000000, 0x00000000e5d00000, 0x0000000100000000)
  eden space 62464K, 0% used [0x00000000e0000000,0x00000000e0000000,0x00000000e3d00000)
  from space 7680K, 99% used [0x00000000e3d00000,0x00000000e447e3a8,0x00000000e4480000)
  to   space 9216K, 0% used [0x00000000e5400000,0x00000000e5400000,0x00000000e5d00000)
 ParOldGen       total 40448K, used 13347K [0x00000000a0000000, 0x00000000a2780000, 0x00000000e0000000)
  object space 40448K, 32% used [0x00000000a0000000,0x00000000a0d08e30,0x00000000a2780000)
 Metaspace       used 32703K, capacity 33504K, committed 33840K, reserved 1079296K
  class space    used 4407K, capacity 4631K, committed 4656K, reserved 1048576K
}
Event: 8.481 GC heap before
{Heap before GC invocations=13 (full 1):
 PSYoungGen      total 70144K, used 46684K [0x00000000e0000000, 0x00000000e5d00000, 0x0000000100000000)
  eden space 62464K, 62% used [0x00000000e0000000,0x00000000e2619038,0x00000000e3d00000)
  from space 7680K, 99% used [0x00000000e3d00000,0x00000000e447e3a8,0x00000000e4480000)
  to   space 9216K, 0% used [0x00000000e5400000,0x00000000e5400000,0x00000000e5d00000)
 ParOldGen       total 40448K, used 13347K [0x00000000a0000000, 0x00000000a2780000, 0x00000000e0000000)
  object space 40448K, 32% used [0x00000000a0000000,0x00000000a0d08e30,0x00000000a2780000)
 Metaspace       used 34528K, capacity 35268K, committed 35496K, reserved 1079296K
  class space    used 4624K, capacity 4829K, committed 4912K, reserved 1048576K
Event: 8.513 GC heap after
Heap after GC invocations=13 (full 1):
 PSYoungGen      total 86016K, used 6628K [0x00000000e0000000, 0x00000000e6000000, 0x0000000100000000)
  eden space 76800K, 0% used [0x00000000e0000000,0x00000000e0000000,0x00000000e4b00000)
  from space 9216K, 71% used [0x00000000e5400000,0x00000000e5a792a8,0x00000000e5d00000)
  to   space 9216K, 0% used [0x00000000e4b00000,0x00000000e4b00000,0x00000000e5400000)
 ParOldGen       total 40448K, used 15223K [0x00000000a0000000, 0x00000000a2780000, 0x00000000e0000000)
  object space 40448K, 37% used [0x00000000a0000000,0x00000000a0edde50,0x00000000a2780000)
 Metaspace       used 34528K, capacity 35268K, committed 35496K, reserved 1079296K
  class space    used 4624K, capacity 4829K, committed 4912K, reserved 1048576K
}
Event: 8.513 GC heap before
{Heap before GC invocations=14 (full 2):
 PSYoungGen      total 86016K, used 6628K [0x00000000e0000000, 0x00000000e6000000, 0x0000000100000000)
  eden space 76800K, 0% used [0x00000000e0000000,0x00000000e0000000,0x00000000e4b00000)
  from space 9216K, 71% used [0x00000000e5400000,0x00000000e5a792a8,0x00000000e5d00000)
  to   space 9216K, 0% used [0x00000000e4b00000,0x00000000e4b00000,0x00000000e5400000)
 ParOldGen       total 40448K, used 15223K [0x00000000a0000000, 0x00000000a2780000, 0x00000000e0000000)
  object space 40448K, 37% used [0x00000000a0000000,0x00000000a0edde50,0x00000000a2780000)
 Metaspace       used 34528K, capacity 35268K, committed 35496K, reserved 1079296K
  class space    used 4624K, capacity 4829K, committed 4912K, reserved 1048576K
Event: 8.735 GC heap after
Heap after GC invocations=14 (full 2):
 PSYoungGen      total 86016K, used 0K [0x00000000e0000000, 0x00000000e6000000, 0x0000000100000000)
  eden space 76800K, 0% used [0x00000000e0000000,0x00000000e0000000,0x00000000e4b00000)
  from space 9216K, 0% used [0x00000000e5400000,0x00000000e5400000,0x00000000e5d00000)
  to   space 9216K, 0% used [0x00000000e4b00000,0x00000000e4b00000,0x00000000e5400000)
 ParOldGen       total 61952K, used 15714K [0x00000000a0000000, 0x00000000a3c80000, 0x00000000e0000000)
  object space 61952K, 25% used [0x00000000a0000000,0x00000000a0f58b30,0x00000000a3c80000)
 Metaspace       used 34528K, capacity 35268K, committed 35496K, reserved 1079296K
  class space    used 4624K, capacity 4829K, committed 4912K, reserved 1048576K
}
Event: 10.764 GC heap before
{Heap before GC invocations=15 (full 2):
 PSYoungGen      total 86016K, used 76800K [0x00000000e0000000, 0x00000000e6000000, 0x0000000100000000)
  eden space 76800K, 100% used [0x00000000e0000000,0x00000000e4b00000,0x00000000e4b00000)
  from space 9216K, 0% used [0x00000000e5400000,0x00000000e5400000,0x00000000e5d00000)
  to   space 9216K, 0% used [0x00000000e4b00000,0x00000000e4b00000,0x00000000e5400000)
 ParOldGen       total 61952K, used 15714K [0x00000000a0000000, 0x00000000a3c80000, 0x00000000e0000000)
  object space 61952K, 25% used [0x00000000a0000000,0x00000000a0f58b30,0x00000000a3c80000)
 Metaspace       used 41624K, capacity 42522K, committed 42672K, reserved 1085440K
  class space    used 5568K, capacity 5795K, committed 5808K, reserved 1048576K
Event: 10.775 GC heap after
Heap after GC invocations=15 (full 2):
 PSYoungGen      total 86016K, used 7429K [0x00000000e0000000, 0x00000000e6d00000, 0x0000000100000000)
  eden space 76800K, 0% used [0x00000000e0000000,0x00000000e0000000,0x00000000e4b00000)
  from space 9216K, 80% used [0x00000000e4b00000,0x00000000e5241598,0x00000000e5400000)
  to   space 9728K, 0% used [0x00000000e6380000,0x00000000e6380000,0x00000000e6d00000)
 ParOldGen       total 61952K, used 15786K [0x00000000a0000000, 0x00000000a3c80000, 0x00000000e0000000)
  object space 61952K, 25% used [0x00000000a0000000,0x00000000a0f6ab40,0x00000000a3c80000)
 Metaspace       used 41624K, capacity 42522K, committed 42672K, reserved 1085440K
  class space    used 5568K, capacity 5795K, committed 5808K, reserved 1048576K
}
Event: 13.345 GC heap before
{Heap before GC invocations=16 (full 2):
 PSYoungGen      total 86016K, used 84229K [0x00000000e0000000, 0x00000000e6d00000, 0x0000000100000000)
  eden space 76800K, 100% used [0x00000000e0000000,0x00000000e4b00000,0x00000000e4b00000)
  from space 9216K, 80% used [0x00000000e4b00000,0x00000000e5241598,0x00000000e5400000)
  to   space 9728K, 0% used [0x00000000e6380000,0x00000000e6380000,0x00000000e6d00000)
 ParOldGen       total 61952K, used 15786K [0x00000000a0000000, 0x00000000a3c80000, 0x00000000e0000000)
  object space 61952K, 25% used [0x00000000a0000000,0x00000000a0f6ab40,0x00000000a3c80000)
 Metaspace       used 44895K, capacity 46010K, committed 46256K, reserved 1089536K
  class space    used 6039K, capacity 6305K, committed 6320K, reserved 1048576K
Event: 13.371 GC heap after
Heap after GC invocations=16 (full 2):
 PSYoungGen      total 86528K, used 9711K [0x00000000e0000000, 0x00000000e6d00000, 0x0000000100000000)
  eden space 76800K, 0% used [0x00000000e0000000,0x00000000e0000000,0x00000000e4b00000)
  from space 9728K, 99% used [0x00000000e6380000,0x00000000e6cfbff0,0x00000000e6d00000)
  to   space 9216K, 0% used [0x00000000e4b00000,0x00000000e4b00000,0x00000000e5400000)
 ParOldGen       total 61952K, used 18029K [0x00000000a0000000, 0x00000000a3c80000, 0x00000000e0000000)
  object space 61952K, 29% used [0x00000000a0000000,0x00000000a119b728,0x00000000a3c80000)
 Metaspace       used 44895K, capacity 46010K, committed 46256K, reserved 1089536K
  class space    used 6039K, capacity 6305K, committed 6320K, reserved 1048576K
}

Deoptimization events (10 events):
Event: 12.730 Thread 0x0000000018e23000 Uncommon trap: reason=unstable_if action=reinterpret pc=0x000000000370b85c method=java.util.LinkedHashMap.afterNodeInsertion(Z)V @ 18
Event: 13.185 Thread 0x0000000018e23000 Uncommon trap: reason=class_check action=maybe_recompile pc=0x0000000003263770 method=java.util.stream.ReferencePipeline$3$1.accept(Ljava/lang/Object;)V @ 12
Event: 13.186 Thread 0x0000000018e23000 Uncommon trap: reason=class_check action=maybe_recompile pc=0x0000000003263770 method=java.util.stream.ReferencePipeline$3$1.accept(Ljava/lang/Object;)V @ 12
Event: 13.186 Thread 0x0000000018e23000 Uncommon trap: reason=class_check action=maybe_recompile pc=0x0000000003263770 method=java.util.stream.ReferencePipeline$3$1.accept(Ljava/lang/Object;)V @ 12
Event: 13.186 Thread 0x0000000018e23000 Uncommon trap: reason=class_check action=maybe_recompile pc=0x0000000003263770 method=java.util.stream.ReferencePipeline$3$1.accept(Ljava/lang/Object;)V @ 12
Event: 13.292 Thread 0x0000000018e23000 Uncommon trap: reason=class_check action=maybe_recompile pc=0x0000000003308460 method=sun.misc.URLClassPath.findResource(Ljava/lang/String;Z)Ljava/net/URL; @ 26
Event: 13.293 Thread 0x0000000018e23000 Uncommon trap: reason=class_check action=maybe_recompile pc=0x0000000003308460 method=sun.misc.URLClassPath.findResource(Ljava/lang/String;Z)Ljava/net/URL; @ 26
Event: 13.326 Thread 0x0000000018e23000 Uncommon trap: reason=unstable_if action=reinterpret pc=0x00000000036bc880 method=groovy.lang.MetaClassImpl$1MOPIter.methodNameAction(Ljava/lang/Class;Lorg/codehaus/groovy/runtime/metaclass/MetaMethodIndex$Entry;)V @ 354
Event: 13.326 Thread 0x0000000018e23000 Uncommon trap: reason=predicate action=maybe_recompile pc=0x00000000035e5fe8 method=java.util.Arrays.binarySearch0([Ljava/lang/Object;IILjava/lang/Object;Ljava/util/Comparator;)I @ 28
Event: 13.390 Thread 0x0000000018e23000 Uncommon trap: reason=unstable_if action=reinterpret pc=0x000000000392acd8 method=java.io.WinNTFileSystem.prefixLength(Ljava/lang/String;)I @ 11

Internal exceptions (10 events):
Event: 13.333 Thread 0x0000000018e23000 Exception <a 'java/lang/ClassNotFoundException': org/gradle/api/tasks/bundling/ZipBeanInfo> (0x00000000e494c248) thrown at [C:\src\android\AOSP-openjdk\external\jetbrains\jdk\hotspot\src\share\vm\classfile\systemDictionary.cpp, line 210]
Event: 13.333 Thread 0x0000000018e23000 Exception <a 'java/lang/ClassNotFoundException': org/gradle/api/tasks/bundling/AbstractArchiveTaskBeanInfo> (0x00000000e495c998) thrown at [C:\src\android\AOSP-openjdk\external\jetbrains\jdk\hotspot\src\share\vm\classfile\systemDictionary.cpp, line 210]
Event: 13.334 Thread 0x0000000018e23000 Exception <a 'java/lang/ClassNotFoundException': org/gradle/api/tasks/AbstractCopyTaskBeanInfo> (0x00000000e496b438) thrown at [C:\src\android\AOSP-openjdk\external\jetbrains\jdk\hotspot\src\share\vm\classfile\systemDictionary.cpp, line 210]
Event: 13.334 Thread 0x0000000018e23000 Exception <a 'java/lang/ClassNotFoundException': org/gradle/api/tasks/AbstractCopyTaskCustomizer> (0x00000000e497a218) thrown at [C:\src\android\AOSP-openjdk\external\jetbrains\jdk\hotspot\src\share\vm\classfile\systemDictionary.cpp, line 210]
Event: 13.337 Thread 0x0000000018e23000 Exception <a 'java/lang/ClassNotFoundException': org/gradle/api/tasks/bundling/AbstractArchiveTaskCustomizer> (0x00000000e49f8360) thrown at [C:\src\android\AOSP-openjdk\external\jetbrains\jdk\hotspot\src\share\vm\classfile\systemDictionary.cpp, line 210]
Event: 13.339 Thread 0x0000000018e23000 Exception <a 'java/lang/ClassNotFoundException': org/gradle/api/tasks/bundling/ZipCustomizer> (0x00000000e4a33ac8) thrown at [C:\src\android\AOSP-openjdk\external\jetbrains\jdk\hotspot\src\share\vm\classfile\systemDictionary.cpp, line 210]
Event: 13.340 Thread 0x0000000018e23000 Exception <a 'java/lang/ClassNotFoundException': org/gradle/jvm/tasks/JarCustomizer> (0x00000000e4a6ccd0) thrown at [C:\src\android\AOSP-openjdk\external\jetbrains\jdk\hotspot\src\share\vm\classfile\systemDictionary.cpp, line 210]
Event: 13.342 Thread 0x0000000018e23000 Exception <a 'java/lang/ClassNotFoundException': org/gradle/api/tasks/bundling/JarCustomizer> (0x00000000e4aac068) thrown at [C:\src\android\AOSP-openjdk\external\jetbrains\jdk\hotspot\src\share\vm\classfile\systemDictionary.cpp, line 210]
Event: 13.344 Thread 0x0000000018e23000 Exception <a 'java/lang/ClassNotFoundException': com/android/build/gradle/tasks/AndroidJarTaskCustomizer> (0x00000000e4adbfa0) thrown at [C:\src\android\AOSP-openjdk\external\jetbrains\jdk\hotspot\src\share\vm\classfile\systemDictionary.cpp, line 210]
Event: 13.376 Thread 0x0000000018e23000 Exception <a 'java/lang/ClassNotFoundException': com/android/build/gradle/tasks/AndroidJarTask_DecoratedCustomizer> (0x00000000e000e170) thrown at [C:\src\android\AOSP-openjdk\external\jetbrains\jdk\hotspot\src\share\vm\classfile\systemDictionary.cpp, line‚Èwª*@

Events (10 events):
Event: 13.392 loading class com/android/build/gradle/internal/scope/DefaultGradlePackagingScope
Event: 13.392 loading class com/android/build/gradle/internal/scope/DefaultGradlePackagingScope done
Event: 13.394 loading class com/android/build/gradle/tasks/PackageApplication$StandardConfigAction
Event: 13.394 loading class com/android/build/gradle/tasks/PackageApplication$StandardConfigAction done
Event: 13.394 loading class com/android/build/gradle/tasks/PackageAndroidArtifact$ConfigAction
Event: 13.394 loading class com/android/build/gradle/tasks/PackageAndroidArtifact$ConfigAction done
Event: 13.395 loading class com/android/build/gradle/internal/incremental/DexPackagingPolicy
Event: 13.395 loading class com/android/build/gradle/internal/incremental/DexPackagingPolicy done
Event: 13.396 loading class com/android/builder/internal/utils/IOExceptionWrapper
Event: 13.396 loading class com/android/builder/internal/utils/IOExceptionWrapper done


Dynamic libraries:
0x00007ff636780000 - 0x00007ff6367b1000 	C:\Program Files\Android\Android Studio2\jre\bin\java.exe
0x00007fff52050000 - 0x00007fff52211000 	C:\WINDOWS\SYSTEM32\ntdll.dll
0x00007fff51d50000 - 0x00007fff51dfd000 	C:\WINDOWS\system32\KERNEL32.DLL
0x00007fff4bbc0000 - 0x00007fff4bbf3000 	C:\Program Files\AVAST Software\Avast\x64\aswhooka.dll
0x00007fff4e960000 - 0x00007fff4eb48000 	C:\WINDOWS\system32\KERNELBASE.dll
0x00007fff4f450000 - 0x00007fff4f4f7000 	C:\WINDOWS\system32\ADVAPI32.dll
0x00007fff4fb30000 - 0x00007fff4fbcd000 	C:\WINDOWS\system32\msvcrt.dll
0x00007fff51c20000 - 0x00007fff51c7b000 	C:\WINDOWS\system32\sechost.dll
0x00007fff4fbd0000 - 0x00007fff4fcec000 	C:\WINDOWS\system32\RPCRT4.dll
0x00007fff4fcf0000 - 0x00007fff4fe46000 	C:\WINDOWS\system32\USER32.dll
0x00007fff51ec0000 - 0x00007fff52046000 	C:\WINDOWS\system32\GDI32.dll
0x00007fff46dd0000 - 0x00007fff47044000 	C:\WINDOWS\WinSxS\amd64_microsoft.windows.common-controls_6595b64144ccf1df_6.0.10586.672_none_a2d6b3cea53ff843\COMCTL32.dll
0x00007fff4f6f0000 - 0x00007fff4f96d000 	C:\WINDOWS\system32\combase.dll
0x00007fff4f1f0000 - 0x00007fff4f25a000 	C:\WINDOWS\system32\bcryptPrimitives.dll
0x00007fff4f500000 - 0x00007fff4f53b000 	C:\WINDOWS\system32\IMM32.DLL
0x0000000056390000 - 0x0000000056462000 	C:\Program Files\Android\Android Studio2\jre\jre\bin\msvcr100.dll
0x00000000558b0000 - 0x00000000560e4000 	C:\Program Files\Android\Android Studio2\jre\jre\bin\server\jvm.dll
0x00007fff50120000 - 0x00007fff50128000 	C:\WINDOWS\system32\PSAPI.DLL
0x00007fff407f0000 - 0x00007fff407f9000 	C:\WINDOWS\SYSTEM32\WSOCK32.dll
0x00007fff500b0000 - 0x00007fff5011b000 	C:\WINDOWS\system32\WS2_32.dll
0x00007fff4c8d0000 - 0x00007fff4c8f3000 	C:\WINDOWS\SYSTEM32\WINMM.dll
0x00007fff48210000 - 0x00007fff4821a000 	C:\WINDOWS\SYSTEM32\VERSION.dll
0x00007fff4c870000 - 0x00007fff4c89c000 	C:\WINDOWS\SYSTEM32\WINMMBASE.dll
0x00007fff4eb50000 - 0x00007fff4eb93000 	C:\WINDOWS\system32\cfgmgr32.dll
0x00007fff48360000 - 0x00007fff4836f000 	C:\Program Files\Android\Android Studio2\jre\jre\bin\verify.dll
0x00007fff405f0000 - 0x00007fff40619000 	C:\Program Files\Android\Android Studio2\jre\jre\bin\java.dll
0x00007fff48340000 - 0x00007fff48356000 	C:\Program Files\Android\Android Studio2\jre\jre\bin\zip.dll
0x00007fff50290000 - 0x00007fff517ec000 	C:\WINDOWS\system32\SHELL32.dll
0x00007fff4eba0000 - 0x00007fff4f1e5000 	C:\WINDOWS\system32\windows.storage.dll
0x00007fff51e00000 - 0x00007fff51e52000 	C:\WINDOWS\system32\shlwapi.dll
0x00007fff4e680000 - 0x00007fff4e68f000 	C:\WINDOWS\system32\kernel.appcore.dll
0x00007fff4e790000 - 0x00007fff4e845000 	C:\WINDOWS\system32\shcore.dll
0x00007fff4e690000 - 0x00007fff4e6db000 	C:\WINDOWS\system32\powrprof.dll
0x00007fff4e6e0000 - 0x00007fff4e6f4000 	C:\WINDOWS\system32\profapi.dll
0x00007fff3f930000 - 0x00007fff3f94a000 	C:\Program Files\Android\Android Studio2\jre\jre\bin\net.dll
0x00007fff4dfa0000 - 0x00007fff4dffc000 	C:\WINDOWS\system32\mswsock.dll
0x00007fff3f910000 - 0x00007fff3f921000 	C:\Program Files\Android\Android Studio2\jre\jre\bin\nio.dll
0x00007fff3bad0000 - 0x00007fff3bae2000 	C:\Users\doha_\.gradle\native\19\windows-amd64\native-platform.dll
0x00007fff4e050000 - 0x00007fff4e067000 	C:\WINDOWS\SYSTEM32\CRYPTSP.dll
0x00007fff4dce0000 - 0x00007fff4dd14000 	C:\WINDOWS\system32\rsaenh.dll
0x00007fff4e270000 - 0x00007fff4e299000 	C:\WINDOWS\SYSTEM32\bcrypt.dll
0x00007fff4de30000 - 0x00007fff4de4f000 	C:\WINDOWS\SYSTEM32\USERENV.dll
0x00007fff4e170000 - 0x00007fff4e17b000 	C:\WINDOWS\SYSTEM32\CRYPTBASE.dll
0x00007fff4b130000 - 0x00007fff4b168000 	C:\WINDOWS\SYSTEM32\IPHLPAPI.DLL
0x00007fff4fa50000 - 0x00007fff4fa58000 	C:\WINDOWS\system32\NSI.dll
0x00007fff480e0000 - 0x00007fff480f6000 	C:\WINDOWS\SYSTEM32\dhcpcsvc6.DLL
0x00007fff487f0000 - 0x00007fff4880a000 	C:\WINDOWS\SYSTEM32\dhcpcsvc.DLL
0x00007fff3ea50000 - 0x00007fff3ea5d000 	C:\Program Files\Android\Android Studio2\jre\jre\bin\management.dll

VM Arguments:
jvm_args: -Xmx1536m -Dfile.encoding=windows-1252 -Duser.country=US -Duser.language=en -Duser.variant 
java_command: org.gradle.launcher.daemon.bootstrap.GradleDaemon 2.14.1
java_class_path (initial): C:\Program Files\Android\Android Studio2\gradle\gradle-2.14.1\lib\gradle-launcher-2.14.1.jar
Launcher Type: SUN_STANDARD

Environment Variables:
PATH=C:\ProgramData\Oracle\Java\javapath;C:\Program Files (x86)\Intel\iCLS Client\;C:\Program Files\Intel\iCLS Client\;C:\WINDOWS\system32;C:\WINDOWS;C:\WINDOWS\System32\Wbem;C:\WINDOWS\System32\WindowsPowerShell\v1.0\;C:\Program Files (x86)\Intel\Intel(R) Management Engine Components\DAL;C:\Program Files\Intel\Intel(R) Management Engine Components\DAL;C:\Program Files (x86)\Intel\Intel(R) Management Engine Components\IPT;C:\Program Files\Intel\Intel(R) Management Engine Components\IPT;C:\Program Files (x86)\Microsoft SQL Server\Client SDK\ODBC\110\Tools\Binn\;C:\Program Files (x86)\Microsoft SQL Server\120\Tools\Binn\;C:\Program Files (x86)\Microsoft SQL Server\120\DTS\Binn\;C:\Program Files (x86)\Microsoft SQL Server\120\Tools\Binn\ManagementStudio\;C:\Program Files (x86)\NVIDIA Corporation\PhysX\Common;C:\Program Files\Microsoft\Web Platform Installer\;C:\Program Files (x86)\Microsoft ASP.NET\ASP.NET Web Pages\v1.0\;C:\Program Files (x86)\Windows Kits\8.0\Windows Performance Toolkit\;C:\Program Files\Microsoft SQL Server\110\Tools\Binn\;C:\WINDOWS\system32;C:\WINDOWS;C:\WINDOWS\System32\Wbem;C:\WINDOWS\System32\WindowsPowerShell\v1.0\;C:\Program Files\Anaconda3;C:\Program Files\Anaconda3\Scripts;C:\Program Files\Anaconda3\Library\bin;C:\Program Files (x86)\Skype\Phone\;C:\Program Files\OpenVPN\bin
USERNAME=doha_
OS=Windows_NT
PROCESSOR_IDENTIFIER=Intel64 Family 6 Model 69 Stepping 1, GenuineIntel



---------------  S Y S T E M  ---------------

OS: Windows 10.0 , 64 bit Build 10586 (10.0.10586.589)

CPU:total 4 (2 cores per cpu, 2 threads per core) family 6 model 69 stepping 1, cmov, cx8, fxsr, mmx, sse, sse2, sse3, ssse3, sse4.1, sse4.2, popcnt, avx, avx2, aes, clmul, erms, lzcnt, ht, tsc, tscinvbit, bmi1, bmi2

Memory: 4k page, physical 4095984k(549636k free), swap 5626196k(8604k free)

vm_info: OpenJDK 64-Bit Server VM (25.76-b03) for windows-amd64 JRE (1.8.0_76-release-b03), built on Jun 29 2016 19:09:20 by "ralucas" with MS VC++ 10.0 (VS2010)

time: Fri Apr 14 16:48:11 2017
elapsed time: 13 seconds (0d 0h 0m 13s)

