#
# There is insufficient memory for the Java Runtime Environment to continue.
# Native memory allocation (malloc) failed to allocate 32744 bytes for ChunkPool::allocate
# Possible reasons:
#   The system is out of physical RAM or swap space
#   In 32 bit mode, the process size limit was hit
# Possible solutions:
#   Reduce memory load on the system
#   Increase physical memory or swap space
#   Check if swap backing store is full
#   Use 64 bit Java on a 64 bit OS
#   Decrease Java heap size (-Xmx/-Xms)
#   Decrease number of Java threads
#   Decrease Java thread stack sizes (-Xss)
#   Set larger code cache with -XX:ReservedCodeCacheSize=
# This output file may be truncated or incomplete.
#
#  Out of Memory Error (allocation.cpp:273), pid=7752, tid=0x00000000000028d4
#
# JRE version: OpenJDK Runtime Environment (8.0_76-b03) (build 1.8.0_76-release-b03)
# Java VM: OpenJDK 64-Bit Server VM (25.76-b03 mixed mode windows-amd64 compressed oops)
# Failed to write core dump. Minidumps are not enabled by default on client versions of Windows
#

---------------  T H R E A D  ---------------

Current thread (0x00000000162b8000):  JavaThread "C2 CompilerThread1" daemon [_thread_in_native, id=10452, stack(0x0000000017a10000,0x0000000017b10000)]

Stack: [0x0000000017a10000,0x0000000017b10000]
[error occurred during error reporting (printing stack bounds), id 0xc0000005]

Native frames: (J=compiled Java code, j=interpreted, Vv=VM code, C=native code)


Current CompileTask:
C2:   4071 1662   !   4       java.net.URLClassLoader$1::run (63 bytes)


---------------  P R O C E S S  ---------------

Java Threads: ( => current thread )
  0x0000000019884800 JavaThread "File lock request listener" [_thread_in_native, id=5828, stack(0x000000001bfe0000,0x000000001c0e0000)]
  0x0000000018f2b800 JavaThread "Stdin handler" [_thread_blocked, id=10564, stack(0x000000001a9d0000,0x000000001aad0000)]
  0x00000000191de000 JavaThread "Asynchronous log dispatcher for org.gradle.launcher.daemon.server.DefaultDaemonConnection@75def700" [_thread_blocked, id=7792, stack(0x000000001a8d0000,0x000000001a9d0000)]
  0x00000000191db000 JavaThread "Daemon worker" [_thread_in_native, id=5948, stack(0x000000001a5d0000,0x000000001a6d0000)]
  0x00000000191c7000 JavaThread "Cancel handler" [_thread_blocked, id=4112, stack(0x000000001a4d0000,0x000000001a5d0000)]
  0x0000000019170000 JavaThread "Handler for socket connection from /127.0.0.1:54934 to /127.0.0.1:54935" [_thread_in_native, id=7428, stack(0x000000001a3d0000,0x000000001a4d0000)]
  0x0000000018e51800 JavaThread "Daemon" [_thread_blocked, id=1040, stack(0x000000001a2d0000,0x000000001a3d0000)]
  0x0000000019361000 JavaThread "pool-1-thread-1" [_thread_blocked, id=11908, stack(0x000000001a1d0000,0x000000001a2d0000)]
  0x00000000190dd800 JavaThread "Incoming local TCP Connector on port 54934" [_thread_in_native, id=11328, stack(0x0000000019df0000,0x0000000019ef0000)]
  0x0000000017c32800 JavaThread "Service Thread" daemon [_thread_blocked, id=7180, stack(0x0000000018010000,0x0000000018110000)]
  0x00000000162be800 JavaThread "C1 CompilerThread2" daemon [_thread_blocked, id=6188, stack(0x0000000017b10000,0x0000000017c10000)]
=>0x00000000162b8000 JavaThread "C2 CompilerThread1" daemon [_thread_in_native, id=10452, stack(0x0000000017a10000,0x0000000017b10000)]
  0x00000000162c8000 JavaThread "C2 CompilerThread0" daemon [_thread_in_native, id=10184, stack(0x0000000017910000,0x0000000017a10000)]
  0x00000000162c7000 JavaThread "Attach Listener" daemon [_thread_blocked, id=8792, stack(0x0000000017810000,0x0000000017910000)]
  0x00000000162c5800 JavaThread "Signal Dispatcher" daemon [_thread_blocked, id=5188, stack(0x0000000017710000,0x0000000017810000)]
  0x000000000294b000 JavaThread "Finalizer" daemon [_thread_blocked, id=10144, stack(0x0000000017530000,0x0000000017630000)]
  0x0000000002940800 JavaThread "Reference Handler" daemon [_thread_blocked, id=2652, stack(0x0000000017430000,0x0000000017530000)]
  0x0000000002852800 JavaThread "main" [_thread_blocked, id=7328, stack(0x0000000002750000,0x0000000002850000)]

Other Threads:
  0x0000000016284800 VMThread [stack: 0x0000000017330000,0x0000000017430000] [id=7412]
  0x0000000016302800 WatcherThread [stack: 0x0000000018110000,0x0000000018210000] [id=10752]

VM state:not at safepoint (normal execution)

VM Mutex/Monitor currently owned by a thread: None

Heap:
 PSYoungGen      total 18944K, used 16690K [0x00000000e0000000, 0x00000000e2e00000, 0x0000000100000000)
  eden space 16384K, 86% used [0x00000000e0000000,0x00000000e0dcc830,0x00000000e1000000)
  from space 2560K, 100% used [0x00000000e1000000,0x00000000e1280000,0x00000000e1280000)
  to   space 7168K, 0% used [0x00000000e2700000,0x00000000e2700000,0x00000000e2e00000)
 ParOldGen       total 44032K, used 7894K [0x00000000a0000000, 0x00000000a2b00000, 0x00000000e0000000)
  object space 44032K, 17% used [0x00000000a0000000,0x00000000a07b5b40,0x00000000a2b00000)
 Metaspace       used 18636K, capacity 19048K, committed 19328K, reserved 1067008K
  class space    used 2486K, capacity 2640K, committed 2688K, reserved 1048576K

Card table byte_map: [0x0000000011d10000,0x0000000012020000] byte_map_base: 0x0000000011810000

Marking Bits: (ParMarkBitMap*) 0x00000000563e9d00
 Begin Bits: [0x0000000012620000, 0x0000000013e20000)
 End Bits:   [0x0000000013e20000, 0x0000000015620000)

Polling page: 0x0000000002680000

CodeCache: size=245760Kb used=5745Kb max_used=5745Kb free=240014Kb
 bounds [0x0000000002950000, 0x0000000002ef0000, 0x0000000011950000]
 total_blobs=2089 nmethods=1705 adapters=297
 compilation: enabled

Compilation events (10 events):
Event: 3.934 Thread 0x00000000162be800 1706       3       org.objectweb.asm.ClassReader::readUnsignedShort (26 bytes)
Event: 3.934 Thread 0x00000000162be800 nmethod 1706 0x0000000002eead50 code [0x0000000002eeaea0, 0x0000000002eeb050]
Event: 3.934 Thread 0x00000000162be800 1707       3       java.util.regex.Pattern$BnM::optimize (179 bytes)
Event: 3.935 Thread 0x00000000162be800 nmethod 1707 0x0000000002eeb150 code [0x0000000002eeb360, 0x0000000002eebf68]
Event: 3.936 Thread 0x00000000162be800 1708       2       java.lang.String::equals (81 bytes)
Event: 3.936 Thread 0x00000000162be800 nmethod 1708 0x0000000002eec510 code [0x0000000002eec680, 0x0000000002eec950]
Event: 3.937 Thread 0x00000000162be800 1709       3       java.util.regex.Pattern::RemoveQEQuoting (346 bytes)
Event: 3.939 Thread 0x00000000162be800 nmethod 1709 0x0000000002eecb10 code [0x0000000002eecd60, 0x0000000002eede58]
Event: 3.974 Thread 0x00000000162be800 1710       3       java.util.concurrent.locks.ReentrantLock$NonfairSync::tryAcquire (6 bytes)
Event: 3.974 Thread 0x00000000162be800 nmethod 1710 0x0000000002eee790 code [0x0000000002eee900, 0x0000000002eeeb08]

GC Heap History (10 events):
Event: 1.003 GC heap before
{Heap before GC invocations=1 (full 0):
 PSYoungGen      total 18944K, used 16384K [0x00000000e0000000, 0x00000000e1500000, 0x0000000100000000)
  eden space 16384K, 100% used [0x00000000e0000000,0x00000000e1000000,0x00000000e1000000)
  from space 2560K, 0% used [0x00000000e1280000,0x00000000e1280000,0x00000000e1500000)
  to   space 2560K, 0% used [0x00000000e1000000,0x00000000e1000000,0x00000000e1280000)
 ParOldGen       total 44032K, used 0K [0x00000000a0000000, 0x00000000a2b00000, 0x00000000e0000000)
  object space 44032K, 0% used [0x00000000a0000000,0x00000000a0000000,0x00000000a2b00000)
 Metaspace       used 5581K, capacity 6168K, committed 6400K, reserved 1056768K
  class space    used 699K, capacity 760K, committed 768K, reserved 1048576K
Event: 1.007 GC heap after
Heap after GC invocations=1 (full 0):
 PSYoungGen      total 18944K, used 2542K [0x00000000e0000000, 0x00000000e1500000, 0x0000000100000000)
  eden space 16384K, 0% used [0x00000000e0000000,0x00000000e0000000,0x00000000e1000000)
  from space 2560K, 99% used [0x00000000e1000000,0x00000000e127b880,0x00000000e1280000)
  to   space 2560K, 0% used [0x00000000e1280000,0x00000000e1280000,0x00000000e1500000)
 ParOldGen       total 44032K, used 466K [0x00000000a0000000, 0x00000000a2b00000, 0x00000000e0000000)
  object space 44032K, 1% used [0x00000000a0000000,0x00000000a0074ac0,0x00000000a2b00000)
 Metaspace       used 5581K, capacity 6168K, committed 6400K, reserved 1056768K
  class space    used 699K, capacity 760K, committed 768K, reserved 1048576K
}
Event: 1.326 GC heap before
{Heap before GC invocations=2 (full 0):
 PSYoungGen      total 18944K, used 18926K [0x00000000e0000000, 0x00000000e1500000, 0x0000000100000000)
  eden space 16384K, 100% used [0x00000000e0000000,0x00000000e1000000,0x00000000e1000000)
  from space 2560K, 99% used [0x00000000e1000000,0x00000000e127b880,0x00000000e1280000)
  to   space 2560K, 0% used [0x00000000e1280000,0x00000000e1280000,0x00000000e1500000)
 ParOldGen       total 44032K, used 466K [0x00000000a0000000, 0x00000000a2b00000, 0x00000000e0000000)
  object space 44032K, 1% used [0x00000000a0000000,0x00000000a0074ac0,0x00000000a2b00000)
 Metaspace       used 5878K, capacity 6416K, committed 6528K, reserved 1056768K
  class space    used 748K, capacity 800K, committed 896K, reserved 1048576K
Event: 1.332 GC heap after
Heap after GC invocations=2 (full 0):
 PSYoungGen      total 18944K, used 2016K [0x00000000e0000000, 0x00000000e2500000, 0x0000000100000000)
  eden space 16384K, 0% used [0x00000000e0000000,0x00000000e0000000,0x00000000e1000000)
  from space 2560K, 78% used [0x00000000e1280000,0x00000000e1478020,0x00000000e1500000)
  to   space 2560K, 0% used [0x00000000e1000000,0x00000000e1000000,0x00000000e1280000)
 ParOldGen       total 44032K, used 466K [0x00000000a0000000, 0x00000000a2b00000, 0x00000000e0000000)
  object space 44032K, 1% used [0x00000000a0000000,0x00000000a0074ac0,0x00000000a2b00000)
 Metaspace       used 5878K, capacity 6416K, committed 6528K, reserved 1056768K
  class space    used 748K, capacity 800K, committed 896K, reserved 1048576K
}
Event: 2.255 GC heap before
{Heap before GC invocations=3 (full 0):
 PSYoungGen      total 18944K, used 18400K [0x00000000e0000000, 0x00000000e2500000, 0x0000000100000000)
  eden space 16384K, 100% used [0x00000000e0000000,0x00000000e1000000,0x00000000e1000000)
  from space 2560K, 78% used [0x00000000e1280000,0x00000000e1478020,0x00000000e1500000)
  to   space 2560K, 0% used [0x00000000e1000000,0x00000000e1000000,0x00000000e1280000)
 ParOldGen       total 44032K, used 466K [0x00000000a0000000, 0x00000000a2b00000, 0x00000000e0000000)
  object space 44032K, 1% used [0x00000000a0000000,0x00000000a0074ac0,0x00000000a2b00000)
 Metaspace       used 11144K, capacity 11552K, committed 11904K, reserved 1058816K
  class space    used 1421K, capacity 1552K, committed 1664K, reserved 1048576K
Event: 2.261 GC heap after
Heap after GC invocations=3 (full 0):
 PSYoungGen      total 18944K, used 2544K [0x00000000e0000000, 0x00000000e1500000, 0x0000000100000000)
  eden space 16384K, 0% used [0x00000000e0000000,0x00000000e0000000,0x00000000e1000000)
  from space 2560K, 99% used [0x00000000e1000000,0x00000000e127c030,0x00000000e1280000)
  to   space 2560K, 0% used [0x00000000e1280000,0x00000000e1280000,0x00000000e1500000)
 ParOldGen       total 44032K, used 1987K [0x00000000a0000000, 0x00000000a2b00000, 0x00000000e0000000)
  object space 44032K, 4% used [0x00000000a0000000,0x00000000a01f0f00,0x00000000a2b00000)
 Metaspace       used 11144K, capacity 11552K, committed 11904K, reserved 1058816K
  class space    used 1421K, capacity 1552K, committed 1664K, reserved 1048576K
}
Event: 2.831 GC heap before
{Heap before GC invocations=4 (full 0):
 PSYoungGen      total 18944K, used 18928K [0x00000000e0000000, 0x00000000e1500000, 0x0000000100000000)
  eden space 16384K, 100% used [0x00000000e0000000,0x00000000e1000000,0x00000000e1000000)
  from space 2560K, 99% used [0x00000000e1000000,0x00000000e127c030,0x00000000e1280000)
  to   space 2560K, 0% used [0x00000000e1280000,0x00000000e1280000,0x00000000e1500000)
 ParOldGen       total 44032K, used 1987K [0x00000000a0000000, 0x00000000a2b00000, 0x00000000e0000000)
  object space 44032K, 4% used [0x00000000a0000000,0x00000000a01f0f00,0x00000000a2b00000)
 Metaspace       used 12805K, capacity 13178K, committed 13440K, reserved 1060864K
  class space    used 1701K, capacity 1823K, committed 1920K, reserved 1048576K
Event: 2.840 GC heap after
Heap after GC invocations=4 (full 0):
 PSYoungGen      total 18944K, used 2560K [0x00000000e0000000, 0x00000000e2500000, 0x0000000100000000)
  eden space 16384K, 0% used [0x00000000e0000000,0x00000000e0000000,0x00000000e1000000)
  from space 2560K, 100% used [0x00000000e1280000,0x00000000e1500000,0x00000000e1500000)
  to   space 2560K, 0% used [0x00000000e1000000,0x00000000e1000000,0x00000000e1280000)
 ParOldGen       total 44032K, used 3948K [0x00000000a0000000, 0x00000000a2b00000, 0x00000000e0000000)
  object space 44032K, 8% used [0x00000000a0000000,0x00000000a03db0c8,0x00000000a2b00000)
 Metaspace       used 12805K, capacity 13178K, committed 13440K, reserved 1060864K
  class space    used 1701K, capacity 1823K, committed 1920K, reserved 1048576K
}
Event: 3.221 GC heap before
{Heap before GC invocations=5 (full 0):
 PSYoungGen      total 18944K, used 18944K [0x00000000e0000000, 0x00000000e2500000, 0x0000000100000000)
  eden space 16384K, 100% used [0x00000000e0000000,0x00000000e1000000,0x00000000e1000000)
  from space 2560K, 100% used [0x00000000e1280000,0x00000000e1500000,0x00000000e1500000)
  to   space 2560K, 0% used [0x00000000e1000000,0x00000000e1000000,0x00000000e1280000)
 ParOldGen       total 44032K, used 3948K [0x00000000a0000000, 0x00000000a2b00000, 0x00000000e0000000)
  object space 44032K, 8% used [0x00000000a0000000,0x00000000a03db0c8,0x00000000a2b00000)
 Metaspace       used 16867K, capacity 17210K, committed 17536K, reserved 1064960K
  class space    used 2196K, capacity 2335K, committed 2432K, reserved 1048576K
Event: 3.233 GC heap after
Heap after GC invocations=5 (full 0):
 PSYoungGen      total 18944K, used 2560K [0x00000000e0000000, 0x00000000e2e00000, 0x0000000100000000)
  eden space 16384K, 0% used [0x00000000e0000000,0x00000000e0000000,0x00000000e1000000)
  from space 2560K, 100% used [0x00000000e1000000,0x00000000e1280000,0x00000000e1280000)
  to   space 7168K, 0% used [0x00000000e2700000,0x00000000e2700000,0x00000000e2e00000)
 ParOldGen       total 44032K, used 7894K [0x00000000a0000000, 0x00000000a2b00000, 0x00000000e0000000)
  object space 44032K, 17% used [0x00000000a0000000,0x00000000a07b5b40,0x00000000a2b00000)
 Metaspace       used 16867K, capacity 17210K, committed 17536K, reserved 1064960K
  class space    used 2196K, capacity 2335K, committed 2432K, reserved 1048576K
}

Deoptimization events (10 events):
Event: 3.521 Thread 0x00000000191db000 Uncommon trap: reason=bimorphic action=maybe_recompile pc=0x0000000002e2498c method=java.lang.ClassLoader.loadClass(Ljava/lang/String;Z)Ljava/lang/Class; @ 38
Event: 3.523 Thread 0x00000000191db000 Uncommon trap: reason=bimorphic action=maybe_recompile pc=0x0000000002e2498c method=java.lang.ClassLoader.loadClass(Ljava/lang/String;Z)Ljava/lang/Class; @ 38
Event: 3.523 Thread 0x00000000191db000 Uncommon trap: reason=bimorphic action=maybe_recompile pc=0x0000000002e2498c method=java.lang.ClassLoader.loadClass(Ljava/lang/String;Z)Ljava/lang/Class; @ 38
Event: 3.523 Thread 0x00000000191db000 Uncommon trap: reason=bimorphic action=maybe_recompile pc=0x0000000002e2498c method=java.lang.ClassLoader.loadClass(Ljava/lang/String;Z)Ljava/lang/Class; @ 38
Event: 3.717 Thread 0x00000000191db000 Uncommon trap: reason=unstable_if action=reinterpret pc=0x0000000002c57490 method=java.lang.AbstractStringBuilder.append(Ljava/lang/String;)Ljava/lang/AbstractStringBuilder; @ 1
Event: 3.718 Thread 0x00000000191db000 Uncommon trap: reason=unstable_if action=reinterpret pc=0x0000000002b96cd8 method=java.lang.AbstractStringBuilder.append(Ljava/lang/String;)Ljava/lang/AbstractStringBuilder; @ 1
Event: 3.933 Thread 0x00000000191db000 Uncommon trap: reason=class_check action=maybe_recompile pc=0x0000000002b0f2e8 method=java.lang.String.equals(Ljava/lang/Object;)Z @ 8
Event: 3.933 Thread 0x00000000191db000 Uncommon trap: reason=class_check action=maybe_recompile pc=0x0000000002b0f2e8 method=java.lang.String.equals(Ljava/lang/Object;)Z @ 8
Event: 3.936 Thread 0x00000000191db000 Uncommon trap: reason=class_check action=maybe_recompile pc=0x0000000002b0f2e8 method=java.lang.String.equals(Ljava/lang/Object;)Z @ 8
Event: 3.936 Thread 0x00000000191db000 Uncommon trap: reason=class_check action=maybe_recompile pc=0x0000000002b0f2e8 method=java.lang.String.equals(Ljava/lang/Object;)Z @ 8

Internal exceptions (10 events):
Event: 3.548 Thread 0x00000000191db000 Exception <a 'java/lang/NoSuchMethodError': <clinit>> (0x00000000e08cc188) thrown at [C:\src\android\AOSP-openjdk\external\jetbrains\jdk\hotspot\src\share\vm\prims\jni.cpp, line 1591]
Event: 3.549 Thread 0x00000000191db000 Exception <a 'java/lang/NoSuchMethodError': <clinit>> (0x00000000e08d7198) thrown at [C:\src\android\AOSP-openjdk\external\jetbrains\jdk\hotspot\src\share\vm\prims\jni.cpp, line 1591]
Event: 3.559 Thread 0x00000000191db000 Exception <a 'java/lang/NoSuchMethodError': <clinit>> (0x00000000e092c680) thrown at [C:\src\android\AOSP-openjdk\external\jetbrains\jdk\hotspot\src\share\vm\prims\jni.cpp, line 1591]
Event: 3.562 Thread 0x00000000191db000 Exception <a 'java/lang/NoSuchMethodError': <clinit>> (0x00000000e093ade8) thrown at [C:\src\android\AOSP-openjdk\external\jetbrains\jdk\hotspot\src\share\vm\prims\jni.cpp, line 1591]
Event: 3.575 Thread 0x00000000191db000 Exception <a 'java/lang/NoSuchMethodError': <clinit>> (0x00000000e09aa0f8) thrown at [C:\src\android\AOSP-openjdk\external\jetbrains\jdk\hotspot\src\share\vm\prims\jni.cpp, line 1591]
Event: 3.575 Thread 0x00000000191db000 Exception <a 'java/lang/NoSuchMethodError': <clinit>> (0x00000000e09ac8b0) thrown at [C:\src\android\AOSP-openjdk\external\jetbrains\jdk\hotspot\src\share\vm\prims\jni.cpp, line 1591]
Event: 3.577 Thread 0x00000000191db000 Exception <a 'java/lang/NoSuchMethodError': <clinit>> (0x00000000e09b8ba0) thrown at [C:\src\android\AOSP-openjdk\external\jetbrains\jdk\hotspot\src\share\vm\prims\jni.cpp, line 1591]
Event: 3.585 Thread 0x00000000191db000 Exception <a 'java/lang/NoSuchMethodError': <clinit>> (0x00000000e09c3010) thrown at [C:\src\android\AOSP-openjdk\external\jetbrains\jdk\hotspot\src\share\vm\prims\jni.cpp, line 1591]
Event: 3.717 Thread 0x00000000191db000 Implicit null exception at 0x0000000002c570d7 to 0x0000000002c57479
Event: 3.718 Thread 0x00000000191db000 Implicit null exception at 0x0000000002b96996 to 0x0000000002b96cc1

Events (10 events):
Event: 3.933 Thread 0x00000000191db000 DEOPT UNPACKING pc=0x000000000299556a sp=0x000000001a6cc9b0 mode 2
Event: 3.933 Thread 0x00000000191db000 Uncommon trap: trap_request=0xffffffde fr.pc=0x0000000002b0f2e8
Event: 3.933 Thread 0x00000000191db000 DEOPT PACKING pc=0x0000000002b0f2e8 sp=0x000000001a6cca20
Event: 3.933 Thread 0x00000000191db000 DEOPT UNPACKING pc=0x000000000299556a sp=0x000000001a6cc9b0 mode 2
Event: 3.936 Thread 0x00000000191db000 Uncommon trap: trap_request=0xffffffde fr.pc=0x0000000002b0f2e8
Event: 3.936 Thread 0x00000000191db000 DEOPT PACKING pc=0x0000000002b0f2e8 sp=0x000000001a6cca20
Event: 3.936 Thread 0x00000000191db000 DEOPT UNPACKING pc=0x000000000299556a sp=0x000000001a6cc9b0 mode 2
Event: 3.936 Thread 0x00000000191db000 Uncommon trap: trap_request=0xffffffde fr.pc=0x0000000002b0f2e8
Event: 3.936 Thread 0x00000000191db000 DEOPT PACKING pc=0x0000000002b0f2e8 sp=0x000000001a6cca20
Event: 3.936 Thread 0x00000000191db000 DEOPT UNPACKING pc=0x000000000299556a sp=0x000000001a6cc9b0 mode 2


Dynamic libraries:
0x00007ff636780000 - 0x00007ff6367b1000 	C:\Program Files\Android\Android Studio2\jre\bin\java.exe
0x00007fff52050000 - 0x00007fff52211000 	C:\WINDOWS\SYSTEM32\ntdll.dll
0x00007fff51d50000 - 0x00007fff51dfd000 	C:\WINDOWS\system32\KERNEL32.DLL
0x00007fff4bbc0000 - 0x00007fff4bbf3000 	C:\Program Files\AVAST Software\Avast\x64\aswhooka.dll
0x00007fff4e960000 - 0x00007fff4eb48000 	C:\WINDOWS\system32\KERNELBASE.dll
0x00007fff4f450000 - 0x00007fff4f4f7000 	C:\WINDOWS\system32\ADVAPI32.dll
0x00007fff4fb30000 - 0x00007fff4fbcd000 	C:\WINDOWS\system32\msvcrt.dll
0x00007fff51c20000 - 0x00007fff51c7b000 	C:\WINDOWS\system32\sechost.dll
0x00007fff4fbd0000 - 0x00007fff4fcec000 	C:\WINDOWS\system32\RPCRT4.dll
0x00007fff4fcf0000 - 0x00007fff4fe46000 	C:\WINDOWS\system32\USER32.dll
0x00007fff51ec0000 - 0x00007fff52046000 	C:\WINDOWS\system32\GDI32.dll
0x00007fff46dd0000 - 0x00007fff47044000 	C:\WINDOWS\WinSxS\amd64_microsoft.windows.common-controls_6595b64144ccf1df_6.0.10586.672_none_a2d6b3cea53ff843\COMCTL32.dll
0x00007fff4f6f0000 - 0x00007fff4f96d000 	C:\WINDOWS\system32\combase.dll
0x00007fff4f1f0000 - 0x00007fff4f25a000 	C:\WINDOWS\system32\bcryptPrimitives.dll
0x00007fff4f500000 - 0x00007fff4f53b000 	C:\WINDOWS\system32\IMM32.DLL
0x00000000557d0000 - 0x00000000558a2000 	C:\Program Files\Android\Android Studio2\jre\jre\bin\msvcr100.dll
0x0000000055c30000 - 0x0000000056464000 	C:\Program Files\Android\Android Studio2\jre\jre\bin\server\jvm.dll
0x00007fff50120000 - 0x00007fff50128000 	C:\WINDOWS\system32\PSAPI.DLL
0x00007fff407f0000 - 0x00007fff407f9000 	C:\WINDOWS\SYSTEM32\WSOCK32.dll
0x00007fff500b0000 - 0x00007fff5011b000 	C:\WINDOWS\system32\WS2_32.dll
0x00007fff4c8d0000 - 0x00007fff4c8f3000 	C:\WINDOWS\SYSTEM32\WINMM.dll
0x00007fff48210000 - 0x00007fff4821a000 	C:\WINDOWS\SYSTEM32\VERSION.dll
0x00007fff4c870000 - 0x00007fff4c89c000 	C:\WINDOWS\SYSTEM32\WINMMBASE.dll
0x00007fff4eb50000 - 0x00007fff4eb93000 	C:\WINDOWS\system32\cfgmgr32.dll
0x00007fff31be0000 - 0x00007fff31bef000 	C:\Program Files\Android\Android Studio2\jre\jre\bin\verify.dll
0x00007fff28b40000 - 0x00007fff28b69000 	C:\Program Files\Android\Android Studio2\jre\jre\bin\java.dll
0x00007fff2c150000 - 0x00007fff2c166000 	C:\Program Files\Android\Android Studio2\jre\jre\bin\zip.dll
0x00007fff50290000 - 0x00007fff517ec000 	C:\WINDOWS\system32\SHELL32.dll
0x00007fff4eba0000 - 0x00007fff4f1e5000 	C:\WINDOWS\system32\windows.storage.dll
0x00007fff51e00000 - 0x00007fff51e52000 	C:\WINDOWS\system32\shlwapi.dll
0x00007fff4e680000 - 0x00007fff4e68f000 	C:\WINDOWS\system32\kernel.appcore.dll
0x00007fff4e790000 - 0x00007fff4e845000 	C:\WINDOWS\system32\shcore.dll
0x00007fff4e690000 - 0x00007fff4e6db000 	C:\WINDOWS\system32\powrprof.dll
0x00007fff4e6e0000 - 0x00007fff4e6f4000 	C:\WINDOWS\system32\profapi.dll
0x00007fff2aa50000 - 0x00007fff2aa6a000 	C:\Program Files\Android\Android Studio2\jre\jre\bin\net.dll
0x00007fff4dfa0000 - 0x00007fff4dffc000 	C:\WINDOWS\system32\mswsock.dll
0x00007fff29640000 - 0x00007fff29651000 	C:\Program Files\Android\Android Studio2\jre\jre\bin\nio.dll
0x00007fff2f960000 - 0x00007fff2f972000 	C:\Users\doha_\.gradle\native\19\windows-amd64\native-platform.dll
0x00007fff4e050000 - 0x00007fff4e067000 	C:\WINDOWS\SYSTEM32\CRYPTSP.dll
0x00007fff4dce0000 - 0x00007fff4dd14000 	C:\WINDOWS\system32\rsaenh.dll
0x00007fff4e270000 - 0x00007fff4e299000 	C:\WINDOWS\SYSTEM32\bcrypt.dll
0x00007fff4de30000 - 0x00007fff4de4f000 	C:\WINDOWS\SYSTEM32\USERENV.dll
0x00007fff4e170000 - 0x00007fff4e17b000 	C:\WINDOWS\SYSTEM32\CRYPTBASE.dll
0x00007fff4b130000 - 0x00007fff4b168000 	C:\WINDOWS\SYSTEM32\IPHLPAPI.DLL
0x00007fff4fa50000 - 0x00007fff4fa58000 	C:\WINDOWS\system32\NSI.dll
0x00007fff480e0000 - 0x00007fff480f6000 	C:\WINDOWS\SYSTEM32\dhcpcsvc6.DLL
0x00007fff487f0000 - 0x00007fff4880a000 	C:\WINDOWS\SYSTEM32\dhcpcsvc.DLL
0x00007fff3ce10000 - 0x00007fff3ce1d000 	C:\Program Files\Android\Android Studio2\jre\jre\bin\management.dll

VM Arguments:
jvm_args: -Xmx1536m -Dfile.encoding=windows-1252 -Duser.country=US -Duser.language=en -Duser.variant 
java_command: org.gradle.launcher.daemon.bootstrap.GradleDaemon 2.14.1
java_class_path (initial): C:\Program Files\Android\Android Studio2\gradle\gradle-2.14.1\lib\gradle-launcher-2.14.1.jar
Launcher Type: SUN_STANDARD

Environment Variables:
PATH=C:\ProgramData\Oracle\Java\javapath;C:\Program Files (x86)\Intel\iCLS Client\;C:\Program Files\Intel\iCLS Client\;C:\WINDOWS\system32;C:\WINDOWS;C:\WINDOWS\System32\Wbem;C:\WINDOWS\System32\WindowsPowerShell\v1.0\;C:\Program Files (x86)\Intel\Intel(R) Management Engine Components\DAL;C:\Program Files\Intel\Intel(R) Management Engine Components\DAL;C:\Program Files (x86)\Intel\Intel(R) Management Engine Components\IPT;C:\Program Files\Intel\Intel(R) Management Engine Components\IPT;C:\Program Files (x86)\Microsoft SQL Server\Client SDK\ODBC\110\Tools\Binn\;C:\Program Files (x86)\Microsoft SQL Server\120\Tools\Binn\;C:\Program Files (x86)\Microsoft SQL Server\120\DTS\Binn\;C:\Program Files (x86)\Microsoft SQL Server\120\Tools\Binn\ManagementStudio\;C:\Program Files (x86)\NVIDIA Corporation\PhysX\Common;C:\Program Files\Microsoft\Web Platform Installer\;C:\Program Files (x86)\Microsoft ASP.NET\ASP.NET Web Pages\v1.0\;C:\Program Files (x86)\Windows Kits\8.0\Windows Performance Toolkit\;C:\Program Files\Microsoft SQL Server\110\Tools\Binn\;C:\WINDOWS\system32;C:\WINDOWS;C:\WINDOWS\System32\Wbem;C:\WINDOWS\System32\WindowsPowerShell\v1.0\;C:\Program Files\Anaconda3;C:\Program Files\Anaconda3\Scripts;C:\Program Files\Anaconda3\Library\bin;C:\Program Files (x86)\Skype\Phone\;C:\Program Files\OpenVPN\bin
USERNAME=doha_
OS=Windows_NT
PROCESSOR_IDENTIFIER=Intel64 Family 6 Model 69 Stepping 1, GenuineIntel



---------------  S Y S T E M  ---------------

OS: Windows 10.0 , 64 bit Build 10586 (10.0.10586.589)

CPU:total 4 (2 cores per cpu, 2 threads per core) family 6 model 69 stepping 1, cmov, cx8, fxsr, mmx, sse, sse2, sse3, ssse3, sse4.1, sse4.2, popcnt, avx, avx2, aes, clmul, erms, lzcnt, ht, tsc, tscinvbit, bmi1, bmi2

Memory: 4k page, physical 4095984k(617556k free), swap 5682016k(4096k free)

vm_info: OpenJDK 64-Bit Server VM (25.76-b03) for windows-amd64 JRE (1.8.0_76-release-b03), built on Jun 29 2016 19:09:20 by "ralucas" with MS VC++ 10.0 (VS2010)

time: Fri Apr 14 17:01:21 2017
elapsed time: 4 seconds (0d 0h 0m 4s)

