#
# There is insufficient memory for the Java Runtime Environment to continue.
# Native memory allocation (malloc) failed to allocate 1323520 bytes for Chunk::new
# Possible reasons:
#   The system is out of physical RAM or swap space
#   In 32 bit mode, the process size limit was hit
# Possible solutions:
#   Reduce memory load on the system
#   Increase physical memory or swap space
#   Check if swap backing store is full
#   Use 64 bit Java on a 64 bit OS
#   Decrease Java heap size (-Xmx/-Xms)
#   Decrease number of Java threads
#   Decrease Java thread stack sizes (-Xss)
#   Set larger code cache with -XX:ReservedCodeCacheSize=
# This output file may be truncated or incomplete.
#
#  Out of Memory Error (allocation.cpp:390), pid=5728, tid=0x00000000000016d4
#
# JRE version: OpenJDK Runtime Environment (8.0_76-b03) (build 1.8.0_76-release-b03)
# Java VM: OpenJDK 64-Bit Server VM (25.76-b03 mixed mode windows-amd64 compressed oops)
# Failed to write core dump. Minidumps are not enabled by default on client versions of Windows
#

---------------  T H R E A D  ---------------

Current thread (0x0000000015aa9800):  JavaThread "C2 CompilerThread1" daemon [_thread_in_native, id=5844, stack(0x00000000171f0000,0x00000000172f0000)]

Stack: [0x00000000171f0000,0x00000000172f0000]
[error occurred during error reporting (printing stack bounds), id 0xc0000005]

Native frames: (J=compiled Java code, j=interpreted, Vv=VM code, C=native code)


Current CompileTask:
C2:  30114 3843       4       org.gradle.model.internal.type.ModelType::wrap (219 bytes)


---------------  P R O C E S S  ---------------

Java Threads: ( => current thread )
  0x00000000191b7000 JavaThread "File lock request listener" [_thread_in_native, id=2712, stack(0x000000001b5b0000,0x000000001b6b0000)]
  0x0000000018724000 JavaThread "Stdin handler" [_thread_blocked, id=7372, stack(0x0000000019ee0000,0x0000000019fe0000)]
  0x0000000018723800 JavaThread "Asynchronous log dispatcher for org.gradle.launcher.daemon.server.DefaultDaemonConnection@185ecc9c" [_thread_blocked, id=1768, stack(0x0000000019de0000,0x0000000019ee0000)]
  0x0000000018672000 JavaThread "Daemon worker" [_thread_in_native, id=3148, stack(0x0000000019ce0000,0x0000000019de0000)]
  0x0000000018739800 JavaThread "Cancel handler" [_thread_blocked, id=5680, stack(0x0000000019be0000,0x0000000019ce0000)]
  0x00000000184a8800 JavaThread "Handler for socket connection from /127.0.0.1:50206 to /127.0.0.1:50207" [_thread_in_native, id=10852, stack(0x0000000019ae0000,0x0000000019be0000)]
  0x00000000184a8000 JavaThread "Daemon" [_thread_blocked, id=4720, stack(0x00000000199e0000,0x0000000019ae0000)]
  0x0000000018558800 JavaThread "pool-1-thread-1" [_thread_blocked, id=7600, stack(0x00000000198e0000,0x00000000199e0000)]
  0x00000000184e6000 JavaThread "Incoming local TCP Connector on port 50206" [_thread_in_native, id=4452, stack(0x0000000019500000,0x0000000019600000)]
  0x0000000017418800 JavaThread "Service Thread" daemon [_thread_blocked, id=7944, stack(0x00000000177f0000,0x00000000178f0000)]
  0x0000000015ab0800 JavaThread "C1 CompilerThread2" daemon [_thread_blocked, id=5316, stack(0x00000000172f0000,0x00000000173f0000)]
=>0x0000000015aa9800 JavaThread "C2 CompilerThread1" daemon [_thread_in_native, id=5844, stack(0x00000000171f0000,0x00000000172f0000)]
  0x0000000015ab9800 JavaThread "C2 CompilerThread0" daemon [_thread_in_native, id=9844, stack(0x00000000170f0000,0x00000000171f0000)]
  0x0000000015ab8000 JavaThread "Attach Listener" daemon [_thread_blocked, id=1108, stack(0x0000000016ff0000,0x00000000170f0000)]
  0x0000000015ab6800 JavaThread "Signal Dispatcher" daemon [_thread_blocked, id=11244, stack(0x0000000016ef0000,0x0000000016ff0000)]
  0x000000000213b800 JavaThread "Finalizer" daemon [_thread_blocked, id=8028, stack(0x0000000016d10000,0x0000000016e10000)]
  0x0000000002130800 JavaThread "Reference Handler" daemon [_thread_blocked, id=3324, stack(0x0000000016c10000,0x0000000016d10000)]
  0x0000000002042800 JavaThread "main" [_thread_blocked, id=7356, stack(0x0000000001eb0000,0x0000000001fb0000)]

Other Threads:
  0x0000000015a74800 VMThread [stack: 0x0000000016b10000,0x0000000016c10000] [id=10512]
  0x0000000015adf800 WatcherThread [stack: 0x00000000178f0000,0x00000000179f0000] [id=1260]

VM state:not at safepoint (normal execution)

VM Mutex/Monitor currently owned by a thread: None

Heap:
 PSYoungGen      total 42496K, used 3024K [0x00000000e0000000, 0x00000000e3480000, 0x0000000100000000)
  eden space 36352K, 8% used [0x00000000e0000000,0x00000000e02f4288,0x00000000e2380000)
  from space 6144K, 0% used [0x00000000e2b00000,0x00000000e2b00000,0x00000000e3100000)
  to   space 7680K, 0% used [0x00000000e2380000,0x00000000e2380000,0x00000000e2b00000)
 ParOldGen       total 36864K, used 15244K [0x00000000a0000000, 0x00000000a2400000, 0x00000000e0000000)
  object space 36864K, 41% used [0x00000000a0000000,0x00000000a0ee3390,0x00000000a2400000)
 Metaspace       used 34670K, capacity 35372K, committed 35632K, reserved 1079296K
  class space    used 4667K, capacity 4851K, committed 4912K, reserved 1048576K

Card table byte_map: [0x0000000011500000,0x0000000011810000] byte_map_base: 0x0000000011000000

Marking Bits: (ParMarkBitMap*) 0x0000000067ae9d00
 Begin Bits: [0x0000000011e10000, 0x0000000013610000)
 End Bits:   [0x0000000013610000, 0x0000000014e10000)

Polling page: 0x00000000006e0000

CodeCache: size=245760Kb used=13337Kb max_used=13798Kb free=232422Kb
 bounds [0x0000000002140000, 0x0000000002ed0000, 0x0000000011140000]
 total_blobs=4340 nmethods=3679 adapters=574
 compilation: enabled

Compilation events (10 events):
Event: 29.652 Thread 0x0000000015ab0800 3962       3       java.lang.reflect.WeakCache$CacheKey::equals (46 bytes)
Event: 29.652 Thread 0x0000000015ab0800 nmethod 3962 0x0000000002ebe250 code [0x0000000002ebe3c0, 0x0000000002ebe9b0]
Event: 29.652 Thread 0x0000000015ab0800 3963       3       org.objectweb.asm.ByteVector::a (51 bytes)
Event: 29.652 Thread 0x0000000015ab0800 nmethod 3963 0x0000000002ec4990 code [0x0000000002ec4b00, 0x0000000002ec4e28]
Event: 29.682 Thread 0x0000000015ab0800 3964       3       java.nio.ByteBuffer::wrap (8 bytes)
Event: 29.683 Thread 0x0000000015ab0800 nmethod 3964 0x0000000002ec4250 code [0x0000000002ec43e0, 0x0000000002ec4778]
Event: 29.683 Thread 0x0000000015ab0800 3965   !   3       java.nio.ByteBuffer::wrap (20 bytes)
Event: 29.683 Thread 0x0000000015ab0800 nmethod 3965 0x0000000002ec3b90 code [0x0000000002ec3d20, 0x0000000002ec4058]
Event: 29.683 Thread 0x0000000015ab0800 3966       3       java.nio.HeapByteBuffer::<init> (14 bytes)
Event: 29.683 Thread 0x0000000015ab0800 nmethod 3966 0x0000000002ec3790 code [0x0000000002ec3900, 0x0000000002ec3aa8]

GC Heap History (10 events):
Event: 17.215 GC heap before
{Heap before GC invocations=13 (full 1):
 PSYoungGen      total 28160K, used 25171K [0x00000000e0000000, 0x00000000e2700000, 0x0000000100000000)
  eden space 20992K, 100% used [0x00000000e0000000,0x00000000e1480000,0x00000000e1480000)
  from space 7168K, 58% used [0x00000000e1480000,0x00000000e1894e48,0x00000000e1b80000)
  to   space 6656K, 0% used [0x00000000e2080000,0x00000000e2080000,0x00000000e2700000)
 ParOldGen       total 36864K, used 8140K [0x00000000a0000000, 0x00000000a2400000, 0x00000000e0000000)
  object space 36864K, 22% used [0x00000000a0000000,0x00000000a07f3160,0x00000000a2400000)
 Metaspace       used 26730K, capacity 27290K, committed 27440K, reserved 1073152K
  class space    used 3691K, capacity 3867K, committed 3888K, reserved 1048576K
Event: 17.223 GC heap after
Heap after GC invocations=13 (full 1):
 PSYoungGen      total 33280K, used 4575K [0x00000000e0000000, 0x00000000e2700000, 0x0000000100000000)
  eden space 26624K, 0% used [0x00000000e0000000,0x00000000e0000000,0x00000000e1a00000)
  from space 6656K, 68% used [0x00000000e2080000,0x00000000e24f7c00,0x00000000e2700000)
  to   space 6656K, 0% used [0x00000000e1a00000,0x00000000e1a00000,0x00000000e2080000)
 ParOldGen       total 36864K, used 8148K [0x00000000a0000000, 0x00000000a2400000, 0x00000000e0000000)
  object space 36864K, 22% used [0x00000000a0000000,0x00000000a07f5160,0x00000000a2400000)
 Metaspace       used 26730K, capacity 27290K, committed 27440K, reserved 1073152K
  class space    used 3691K, capacity 3867K, committed 3888K, reserved 1048576K
}
Event: 18.789 GC heap before
{Heap before GC invocations=14 (full 1):
 PSYoungGen      total 33280K, used 31199K [0x00000000e0000000, 0x00000000e2700000, 0x0000000100000000)
  eden space 26624K, 100% used [0x00000000e0000000,0x00000000e1a00000,0x00000000e1a00000)
  from space 6656K, 68% used [0x00000000e2080000,0x00000000e24f7c00,0x00000000e2700000)
  to   space 6656K, 0% used [0x00000000e1a00000,0x00000000e1a00000,0x00000000e2080000)
 ParOldGen       total 36864K, used 8148K [0x00000000a0000000, 0x00000000a2400000, 0x00000000e0000000)
  object space 36864K, 22% used [0x00000000a0000000,0x00000000a07f5160,0x00000000a2400000)
 Metaspace       used 28004K, capacity 28562K, committed 28720K, reserved 1073152K
  class space    used 3851K, capacity 4031K, committed 4144K, reserved 1048576K
Event: 18.796 GC heap after
Heap after GC invocations=14 (full 1):
 PSYoungGen      total 33280K, used 4120K [0x00000000e0000000, 0x00000000e2d80000, 0x0000000100000000)
  eden space 26624K, 0% used [0x00000000e0000000,0x00000000e0000000,0x00000000e1a00000)
  from space 6656K, 61% used [0x00000000e1a00000,0x00000000e1e06000,0x00000000e2080000)
  to   space 6656K, 0% used [0x00000000e2700000,0x00000000e2700000,0x00000000e2d80000)
 ParOldGen       total 36864K, used 8156K [0x00000000a0000000, 0x00000000a2400000, 0x00000000e0000000)
  object space 36864K, 22% used [0x00000000a0000000,0x00000000a07f7160,0x00000000a2400000)
 Metaspace       used 28004K, capacity 28562K, committed 28720K, reserved 1073152K
  class space    used 3851K, capacity 4031K, committed 4144K, reserved 1048576K
}
Event: 20.782 GC heap before
{Heap before GC invocations=15 (full 1):
 PSYoungGen      total 33280K, used 30744K [0x00000000e0000000, 0x00000000e2d80000, 0x0000000100000000)
  eden space 26624K, 100% used [0x00000000e0000000,0x00000000e1a00000,0x00000000e1a00000)
  from space 6656K, 61% used [0x00000000e1a00000,0x00000000e1e06000,0x00000000e2080000)
  to   space 6656K, 0% used [0x00000000e2700000,0x00000000e2700000,0x00000000e2d80000)
 ParOldGen       total 36864K, used 8156K [0x00000000a0000000, 0x00000000a2400000, 0x00000000e0000000)
  object space 36864K, 22% used [0x00000000a0000000,0x00000000a07f7160,0x00000000a2400000)
 Metaspace       used 28169K, capacity 28754K, committed 28976K, reserved 1075200K
  class space    used 3854K, capacity 4031K, committed 4144K, reserved 1048576K
Event: 20.789 GC heap after
Heap after GC invocations=15 (full 1):
 PSYoungGen      total 37888K, used 4384K [0x00000000e0000000, 0x00000000e2c80000, 0x0000000100000000)
  eden space 32256K, 0% used [0x00000000e0000000,0x00000000e0000000,0x00000000e1f80000)
  from space 5632K, 77% used [0x00000000e2700000,0x00000000e2b48010,0x00000000e2c80000)
  to   space 6656K, 0% used [0x00000000e1f80000,0x00000000e1f80000,0x00000000e2600000)
 ParOldGen       total 36864K, used 8236K [0x00000000a0000000, 0x00000000a2400000, 0x00000000e0000000)
  object space 36864K, 22% used [0x00000000a0000000,0x00000000a080b188,0x00000000a2400000)
 Metaspace       used 28169K, capacity 28754K, committed 28976K, reserved 1075200K
  class space    used 3854K, capacity 4031K, committed 4144K, reserved 1048576K
}
Event: 27.139 GC heap before
{Heap before GC invocations=16 (full 1):
 PSYoungGen      total 37888K, used 36640K [0x00000000e0000000, 0x00000000e2c80000, 0x0000000100000000)
  eden space 32256K, 100% used [0x00000000e0000000,0x00000000e1f80000,0x00000000e1f80000)
  from space 5632K, 77% used [0x00000000e2700000,0x00000000e2b48010,0x00000000e2c80000)
  to   space 6656K, 0% used [0x00000000e1f80000,0x00000000e1f80000,0x00000000e2600000)
 ParOldGen       total 36864K, used 8236K [0x00000000a0000000, 0x00000000a2400000, 0x00000000e0000000)
  object space 36864K, 22% used [0x00000000a0000000,0x00000000a080b188,0x00000000a2400000)
 Metaspace       used 28749K, capacity 29352K, committed 29488K, reserved 1075200K
  class space    used 3916K, capacity 4101K, committed 4144K, reserved 1048576K
Event: 27.145 GC heap after
Heap after GC invocations=16 (full 1):
 PSYoungGen      total 38912K, used 4544K [0x00000000e0000000, 0x00000000e3100000, 0x0000000100000000)
  eden space 32256K, 0% used [0x00000000e0000000,0x00000000e0000000,0x00000000e1f80000)
  from space 6656K, 68% used [0x00000000e1f80000,0x00000000e23f0010,0x00000000e2600000)
  to   space 6144K, 0% used [0x00000000e2b00000,0x00000000e2b00000,0x00000000e3100000)
 ParOldGen       total 36864K, used 8244K [0x00000000a0000000, 0x00000000a2400000, 0x00000000e0000000)
  object space 36864K, 22% used [0x00000000a0000000,0x00000000a080d188,0x00000000a2400000)
 Metaspace       used 28749K, capacity 29352K, committed 29488K, reserved 1075200K
  class space    used 3916K, capacity 4101K, committed 4144K, reserved 1048576K
}
Event: 28.708 GC heap before
{Heap before GC invocations=17 (full 1):
 PSYoungGen      total 38912K, used 36800K [0x00000000e0000000, 0x00000000e3100000, 0x0000000100000000)
  eden space 32256K, 100% used [0x00000000e0000000,0x00000000e1f80000,0x00000000e1f80000)
  from space 6656K, 68% used [0x00000000e1f80000,0x00000000e23f0010,0x00000000e2600000)
  to   space 6144K, 0% used [0x00000000e2b00000,0x00000000e2b00000,0x00000000e3100000)
 ParOldGen       total 36864K, used 8244K [0x00000000a0000000, 0x00000000a2400000, 0x00000000e0000000)
  object space 36864K, 22% used [0x00000000a0000000,0x00000000a080d188,0x00000000a2400000)
 Metaspace       used 32448K, capacity 33152K, committed 33328K, reserved 1077248K
  class space    used 4397K, capacity 4585K, committed 4656K, reserved 1048576K
Event: 28.720 GC heap after
Heap after GC invocations=17 (full 1):
 PSYoungGen      total 42496K, used 6139K [0x00000000e0000000, 0x00000000e3480000, 0x0000000100000000)
  eden space 36352K, 0% used [0x00000000e0000000,0x00000000e0000000,0x00000000e2380000)
  from space 6144K, 99% used [0x00000000e2b00000,0x00000000e30fef40,0x00000000e3100000)
  to   space 7680K, 0% used [0x00000000e2380000,0x00000000e2380000,0x00000000e2b00000)
 ParOldGen       total 36864K, used 10054K [0x00000000a0000000, 0x00000000a2400000, 0x00000000e0000000)
  object space 36864K, 27% used [0x00000000a0000000,0x00000000a09d1a18,0x00000000a2400000)
 Metaspace       used 32448K, capacity 33152K, committed 33328K, reserved 1077248K
  class space    used 4397K, capacity 4585K, committed 4656K, reserved 1048576K
}

Deoptimization events (10 events):
Event: 22.030 Thread 0x0000000018672000 Uncommon trap: reason=unstable_if action=reinterpret pc=0x0000000002bc8f60 method=org.apache.xerces.impl.XMLEntityScanner.skipSpaces()Z @ 70
Event: 27.215 Thread 0x0000000018723800 Uncommon trap: reason=unstable_if action=reinterpret pc=0x0000000002d1c878 method=com.esotericsoftware.kryo.io.Output.writeString(Ljava/lang/CharSequence;)V @ 1
Event: 28.015 Thread 0x0000000018672000 Uncommon trap: reason=unstable_if action=reinterpret pc=0x0000000002bae680 method=java.util.Hashtable.containsKey(Ljava/lang/Object;)Z @ 36
Event: 28.299 Thread 0x0000000018672000 Uncommon trap: reason=bimorphic action=maybe_recompile pc=0x0000000002d4fc78 method=java.security.MessageDigest$Delegate.engineUpdate([BII)V @ 7
Event: 28.299 Thread 0x0000000018672000 Uncommon trap: reason=bimorphic action=maybe_recompile pc=0x0000000002d4fc78 method=java.security.MessageDigest$Delegate.engineUpdate([BII)V @ 7
Event: 28.720 Thread 0x000000000213b800 Uncommon trap: reason=unstable_if action=reinterpret pc=0x00000000029d46f8 method=java.util.WeakHashMap.remove(Ljava/lang/Object;)Ljava/lang/Object; @ 67
Event: 28.843 Thread 0x0000000018672000 Uncommon trap: reason=unstable_if action=reinterpret pc=0x0000000002a3345c method=java.util.HashMap.putVal(ILjava/lang/Object;Ljava/lang/Object;ZZ)Ljava/lang/Object; @ 162
Event: 28.843 Thread 0x0000000018672000 Uncommon trap: reason=unstable_if action=reinterpret pc=0x000000000244d99c method=java.util.HashMap.resize()[Ljava/util/HashMap$Node; @ 206
Event: 29.039 Thread 0x0000000018672000 Uncommon trap: reason=unstable_if action=reinterpret pc=0x0000000002e28144 method=java.lang.reflect.Modifier.toString(I)Ljava/lang/String; @ 123
Event: 29.039 Thread 0x0000000018672000 Uncommon trap: reason=unstable_if action=reinterpret pc=0x0000000002e0d5b0 method=java.lang.reflect.Modifier.toString(I)Ljava/lang/String; @ 123

Internal exceptions (10 events):
Event: 27.205 Thread 0x0000000018672000 Exception <a 'java/lang/ClassNotFoundException': org/gradle/api/internal/ConventionTaskCustomizer> (0x00000000e023a7c0) thrown at [C:\src\android\AOSP-openjdk\external\jetbrains\jdk\hotspot\src\share\vm\classfile\systemDictionary.cpp, line 210]
Event: 27.206 Thread 0x0000000018672000 Exception <a 'java/lang/ClassNotFoundException': org/gradle/api/tasks/DeleteCustomizer> (0x00000000e026a390) thrown at [C:\src\android\AOSP-openjdk\external\jetbrains\jdk\hotspot\src\share\vm\classfile\systemDictionary.cpp, line 210]
Event: 27.208 Thread 0x0000000018672000 Exception <a 'java/lang/ClassNotFoundException': org/gradle/api/tasks/Delete_DecoratedCustomizer> (0x00000000e02a3378) thrown at [C:\src\android\AOSP-openjdk\external\jetbrains\jdk\hotspot\src\share\vm\classfile\systemDictionary.cpp, line 210]
Event: 27.215 Thread 0x0000000018723800 Implicit null exception at 0x0000000002d1c5b0 to 0x0000000002d1c865
Event: 27.686 Thread 0x0000000018672000 Exception <a 'java/lang/ClassNotFoundException': build_ekulifqu6jg4q9amfjnjc7mz7BeanInfo> (0x00000000e036a300) thrown at [C:\src\android\AOSP-openjdk\external\jetbrains\jdk\hotspot\src\share\vm\classfile\systemDictionary.cpp, line 210]
Event: 27.687 Thread 0x0000000018672000 Exception <a 'java/lang/ClassNotFoundException': build_ekulifqu6jg4q9amfjnjc7mz7Customizer> (0x00000000e0379218) thrown at [C:\src\android\AOSP-openjdk\external\jetbrains\jdk\hotspot\src\share\vm\classfile\systemDictionary.cpp, line 210]
Event: 28.559 Thread 0x0000000018672000 Exception <a 'java/lang/ClassNotFoundException': org/gradle/api/plugins/BasePluginConventionBeanInfo> (0x00000000e19a1b30) thrown at [C:\src\android\AOSP-openjdk\external\jetbrains\jdk\hotspot\src\share\vm\classfile\systemDictionary.cpp, line 210]
Event: 28.560 Thread 0x0000000018672000 Exception <a 'java/lang/ClassNotFoundException': org/gradle/api/plugins/BasePluginConventionCustomizer> (0x00000000e19d3958) thrown at [C:\src\android\AOSP-openjdk\external\jetbrains\jdk\hotspot\src\share\vm\classfile\systemDictionary.cpp, line 210]
Event: 29.372 Thread 0x0000000018672000 Exception <a 'java/lang/ClassNotFoundException': org/gradle/api/plugins/JavaPluginConventionBeanInfo> (0x00000000e1b4e7c0) thrown at [C:\src\android\AOSP-openjdk\external\jetbrains\jdk\hotspot\src\share\vm\classfile\systemDictionary.cpp, line 210]
Event: 29.374 Thread 0x0000000018672000 Exception <a 'java/lang/ClassNotFoundException': org/gradle/api/plugins/JavaPluginConventionCustomizer> (0x00000000e1b80018) thrown at [C:\src\android\AOSP-openjdk\external\jetbrains\jdk\hotspot\src\share\vm\classfile\systemDictionary.cpp, line 210]

Events (10 events):
Event: 29.665 loading class com/android/tools/lint/LintCliClient
Event: 29.665 loading class com/android/tools/lint/LintCliClient done
Event: 29.674 loading class com/android/tools/lint/client/api/LintClient
Event: 29.674 loading class com/android/tools/lint/client/api/LintClient done
Event: 29.679 loading class com/android/tools/lint/LintCliFlags
Event: 29.679 loading class com/android/tools/lint/LintCliFlags done
Event: 29.681 loading class org/gradle/api/tasks/OutputFile
Event: 29.681 loading class org/gradle/api/tasks/OutputFile done
Event: 29.684 loading class org/gradle/api/tasks/InputFile
Event: 29.684 loading class org/gradle/api/tasks/InputFile done


Dynamic libraries:
0x00007ff7b9180000 - 0x00007ff7b91b1000 	C:\Program Files\Android\Android Studio2\jre\bin\java.exe
0x00007fffe9ce0000 - 0x00007fffe9ea1000 	C:\WINDOWS\SYSTEM32\ntdll.dll
0x00007fffe7740000 - 0x00007fffe77ed000 	C:\WINDOWS\system32\KERNEL32.DLL
0x00007fffd2f20000 - 0x00007fffd2f53000 	C:\Program Files\AVAST Software\Avast\x64\aswhooka.dll
0x00007fffe6bb0000 - 0x00007fffe6d98000 	C:\WINDOWS\system32\KERNELBASE.dll
0x00007fffe9b50000 - 0x00007fffe9bf7000 	C:\WINDOWS\system32\ADVAPI32.dll
0x00007fffe7860000 - 0x00007fffe78fd000 	C:\WINDOWS\system32\msvcrt.dll
0x00007fffe9c80000 - 0x00007fffe9cdb000 	C:\WINDOWS\system32\sechost.dll
0x00007fffe7900000 - 0x00007fffe7a1c000 	C:\WINDOWS\system32\RPCRT4.dll
0x00007fffe8200000 - 0x00007fffe8356000 	C:\WINDOWS\system32\USER32.dll
0x00007fffe70e0000 - 0x00007fffe7266000 	C:\WINDOWS\system32\GDI32.dll
0x00007fffe12f0000 - 0x00007fffe1564000 	C:\WINDOWS\WinSxS\amd64_microsoft.windows.common-controls_6595b64144ccf1df_6.0.10586.672_none_a2d6b3cea53ff843\COMCTL32.dll
0x00007fffe7460000 - 0x00007fffe76dd000 	C:\WINDOWS\system32\combase.dll
0x00007fffe6e30000 - 0x00007fffe6e9a000 	C:\WINDOWS\system32\bcryptPrimitives.dll
0x00007fffe7270000 - 0x00007fffe72ab000 	C:\WINDOWS\system32\IMM32.DLL
0x0000000067250000 - 0x0000000067322000 	C:\Program Files\Android\Android Studio2\jre\jre\bin\msvcr100.dll
0x0000000067330000 - 0x0000000067b64000 	C:\Program Files\Android\Android Studio2\jre\jre\bin\server\jvm.dll
0x00007fffe9c00000 - 0x00007fffe9c08000 	C:\WINDOWS\system32\PSAPI.DLL
0x00007fffd5140000 - 0x00007fffd5149000 	C:\WINDOWS\SYSTEM32\WSOCK32.dll
0x00007fffe9c10000 - 0x00007fffe9c7b000 	C:\WINDOWS\system32\WS2_32.dll
0x00007fffe4a30000 - 0x00007fffe4a53000 	C:\WINDOWS\SYSTEM32\WINMM.dll
0x00007fffe22a0000 - 0x00007fffe22aa000 	C:\WINDOWS\SYSTEM32\VERSION.dll
0x00007fffe4740000 - 0x00007fffe476c000 	C:\WINDOWS\SYSTEM32\WINMMBASE.dll
0x00007fffe7090000 - 0x00007fffe70d3000 	C:\WINDOWS\system32\cfgmgr32.dll
0x00007fffe4380000 - 0x00007fffe438f000 	C:\Program Files\Android\Android Studio2\jre\jre\bin\verify.dll
0x00007fffd4b30000 - 0x00007fffd4b59000 	C:\Program Files\Android\Android Studio2\jre\jre\bin\java.dll
0x00007fffd8860000 - 0x00007fffd8876000 	C:\Program Files\Android\Android Studio2\jre\jre\bin\zip.dll
0x00007fffe85f0000 - 0x00007fffe9b4c000 	C:\WINDOWS\system32\SHELL32.dll
0x00007fffe64a0000 - 0x00007fffe6ae5000 	C:\WINDOWS\system32\windows.storage.dll
0x00007fffe76e0000 - 0x00007fffe7732000 	C:\WINDOWS\system32\shlwapi.dll
0x00007fffe6380000 - 0x00007fffe638f000 	C:\WINDOWS\system32\kernel.appcore.dll
0x00007fffe6af0000 - 0x00007fffe6ba5000 	C:\WINDOWS\system32\shcore.dll
0x00007fffe6320000 - 0x00007fffe636b000 	C:\WINDOWS\system32\powrprof.dll
0x00007fffe6300000 - 0x00007fffe6314000 	C:\WINDOWS\system32\profapi.dll
0x00007fffd2800000 - 0x00007fffd281a000 	C:\Program Files\Android\Android Studio2\jre\jre\bin\net.dll
0x00007fffe5c30000 - 0x00007fffe5c8c000 	C:\WINDOWS\system32\mswsock.dll
0x00007fffd2700000 - 0x00007fffd2711000 	C:\Program Files\Android\Android Studio2\jre\jre\bin\nio.dll
0x00007fffc2870000 - 0x00007fffc2882000 	C:\Users\doha_\.gradle\native\19\windows-amd64\native-platform.dll
0x00007fffe5ce0000 - 0x00007fffe5cf7000 	C:\WINDOWS\SYSTEM32\CRYPTSP.dll
0x00007fffe5970000 - 0x00007fffe59a4000 	C:\WINDOWS\system32\rsaenh.dll
0x00007fffe5f00000 - 0x00007fffe5f29000 	C:\WINDOWS\SYSTEM32\bcrypt.dll
0x00007fffe5ac0000 - 0x00007fffe5adf000 	C:\WINDOWS\SYSTEM32\USERENV.dll
0x00007fffe5e00000 - 0x00007fffe5e0b000 	C:\WINDOWS\SYSTEM32\CRYPTBASE.dll
0x00007fffe0dd0000 - 0x00007fffe0e08000 	C:\WINDOWS\SYSTEM32\IPHLPAPI.DLL
0x00007fffe85e0000 - 0x00007fffe85e8000 	C:\WINDOWS\system32\NSI.dll
0x00007fffe2410000 - 0x00007fffe2426000 	C:\WINDOWS\SYSTEM32\dhcpcsvc6.DLL
0x00007fffe1f40000 - 0x00007fffe1f5a000 	C:\WINDOWS\SYSTEM32\dhcpcsvc.DLL
0x00007fffd7b50000 - 0x00007fffd7b5d000 	C:\Program Files\Android\Android Studio2\jre\jre\bin\management.dll

VM Arguments:
jvm_args: -Xmx1536m -Dfile.encoding=windows-1252 -Duser.country=US -Duser.language=en -Duser.variant 
java_command: org.gradle.launcher.daemon.bootstrap.GradleDaemon 2.14.1
java_class_path (initial): C:\Program Files\Android\Android Studio2\gradle\gradle-2.14.1\lib\gradle-launcher-2.14.1.jar
Launcher Type: SUN_STANDARD

Environment Variables:
PATH=C:\ProgramData\Oracle\Java\javapath;C:\Program Files (x86)\Intel\iCLS Client\;C:\Program Files\Intel\iCLS Client\;C:\WINDOWS\system32;C:\WINDOWS;C:\WINDOWS\System32\Wbem;C:\WINDOWS\System32\WindowsPowerShell\v1.0\;C:\Program Files (x86)\Intel\Intel(R) Management Engine Components\DAL;C:\Program Files\Intel\Intel(R) Management Engine Components\DAL;C:\Program Files (x86)\Intel\Intel(R) Management Engine Components\IPT;C:\Program Files\Intel\Intel(R) Management Engine Components\IPT;C:\Program Files (x86)\Microsoft SQL Server\Client SDK\ODBC\110\Tools\Binn\;C:\Program Files (x86)\Microsoft SQL Server\120\Tools\Binn\;C:\Program Files (x86)\Microsoft SQL Server\120\DTS\Binn\;C:\Program Files (x86)\Microsoft SQL Server\120\Tools\Binn\ManagementStudio\;C:\Program Files (x86)\NVIDIA Corporation\PhysX\Common;C:\Program Files\Microsoft\Web Platform Installer\;C:\Program Files (x86)\Microsoft ASP.NET\ASP.NET Web Pages\v1.0\;C:\Program Files (x86)\Windows Kits\8.0\Windows Performance Toolkit\;C:\Program Files\Microsoft SQL Server\110\Tools\Binn\;C:\WINDOWS\system32;C:\WINDOWS;C:\WINDOWS\System32\Wbem;C:\WINDOWS\System32\WindowsPowerShell\v1.0\;C:\Program Files\Anaconda3;C:\Program Files\Anaconda3\Scripts;C:\Program Files\Anaconda3\Library\bin;C:\Program Files (x86)\Skype\Phone\
USERNAME=doha_
OS=Windows_NT
PROCESSOR_IDENTIFIER=Intel64 Family 6 Model 69 Stepping 1, GenuineIntel



---------------  S Y S T E M  ---------------

OS: Windows 10.0 , 64 bit Build 10586 (10.0.10586.589)

CPU:total 4 (2 cores per cpu, 2 threads per core) family 6 model 69 stepping 1, cmov, cx8, fxsr, mmx, sse, sse2, sse3, ssse3, sse4.1, sse4.2, popcnt, avx, avx2, aes, clmul, erms, lzcnt, ht, tsc, tscinvbit, bmi1, bmi2

Memory: 4k page, physical 4095984k(485852k free), swap 5082536k(5460k free)

vm_info: OpenJDK 64-Bit Server VM (25.76-b03) for windows-amd64 JRE (1.8.0_76-release-b03), built on Jun 29 2016 19:09:20 by "ralucas" with MS VC++ 10.0 (VS2010)

time: Sun Mar 26 21:36:07 2017
elapsed time: 30 seconds (0d 0h 0m 30s)

