#
# There is insufficient memory for the Java Runtime Environment to continue.
# Native memory allocation (malloc) failed to allocate 32744 bytes for ChunkPool::allocate
# Possible reasons:
#   The system is out of physical RAM or swap space
#   In 32 bit mode, the process size limit was hit
# Possible solutions:
#   Reduce memory load on the system
#   Increase physical memory or swap space
#   Check if swap backing store is full
#   Use 64 bit Java on a 64 bit OS
#   Decrease Java heap size (-Xmx/-Xms)
#   Decrease number of Java threads
#   Decrease Java thread stack sizes (-Xss)
#   Set larger code cache with -XX:ReservedCodeCacheSize=
# This output file may be truncated or incomplete.
#
#  Out of Memory Error (allocation.cpp:273), pid=9992, tid=0x00000000000006c8
#
# JRE version: OpenJDK Runtime Environment (8.0_76-b03) (build 1.8.0_76-release-b03)
# Java VM: OpenJDK 64-Bit Server VM (25.76-b03 mixed mode windows-amd64 compressed oops)
# Failed to write core dump. Minidumps are not enabled by default on client versions of Windows
#

---------------  T H R E A D  ---------------

Current thread (0x0000000015d38800):  JavaThread "C2 CompilerThread0" daemon [_thread_in_native, id=1736, stack(0x0000000017360000,0x0000000017460000)]

Stack: [0x0000000017360000,0x0000000017460000]
[error occurred during error reporting (printing stack bounds), id 0xc0000005]

Native frames: (J=compiled Java code, j=interpreted, Vv=VM code, C=native code)


Current CompileTask:
C2:   3228 1808   !   4       java.net.URLClassLoader$1::run (63 bytes)


---------------  P R O C E S S  ---------------

Java Threads: ( => current thread )
  0x0000000018e2e000 JavaThread "File lock request listener" [_thread_in_native, id=10512, stack(0x000000001b890000,0x000000001b990000)]
  0x00000000187d5800 JavaThread "Stdin handler" [_thread_blocked, id=7488, stack(0x000000001a1c0000,0x000000001a2c0000)]
  0x00000000187d5000 JavaThread "Asynchronous log dispatcher for org.gradle.launcher.daemon.server.DefaultDaemonConnection@a5a5abc" [_thread_blocked, id=4708, stack(0x000000001a0c0000,0x000000001a1c0000)]
  0x00000000189a4000 JavaThread "Daemon worker" [_thread_in_vm, id=2952, stack(0x0000000019fc0000,0x000000001a0c0000)]
  0x0000000018ab3800 JavaThread "Cancel handler" [_thread_blocked, id=10212, stack(0x0000000019ec0000,0x0000000019fc0000)]
  0x000000001895b000 JavaThread "Handler for socket connection from /127.0.0.1:50236 to /127.0.0.1:50237" [_thread_in_native, id=4668, stack(0x0000000019dc0000,0x0000000019ec0000)]
  0x0000000018956800 JavaThread "Daemon" [_thread_blocked, id=168, stack(0x0000000019cc0000,0x0000000019dc0000)]
  0x0000000018a53800 JavaThread "pool-1-thread-1" [_thread_blocked, id=7736, stack(0x0000000019bc0000,0x0000000019cc0000)]
  0x000000001885f800 JavaThread "Incoming local TCP Connector on port 50236" [_thread_in_native, id=3164, stack(0x00000000197e0000,0x00000000198e0000)]
  0x0000000017673000 JavaThread "Service Thread" daemon [_thread_blocked, id=4404, stack(0x0000000017a60000,0x0000000017b60000)]
  0x0000000015d2a800 JavaThread "C1 CompilerThread2" daemon [_thread_blocked, id=10644, stack(0x0000000017560000,0x0000000017660000)]
  0x0000000015d3b000 JavaThread "C2 CompilerThread1" daemon [_thread_in_native, id=5808, stack(0x0000000017460000,0x0000000017560000)]
=>0x0000000015d38800 JavaThread "C2 CompilerThread0" daemon [_thread_in_native, id=1736, stack(0x0000000017360000,0x0000000017460000)]
  0x0000000015d37000 JavaThread "Attach Listener" daemon [_thread_blocked, id=10144, stack(0x0000000017260000,0x0000000017360000)]
  0x0000000015d36000 JavaThread "Signal Dispatcher" daemon [_thread_blocked, id=9440, stack(0x0000000017160000,0x0000000017260000)]
  0x0000000015d18800 JavaThread "Finalizer" daemon [_thread_blocked, id=1008, stack(0x0000000016f80000,0x0000000017080000)]
  0x00000000023b0800 JavaThread "Reference Handler" daemon [_thread_blocked, id=5160, stack(0x0000000016e80000,0x0000000016f80000)]
  0x00000000022c2800 JavaThread "main" [_thread_blocked, id=3932, stack(0x00000000021c0000,0x00000000022c0000)]

Other Threads:
  0x0000000015cf5800 VMThread [stack: 0x0000000016d80000,0x0000000016e80000] [id=10188]
  0x0000000017675000 WatcherThread [stack: 0x0000000017b60000,0x0000000017c60000] [id=7456]

VM state:not at safepoint (normal execution)

VM Mutex/Monitor currently owned by a thread: None

Heap:
 PSYoungGen      total 35328K, used 14637K [0x00000000e0000000, 0x00000000e2500000, 0x0000000100000000)
  eden space 32768K, 36% used [0x00000000e0000000,0x00000000e0bcb4d0,0x00000000e2000000)
  from space 2560K, 100% used [0x00000000e2000000,0x00000000e2280000,0x00000000e2280000)
  to   space 2560K, 0% used [0x00000000e2280000,0x00000000e2280000,0x00000000e2500000)
 ParOldGen       total 44032K, used 10101K [0x00000000a0000000, 0x00000000a2b00000, 0x00000000e0000000)
  object space 44032K, 22% used [0x00000000a0000000,0x00000000a09dd6e8,0x00000000a2b00000)
 Metaspace       used 20062K, capacity 20422K, committed 20736K, reserved 1067008K
  class space    used 2601K, capacity 2743K, committed 2816K, reserved 1048576K

Card table byte_map: [0x0000000011780000,0x0000000011a90000] byte_map_base: 0x0000000011280000

Marking Bits: (ParMarkBitMap*) 0x0000000067ae9d00
 Begin Bits: [0x0000000012090000, 0x0000000013890000)
 End Bits:   [0x0000000013890000, 0x0000000015090000)

Polling page: 0x0000000002140000

CodeCache: size=245760Kb used=7114Kb max_used=7114Kb free=238645Kb
 bounds [0x00000000023c0000, 0x0000000002ac0000, 0x00000000113c0000]
 total_blobs=2444 nmethods=1822 adapters=535
 compilation: enabled

Compilation events (10 events):
Event: 3.217 Thread 0x0000000015d2a800 nmethod 1818 0x0000000002aacb50 code [0x0000000002aacdc0, 0x0000000002aae288]
Event: 3.217 Thread 0x0000000015d2a800 1819       3       groovy.lang.MetaClassImpl$Index::getNotNull (32 bytes)
Event: 3.217 Thread 0x0000000015d2a800 nmethod 1819 0x0000000002aa4d50 code [0x0000000002aa4ee0, 0x0000000002aa5508]
Event: 3.217 Thread 0x0000000015d2a800 1815       3       java.beans.MethodDescriptor::<init> (48 bytes)
Event: 3.218 Thread 0x0000000015d2a800 nmethod 1815 0x0000000002aaeb10 code [0x0000000002aaecc0, 0x0000000002aaf438]
Event: 3.218 Thread 0x0000000015d2a800 1816  s    3       java.beans.MethodDescriptor::setMethod (41 bytes)
Event: 3.220 Thread 0x0000000015d2a800 nmethod 1816 0x0000000002aaf6d0 code [0x0000000002aaf9c0, 0x0000000002ab1368]
Event: 3.220 Thread 0x0000000015d2a800 1820       3       java.lang.Character::isUpperCase (5 bytes)
Event: 3.220 Thread 0x0000000015d2a800 nmethod 1820 0x0000000002ab20d0 code [0x0000000002ab2280, 0x0000000002ab26f8]
Event: 3.222 Thread 0x0000000015d2a800 1822       3       java.util.TreeMap::fixAfterInsertion (267 bytes)

GC Heap History (10 events):
Event: 0.564 GC heap before
{Heap before GC invocations=1 (full 0):
 PSYoungGen      total 18944K, used 16384K [0x00000000e0000000, 0x00000000e1500000, 0x0000000100000000)
  eden space 16384K, 100% used [0x00000000e0000000,0x00000000e1000000,0x00000000e1000000)
  from space 2560K, 0% used [0x00000000e1280000,0x00000000e1280000,0x00000000e1500000)
  to   space 2560K, 0% used [0x00000000e1000000,0x00000000e1000000,0x00000000e1280000)
 ParOldGen       total 44032K, used 0K [0x00000000a0000000, 0x00000000a2b00000, 0x00000000e0000000)
  object space 44032K, 0% used [0x00000000a0000000,0x00000000a0000000,0x00000000a2b00000)
 Metaspace       used 5579K, capacity 6168K, committed 6400K, reserved 1056768K
  class space    used 699K, capacity 760K, committed 768K, reserved 1048576K
Event: 0.568 GC heap after
Heap after GC invocations=1 (full 0):
 PSYoungGen      total 18944K, used 2540K [0x00000000e0000000, 0x00000000e1500000, 0x0000000100000000)
  eden space 16384K, 0% used [0x00000000e0000000,0x00000000e0000000,0x00000000e1000000)
  from space 2560K, 99% used [0x00000000e1000000,0x00000000e127b040,0x00000000e1280000)
  to   space 2560K, 0% used [0x00000000e1280000,0x00000000e1280000,0x00000000e1500000)
 ParOldGen       total 44032K, used 479K [0x00000000a0000000, 0x00000000a2b00000, 0x00000000e0000000)
  object space 44032K, 1% used [0x00000000a0000000,0x00000000a0077fa8,0x00000000a2b00000)
 Metaspace       used 5579K, capacity 6168K, committed 6400K, reserved 1056768K
  class space    used 699K, capacity 760K, committed 768K, reserved 1048576K
}
Event: 0.915 GC heap before
{Heap before GC invocations=2 (full 0):
 PSYoungGen      total 18944K, used 18924K [0x00000000e0000000, 0x00000000e1500000, 0x0000000100000000)
  eden space 16384K, 100% used [0x00000000e0000000,0x00000000e1000000,0x00000000e1000000)
  from space 2560K, 99% used [0x00000000e1000000,0x00000000e127b040,0x00000000e1280000)
  to   space 2560K, 0% used [0x00000000e1280000,0x00000000e1280000,0x00000000e1500000)
 ParOldGen       total 44032K, used 479K [0x00000000a0000000, 0x00000000a2b00000, 0x00000000e0000000)
  object space 44032K, 1% used [0x00000000a0000000,0x00000000a0077fa8,0x00000000a2b00000)
 Metaspace       used 5879K, capacity 6416K, committed 6528K, reserved 1056768K
  class space    used 748K, capacity 800K, committed 896K, reserved 1048576K
Event: 0.920 GC heap after
Heap after GC invocations=2 (full 0):
 PSYoungGen      total 18944K, used 2076K [0x00000000e0000000, 0x00000000e2500000, 0x0000000100000000)
  eden space 16384K, 0% used [0x00000000e0000000,0x00000000e0000000,0x00000000e1000000)
  from space 2560K, 81% used [0x00000000e1280000,0x00000000e14872b0,0x00000000e1500000)
  to   space 2560K, 0% used [0x00000000e1000000,0x00000000e1000000,0x00000000e1280000)
 ParOldGen       total 44032K, used 479K [0x00000000a0000000, 0x00000000a2b00000, 0x00000000e0000000)
  object space 44032K, 1% used [0x00000000a0000000,0x00000000a0077fa8,0x00000000a2b00000)
 Metaspace       used 5879K, capacity 6416K, committed 6528K, reserved 1056768K
  class space    used 748K, capacity 800K, committed 896K, reserved 1048576K
}
Event: 1.649 GC heap before
{Heap before GC invocations=3 (full 0):
 PSYoungGen      total 18944K, used 18460K [0x00000000e0000000, 0x00000000e2500000, 0x0000000100000000)
  eden space 16384K, 100% used [0x00000000e0000000,0x00000000e1000000,0x00000000e1000000)
  from space 2560K, 81% used [0x00000000e1280000,0x00000000e14872b0,0x00000000e1500000)
  to   space 2560K, 0% used [0x00000000e1000000,0x00000000e1000000,0x00000000e1280000)
 ParOldGen       total 44032K, used 479K [0x00000000a0000000, 0x00000000a2b00000, 0x00000000e0000000)
  object space 44032K, 1% used [0x00000000a0000000,0x00000000a0077fa8,0x00000000a2b00000)
 Metaspace       used 11059K, capacity 11394K, committed 11648K, reserved 1058816K
  class space    used 1420K, capacity 1547K, committed 1664K, reserved 1048576K
Event: 1.657 GC heap after
Heap after GC invocations=3 (full 0):
 PSYoungGen      total 18944K, used 2528K [0x00000000e0000000, 0x00000000e2500000, 0x0000000100000000)
  eden space 16384K, 0% used [0x00000000e0000000,0x00000000e0000000,0x00000000e1000000)
  from space 2560K, 98% used [0x00000000e1000000,0x00000000e1278020,0x00000000e1280000)
  to   space 2560K, 0% used [0x00000000e2280000,0x00000000e2280000,0x00000000e2500000)
 ParOldGen       total 44032K, used 2016K [0x00000000a0000000, 0x00000000a2b00000, 0x00000000e0000000)
  object space 44032K, 4% used [0x00000000a0000000,0x00000000a01f81b0,0x00000000a2b00000)
 Metaspace       used 11059K, capacity 11394K, committed 11648K, reserved 1058816K
  class space    used 1420K, capacity 1547K, committed 1664K, reserved 1048576K
}
Event: 1.876 GC heap before
{Heap before GC invocations=4 (full 0):
 PSYoungGen      total 18944K, used 18912K [0x00000000e0000000, 0x00000000e2500000, 0x0000000100000000)
  eden space 16384K, 100% used [0x00000000e0000000,0x00000000e1000000,0x00000000e1000000)
  from space 2560K, 98% used [0x00000000e1000000,0x00000000e1278020,0x00000000e1280000)
  to   space 2560K, 0% used [0x00000000e2280000,0x00000000e2280000,0x00000000e2500000)
 ParOldGen       total 44032K, used 2016K [0x00000000a0000000, 0x00000000a2b00000, 0x00000000e0000000)
  object space 44032K, 4% used [0x00000000a0000000,0x00000000a01f81b0,0x00000000a2b00000)
 Metaspace       used 12735K, capacity 13054K, committed 13184K, reserved 1060864K
  class space    used 1707K, capacity 1813K, committed 1920K, reserved 1048576K
Event: 1.882 GC heap after
Heap after GC invocations=4 (full 0):
 PSYoungGen      total 35328K, used 2560K [0x00000000e0000000, 0x00000000e2500000, 0x0000000100000000)
  eden space 32768K, 0% used [0x00000000e0000000,0x00000000e0000000,0x00000000e2000000)
  from space 2560K, 100% used [0x00000000e2280000,0x00000000e2500000,0x00000000e2500000)
  to   space 2560K, 0% used [0x00000000e2000000,0x00000000e2000000,0x00000000e2280000)
 ParOldGen       total 44032K, used 4004K [0x00000000a0000000, 0x00000000a2b00000, 0x00000000e0000000)
  object space 44032K, 9% used [0x00000000a0000000,0x00000000a03e9210,0x00000000a2b00000)
 Metaspace       used 12735K, capacity 13054K, committed 13184K, reserved 1060864K
  class space    used 1707K, capacity 1813K, committed 1920K, reserved 1048576K
}
Event: 2.930 GC heap before
{Heap before GC invocations=5 (full 0):
 PSYoungGen      total 35328K, used 35328K [0x00000000e0000000, 0x00000000e2500000, 0x0000000100000000)
  eden space 32768K, 100% used [0x00000000e0000000,0x00000000e2000000,0x00000000e2000000)
  from space 2560K, 100% used [0x00000000e2280000,0x00000000e2500000,0x00000000e2500000)
  to   space 2560K, 0% used [0x00000000e2000000,0x00000000e2000000,0x00000000e2280000)
 ParOldGen       total 44032K, used 4004K [0x00000000a0000000, 0x00000000a2b00000, 0x00000000e0000000)
  object space 44032K, 9% used [0x00000000a0000000,0x00000000a03e9210,0x00000000a2b00000)
 Metaspace       used 18776K, capacity 19154K, committed 19328K, reserved 1067008K
  class space    used 2516K, capacity 2664K, committed 2688K, reserved 1048576K
Event: 2.948 GC heap after
Heap after GC invocations=5 (full 0):
 PSYoungGen      total 35328K, used 2560K [0x00000000e0000000, 0x00000000e2500000, 0x0000000100000000)
  eden space 32768K, 0% used [0x00000000e0000000,0x00000000e0000000,0x00000000e2000000)
  from space 2560K, 100% used [0x00000000e2000000,0x00000000e2280000,0x00000000e2280000)
  to   space 2560K, 0% used [0x00000000e2280000,0x00000000e2280000,0x00000000e2500000)
 ParOldGen       total 44032K, used 10101K [0x00000000a0000000, 0x00000000a2b00000, 0x00000000e0000000)
  object space 44032K, 22% used [0x00000000a0000000,0x00000000a09dd6e8,0x00000000a2b00000)
 Metaspace       used 18776K, capacity 19154K, committed 19328K, reserved 1067008K
  class space    used 2516K, capacity 2664K, committed 2688K, reserved 1048576K
}

Deoptimization events (10 events):
Event: 2.708 Thread 0x00000000189a4000 Uncommon trap: reason=class_check action=maybe_recompile pc=0x000000000257d2e8 method=java.lang.String.equals(Ljava/lang/Object;)Z @ 8
Event: 2.709 Thread 0x00000000189a4000 Uncommon trap: reason=class_check action=maybe_recompile pc=0x000000000257d2e8 method=java.lang.String.equals(Ljava/lang/Object;)Z @ 8
Event: 2.709 Thread 0x00000000189a4000 Uncommon trap: reason=class_check action=maybe_recompile pc=0x000000000257d2e8 method=java.lang.String.equals(Ljava/lang/Object;)Z @ 8
Event: 2.908 Thread 0x00000000189a4000 Uncommon trap: reason=class_check action=maybe_recompile pc=0x0000000002760bc4 method=sun.misc.URLClassPath.getLoader(I)Lsun/misc/URLClassPath$Loader; @ 94
Event: 2.908 Thread 0x00000000189a4000 Uncommon trap: reason=class_check action=maybe_recompile pc=0x00000000026f21ec method=sun.misc.URLClassPath.getResource(Ljava/lang/String;Z)Lsun/misc/Resource; @ 62
Event: 2.908 Thread 0x00000000189a4000 Uncommon trap: reason=unstable_if action=reinterpret pc=0x000000000277e4bc method=sun.net.www.ParseUtil.encodePath(Ljava/lang/String;Z)Ljava/lang/String; @ 109
Event: 2.963 Thread 0x00000000189a4000 Uncommon trap: reason=class_check action=maybe_recompile pc=0x0000000002760cdc method=sun.misc.URLClassPath.getLoader(I)Lsun/misc/URLClassPath$Loader; @ 193
Event: 2.976 Thread 0x00000000189a4000 Uncommon trap: reason=class_check action=maybe_recompile pc=0x0000000002760cdc method=sun.misc.URLClassPath.getLoader(I)Lsun/misc/URLClassPath$Loader; @ 193
Event: 2.994 Thread 0x00000000189a4000 Uncommon trap: reason=class_check action=maybe_recompile pc=0x0000000002760cdc method=sun.misc.URLClassPath.getLoader(I)Lsun/misc/URLClassPath$Loader; @ 193
Event: 3.141 Thread 0x00000000189a4000 Uncommon trap: reason=class_check action=maybe_recompile pc=0x00000000027680e8 method=sun.misc.URLClassPath.getLoader(I)Lsun/misc/URLClassPath$Loader; @ 94

Internal exceptions (10 events):
Event: 3.153 Thread 0x00000000189a4000 Exception <a 'java/lang/ClassNotFoundException': java/lang/SystemCustomizer> (0x00000000e0907c50) thrown at [C:\src\android\AOSP-openjdk\external\jetbrains\jdk\hotspot\src\share\vm\classfile\systemDictionary.cpp, line 210]
Event: 3.202 Thread 0x00000000189a4000 Exception <a 'java/lang/ClassNotFoundException': groovy/runtime/metaclass/[Ljava/lang/String;MetaClass> (0x00000000e0ac9900) thrown at [C:\src\android\AOSP-openjdk\external\jetbrains\jdk\hotspot\src\share\vm\prims\jni.cpp, line 735]
Event: 3.203 Thread 0x00000000189a4000 Exception <a 'java/lang/ClassNotFoundException': [Ljava/lang/String;BeanInfo> (0x00000000e0ad4588) thrown at [C:\src\android\AOSP-openjdk\external\jetbrains\jdk\hotspot\src\share\vm\prims\jni.cpp, line 735]
Event: 3.203 Thread 0x00000000189a4000 Exception <a 'java/lang/ClassNotFoundException': [Ljava/lang/String;BeanInfo> (0x00000000e0ad4bc8) thrown at [C:\src\android\AOSP-openjdk\external\jetbrains\jdk\hotspot\src\share\vm\prims\jni.cpp, line 735]
Event: 3.203 Thread 0x00000000189a4000 Exception <a 'java/lang/ClassNotFoundException': [Ljava/lang/String;Customizer> (0x00000000e0ad53e0) thrown at [C:\src\android\AOSP-openjdk\external\jetbrains\jdk\hotspot\src\share\vm\prims\jni.cpp, line 735]
Event: 3.203 Thread 0x00000000189a4000 Exception <a 'java/lang/ClassNotFoundException': [Ljava/lang/String;Customizer> (0x00000000e0ad5a28) thrown at [C:\src\android\AOSP-openjdk\external\jetbrains\jdk\hotspot\src\share\vm\prims\jni.cpp, line 735]
Event: 3.213 Thread 0x00000000189a4000 Exception <a 'java/lang/ClassNotFoundException': java/io/FileBeanInfo> (0x00000000e0b0af98) thrown at [C:\src\android\AOSP-openjdk\external\jetbrains\jdk\hotspot\src\share\vm\classfile\systemDictionary.cpp, line 210]
Event: 3.213 Thread 0x00000000189a4000 Exception <a 'java/lang/ClassNotFoundException': java/io/FileCustomizer> (0x00000000e0b0d5a8) thrown at [C:\src\android\AOSP-openjdk\external\jetbrains\jdk\hotspot\src\share\vm\classfile\systemDictionary.cpp, line 210]
Event: 3.221 Thread 0x00000000189a4000 Exception <a 'java/lang/ClassNotFoundException': java/net/URIBeanInfo> (0x00000000e0b5ae18) thrown at [C:\src\android\AOSP-openjdk\external\jetbrains\jdk\hotspot\src\share\vm\classfile\systemDictionary.cpp, line 210]
Event: 3.221 Thread 0x00000000189a4000 Exception <a 'java/lang/ClassNotFoundException': java/net/URICustomizer> (0x00000000e0b5d428) thrown at [C:\src\android\AOSP-openjdk\external\jetbrains\jdk\hotspot\src\share\vm\classfile\systemDictionary.cpp, line 210]

Events (10 events):
Event: 3.219 loading class groovy/runtime/metaclass/java/net/URIMetaClass
Event: 3.219 loading class groovy/runtime/metaclass/java/net/URIMetaClass done
Event: 3.221 loading class java/net/URIBeanInfo
Event: 3.221 loading class java/net/URIBeanInfo done
Event: 3.221 loading class java/net/URIBeanInfo
Event: 3.221 loading class java/net/URIBeanInfo done
Event: 3.221 loading class java/net/URICustomizer
Event: 3.221 loading class java/net/URICustomizer done
Event: 3.221 loading class java/net/URICustomizer
Event: 3.221 loading class java/net/URICustomizer done


Dynamic libraries:
0x00007ff7b9180000 - 0x00007ff7b91b1000 	C:\Program Files\Android\Android Studio2\jre\bin\java.exe
0x00007fffe9ce0000 - 0x00007fffe9ea1000 	C:\WINDOWS\SYSTEM32\ntdll.dll
0x00007fffe7740000 - 0x00007fffe77ed000 	C:\WINDOWS\system32\KERNEL32.DLL
0x00007fffd2f20000 - 0x00007fffd2f53000 	C:\Program Files\AVAST Software\Avast\x64\aswhooka.dll
0x00007fffe6bb0000 - 0x00007fffe6d98000 	C:\WINDOWS\system32\KERNELBASE.dll
0x00007fffe9b50000 - 0x00007fffe9bf7000 	C:\WINDOWS\system32\ADVAPI32.dll
0x00007fffe7860000 - 0x00007fffe78fd000 	C:\WINDOWS\system32\msvcrt.dll
0x00007fffe9c80000 - 0x00007fffe9cdb000 	C:\WINDOWS\system32\sechost.dll
0x00007fffe7900000 - 0x00007fffe7a1c000 	C:\WINDOWS\system32\RPCRT4.dll
0x00007fffe8200000 - 0x00007fffe8356000 	C:\WINDOWS\system32\USER32.dll
0x00007fffe70e0000 - 0x00007fffe7266000 	C:\WINDOWS\system32\GDI32.dll
0x00007fffe12f0000 - 0x00007fffe1564000 	C:\WINDOWS\WinSxS\amd64_microsoft.windows.common-controls_6595b64144ccf1df_6.0.10586.672_none_a2d6b3cea53ff843\COMCTL32.dll
0x00007fffe7460000 - 0x00007fffe76dd000 	C:\WINDOWS\system32\combase.dll
0x00007fffe6e30000 - 0x00007fffe6e9a000 	C:\WINDOWS\system32\bcryptPrimitives.dll
0x00007fffe7270000 - 0x00007fffe72ab000 	C:\WINDOWS\system32\IMM32.DLL
0x0000000067250000 - 0x0000000067322000 	C:\Program Files\Android\Android Studio2\jre\jre\bin\msvcr100.dll
0x0000000067330000 - 0x0000000067b64000 	C:\Program Files\Android\Android Studio2\jre\jre\bin\server\jvm.dll
0x00007fffe9c00000 - 0x00007fffe9c08000 	C:\WINDOWS\system32\PSAPI.DLL
0x00007fffd5140000 - 0x00007fffd5149000 	C:\WINDOWS\SYSTEM32\WSOCK32.dll
0x00007fffe9c10000 - 0x00007fffe9c7b000 	C:\WINDOWS\system32\WS2_32.dll
0x00007fffe4a30000 - 0x00007fffe4a53000 	C:\WINDOWS\SYSTEM32\WINMM.dll
0x00007fffe22a0000 - 0x00007fffe22aa000 	C:\WINDOWS\SYSTEM32\VERSION.dll
0x00007fffe4740000 - 0x00007fffe476c000 	C:\WINDOWS\SYSTEM32\WINMMBASE.dll
0x00007fffe7090000 - 0x00007fffe70d3000 	C:\WINDOWS\system32\cfgmgr32.dll
0x00007fffe4380000 - 0x00007fffe438f000 	C:\Program Files\Android\Android Studio2\jre\jre\bin\verify.dll
0x00007fffd4b30000 - 0x00007fffd4b59000 	C:\Program Files\Android\Android Studio2\jre\jre\bin\java.dll
0x00007fffd8860000 - 0x00007fffd8876000 	C:\Program Files\Android\Android Studio2\jre\jre\bin\zip.dll
0x00007fffe85f0000 - 0x00007fffe9b4c000 	C:\WINDOWS\system32\SHELL32.dll
0x00007fffe64a0000 - 0x00007fffe6ae5000 	C:\WINDOWS\system32\windows.storage.dll
0x00007fffe76e0000 - 0x00007fffe7732000 	C:\WINDOWS\system32\shlwapi.dll
0x00007fffe6380000 - 0x00007fffe638f000 	C:\WINDOWS\system32\kernel.appcore.dll
0x00007fffe6af0000 - 0x00007fffe6ba5000 	C:\WINDOWS\system32\shcore.dll
0x00007fffe6320000 - 0x00007fffe636b000 	C:\WINDOWS\system32\powrprof.dll
0x00007fffe6300000 - 0x00007fffe6314000 	C:\WINDOWS\system32\profapi.dll
0x00007fffd2800000 - 0x00007fffd281a000 	C:\Program Files\Android\Android Studio2\jre\jre\bin\net.dll
0x00007fffe5c30000 - 0x00007fffe5c8c000 	C:\WINDOWS\system32\mswsock.dll
0x00007fffd2700000 - 0x00007fffd2711000 	C:\Program Files\Android\Android Studio2\jre\jre\bin\nio.dll
0x00007fffc2870000 - 0x00007fffc2882000 	C:\Users\doha_\.gradle\native\19\windows-amd64\native-platform.dll
0x00007fffe5ce0000 - 0x00007fffe5cf7000 	C:\WINDOWS\SYSTEM32\CRYPTSP.dll
0x00007fffe5970000 - 0x00007fffe59a4000 	C:\WINDOWS\system32\rsaenh.dll
0x00007fffe5f00000 - 0x00007fffe5f29000 	C:\WINDOWS\SYSTEM32\bcrypt.dll
0x00007fffe5ac0000 - 0x00007fffe5adf000 	C:\WINDOWS\SYSTEM32\USERENV.dll
0x00007fffe5e00000 - 0x00007fffe5e0b000 	C:\WINDOWS\SYSTEM32\CRYPTBASE.dll
0x00007fffe0dd0000 - 0x00007fffe0e08000 	C:\WINDOWS\SYSTEM32\IPHLPAPI.DLL
0x00007fffe85e0000 - 0x00007fffe85e8000 	C:\WINDOWS\system32\NSI.dll
0x00007fffe2410000 - 0x00007fffe2426000 	C:\WINDOWS\SYSTEM32\dhcpcsvc6.DLL
0x00007fffe1f40000 - 0x00007fffe1f5a000 	C:\WINDOWS\SYSTEM32\dhcpcsvc.DLL
0x00007fffd7b50000 - 0x00007fffd7b5d000 	C:\Program Files\Android\Android Studio2\jre\jre\bin\management.dll

VM Arguments:
jvm_args: -Xmx1536m -Dfile.encoding=windows-1252 -Duser.country=US -Duser.language=en -Duser.variant 
java_command: org.gradle.launcher.daemon.bootstrap.GradleDaemon 2.14.1
java_class_path (initial): C:\Program Files\Android\Android Studio2\gradle\gradle-2.14.1\lib\gradle-launcher-2.14.1.jar
Launcher Type: SUN_STANDARD

Environment Variables:
PATH=C:\ProgramData\Oracle\Java\javapath;C:\Program Files (x86)\Intel\iCLS Client\;C:\Program Files\Intel\iCLS Client\;C:\WINDOWS\system32;C:\WINDOWS;C:\WINDOWS\System32\Wbem;C:\WINDOWS\System32\WindowsPowerShell\v1.0\;C:\Program Files (x86)\Intel\Intel(R) Management Engine Components\DAL;C:\Program Files\Intel\Intel(R) Management Engine Components\DAL;C:\Program Files (x86)\Intel\Intel(R) Management Engine Components\IPT;C:\Program Files\Intel\Intel(R) Management Engine Components\IPT;C:\Program Files (x86)\Microsoft SQL Server\Client SDK\ODBC\110\Tools\Binn\;C:\Program Files (x86)\Microsoft SQL Server\120\Tools\Binn\;C:\Program Files (x86)\Microsoft SQL Server\120\DTS\Binn\;C:\Program Files (x86)\Microsoft SQL Server\120\Tools\Binn\ManagementStudio\;C:\Program Files (x86)\NVIDIA Corporation\PhysX\Common;C:\Program Files\Microsoft\Web Platform Installer\;C:\Program Files (x86)\Microsoft ASP.NET\ASP.NET Web Pages\v1.0\;C:\Program Files (x86)\Windows Kits\8.0\Windows Performance Toolkit\;C:\Program Files\Microsoft SQL Server\110\Tools\Binn\;C:\WINDOWS\system32;C:\WINDOWS;C:\WINDOWS\System32\Wbem;C:\WINDOWS\System32\WindowsPowerShell\v1.0\;C:\Program Files\Anaconda3;C:\Program Files\Anaconda3\Scripts;C:\Program Files\Anaconda3\Library\bin;C:\Program Files (x86)\Skype\Phone\
USERNAME=doha_
OS=Windows_NT
PROCESSOR_IDENTIFIER=Intel64 Family 6 Model 69 Stepping 1, GenuineIntel



---------------  S Y S T E M  ---------------

OS: Windows 10.0 , 64 bit Build 10586 (10.0.10586.589)

CPU:total 4 (2 cores per cpu, 2 threads per core) family 6 model 69 stepping 1, cmov, cx8, fxsr, mmx, sse, sse2, sse3, ssse3, sse4.1, sse4.2, popcnt, avx, avx2, aes, clmul, erms, lzcnt, ht, tsc, tscinvbit, bmi1, bmi2

Memory: 4k page, physical 4095984k(565072k free), swap 5082536k(4084k free)

vm_info: OpenJDK 64-Bit Server VM (25.76-b03) for windows-amd64 JRE (1.8.0_76-release-b03), built on Jun 29 2016 19:09:20 by "ralucas" with MS VC++ 10.0 (VS2010)

time: Sun Mar 26 21:37:51 2017
elapsed time: 3 seconds (0d 0h 0m 3s)

