#
# There is insufficient memory for the Java Runtime Environment to continue.
# Native memory allocation (malloc) failed to allocate 546096 bytes for Chunk::new
# Possible reasons:
#   The system is out of physical RAM or swap space
#   In 32 bit mode, the process size limit was hit
# Possible solutions:
#   Reduce memory load on the system
#   Increase physical memory or swap space
#   Check if swap backing store is full
#   Use 64 bit Java on a 64 bit OS
#   Decrease Java heap size (-Xmx/-Xms)
#   Decrease number of Java threads
#   Decrease Java thread stack sizes (-Xss)
#   Set larger code cache with -XX:ReservedCodeCacheSize=
# This output file may be truncated or incomplete.
#
#  Out of Memory Error (allocation.cpp:390), pid=11840, tid=0x0000000000002fcc
#
# JRE version: OpenJDK Runtime Environment (8.0_76-b03) (build 1.8.0_76-release-b03)
# Java VM: OpenJDK 64-Bit Server VM (25.76-b03 mixed mode windows-amd64 compressed oops)
# Failed to write core dump. Minidumps are not enabled by default on client versions of Windows
#

---------------  T H R E A D  ---------------

Current thread (0x0000000015c08800):  JavaThread "C2 CompilerThread0" daemon [_thread_in_native, id=12236, stack(0x0000000017240000,0x0000000017340000)]

Stack: [0x0000000017240000,0x0000000017340000]
[error occurred during error reporting (printing stack bounds), id 0xc0000005]

Native frames: (J=compiled Java code, j=interpreted, Vv=VM code, C=native code)


Current CompileTask:
C2:  11407 5442       4       com.sun.beans.TypeResolver::resolve (37 bytes)


---------------  P R O C E S S  ---------------

Java Threads: ( => current thread )
  0x000000001a828800 JavaThread "File lock request listener" [_thread_in_native, id=5064, stack(0x000000001b8d0000,0x000000001b9d0000)]
  0x0000000018c00800 JavaThread "Stdin handler" [_thread_blocked, id=10852, stack(0x000000001a2f0000,0x000000001a3f0000)]
  0x0000000018bcc800 JavaThread "Asynchronous log dispatcher for org.gradle.launcher.daemon.server.DefaultDaemonConnection@78a68e24" [_thread_blocked, id=9204, stack(0x000000001a1f0000,0x000000001a2f0000)]
  0x00000000189c3000 JavaThread "Daemon worker" [_thread_in_Java, id=8892, stack(0x0000000019ef0000,0x0000000019ff0000)]
  0x0000000018ac5000 JavaThread "Cancel handler" [_thread_blocked, id=1488, stack(0x0000000019df0000,0x0000000019ef0000)]
  0x0000000018aa5800 JavaThread "Handler for socket connection from /127.0.0.1:54729 to /127.0.0.1:54730" [_thread_in_native, id=7376, stack(0x0000000019cf0000,0x0000000019df0000)]
  0x0000000018aa4800 JavaThread "Daemon" [_thread_blocked, id=11172, stack(0x0000000019bf0000,0x0000000019cf0000)]
  0x000000001874c000 JavaThread "pool-1-thread-1" [_thread_blocked, id=8188, stack(0x0000000019af0000,0x0000000019bf0000)]
  0x0000000018743800 JavaThread "Incoming local TCP Connector on port 54729" [_thread_in_native, id=2404, stack(0x0000000018340000,0x0000000018440000)]
  0x0000000017560800 JavaThread "Service Thread" daemon [_thread_blocked, id=6396, stack(0x0000000017940000,0x0000000017a40000)]
  0x0000000015bff000 JavaThread "C1 CompilerThread2" daemon [_thread_blocked, id=7312, stack(0x0000000017440000,0x0000000017540000)]
  0x0000000015bf8000 JavaThread "C2 CompilerThread1" daemon [_thread_in_native, id=11868, stack(0x0000000017340000,0x0000000017440000)]
=>0x0000000015c08800 JavaThread "C2 CompilerThread0" daemon [_thread_in_native, id=12236, stack(0x0000000017240000,0x0000000017340000)]
  0x0000000015c07000 JavaThread "Attach Listener" daemon [_thread_blocked, id=6084, stack(0x0000000017140000,0x0000000017240000)]
  0x0000000015c05800 JavaThread "Signal Dispatcher" daemon [_thread_blocked, id=4924, stack(0x0000000017040000,0x0000000017140000)]
  0x000000000228b800 JavaThread "Finalizer" daemon [_thread_blocked, id=7448, stack(0x0000000016e60000,0x0000000016f60000)]
  0x0000000002280800 JavaThread "Reference Handler" daemon [_thread_blocked, id=7324, stack(0x0000000016d60000,0x0000000016e60000)]
  0x0000000002192800 JavaThread "main" [_thread_blocked, id=5908, stack(0x0000000002090000,0x0000000002190000)]

Other Threads:
  0x0000000015bc4800 VMThread [stack: 0x0000000016c60000,0x0000000016d60000] [id=11592]
  0x0000000015c5d000 WatcherThread [stack: 0x0000000017a40000,0x0000000017b40000] [id=5968]

VM state:not at safepoint (normal execution)

VM Mutex/Monitor currently owned by a thread: None

Heap:
 PSYoungGen      total 86528K, used 18410K [0x00000000e0000000, 0x00000000e7a80000, 0x0000000100000000)
  eden space 77312K, 11% used [0x00000000e0000000,0x00000000e0901bb8,0x00000000e4b80000)
  from space 9216K, 99% used [0x00000000e5780000,0x00000000e6078c80,0x00000000e6080000)
  to   space 12288K, 0% used [0x00000000e4b80000,0x00000000e4b80000,0x00000000e5780000)
 ParOldGen       total 56320K, used 19452K [0x00000000a0000000, 0x00000000a3700000, 0x00000000e0000000)
  object space 56320K, 34% used [0x00000000a0000000,0x00000000a12ff100,0x00000000a3700000)
 Metaspace       used 45507K, capacity 46712K, committed 46896K, reserved 1089536K
  class space    used 6150K, capacity 6396K, committed 6448K, reserved 1048576K

Card table byte_map: [0x0000000011650000,0x0000000011960000] byte_map_base: 0x0000000011150000

Marking Bits: (ParMarkBitMap*) 0x0000000056069d00
 Begin Bits: [0x0000000011f60000, 0x0000000013760000)
 End Bits:   [0x0000000013760000, 0x0000000014f60000)

Polling page: 0x0000000000730000

CodeCache: size=245760Kb used=17386Kb max_used=17840Kb free=228373Kb
 bounds [0x0000000002290000, 0x0000000003420000, 0x0000000011290000]
 total_blobs=5702 nmethods=5001 adapters=613
 compilation: enabled

Compilation events (10 events):
Event: 11.369 Thread 0x0000000015bff000 5536       3       com.google.common.base.Preconditions::checkState (17 bytes)
Event: 11.369 Thread 0x0000000015bff000 nmethod 5536 0x0000000002ca12d0 code [0x0000000002ca1460, 0x0000000002ca1818]
Event: 11.378 Thread 0x0000000015bff000 5537       3       java.util.regex.Pattern::group0 (994 bytes)
Event: 11.384 Thread 0x0000000015bff000 nmethod 5537 0x0000000002bc1450 code [0x0000000002bc1c20, 0x0000000002bc6ab8]
Event: 11.392 Thread 0x0000000015bff000 5538       3       org.gradle.api.internal.AbstractClassGenerator$ClassMetaData::addActionMethod (12 bytes)
Event: 11.392 Thread 0x0000000015bff000 nmethod 5538 0x0000000002bc0fd0 code [0x0000000002bc1140, 0x0000000002bc1368]
Event: 11.392 Thread 0x0000000015bff000 5540       3       org.gradle.api.internal.AbstractClassGenerator::findClosureOverload (111 bytes)
Event: 11.394 Thread 0x0000000015bff000 nmethod 5540 0x0000000002f7e250 code [0x0000000002f7e500, 0x0000000002f7fad8]
Event: 11.394 Thread 0x0000000015bff000 5539       1       com.google.common.collect.LinkedHashMultimap$ValueEntry::getSuccessorInValueSet (5 bytes)
Event: 11.394 Thread 0x0000000015bff000 nmethod 5539 0x000000000254cc90 code [0x000000000254cde0, 0x000000000254cef0]

GC Heap History (10 events):
Event: 7.346 GC heap before
{Heap before GC invocations=12 (full 1):
 PSYoungGen      total 71168K, used 68411K [0x00000000e0000000, 0x00000000e5e00000, 0x0000000100000000)
  eden space 63488K, 100% used [0x00000000e0000000,0x00000000e3e00000,0x00000000e3e00000)
  from space 7680K, 64% used [0x00000000e4580000,0x00000000e4a4efa8,0x00000000e4d00000)
  to   space 7680K, 0% used [0x00000000e3e00000,0x00000000e3e00000,0x00000000e4580000)
 ParOldGen       total 36864K, used 8640K [0x00000000a0000000, 0x00000000a2400000, 0x00000000e0000000)
  object space 36864K, 23% used [0x00000000a0000000,0x00000000a0870028,0x00000000a2400000)
 Metaspace       used 32905K, capacity 33728K, committed 33968K, reserved 1079296K
  class space    used 4431K, capacity 4663K, committed 4784K, reserved 1048576K
Event: 7.363 GC heap after
Heap after GC invocations=12 (full 1):
 PSYoungGen      total 71168K, used 7662K [0x00000000e0000000, 0x00000000e6080000, 0x0000000100000000)
  eden space 63488K, 0% used [0x00000000e0000000,0x00000000e0000000,0x00000000e3e00000)
  from space 7680K, 99% used [0x00000000e3e00000,0x00000000e457b950,0x00000000e4580000)
  to   space 9216K, 0% used [0x00000000e5780000,0x00000000e5780000,0x00000000e6080000)
 ParOldGen       total 36864K, used 10180K [0x00000000a0000000, 0x00000000a2400000, 0x00000000e0000000)
  object space 36864K, 27% used [0x00000000a0000000,0x00000000a09f1250,0x00000000a2400000)
 Metaspace       used 32905K, capacity 33728K, committed 33968K, reserved 1079296K
  class space    used 4431K, capacity 4663K, committed 4784K, reserved 1048576K
}
Event: 7.789 GC heap before
{Heap before GC invocations=13 (full 1):
 PSYoungGen      total 71168K, used 38624K [0x00000000e0000000, 0x00000000e6080000, 0x0000000100000000)
  eden space 63488K, 48% used [0x00000000e0000000,0x00000000e1e3ca88,0x00000000e3e00000)
  from space 7680K, 99% used [0x00000000e3e00000,0x00000000e457b950,0x00000000e4580000)
  to   space 9216K, 0% used [0x00000000e5780000,0x00000000e5780000,0x00000000e6080000)
 ParOldGen       total 36864K, used 10180K [0x00000000a0000000, 0x00000000a2400000, 0x00000000e0000000)
  object space 36864K, 27% used [0x00000000a0000000,0x00000000a09f1250,0x00000000a2400000)
 Metaspace       used 34561K, capacity 35268K, committed 35496K, reserved 1079296K
  class space    used 4642K, capacity 4829K, committed 4912K, reserved 1048576K
Event: 7.810 GC heap after
Heap after GC invocations=13 (full 1):
 PSYoungGen      total 89088K, used 8028K [0x00000000e0000000, 0x00000000e6480000, 0x0000000100000000)
  eden space 79872K, 0% used [0x00000000e0000000,0x00000000e0000000,0x00000000e4e00000)
  from space 9216K, 87% used [0x00000000e5780000,0x00000000e5f57318,0x00000000e6080000)
  to   space 9728K, 0% used [0x00000000e4e00000,0x00000000e4e00000,0x00000000e5780000)
 ParOldGen       total 36864K, used 10188K [0x00000000a0000000, 0x00000000a2400000, 0x00000000e0000000)
  object space 36864K, 27% used [0x00000000a0000000,0x00000000a09f3250,0x00000000a2400000)
 Metaspace       used 34561K, capacity 35268K, committed 35496K, reserved 1079296K
  class space    used 4642K, capacity 4829K, committed 4912K, reserved 1048576K
}
Event: 7.810 GC heap before
{Heap before GC invocations=14 (full 2):
 PSYoungGen      total 89088K, used 8028K [0x00000000e0000000, 0x00000000e6480000, 0x0000000100000000)
  eden space 79872K, 0% used [0x00000000e0000000,0x00000000e0000000,0x00000000e4e00000)
  from space 9216K, 87% used [0x00000000e5780000,0x00000000e5f57318,0x00000000e6080000)
  to   space 9728K, 0% used [0x00000000e4e00000,0x00000000e4e00000,0x00000000e5780000)
 ParOldGen       total 36864K, used 10188K [0x00000000a0000000, 0x00000000a2400000, 0x00000000e0000000)
  object space 36864K, 27% used [0x00000000a0000000,0x00000000a09f3250,0x00000000a2400000)
 Metaspace       used 34561K, capacity 35268K, committed 35496K, reserved 1079296K
  class space    used 4642K, capacity 4829K, committed 4912K, reserved 1048576K
Event: 7.928 GC heap after
Heap after GC invocations=14 (full 2):
 PSYoungGen      total 89088K, used 0K [0x00000000e0000000, 0x00000000e6480000, 0x0000000100000000)
  eden space 79872K, 0% used [0x00000000e0000000,0x00000000e0000000,0x00000000e4e00000)
  from space 9216K, 0% used [0x00000000e5780000,0x00000000e5780000,0x00000000e6080000)
  to   space 9728K, 0% used [0x00000000e4e00000,0x00000000e4e00000,0x00000000e5780000)
 ParOldGen       total 56320K, used 15685K [0x00000000a0000000, 0x00000000a3700000, 0x00000000e0000000)
  object space 56320K, 27% used [0x00000000a0000000,0x00000000a0f515b0,0x00000000a3700000)
 Metaspace       used 34561K, capacity 35268K, committed 35496K, reserved 1079296K
  class space    used 4642K, capacity 4829K, committed 4912K, reserved 1048576K
}
Event: 9.802 GC heap before
{Heap before GC invocations=15 (full 2):
 PSYoungGen      total 89088K, used 79872K [0x00000000e0000000, 0x00000000e6480000, 0x0000000100000000)
  eden space 79872K, 100% used [0x00000000e0000000,0x00000000e4e00000,0x00000000e4e00000)
  from space 9216K, 0% used [0x00000000e5780000,0x00000000e5780000,0x00000000e6080000)
  to   space 9728K, 0% used [0x00000000e4e00000,0x00000000e4e00000,0x00000000e5780000)
 ParOldGen       total 56320K, used 15685K [0x00000000a0000000, 0x00000000a3700000, 0x00000000e0000000)
  object space 56320K, 27% used [0x00000000a0000000,0x00000000a0f515b0,0x00000000a3700000)
 Metaspace       used 41606K, capacity 42526K, committed 42672K, reserved 1085440K
  class space    used 5574K, capacity 5795K, committed 5808K, reserved 1048576K
Event: 9.812 GC heap after
Heap after GC invocations=15 (full 2):
 PSYoungGen      total 89600K, used 7457K [0x00000000e0000000, 0x00000000e6480000, 0x0000000100000000)
  eden space 79872K, 0% used [0x00000000e0000000,0x00000000e0000000,0x00000000e4e00000)
  from space 9728K, 76% used [0x00000000e4e00000,0x00000000e5548418,0x00000000e5780000)
  to   space 9216K, 0% used [0x00000000e5780000,0x00000000e5780000,0x00000000e6080000)
 ParOldGen       total 56320K, used 15757K [0x00000000a0000000, 0x00000000a3700000, 0x00000000e0000000)
  object space 56320K, 27% used [0x00000000a0000000,0x00000000a0f635c0,0x00000000a3700000)
 Metaspace       used 41606K, capacity 42526K, committed 42672K, reserved 1085440K
  class space    used 5574K, capacity 5795K, committed 5808K, reserved 1048576K
}
Event: 11.266 GC heap before
{Heap before GC invocations=16 (full 2):
 PSYoungGen      total 89600K, used 87329K [0x00000000e0000000, 0x00000000e6480000, 0x0000000100000000)
  eden space 79872K, 100% used [0x00000000e0000000,0x00000000e4e00000,0x00000000e4e00000)
  from space 9728K, 76% used [0x00000000e4e00000,0x00000000e5548418,0x00000000e5780000)
  to   space 9216K, 0% used [0x00000000e5780000,0x00000000e5780000,0x00000000e6080000)
 ParOldGen       total 56320K, used 15757K [0x00000000a0000000, 0x00000000a3700000, 0x00000000e0000000)
  object space 56320K, 27% used [0x00000000a0000000,0x00000000a0f635c0,0x00000000a3700000)
 Metaspace       used 45159K, capacity 46350K, committed 46640K, reserved 1089536K
  class space    used 6090K, capacity 6361K, committed 6448K, reserved 1048576K
Event: 11.293 GC heap after
Heap after GC invocations=16 (full 2):
 PSYoungGen      total 86528K, used 9187K [0x00000000e0000000, 0x00000000e7a80000, 0x0000000100000000)
  eden space 77312K, 0% used [0x00000000e0000000,0x00000000e0000000,0x00000000e4b80000)
  from space 9216K, 99% used [0x00000000e5780000,0x00000000e6078c80,0x00000000e6080000)
  to   space 12288K, 0% used [0x00000000e4b80000,0x00000000e4b80000,0x00000000e5780000)
 ParOldGen       total 56320K, used 19452K [0x00000000a0000000, 0x00000000a3700000, 0x00000000e0000000)
  object space 56320K, 34% used [0x00000000a0000000,0x00000000a12ff100,0x00000000a3700000)
 Metaspace       used 45159K, capacity 46350K, committed 46640K, reserved 1089536K
  class space    used 6090K, capacity 6361K, committed 6448K, reserved 1048576K
}

Deoptimization events (10 events):
Event: 10.807 Thread 0x00000000189c3000 Uncommon trap: reason=array_check action=maybe_recompile pc=0x000000000336619c method=java.util.AbstractCollection.toArray([Ljava/lang/Object;)[Ljava/lang/Object; @ 119
Event: 10.989 Thread 0x00000000189c3000 Uncommon trap: reason=class_check action=maybe_recompile pc=0x00000000031f7170 method=java.util.stream.ReferencePipeline$3$1.accept(Ljava/lang/Object;)V @ 12
Event: 10.989 Thread 0x00000000189c3000 Uncommon trap: reason=class_check action=maybe_recompile pc=0x00000000031f7170 method=java.util.stream.ReferencePipeline$3$1.accept(Ljava/lang/Object;)V @ 12
Event: 10.990 Thread 0x00000000189c3000 Uncommon trap: reason=class_check action=maybe_recompile pc=0x00000000031f7170 method=java.util.stream.ReferencePipeline$3$1.accept(Ljava/lang/Object;)V @ 12
Event: 10.990 Thread 0x00000000189c3000 Uncommon trap: reason=class_check action=maybe_recompile pc=0x00000000031f7170 method=java.util.stream.ReferencePipeline$3$1.accept(Ljava/lang/Object;)V @ 12
Event: 11.095 Thread 0x00000000189c3000 Uncommon trap: reason=class_check action=maybe_recompile pc=0x0000000003170414 method=sun.misc.URLClassPath.findResource(Ljava/lang/String;Z)Ljava/net/URL; @ 26
Event: 11.097 Thread 0x00000000189c3000 Uncommon trap: reason=class_check action=maybe_recompile pc=0x0000000003170414 method=sun.misc.URLClassPath.findResource(Ljava/lang/String;Z)Ljava/net/URL; @ 26
Event: 11.133 Thread 0x00000000189c3000 Uncommon trap: reason=unstable_if action=reinterpret pc=0x0000000002ae2d3c method=groovy.lang.MetaClassImpl$1MOPIter.methodNameAction(Ljava/lang/Class;Lorg/codehaus/groovy/runtime/metaclass/MetaMethodIndex$Entry;)V @ 354
Event: 11.166 Thread 0x00000000189c3000 Uncommon trap: reason=unstable_if action=reinterpret pc=0x000000000308376c method=java.io.WinNTFileSystem.prefixLength(Ljava/lang/String;)I @ 11
Event: 11.366 Thread 0x00000000189c3000 Uncommon trap: reason=unstable_if action=reinterpret pc=0x0000000002e203a0 method=org.objectweb.asm.Type.getArgumentsAndReturnSizes(Ljava/lang/String;)I @ 47

Internal exceptions (10 events):
Event: 11.214 Thread 0x00000000189c3000 Exception <a 'java/lang/NoSuchMethodError': java.lang.Object.lambda$static$1(Ljava/util/Set;Ljava/util/Set;)Z> (0x00000000e4a72200) thrown at [C:\src\android\AOSP-openjdk\external\jetbrains\jdk\hotspot\src\share\vm\interpreter\linkResolver.cpp, line 582]
Event: 11.214 Thread 0x00000000189c3000 Exception <a 'java/lang/NoSuchMethodError': java.lang.Object.lambda$static$2(Ljava/util/Set;Ljava/util/Set;)Z> (0x00000000e4a74970) thrown at [C:\src\android\AOSP-openjdk\external\jetbrains\jdk\hotspot\src\share\vm\interpreter\linkResolver.cpp, line 582]
Event: 11.238 Thread 0x00000000189c3000 Exception <a 'java/lang/ClassNotFoundException': com/android/build/gradle/internal/tasks/InstallVariantTask_DecoratedBeanInfo> (0x00000000e4bc39b8) thrown at [C:\src\android\AOSP-openjdk\external\jetbrains\jdk\hotspot\src\share\vm\classfile\systemDictionar6À
Event: 11.238 Thread 0x00000000189c3000 Exception <a 'java/lang/ClassNotFoundException': com/android/build/gradle/internal/tasks/InstallVariantTaskBeanInfo> (0x00000000e4bd5f58) thrown at [C:\src\android\AOSP-openjdk\external\jetbrains\jdk\hotspot\src\share\vm\classfile\systemDictionary.cpp, lin|∆ùyVz&@
Event: 11.239 Thread 0x00000000189c3000 Exception <a 'java/lang/ClassNotFoundException': com/android/build/gradle/internal/tasks/InstallVariantTaskCustomizer> (0x00000000e4be8d50) thrown at [C:\src\android\AOSP-openjdk\external\jetbrains\jdk\hotspot\src\share\vm\classfile\systemDictionary.cpp, lË{~P£{&@
Event: 11.241 Thread 0x00000000189c3000 Exception <a 'java/lang/ClassNotFoundException': com/android/build/gradle/internal/tasks/InstallVariantTask_DecoratedCustomizer> (0x00000000e4c2aa30) thrown at [C:\src\android\AOSP-openjdk\external\jetbrains\jdk\hotspot\src\share\vm\classfile\systemDiction´…„„Å&@
Event: 11.254 Thread 0x00000000189c3000 Exception <a 'java/lang/ClassNotFoundException': com/android/build/gradle/internal/tasks/UninstallTask_DecoratedBeanInfo> (0x00000000e4d454d0) thrown at [C:\src\android\AOSP-openjdk\external\jetbrains\jdk\hotspot\src\share\vm\classfile\systemDictionary.cppéFﬂ!Ç&@
Event: 11.254 Thread 0x00000000189c3000 Exception <a 'java/lang/ClassNotFoundException': com/android/build/gradle/internal/tasks/UninstallTaskBeanInfo> (0x00000000e4d57288) thrown at [C:\src\android\AOSP-openjdk\external\jetbrains\jdk\hotspot\src\share\vm\classfile\systemDictionary.cpp, line 210ˆX±—WÇ&@
Event: 11.255 Thread 0x00000000189c3000 Exception <a 'java/lang/ClassNotFoundException': com/android/build/gradle/internal/tasks/UninstallTaskCustomizer> (0x00000000e4d691c0) thrown at [C:\src\android\AOSP-openjdk\external\jetbrains\jdk\hotspot\src\share\vm\classfile\systemDictionary.cpp, line 2î:ÖŸÇ&@
Event: 11.256 Thread 0x00000000189c3000 Exception <a 'java/lang/ClassNotFoundException': com/android/build/gradle/internal/tasks/UninstallTask_DecoratedCustomizer> (0x00000000e4d93050) thrown at [C:\src\android\AOSP-openjdk\external\jetbrains\jdk\hotspot\src\share\vm\classfile\systemDictionary.c†T=˜gm&@

Events (10 events):
Event: 11.396 loading class org/gradle/api/reporting/Report$1
Event: 11.396 loading class org/gradle/api/reporting/Report$1 done
Event: 11.396 loading class org/gradle/api/reporting/internal/DefaultReportContainer$1
Event: 11.396 loading class org/gradle/api/reporting/internal/DefaultReportContainer$1 done
Event: 11.398 loading class org/gradle/api/reporting/internal/DefaultReportContainer$2
Event: 11.398 loading class org/gradle/api/reporting/internal/DefaultReportContainer$2 done
Event: 11.399 loading class org/gradle/api/reporting/ReportContainer$ImmutableViolationException
Event: 11.399 loading class org/gradle/api/reporting/ReportContainer$ImmutableViolationException done
Event: 11.400 loading class org/gradle/api/reporting/Report$OutputType
Event: 11.400 loading class org/gradle/api/reporting/Report$OutputType done


Dynamic libraries:
0x00007ff636780000 - 0x00007ff6367b1000 	C:\Program Files\Android\Android Studio2\jre\bin\java.exe
0x00007fff52050000 - 0x00007fff52211000 	C:\WINDOWS\SYSTEM32\ntdll.dll
0x00007fff51d50000 - 0x00007fff51dfd000 	C:\WINDOWS\system32\KERNEL32.DLL
0x00007fff4bbc0000 - 0x00007fff4bbf3000 	C:\Program Files\AVAST Software\Avast\x64\aswhooka.dll
0x00007fff4e960000 - 0x00007fff4eb48000 	C:\WINDOWS\system32\KERNELBASE.dll
0x00007fff4f450000 - 0x00007fff4f4f7000 	C:\WINDOWS\system32\ADVAPI32.dll
0x00007fff4fb30000 - 0x00007fff4fbcd000 	C:\WINDOWS\system32\msvcrt.dll
0x00007fff51c20000 - 0x00007fff51c7b000 	C:\WINDOWS\system32\sechost.dll
0x00007fff4fbd0000 - 0x00007fff4fcec000 	C:\WINDOWS\system32\RPCRT4.dll
0x00007fff4fcf0000 - 0x00007fff4fe46000 	C:\WINDOWS\system32\USER32.dll
0x00007fff51ec0000 - 0x00007fff52046000 	C:\WINDOWS\system32\GDI32.dll
0x00007fff46dd0000 - 0x00007fff47044000 	C:\WINDOWS\WinSxS\amd64_microsoft.windows.common-controls_6595b64144ccf1df_6.0.10586.672_none_a2d6b3cea53ff843\COMCTL32.dll
0x00007fff4f6f0000 - 0x00007fff4f96d000 	C:\WINDOWS\system32\combase.dll
0x00007fff4f1f0000 - 0x00007fff4f25a000 	C:\WINDOWS\system32\bcryptPrimitives.dll
0x00007fff4f500000 - 0x00007fff4f53b000 	C:\WINDOWS\system32\IMM32.DLL
0x0000000056390000 - 0x0000000056462000 	C:\Program Files\Android\Android Studio2\jre\jre\bin\msvcr100.dll
0x00000000558b0000 - 0x00000000560e4000 	C:\Program Files\Android\Android Studio2\jre\jre\bin\server\jvm.dll
0x00007fff50120000 - 0x00007fff50128000 	C:\WINDOWS\system32\PSAPI.DLL
0x00007fff407f0000 - 0x00007fff407f9000 	C:\WINDOWS\SYSTEM32\WSOCK32.dll
0x00007fff500b0000 - 0x00007fff5011b000 	C:\WINDOWS\system32\WS2_32.dll
0x00007fff4c8d0000 - 0x00007fff4c8f3000 	C:\WINDOWS\SYSTEM32\WINMM.dll
0x00007fff48210000 - 0x00007fff4821a000 	C:\WINDOWS\SYSTEM32\VERSION.dll
0x00007fff4c870000 - 0x00007fff4c89c000 	C:\WINDOWS\SYSTEM32\WINMMBASE.dll
0x00007fff4eb50000 - 0x00007fff4eb93000 	C:\WINDOWS\system32\cfgmgr32.dll
0x00007fff48360000 - 0x00007fff4836f000 	C:\Program Files\Android\Android Studio2\jre\jre\bin\verify.dll
0x00007fff405f0000 - 0x00007fff40619000 	C:\Program Files\Android\Android Studio2\jre\jre\bin\java.dll
0x00007fff48340000 - 0x00007fff48356000 	C:\Program Files\Android\Android Studio2\jre\jre\bin\zip.dll
0x00007fff50290000 - 0x00007fff517ec000 	C:\WINDOWS\system32\SHELL32.dll
0x00007fff4eba0000 - 0x00007fff4f1e5000 	C:\WINDOWS\system32\windows.storage.dll
0x00007fff51e00000 - 0x00007fff51e52000 	C:\WINDOWS\system32\shlwapi.dll
0x00007fff4e680000 - 0x00007fff4e68f000 	C:\WINDOWS\system32\kernel.appcore.dll
0x00007fff4e790000 - 0x00007fff4e845000 	C:\WINDOWS\system32\shcore.dll
0x00007fff4e690000 - 0x00007fff4e6db000 	C:\WINDOWS\system32\powrprof.dll
0x00007fff4e6e0000 - 0x00007fff4e6f4000 	C:\WINDOWS\system32\profapi.dll
0x00007fff3f930000 - 0x00007fff3f94a000 	C:\Program Files\Android\Android Studio2\jre\jre\bin\net.dll
0x00007fff4dfa0000 - 0x00007fff4dffc000 	C:\WINDOWS\system32\mswsock.dll
0x00007fff3f910000 - 0x00007fff3f921000 	C:\Program Files\Android\Android Studio2\jre\jre\bin\nio.dll
0x00007fff3bad0000 - 0x00007fff3bae2000 	C:\Users\doha_\.gradle\native\19\windows-amd64\native-platform.dll
0x00007fff4e050000 - 0x00007fff4e067000 	C:\WINDOWS\SYSTEM32\CRYPTSP.dll
0x00007fff4dce0000 - 0x00007fff4dd14000 	C:\WINDOWS\system32\rsaenh.dll
0x00007fff4e270000 - 0x00007fff4e299000 	C:\WINDOWS\SYSTEM32\bcrypt.dll
0x00007fff4de30000 - 0x00007fff4de4f000 	C:\WINDOWS\SYSTEM32\USERENV.dll
0x00007fff4e170000 - 0x00007fff4e17b000 	C:\WINDOWS\SYSTEM32\CRYPTBASE.dll
0x00007fff4b130000 - 0x00007fff4b168000 	C:\WINDOWS\SYSTEM32\IPHLPAPI.DLL
0x00007fff4fa50000 - 0x00007fff4fa58000 	C:\WINDOWS\system32\NSI.dll
0x00007fff480e0000 - 0x00007fff480f6000 	C:\WINDOWS\SYSTEM32\dhcpcsvc6.DLL
0x00007fff487f0000 - 0x00007fff4880a000 	C:\WINDOWS\SYSTEM32\dhcpcsvc.DLL
0x00007fff3ea50000 - 0x00007fff3ea5d000 	C:\Program Files\Android\Android Studio2\jre\jre\bin\management.dll

VM Arguments:
jvm_args: -Xmx1536m -Dfile.encoding=windows-1252 -Duser.country=US -Duser.language=en -Duser.variant 
java_command: org.gradle.launcher.daemon.bootstrap.GradleDaemon 2.14.1
java_class_path (initial): C:\Program Files\Android\Android Studio2\gradle\gradle-2.14.1\lib\gradle-launcher-2.14.1.jar
Launcher Type: SUN_STANDARD

Environment Variables:
PATH=C:\ProgramData\Oracle\Java\javapath;C:\Program Files (x86)\Intel\iCLS Client\;C:\Program Files\Intel\iCLS Client\;C:\WINDOWS\system32;C:\WINDOWS;C:\WINDOWS\System32\Wbem;C:\WINDOWS\System32\WindowsPowerShell\v1.0\;C:\Program Files (x86)\Intel\Intel(R) Management Engine Components\DAL;C:\Program Files\Intel\Intel(R) Management Engine Components\DAL;C:\Program Files (x86)\Intel\Intel(R) Management Engine Components\IPT;C:\Program Files\Intel\Intel(R) Management Engine Components\IPT;C:\Program Files (x86)\Microsoft SQL Server\Client SDK\ODBC\110\Tools\Binn\;C:\Program Files (x86)\Microsoft SQL Server\120\Tools\Binn\;C:\Program Files (x86)\Microsoft SQL Server\120\DTS\Binn\;C:\Program Files (x86)\Microsoft SQL Server\120\Tools\Binn\ManagementStudio\;C:\Program Files (x86)\NVIDIA Corporation\PhysX\Common;C:\Program Files\Microsoft\Web Platform Installer\;C:\Program Files (x86)\Microsoft ASP.NET\ASP.NET Web Pages\v1.0\;C:\Program Files (x86)\Windows Kits\8.0\Windows Performance Toolkit\;C:\Program Files\Microsoft SQL Server\110\Tools\Binn\;C:\WINDOWS\system32;C:\WINDOWS;C:\WINDOWS\System32\Wbem;C:\WINDOWS\System32\WindowsPowerShell\v1.0\;C:\Program Files\Anaconda3;C:\Program Files\Anaconda3\Scripts;C:\Program Files\Anaconda3\Library\bin;C:\Program Files (x86)\Skype\Phone\;C:\Program Files\OpenVPN\bin
USERNAME=doha_
OS=Windows_NT
PROCESSOR_IDENTIFIER=Intel64 Family 6 Model 69 Stepping 1, GenuineIntel



---------------  S Y S T E M  ---------------

OS: Windows 10.0 , 64 bit Build 10586 (10.0.10586.589)

CPU:total 4 (2 cores per cpu, 2 threads per core) family 6 model 69 stepping 1, cmov, cx8, fxsr, mmx, sse, sse2, sse3, ssse3, sse4.1, sse4.2, popcnt, avx, avx2, aes, clmul, erms, lzcnt, ht, tsc, tscinvbit, bmi1, bmi2

Memory: 4k page, physical 4095984k(564320k free), swap 5626196k(7060k free)

vm_info: OpenJDK 64-Bit Server VM (25.76-b03) for windows-amd64 JRE (1.8.0_76-release-b03), built on Jun 29 2016 19:09:20 by "ralucas" with MS VC++ 10.0 (VS2010)

time: Fri Apr 14 16:47:04 2017
elapsed time: 11 seconds (0d 0h 0m 11s)

