#
# There is insufficient memory for the Java Runtime Environment to continue.
# Native memory allocation (malloc) failed to allocate 32744 bytes for ChunkPool::allocate
# Possible reasons:
#   The system is out of physical RAM or swap space
#   In 32 bit mode, the process size limit was hit
# Possible solutions:
#   Reduce memory load on the system
#   Increase physical memory or swap space
#   Check if swap backing store is full
#   Use 64 bit Java on a 64 bit OS
#   Decrease Java heap size (-Xmx/-Xms)
#   Decrease number of Java threads
#   Decrease Java thread stack sizes (-Xss)
#   Set larger code cache with -XX:ReservedCodeCacheSize=
# This output file may be truncated or incomplete.
#
#  Out of Memory Error (allocation.cpp:273), pid=7412, tid=0x0000000000001498
#
# JRE version: OpenJDK Runtime Environment (8.0_76-b03) (build 1.8.0_76-release-b03)
# Java VM: OpenJDK 64-Bit Server VM (25.76-b03 mixed mode windows-amd64 compressed oops)
# Failed to write core dump. Minidumps are not enabled by default on client versions of Windows
#

---------------  T H R E A D  ---------------

Current thread (0x000000001932c800):  JavaThread "Daemon worker" [_thread_in_vm, id=5272, stack(0x000000001a8d0000,0x000000001a9d0000)]

Stack: [0x000000001a8d0000,0x000000001a9d0000]
[error occurred during error reporting (printing stack bounds), id 0xc0000005]

Native frames: (J=compiled Java code, j=interpreted, Vv=VM code, C=native code)

Java frames: (J=compiled Java code, j=interpreted, Vv=VM code)
J 1868  java.lang.Class.getDeclaredMethods0(Z)[Ljava/lang/reflect/Method; (0 bytes) @ 0x0000000003412c7b [0x0000000003412c40+0x3b]
J 1178 C1 java.lang.Class.privateGetDeclaredMethods(Z)[Ljava/lang/reflect/Method; (67 bytes) @ 0x00000000030e7d9c [0x00000000030e7a80+0x31c]
J 1746 C1 java.lang.Class.getDeclaredMethods()[Ljava/lang/reflect/Method; (18 bytes) @ 0x00000000032adaf4 [0x00000000032ada20+0xd4]
j  org.gradle.internal.reflect.ClassInspector.inspectClass(Ljava/lang/Class;Lorg/gradle/internal/reflect/MutableClassDetails;)V+1
j  org.gradle.internal.reflect.ClassInspector.visitGraph(Ljava/lang/Class;Lorg/gradle/internal/reflect/MutableClassDetails;)V+86
j  org.gradle.internal.reflect.ClassInspector.inspect(Ljava/lang/Class;)Lorg/gradle/internal/reflect/ClassDetails;+11
j  org.gradle.api.internal.AbstractClassGenerator.inspectType(Ljava/lang/Class;Lorg/gradle/api/internal/AbstractClassGenerator$ClassMetaData;)V+1
j  org.gradle.api.internal.AbstractClassGenerator.inspectType(Ljava/lang/Class;)Lorg/gradle/api/internal/AbstractClassGenerator$ClassMetaData;+47
j  org.gradle.api.internal.AbstractClassGenerator.generateUnderLock(Ljava/lang/Class;)Ljava/lang/Class;+135
j  org.gradle.api.internal.AbstractClassGenerator.generate(Ljava/lang/Class;)Ljava/lang/Class;+10
j  org.gradle.api.internal.ClassGeneratorBackedInstantiator.newInstance(Ljava/lang/Class;[Ljava/lang/Object;)Ljava/lang/Object;+13
j  org.gradle.api.internal.tasks.DefaultTaskContainerFactory$1.transform(Lorg/gradle/model/internal/core/MutableModelNode;)Lorg/gradle/api/internal/tasks/DefaultTaskContainer;+58
j  org.gradle.api.internal.tasks.DefaultTaskContainerFactory$1.transform(Ljava/lang/Object;)Ljava/lang/Object;+5
j  org.gradle.model.collection.internal.BridgedCollections$1.execute(Lorg/gradle/model/internal/core/MutableModelNode;)V+5
j  org.gradle.model.collection.internal.BridgedCollections$1.execute(Ljava/lang/Object;)V+5
j  org.gradle.model.internal.core.ModelRegistrations$Builder$NoInputsBuilderAction.execute(Lorg/gradle/model/internal/core/MutableModelNode;Ljava/util/List;)V+5
j  org.gradle.model.internal.registry.DefaultModelRegistry$4.run()V+12
j  org.gradle.model.internal.registry.RuleContext.run(Lorg/gradle/model/internal/core/rule/describe/ModelRuleDescriptor;Ljava/lang/Runnable;)V+16
j  org.gradle.model.internal.registry.DefaultModelRegistry.fireAction(Lorg/gradle/model/internal/registry/RuleBinder;)V+93
j  org.gradle.model.internal.registry.DefaultModelRegistry.access$700(Lorg/gradle/model/internal/registry/DefaultModelRegistry;Lorg/gradle/model/internal/registry/RuleBinder;)V+2
j  org.gradle.model.internal.registry.DefaultModelRegistry$RunModelAction.apply()V+49
j  org.gradle.model.internal.registry.DefaultModelRegistry.transitionTo(Lorg/gradle/model/internal/registry/DefaultModelRegistry$GoalGraph;Lorg/gradle/model/internal/registry/DefaultModelRegistry$ModelGoal;)V+116
j  org.gradle.model.internal.registry.DefaultModelRegistry.transition(Lorg/gradle/model/internal/registry/ModelNodeInternal;Lorg/gradle/model/internal/core/ModelNode$State;Z)V+161
j  org.gradle.model.internal.registry.DefaultModelRegistry.atStateOrMaybeLater(Lorg/gradle/model/internal/core/ModelPath;Lorg/gradle/model/internal/core/ModelNode$State;Z)Lorg/gradle/model/internal/registry/ModelNodeInternal;+52
j  org.gradle.model.internal.registry.DefaultModelRegistry.atStateOrLater(Lorg/gradle/model/internal/core/ModelPath;Lorg/gradle/model/internal/core/ModelNode$State;)Lorg/gradle/model/internal/core/ModelNode;+4
j  org.gradle.api.internal.tasks.DefaultTaskContainerFactory.create()Lorg/gradle/api/internal/tasks/TaskContainerInternal;+96
j  org.gradle.api.internal.tasks.DefaultTaskContainerFactory.create()Ljava/lang/Object;+1
j  org.gradle.internal.service.DefaultServiceRegistry.newInstance(Ljava/lang/Class;)Ljava/lang/Object;+5
j  org.gradle.api.internal.project.AbstractProject.<init>(Ljava/lang/String;Lorg/gradle/api/internal/project/ProjectInternal;Ljava/io/File;Lorg/gradle/groovy/scripts/ScriptSource;Lorg/gradle/api/internal/GradleInternal;Lorg/gradle/internal/service/scopes/ServiceRegistryFactory;Lorg/gradle/api/internal/initialization/ClassLoaderScope;Lorg/gradle/api/internal/initialization/ClassLoaderScope;)V+197
j  org.gradle.api.internal.project.DefaultProject.<init>(Ljava/lang/String;Lorg/gradle/api/internal/project/ProjectInternal;Ljava/io/File;Lorg/gradle/groovy/scripts/ScriptSource;Lorg/gradle/api/internal/GradleInternal;Lorg/gradle/internal/service/scopes/ServiceRegistryFactory;Lorg/gradle/api/internal/initialization/ClassLoaderScope;Lorg/gradle/api/internal/initialization/ClassLoaderScope;)V+14
j  org.gradle.api.internal.project.DefaultProject_Decorated.<init>(Ljava/lang/String;Lorg/gradle/api/internal/project/ProjectInternal;Ljava/io/File;Lorg/gradle/groovy/scripts/ScriptSource;Lorg/gradle/api/internal/GradleInternal;Lorg/gradle/internal/service/scopes/ServiceRegistryFactory;Lorg/gradle/api/internal/initialization/ClassLoaderScope;Lorg/gradle/api/internal/initialization/ClassLoaderScope;)V+14
v  ~StubRoutines::call_stub
j  sun.reflect.NativeConstructorAccessorImpl.newInstance0(Ljava/lang/reflect/Constructor;[Ljava/lang/Object;)Ljava/lang/Object;+0
j  sun.reflect.NativeConstructorAccessorImpl.newInstance([Ljava/lang/Object;)Ljava/lang/Object;+85
J 1923 C1 sun.reflect.DelegatingConstructorAccessorImpl.newInstance([Ljava/lang/Object;)Ljava/lang/Object; (9 bytes) @ 0x0000000003439f84 [0x0000000003439e80+0x104]
J 1173 C1 java.lang.reflect.Constructor.newInstance([Ljava/lang/Object;)Ljava/lang/Object; (87 bytes) @ 0x00000000030e57c4 [0x00000000030e5300+0x4c4]
j  org.gradle.internal.reflect.DirectInstantiator.newInstance(Ljava/lang/Class;[Ljava/lang/Object;)Ljava/lang/Object;+18
j  org.gradle.api.internal.ClassGeneratorBackedInstantiator.newInstance(Ljava/lang/Class;[Ljava/lang/Object;)Ljava/lang/Object;+19
j  org.gradle.api.internal.project.ProjectFactory.createProject(Lorg/gradle/api/initialization/ProjectDescriptor;Lorg/gradle/api/internal/project/ProjectInternal;Lorg/gradle/api/internal/GradleInternal;Lorg/gradle/api/internal/initialization/ClassLoaderScope;Lorg/gradle/api/internal/initialization/ClassLoaderScope;)Lorg/gradle/api/internal/project/DefaultProject;+81
j  org.gradle.api.internal.project.ProjectFactory.createProject(Lorg/gradle/api/initialization/ProjectDescriptor;Lorg/gradle/api/internal/project/ProjectInternal;Lorg/gradle/api/internal/GradleInternal;Lorg/gradle/api/internal/initialization/ClassLoaderScope;Lorg/gradle/api/internal/initialization/ClassLoaderScope;)Lorg/gradle/api/internal/project/ProjectInternal;+8
j  org.gradle.initialization.InstantiatingBuildLoader.createProjects(Lorg/gradle/api/initialization/ProjectDescriptor;Lorg/gradle/api/internal/GradleInternal;Lorg/gradle/api/internal/initialization/ClassLoaderScope;)V+16
j  org.gradle.initialization.InstantiatingBuildLoader.load(Lorg/gradle/api/initialization/ProjectDescriptor;Lorg/gradle/api/initialization/ProjectDescriptor;Lorg/gradle/api/internal/GradleInternal;Lorg/gradle/api/internal/initialization/ClassLoaderScope;)V+5
j  org.gradle.initialization.ProjectPropertySettingBuildLoader.load(Lorg/gradle/api/initialization/ProjectDescriptor;Lorg/gradle/api/initialization/ProjectDescriptor;Lorg/gradle/api/internal/GradleInternal;Lorg/gradle/api/internal/initialization/ClassLoaderScope;)V+9
j  org.gradle.initialization.NotifyingSettingsLoader.findAndLoadSettings(Lorg/gradle/api/internal/GradleInternal;)Lorg/gradle/api/internal/SettingsInternal;+44
j  org.gradle.initialization.DefaultGradleLauncher.doBuildStages(Lorg/gradle/initialization/DefaultGradleLauncher$Stage;)V+19
j  org.gradle.initialization.DefaultGradleLauncher.access$200(Lorg/gradle/initialization/DefaultGradleLauncher;Lorg/gradle/initialization/DefaultGradleLauncher$Stage;)V+2
j  org.gradle.initialization.DefaultGradleLauncher$1.create()Lorg/gradle/BuildResult;+29
j  org.gradle.initialization.DefaultGradleLauncher$1.create()Ljava/lang/Object;+1
j  org.gradle.internal.progress.DefaultBuildOperationExecutor.run(Lorg/gradle/internal/progress/BuildOperationDetails;Lorg/gradle/internal/Factory;)Ljava/lang/Object;+171
j  org.gradle.internal.progress.DefaultBuildOperationExecutor.run(Ljava/lang/String;Lorg/gradle/internal/Factory;)Ljava/lang/Object;+9
j  org.gradle.initialization.DefaultGradleLauncher.doBuild(Lorg/gradle/initialization/DefaultGradleLauncher$Stage;)Lorg/gradle/BuildResult;+15
j  org.gradle.initialization.DefaultGradleLauncher.getBuildAnalysis()Lorg/gradle/BuildResult;+4
j  org.gradle.launcher.exec.InProcessBuildActionExecuter$DefaultBuildController.configure()Lorg/gradle/api/internal/GradleInternal;+4
j  org.gradle.tooling.internal.provider.runner.ClientProvidedBuildActionRunner.run(Lorg/gradle/internal/invocation/BuildAction;Lorg/gradle/internal/invocation/BuildController;)V+56
j  org.gradle.launcher.exec.ChainingBuildActionRunner.run(Lorg/gradle/internal/invocation/BuildAction;Lorg/gradle/internal/invocation/BuildController;)V+34
j  org.gradle.tooling.internal.provider.runner.SubscribableBuildActionRunner.run(Lorg/gradle/internal/invocation/BuildAction;Lorg/gradle/internal/invocation/BuildController;)V+37
j  org.gradle.launcher.exec.ChainingBuildActionRunner.run(Lorg/gradle/internal/invocation/BuildAction;Lorg/gradle/internal/invocation/BuildController;)V+34
j  org.gradle.launcher.exec.InProcessBuildActionExecuter.execute(Lorg/gradle/internal/invocation/BuildAction;Lorg/gradle/initialization/BuildRequestContext;Lorg/gradle/launcher/exec/BuildActionParameters;Lorg/gradle/internal/service/ServiceRegistry;)Ljava/lang/Object;+77
j  org.gradle.launcher.exec.InProcessBuildActionExecuter.execute(Lorg/gradle/internal/invocation/BuildAction;Lorg/gradle/initialization/BuildRequestContext;Ljava/lang/Object;Lorg/gradle/internal/service/ServiceRegistry;)Ljava/lang/Object;+9
j  org.gradle.launcher.exec.ContinuousBuildActionExecuter.execute(Lorg/gradle/internal/invocation/BuildAction;Lorg/gradle/initialization/BuildRequestContext;Lorg/gradle/launcher/exec/BuildActionParameters;Lorg/gradle/internal/service/ServiceRegistry;)Ljava/lang/Object;+114
j  org.gradle.launcher.exec.ContinuousBuildActionExecuter.execute(Lorg/gradle/internal/invocation/BuildAction;Lorg/gradle/initialization/BuildRequestContext;Ljava/lang/Object;Lorg/gradle/internal/service/ServiceRegistry;)Ljava/lang/Object;+9
j  org.gradle.launcher.daemon.server.exec.ExecuteBuild.doBuild(Lorg/gradle/launcher/daemon/server/api/DaemonCommandExecution;Lorg/gradle/launcher/daemon/protocol/Build;)V+74
j  org.gradle.launcher.daemon.server.exec.BuildCommandOnly.execute(Lorg/gradle/launcher/daemon/server/api/DaemonCommandExecution;)V+49
j  org.gradle.launcher.daemon.server.api.DaemonCommandExecution.proceed()Z+28
j  org.gradle.launcher.daemon.server.exec.WatchForDisconnection.execute(Lorg/gradle/launcher/daemon/server/api/DaemonCommandExecution;)V+19
j  org.gradle.launcher.daemon.server.api.DaemonCommandExecution.proceed()Z+28
j  org.gradle.launcher.daemon.server.exec.ResetDeprecationLogger.execute(Lorg/gradle/launcher/daemon/server/api/DaemonCommandExecution;)V+4
j  org.gradle.launcher.daemon.server.api.DaemonCommandExecution.proceed()Z+28
j  org.gradle.launcher.daemon.server.exec.RequestStopIfSingleUsedDaemon.execute(Lorg/gradle/launcher/daemon/server/api/DaemonCommandExecution;)V+31
j  org.gradle.launcher.daemon.server.api.DaemonCommandExecution.proceed()Z+28
j  org.gradle.launcher.daemon.server.exec.ForwardClientInput$2.call()Ljava/lang/Void;+4
j  org.gradle.launcher.daemon.server.exec.ForwardClientInput$2.call()Ljava/lang/Object;+1
j  org.gradle.util.Swapper.swap(Ljava/lang/Object;Ljava/util/concurrent/Callable;)Ljava/lang/Object;+21
j  org.gradle.launcher.daemon.server.exec.ForwardClientInput.execute(Lorg/gradle/launcher/daemon/server/api/DaemonCommandExecution;)V+63
j  org.gradle.launcher.daemon.server.api.DaemonCommandExecution.proceed()Z+28
j  org.gradle.launcher.daemon.server.health.DaemonHealthTracker.execute(Lorg/gradle/launcher/daemon/server/api/DaemonCommandExecution;)V+35
j  org.gradle.launcher.daemon.server.api.DaemonCommandExecution.proceed()Z+28
j  org.gradle.launcher.daemon.server.exec.LogToClient.doBuild(Lorg/gradle/launcher/daemon/server/api/DaemonCommandExecution;Lorg/gradle/launcher/daemon/protocol/Build;)V+87
j  org.gradle.launcher.daemon.server.exec.BuildCommandOnly.execute(Lorg/gradle/launcher/daemon/server/api/DaemonCommandExecution;)V+49
j  org.gradle.launcher.daemon.server.api.DaemonCommandExecution.proceed()Z+28
j  org.gradle.launcher.daemon.server.exec.EstablishBuildEnvironment.doBuild(Lorg/gradle/launcher/daemon/server/api/DaemonCommandExecution;Lorg/gradle/launcher/daemon/protocol/Build;)V+279
j  org.gradle.launcher.daemon.server.exec.BuildCommandOnly.execute(Lorg/gradle/launcher/daemon/server/api/DaemonCommandExecution;)V+49
j  org.gradle.launcher.daemon.server.api.DaemonCommandExecution.proceed()Z+28
j  org.gradle.launcher.daemon.server.health.HintGCAfterBuild.execute(Lorg/gradle/launcher/daemon/server/api/DaemonCommandExecution;)V+1
j  org.gradle.launcher.daemon.server.api.DaemonCommandExecution.proceed()Z+28
j  org.gradle.launcher.daemon.server.exec.StartBuildOrRespondWithBusy$1.run()V+44
j  org.gradle.launcher.daemon.server.DaemonStateCoordinator$1.run()V+4
j  org.gradle.internal.concurrent.ExecutorPolicy$CatchAndRecordFailures.onExecute(Ljava/lang/Runnable;)V+1
j  org.gradle.internal.concurrent.StoppableExecutorImpl$1.run()V+25
j  java.util.concurrent.ThreadPoolExecutor.runWorker(Ljava/util/concurrent/ThreadPoolExecutor$Worker;)V+95
j  java.util.concurrent.ThreadPoolExecutor$Worker.run()V+5
j  java.lang.Thread.run()V+11
v  ~StubRoutines::call_stub

---------------  P R O C E S S  ---------------

Java Threads: ( => current thread )
  0x00000000196fc800 JavaThread "File lock request listener" [_thread_in_native, id=10708, stack(0x000000001c1a0000,0x000000001c2a0000)]
  0x0000000019336000 JavaThread "Stdin handler" [_thread_blocked, id=9292, stack(0x000000001acd0000,0x000000001add0000)]
  0x0000000019335000 JavaThread "Asynchronous log dispatcher for org.gradle.launcher.daemon.server.DefaultDaemonConnection@2c5abb2d" [_thread_blocked, id=7504, stack(0x000000001abd0000,0x000000001acd0000)]
=>0x000000001932c800 JavaThread "Daemon worker" [_thread_in_vm, id=5272, stack(0x000000001a8d0000,0x000000001a9d0000)]
  0x000000001926d800 JavaThread "Cancel handler" [_thread_blocked, id=3288, stack(0x000000001a7d0000,0x000000001a8d0000)]
  0x0000000019159800 JavaThread "Handler for socket connection from /127.0.0.1:56835 to /127.0.0.1:56836" [_thread_in_native, id=6940, stack(0x000000001a6d0000,0x000000001a7d0000)]
  0x0000000019156000 JavaThread "Daemon" [_thread_blocked, id=10748, stack(0x000000001a5d0000,0x000000001a6d0000)]
  0x000000001938f000 JavaThread "pool-1-thread-1" [_thread_blocked, id=9368, stack(0x000000001a4d0000,0x000000001a5d0000)]
  0x0000000019506000 JavaThread "Incoming local TCP Connector on port 56835" [_thread_in_native, id=4512, stack(0x000000001a0f0000,0x000000001a1f0000)]
  0x0000000017fb8800 JavaThread "Service Thread" daemon [_thread_blocked, id=1760, stack(0x0000000018390000,0x0000000018490000)]
  0x0000000016640800 JavaThread "C1 CompilerThread2" daemon [_thread_blocked, id=4612, stack(0x0000000017e90000,0x0000000017f90000)]
  0x0000000016639000 JavaThread "C2 CompilerThread1" daemon [_thread_in_native, id=6760, stack(0x0000000017d90000,0x0000000017e90000)]
  0x000000001664a000 JavaThread "C2 CompilerThread0" daemon [_thread_in_native, id=6372, stack(0x0000000017c90000,0x0000000017d90000)]
  0x0000000016648800 JavaThread "Attach Listener" daemon [_thread_blocked, id=3560, stack(0x0000000017b90000,0x0000000017c90000)]
  0x0000000016647800 JavaThread "Signal Dispatcher" daemon [_thread_blocked, id=5960, stack(0x0000000017a90000,0x0000000017b90000)]
  0x0000000002ccb800 JavaThread "Finalizer" daemon [_thread_blocked, id=7908, stack(0x00000000178b0000,0x00000000179b0000)]
  0x0000000002cc0800 JavaThread "Reference Handler" daemon [_thread_blocked, id=4248, stack(0x00000000177b0000,0x00000000178b0000)]
  0x0000000002bd2800 JavaThread "main" [_thread_blocked, id=7728, stack(0x0000000002ac0000,0x0000000002bc0000)]

Other Threads:
  0x0000000016604800 VMThread [stack: 0x00000000176b0000,0x00000000177b0000] [id=1120]
  0x0000000017fb9000 WatcherThread [stack: 0x0000000018490000,0x0000000018590000] [id=6568]

VM state:not at safepoint (normal execution)

VM Mutex/Monitor currently owned by a thread: None

Heap:
 PSYoungGen      total 29184K, used 8642K [0x00000000e0000000, 0x00000000e5100000, 0x0000000100000000)
  eden space 26624K, 32% used [0x00000000e0000000,0x00000000e0870bd0,0x00000000e1a00000)
  from space 2560K, 0% used [0x00000000e2280000,0x00000000e2280000,0x00000000e2500000)
  to   space 8704K, 0% used [0x00000000e1a00000,0x00000000e1a00000,0x00000000e2280000)
 ParOldGen       total 39936K, used 9022K [0x00000000a0000000, 0x00000000a2700000, 0x00000000e0000000)
  object space 39936K, 22% used [0x00000000a0000000,0x00000000a08cf880,0x00000000a2700000)
 Metaspace       used 21665K, capacity 22140K, committed 22320K, reserved 1069056K
  class space    used 2851K, capacity 3022K, committed 3120K, reserved 1048576K

Card table byte_map: [0x0000000012090000,0x00000000123a0000] byte_map_base: 0x0000000011b90000

Marking Bits: (ParMarkBitMap*) 0x000000006d159d00
 Begin Bits: [0x00000000129a0000, 0x00000000141a0000)
 End Bits:   [0x00000000141a0000, 0x00000000159a0000)

Polling page: 0x0000000000df0000

CodeCache: size=245760Kb used=7807Kb max_used=7819Kb free=237952Kb
 bounds [0x0000000002cd0000, 0x0000000003480000, 0x0000000011cd0000]
 total_blobs=2624 nmethods=2002 adapters=535
 compilation: enabled

Compilation events (10 events):
Event: 5.400 Thread 0x0000000016640800 nmethod 2005 0x000000000346cf10 code [0x000000000346d0e0, 0x000000000346da88]
Event: 5.412 Thread 0x0000000016639000 2006  s!   4       java.net.URLStreamHandler::getHostAddress (54 bytes)
Event: 5.413 Thread 0x0000000016640800 2007       3       sun.reflect.generics.scope.AbstractScope::<init> (10 bytes)
Event: 5.413 Thread 0x0000000016640800 nmethod 2007 0x000000000346cb50 code [0x000000000346cca0, 0x000000000346ce70]
Event: 5.414 Thread 0x0000000016639000 nmethod 2006 0x0000000003470890 code [0x00000000034709e0, 0x0000000003470d18]
Event: 5.426 Thread 0x0000000016639000 2008       4       java.util.jar.JarFile::maybeInstantiateVerifier (96 bytes)
Event: 5.437 Thread 0x0000000016639000 nmethod 2008 0x0000000003476850 code [0x00000000034769e0, 0x0000000003476e38]
Event: 5.442 Thread 0x0000000016639000 2009       4       java.security.CodeSource::getCertificates (98 bytes)
Event: 5.443 Thread 0x0000000016639000 nmethod 2009 0x000000000346a890 code [0x000000000346a9c0, 0x000000000346aa58]
Event: 5.444 Thread 0x0000000016639000 2010   !   4       java.net.URLClassLoader$1::run (63 bytes)

GC Heap History (10 events):
Event: 2.038 GC heap before
{Heap before GC invocations=3 (full 0):
 PSYoungGen      total 18944K, used 18416K [0x00000000e0000000, 0x00000000e2500000, 0x0000000100000000)
  eden space 16384K, 100% used [0x00000000e0000000,0x00000000e1000000,0x00000000e1000000)
  from space 2560K, 79% used [0x00000000e1280000,0x00000000e147c010,0x00000000e1500000)
  to   space 2560K, 0% used [0x00000000e1000000,0x00000000e1000000,0x00000000e1280000)
 ParOldGen       total 44032K, used 448K [0x00000000a0000000, 0x00000000a2b00000, 0x00000000e0000000)
  object space 44032K, 1% used [0x00000000a0000000,0x00000000a00702f0,0x00000000a2b00000)
 Metaspace       used 11094K, capacity 11464K, committed 11648K, reserved 1058816K
  class space    used 1421K, capacity 1548K, committed 1664K, reserved 1048576K
Event: 2.052 GC heap after
Heap after GC invocations=3 (full 0):
 PSYoungGen      total 18944K, used 2528K [0x00000000e0000000, 0x00000000e2500000, 0x0000000100000000)
  eden space 16384K, 0% used [0x00000000e0000000,0x00000000e0000000,0x00000000e1000000)
  from space 2560K, 98% used [0x00000000e1000000,0x00000000e1278040,0x00000000e1280000)
  to   space 2560K, 0% used [0x00000000e2280000,0x00000000e2280000,0x00000000e2500000)
 ParOldGen       total 44032K, used 1969K [0x00000000a0000000, 0x00000000a2b00000, 0x00000000e0000000)
  object space 44032K, 4% used [0x00000000a0000000,0x00000000a01ec790,0x00000000a2b00000)
 Metaspace       used 11094K, capacity 11464K, committed 11648K, reserved 1058816K
  class space    used 1421K, capacity 1548K, committed 1664K, reserved 1048576K
}
Event: 2.425 GC heap before
{Heap before GC invocations=4 (full 0):
 PSYoungGen      total 18944K, used 18912K [0x00000000e0000000, 0x00000000e2500000, 0x0000000100000000)
  eden space 16384K, 100% used [0x00000000e0000000,0x00000000e1000000,0x00000000e1000000)
  from space 2560K, 98% used [0x00000000e1000000,0x00000000e1278040,0x00000000e1280000)
  to   space 2560K, 0% used [0x00000000e2280000,0x00000000e2280000,0x00000000e2500000)
 ParOldGen       total 44032K, used 1969K [0x00000000a0000000, 0x00000000a2b00000, 0x00000000e0000000)
  object space 44032K, 4% used [0x00000000a0000000,0x00000000a01ec790,0x00000000a2b00000)
 Metaspace       used 12784K, capacity 13178K, committed 13440K, reserved 1060864K
  class space    used 1703K, capacity 1823K, committed 1920K, reserved 1048576K
Event: 2.430 GC heap after
Heap after GC invocations=4 (full 0):
 PSYoungGen      total 35328K, used 2528K [0x00000000e0000000, 0x00000000e2500000, 0x0000000100000000)
  eden space 32768K, 0% used [0x00000000e0000000,0x00000000e0000000,0x00000000e2000000)
  from space 2560K, 98% used [0x00000000e2280000,0x00000000e24f8040,0x00000000e2500000)
  to   space 2560K, 0% used [0x00000000e2000000,0x00000000e2000000,0x00000000e2280000)
 ParOldGen       total 44032K, used 3942K [0x00000000a0000000, 0x00000000a2b00000, 0x00000000e0000000)
  object space 44032K, 8% used [0x00000000a0000000,0x00000000a03d9bd0,0x00000000a2b00000)
 Metaspace       used 12784K, capacity 13178K, committed 13440K, reserved 1060864K
  class space    used 1703K, capacity 1823K, committed 1920K, reserved 1048576K
}
Event: 4.424 GC heap before
{Heap before GC invocations=5 (full 0):
 PSYoungGen      total 35328K, used 35296K [0x00000000e0000000, 0x00000000e2500000, 0x0000000100000000)
  eden space 32768K, 100% used [0x00000000e0000000,0x00000000e2000000,0x00000000e2000000)
  from space 2560K, 98% used [0x00000000e2280000,0x00000000e24f8040,0x00000000e2500000)
  to   space 2560K, 0% used [0x00000000e2000000,0x00000000e2000000,0x00000000e2280000)
 ParOldGen       total 44032K, used 3942K [0x00000000a0000000, 0x00000000a2b00000, 0x00000000e0000000)
  object space 44032K, 8% used [0x00000000a0000000,0x00000000a03d9bd0,0x00000000a2b00000)
 Metaspace       used 18848K, capacity 19278K, committed 19328K, reserved 1067008K
  class space    used 2517K, capacity 2674K, committed 2688K, reserved 1048576K
Event: 4.442 GC heap after
Heap after GC invocations=5 (full 0):
 PSYoungGen      total 35328K, used 2560K [0x00000000e0000000, 0x00000000e2500000, 0x0000000100000000)
  eden space 32768K, 0% used [0x00000000e0000000,0x00000000e0000000,0x00000000e2000000)
  from space 2560K, 100% used [0x00000000e2000000,0x00000000e2280000,0x00000000e2280000)
  to   space 2560K, 0% used [0x00000000e2280000,0x00000000e2280000,0x00000000e2500000)
 ParOldGen       total 44032K, used 10027K [0x00000000a0000000, 0x00000000a2b00000, 0x00000000e0000000)
  object space 44032K, 22% used [0x00000000a0000000,0x00000000a09cad28,0x00000000a2b00000)
 Metaspace       used 18848K, capacity 19278K, committed 19328K, reserved 1067008K
  class space    used 2517K, capacity 2674K, committed 2688K, reserved 1048576K
}
Event: 5.117 GC heap before
{Heap before GC invocations=6 (full 0):
 PSYoungGen      total 35328K, used 24872K [0x00000000e0000000, 0x00000000e2500000, 0x0000000100000000)
  eden space 32768K, 68% used [0x00000000e0000000,0x00000000e15ca140,0x00000000e2000000)
  from space 2560K, 100% used [0x00000000e2000000,0x00000000e2280000,0x00000000e2280000)
  to   space 2560K, 0% used [0x00000000e2280000,0x00000000e2280000,0x00000000e2500000)
 ParOldGen       total 44032K, used 10027K [0x00000000a0000000, 0x00000000a2b00000, 0x00000000e0000000)
  object space 44032K, 22% used [0x00000000a0000000,0x00000000a09cad28,0x00000000a2b00000)
 Metaspace       used 20783K, capacity 21244K, committed 21296K, reserved 1067008K
  class space    used 2703K, capacity 2830K, committed 2864K, reserved 1048576K
Event: 5.137 GC heap after
Heap after GC invocations=6 (full 0):
 PSYoungGen      total 29184K, used 2544K [0x00000000e0000000, 0x00000000e5100000, 0x0000000100000000)
  eden space 26624K, 0% used [0x00000000e0000000,0x00000000e0000000,0x00000000e1a00000)
  from space 2560K, 99% used [0x00000000e2280000,0x00000000e24fc010,0x00000000e2500000)
  to   space 8704K, 0% used [0x00000000e1a00000,0x00000000e1a00000,0x00000000e2280000)
 ParOldGen       total 44032K, used 12824K [0x00000000a0000000, 0x00000000a2b00000, 0x00000000e0000000)
  object space 44032K, 29% used [0x00000000a0000000,0x00000000a0c86240,0x00000000a2b00000)
 Metaspace       used 20783K, capacity 21244K, committed 21296K, reserved 1067008K
  class space    used 2703K, capacity 2830K, committed 2864K, reserved 1048576K
}
Event: 5.137 GC heap before
{Heap before GC invocations=7 (full 1):
 PSYoungGen      total 29184K, used 2544K [0x00000000e0000000, 0x00000000e5100000, 0x0000000100000000)
  eden space 26624K, 0% used [0x00000000e0000000,0x00000000e0000000,0x00000000e1a00000)
  from space 2560K, 99% used [0x00000000e2280000,0x00000000e24fc010,0x00000000e2500000)
  to   space 8704K, 0% used [0x00000000e1a00000,0x00000000e1a00000,0x00000000e2280000)
 ParOldGen       total 44032K, used 12824K [0x00000000a0000000, 0x00000000a2b00000, 0x00000000e0000000)
  object space 44032K, 29% used [0x00000000a0000000,0x00000000a0c86240,0x00000000a2b00000)
 Metaspace       used 20783K, capacity 21244K, committed 21296K, reserved 1067008K
  class space    used 2703K, capacity 2830K, committed 2864K, reserved 1048576K
Event: 5.228 GC heap after
Heap after GC invocations=7 (full 1):
 PSYoungGen      total 29184K, used 0K [0x00000000e0000000, 0x00000000e5100000, 0x0000000100000000)
  eden space 26624K, 0% used [0x00000000e0000000,0x00000000e0000000,0x00000000e1a00000)
  from space 2560K, 0% used [0x00000000e2280000,0x00000000e2280000,0x00000000e2500000)
  to   space 8704K, 0% used [0x00000000e1a00000,0x00000000e1a00000,0x00000000e2280000)
 ParOldGen       total 39936K, used 9022K [0x00000000a0000000, 0x00000000a2700000, 0x00000000e0000000)
  object space 39936K, 22% used [0x00000000a0000000,0x00000000a08cf880,0x00000000a2700000)
 Metaspace       used 20783K, capacity 21244K, committed 21296K, reserved 1067008K
  class space    used 2703K, capacity 2830K, committed 2864K, reserved 1048576K
}

Deoptimization events (10 events):
Event: 4.483 Thread 0x000000001932c800 Uncommon trap: reason=class_check action=maybe_recompile pc=0x0000000003070300 method=sun.misc.URLClassPath.getLoader(I)Lsun/misc/URLClassPath$Loader; @ 193
Event: 4.506 Thread 0x000000001932c800 Uncommon trap: reason=class_check action=maybe_recompile pc=0x0000000003070300 method=sun.misc.URLClassPath.getLoader(I)Lsun/misc/URLClassPath$Loader; @ 193
Event: 4.539 Thread 0x000000001932c800 Uncommon trap: reason=class_check action=maybe_recompile pc=0x0000000003070300 method=sun.misc.URLClassPath.getLoader(I)Lsun/misc/URLClassPath$Loader; @ 193
Event: 4.804 Thread 0x000000001932c800 Uncommon trap: reason=class_check action=maybe_recompile pc=0x000000000306df44 method=sun.misc.URLClassPath.getLoader(I)Lsun/misc/URLClassPath$Loader; @ 94
Event: 5.247 Thread 0x000000001932c800 Uncommon trap: reason=unstable_if action=reinterpret pc=0x0000000003157960 method=java.util.HashMap.hash(Ljava/lang/Object;)I @ 1
Event: 5.381 Thread 0x000000001932c800 Uncommon trap: reason=unstable_if action=reinterpret pc=0x0000000002f28e34 method=java.util.HashMap.getNode(ILjava/lang/Object;)Ljava/util/HashMap$Node; @ 53
Event: 5.381 Thread 0x000000001932c800 Uncommon trap: reason=unstable_if action=reinterpret pc=0x0000000003126954 method=java.util.HashMap.hash(Ljava/lang/Object;)I @ 1
Event: 5.381 Thread 0x000000001932c800 Uncommon trap: reason=unstable_if action=reinterpret pc=0x00000000031295ac method=java.util.HashMap.putVal(ILjava/lang/Object;Ljava/lang/Object;ZZ)Ljava/lang/Object; @ 85
Event: 5.414 Thread 0x000000001932c800 Uncommon trap: reason=class_check action=maybe_recompile pc=0x00000000031a3900 method=java.lang.reflect.Method.equals(Ljava/lang/Object;)Z @ 5
Event: 5.418 Thread 0x000000001932c800 Uncommon trap: reason=class_check action=maybe_recompile pc=0x00000000031a3900 method=java.lang.reflect.Method.equals(Ljava/lang/Object;)Z @ 5

Internal exceptions (10 events):
Event: 5.019 Thread 0x000000001932c800 Exception <a 'java/lang/ClassNotFoundException': org/gradle/initialization/SettingsScriptCustomizer> (0x00000000e1017ed0) thrown at [C:\src\android\AOSP-openjdk\external\jetbrains\jdk\hotspot\src\share\vm\classfile\systemDictionary.cpp, line 210]
Event: 5.020 Thread 0x000000001932c800 Exception <a 'java/lang/ClassNotFoundException': settings_ai551xfzb4010p7m347i8g4fdCustomizer> (0x00000000e1028e28) thrown at [C:\src\android\AOSP-openjdk\external\jetbrains\jdk\hotspot\src\share\vm\classfile\systemDictionary.cpp, line 210]
Event: 5.027 Thread 0x000000001932c800 Exception <a 'java/lang/ClassNotFoundException': org/gradle/initialization/DefaultSettings_DecoratedBeanInfo> (0x00000000e1092698) thrown at [C:\src\android\AOSP-openjdk\external\jetbrains\jdk\hotspot\src\share\vm\classfile\systemDictionary.cpp, line 210]
Event: 5.028 Thread 0x000000001932c800 Exception <a 'java/lang/ClassNotFoundException': org/gradle/initialization/DefaultSettingsBeanInfo> (0x00000000e10aea28) thrown at [C:\src\android\AOSP-openjdk\external\jetbrains\jdk\hotspot\src\share\vm\classfile\systemDictionary.cpp, line 210]
Event: 5.029 Thread 0x000000001932c800 Exception <a 'java/lang/ClassNotFoundException': org/gradle/initialization/BaseSettingsBeanInfo> (0x00000000e10c9e20) thrown at [C:\src\android\AOSP-openjdk\external\jetbrains\jdk\hotspot\src\share\vm\classfile\systemDictionary.cpp, line 210]
Event: 5.033 Thread 0x000000001932c800 Exception <a 'java/lang/ClassNotFoundException': org/gradle/initialization/BaseSettingsCustomizer> (0x00000000e10e6068) thrown at [C:\src\android\AOSP-openjdk\external\jetbrains\jdk\hotspot\src\share\vm\classfile\systemDictionary.cpp, line 210]
Event: 5.036 Thread 0x000000001932c800 Exception <a 'java/lang/ClassNotFoundException': org/gradle/initialization/DefaultSettingsCustomizer> (0x00000000e1128b80) thrown at [C:\src\android\AOSP-openjdk\external\jetbrains\jdk\hotspot\src\share\vm\classfile\systemDictionary.cpp, line 210]
Event: 5.037 Thread 0x000000001932c800 Exception <a 'java/lang/ClassNotFoundException': org/gradle/initialization/DefaultSettings_DecoratedCustomizer> (0x00000000e114f230) thrown at [C:\src\android\AOSP-openjdk\external\jetbrains\jdk\hotspot\src\share\vm\classfile\systemDictionary.cpp, line 210£÷®ü@
Event: 5.247 Thread 0x000000001932c800 Implicit null exception at 0x0000000003157755 to 0x0000000003157951
Event: 5.381 Thread 0x000000001932c800 Implicit null exception at 0x00000000031264db to 0x0000000003126939

Events (10 events):
Event: 5.453 loading class org/gradle/api/internal/DefaultNamedDomainObjectCollection$Index
Event: 5.453 loading class org/gradle/api/internal/DefaultNamedDomainObjectCollection$Index done
Event: 5.454 loading class org/gradle/api/UnknownTaskException
Event: 5.454 loading class org/gradle/api/UnknownTaskException done
Event: 5.455 loading class org/gradle/internal/graph/DirectedGraph
Event: 5.455 loading class org/gradle/internal/graph/DirectedGraph done
Event: 5.456 loading class org/gradle/internal/metaobject/ConfigureDelegate
Event: 5.456 loading class org/gradle/internal/metaobject/ConfigureDelegate done
Event: 5.456 loading class org/gradle/api/internal/NamedDomainObjectContainerConfigureDelegate
Event: 5.456 loading class org/gradle/api/internal/NamedDomainObjectContainerConfigureDelegate done


Dynamic libraries:
0x00007ff685930000 - 0x00007ff685961000 	C:\Program Files\Android\Android Studio2\jre\bin\java.exe
0x00007fff9bd80000 - 0x00007fff9bf41000 	C:\WINDOWS\SYSTEM32\ntdll.dll
0x00007fff995a0000 - 0x00007fff9964d000 	C:\WINDOWS\system32\KERNEL32.DLL
0x00007fff74100000 - 0x00007fff74133000 	C:\Program Files\AVAST Software\Avast\x64\aswhooka.dll
0x00007fff98e50000 - 0x00007fff99038000 	C:\WINDOWS\system32\KERNELBASE.dll
0x00007fff99310000 - 0x00007fff993b7000 	C:\WINDOWS\system32\ADVAPI32.dll
0x00007fff9a4c0000 - 0x00007fff9a55d000 	C:\WINDOWS\system32\msvcrt.dll
0x00007fff99ba0000 - 0x00007fff99bfb000 	C:\WINDOWS\system32\sechost.dll
0x00007fff99650000 - 0x00007fff9976c000 	C:\WINDOWS\system32\RPCRT4.dll
0x00007fff9bc20000 - 0x00007fff9bd76000 	C:\WINDOWS\system32\USER32.dll
0x00007fff99180000 - 0x00007fff99306000 	C:\WINDOWS\system32\GDI32.dll
0x00007fff8f910000 - 0x00007fff8fb84000 	C:\WINDOWS\WinSxS\amd64_microsoft.windows.common-controls_6595b64144ccf1df_6.0.10586.672_none_a2d6b3cea53ff843\COMCTL32.dll
0x00007fff9a1d0000 - 0x00007fff9a44d000 	C:\WINDOWS\system32\combase.dll
0x00007fff99110000 - 0x00007fff9917a000 	C:\WINDOWS\system32\bcryptPrimitives.dll
0x00007fff9bbe0000 - 0x00007fff9bc1b000 	C:\WINDOWS\system32\IMM32.DLL
0x000000006d9e0000 - 0x000000006dab2000 	C:\Program Files\Android\Android Studio2\jre\jre\bin\msvcr100.dll
0x000000006c9a0000 - 0x000000006d1d4000 	C:\Program Files\Android\Android Studio2\jre\jre\bin\server\jvm.dll
0x00007fff9a080000 - 0x00007fff9a088000 	C:\WINDOWS\system32\PSAPI.DLL
0x00007fff96210000 - 0x00007fff96219000 	C:\WINDOWS\SYSTEM32\WSOCK32.dll
0x00007fff9a0f0000 - 0x00007fff9a15b000 	C:\WINDOWS\system32\WS2_32.dll
0x00007fff96ad0000 - 0x00007fff96af3000 	C:\WINDOWS\SYSTEM32\WINMM.dll
0x00007fff8fc30000 - 0x00007fff8fc3a000 	C:\WINDOWS\SYSTEM32\VERSION.dll
0x00007fff96960000 - 0x00007fff9698c000 	C:\WINDOWS\SYSTEM32\WINMMBASE.dll
0x00007fff98430000 - 0x00007fff98473000 	C:\WINDOWS\system32\cfgmgr32.dll
0x00007fff8f1a0000 - 0x00007fff8f1af000 	C:\Program Files\Android\Android Studio2\jre\jre\bin\verify.dll
0x00007fff8eee0000 - 0x00007fff8ef09000 	C:\Program Files\Android\Android Studio2\jre\jre\bin\java.dll
0x00007fff8eec0000 - 0x00007fff8eed6000 	C:\Program Files\Android\Android Studio2\jre\jre\bin\zip.dll
0x00007fff9a570000 - 0x00007fff9bacc000 	C:\WINDOWS\system32\SHELL32.dll
0x00007fff986b0000 - 0x00007fff98cf5000 	C:\WINDOWS\system32\windows.storage.dll
0x00007fff9a450000 - 0x00007fff9a4a2000 	C:\WINDOWS\system32\shlwapi.dll
0x00007fff98420000 - 0x00007fff9842f000 	C:\WINDOWS\system32\kernel.appcore.dll
0x00007fff98d90000 - 0x00007fff98e45000 	C:\WINDOWS\system32\shcore.dll
0x00007fff983d0000 - 0x00007fff9841b000 	C:\WINDOWS\system32\powrprof.dll
0x00007fff983a0000 - 0x00007fff983b4000 	C:\WINDOWS\system32\profapi.dll
0x00007fff8ec90000 - 0x00007fff8ecaa000 	C:\Program Files\Android\Android Studio2\jre\jre\bin\net.dll
0x00007fff97cd0000 - 0x00007fff97d2c000 	C:\WINDOWS\system32\mswsock.dll
0x00007fff8ec70000 - 0x00007fff8ec81000 	C:\Program Files\Android\Android Studio2\jre\jre\bin\nio.dll
0x00007fff8e910000 - 0x00007fff8e922000 	C:\Users\doha_\.gradle\native\19\windows-amd64\native-platform.dll
0x00007fff97d80000 - 0x00007fff97d97000 	C:\WINDOWS\SYSTEM32\CRYPTSP.dll
0x00007fff97a10000 - 0x00007fff97a44000 	C:\WINDOWS\system32\rsaenh.dll
0x00007fff97fa0000 - 0x00007fff97fc9000 	C:\WINDOWS\SYSTEM32\bcrypt.dll
0x00007fff97b60000 - 0x00007fff97b7f000 	C:\WINDOWS\SYSTEM32\USERENV.dll
0x00007fff97ea0000 - 0x00007fff97eab000 	C:\WINDOWS\SYSTEM32\CRYPTBASE.dll
0x00007fff95080000 - 0x00007fff950b8000 	C:\WINDOWS\SYSTEM32\IPHLPAPI.DLL
0x00007fff9a4b0000 - 0x00007fff9a4b8000 	C:\WINDOWS\system32\NSI.dll
0x00007fff8f320000 - 0x00007fff8f336000 	C:\WINDOWS\SYSTEM32\dhcpcsvc6.DLL
0x00007fff91030000 - 0x00007fff9104a000 	C:\WINDOWS\SYSTEM32\dhcpcsvc.DLL
0x00007fff8f170000 - 0x00007fff8f17d000 	C:\Program Files\Android\Android Studio2\jre\jre\bin\management.dll

VM Arguments:
jvm_args: -Xmx1536m -Dfile.encoding=windows-1252 -Duser.country=US -Duser.language=en -Duser.variant 
java_command: org.gradle.launcher.daemon.bootstrap.GradleDaemon 2.14.1
java_class_path (initial): C:\Program Files\Android\Android Studio2\gradle\gradle-2.14.1\lib\gradle-launcher-2.14.1.jar
Launcher Type: SUN_STANDARD

Environment Variables:
PATH=C:\ProgramData\Oracle\Java\javapath;C:\Program Files (x86)\Intel\iCLS Client\;C:\Program Files\Intel\iCLS Client\;C:\WINDOWS\system32;C:\WINDOWS;C:\WINDOWS\System32\Wbem;C:\WINDOWS\System32\WindowsPowerShell\v1.0\;C:\Program Files (x86)\Intel\Intel(R) Management Engine Components\DAL;C:\Program Files\Intel\Intel(R) Management Engine Components\DAL;C:\Program Files (x86)\Intel\Intel(R) Management Engine Components\IPT;C:\Program Files\Intel\Intel(R) Management Engine Components\IPT;C:\Program Files (x86)\Microsoft SQL Server\Client SDK\ODBC\110\Tools\Binn\;C:\Program Files (x86)\Microsoft SQL Server\120\Tools\Binn\;C:\Program Files (x86)\Microsoft SQL Server\120\DTS\Binn\;C:\Program Files (x86)\Microsoft SQL Server\120\Tools\Binn\ManagementStudio\;C:\Program Files (x86)\NVIDIA Corporation\PhysX\Common;C:\Program Files\Microsoft\Web Platform Installer\;C:\Program Files (x86)\Microsoft ASP.NET\ASP.NET Web Pages\v1.0\;C:\Program Files (x86)\Windows Kits\8.0\Windows Performance Toolkit\;C:\Program Files\Microsoft SQL Server\110\Tools\Binn\;C:\WINDOWS\system32;C:\WINDOWS;C:\WINDOWS\System32\Wbem;C:\WINDOWS\System32\WindowsPowerShell\v1.0\;C:\Program Files\Anaconda3;C:\Program Files\Anaconda3\Scripts;C:\Program Files\Anaconda3\Library\bin;C:\Program Files (x86)\Skype\Phone\;C:\Program Files\OpenVPN\bin
USERNAME=doha_
OS=Windows_NT
PROCESSOR_IDENTIFIER=Intel64 Family 6 Model 69 Stepping 1, GenuineIntel



---------------  S Y S T E M  ---------------

OS: Windows 10.0 , 64 bit Build 10586 (10.0.10586.589)

CPU:total 4 (2 cores per cpu, 2 threads per core) family 6 model 69 stepping 1, cmov, cx8, fxsr, mmx, sse, sse2, sse3, ssse3, sse4.1, sse4.2, popcnt, avx, avx2, aes, clmul, erms, lzcnt, ht, tsc, tscinvbit, bmi1, bmi2

Memory: 4k page, physical 4095984k(630788k free), swap 6008276k(1260k free)

vm_info: OpenJDK 64-Bit Server VM (25.76-b03) for windows-amd64 JRE (1.8.0_76-release-b03), built on Jun 29 2016 19:09:20 by "ralucas" with MS VC++ 10.0 (VS2010)

time: Sun Apr 09 18:54:04 2017
elapsed time: 5 seconds (0d 0h 0m 5s)

