#
# There is insufficient memory for the Java Runtime Environment to continue.
# Native memory allocation (malloc) failed to allocate 32744 bytes for ChunkPool::allocate
# Possible reasons:
#   The system is out of physical RAM or swap space
#   In 32 bit mode, the process size limit was hit
# Possible solutions:
#   Reduce memory load on the system
#   Increase physical memory or swap space
#   Check if swap backing store is full
#   Use 64 bit Java on a 64 bit OS
#   Decrease Java heap size (-Xmx/-Xms)
#   Decrease number of Java threads
#   Decrease Java thread stack sizes (-Xss)
#   Set larger code cache with -XX:ReservedCodeCacheSize=
# This output file may be truncated or incomplete.
#
#  Out of Memory Error (allocation.cpp:273), pid=12000, tid=0x0000000000001eb8
#
# JRE version: OpenJDK Runtime Environment (8.0_76-b03) (build 1.8.0_76-release-b03)
# Java VM: OpenJDK 64-Bit Server VM (25.76-b03 mixed mode windows-amd64 compressed oops)
# Failed to write core dump. Minidumps are not enabled by default on client versions of Windows
#

---------------  T H R E A D  ---------------

Current thread (0x000000001658b800):  JavaThread "C2 CompilerThread1" daemon [_thread_in_native, id=7864, stack(0x0000000017ce0000,0x0000000017de0000)]

Stack: [0x0000000017ce0000,0x0000000017de0000]
[error occurred during error reporting (printing stack bounds), id 0xc0000005]

Native frames: (J=compiled Java code, j=interpreted, Vv=VM code, C=native code)


Current CompileTask:
C2:  51266 7054       4       org.gradle.api.internal.project.taskfactory.AnnotationProcessingTaskFactory$Validator::attachValidationActions (53 bytes)


---------------  P R O C E S S  ---------------

Java Threads: ( => current thread )
  0x000000001865e000 JavaThread "Stdin handler" [_thread_blocked, id=11032, stack(0x00000000226e0000,0x00000000227e0000)]
  0x000000001865f800 JavaThread "Asynchronous log dispatcher for org.gradle.launcher.daemon.server.DefaultDaemonConnection@37d07210" [_thread_blocked, id=5824, stack(0x00000000225e0000,0x00000000226e0000)]
  0x0000000018660000 JavaThread "Cancel handler" [_thread_blocked, id=11952, stack(0x00000000224e0000,0x00000000225e0000)]
  0x000000001c0ee800 JavaThread "Handler for socket connection from /127.0.0.1:58631 to /127.0.0.1:58746" [_thread_in_native, id=11944, stack(0x0000000020c50000,0x0000000020d50000)]
  0x0000000018241800 JavaThread "File lock request listener" [_thread_in_native, id=11608, stack(0x000000001b120000,0x000000001b220000)]
  0x000000001935d800 JavaThread "Daemon worker" [_thread_in_vm, id=4724, stack(0x000000001a820000,0x000000001a920000)]
  0x00000000186e5000 JavaThread "Daemon" [_thread_blocked, id=10320, stack(0x000000001a520000,0x000000001a620000)]
  0x0000000018716000 JavaThread "pool-1-thread-1" [_thread_blocked, id=3876, stack(0x000000001a420000,0x000000001a520000)]
  0x0000000019450000 JavaThread "Incoming local TCP Connector on port 58631" [_thread_in_native, id=6304, stack(0x0000000018ce0000,0x0000000018de0000)]
  0x0000000017efd000 JavaThread "Service Thread" daemon [_thread_blocked, id=11888, stack(0x00000000182e0000,0x00000000183e0000)]
  0x000000001657b000 JavaThread "C1 CompilerThread2" daemon [_thread_blocked, id=3940, stack(0x0000000017de0000,0x0000000017ee0000)]
=>0x000000001658b800 JavaThread "C2 CompilerThread1" daemon [_thread_in_native, id=7864, stack(0x0000000017ce0000,0x0000000017de0000)]
  0x0000000016589000 JavaThread "C2 CompilerThread0" daemon [_thread_in_vm, id=5852, stack(0x0000000017be0000,0x0000000017ce0000)]
  0x0000000016588000 JavaThread "Attach Listener" daemon [_thread_blocked, id=11352, stack(0x0000000017ae0000,0x0000000017be0000)]
  0x0000000016586800 JavaThread "Signal Dispatcher" daemon [_thread_blocked, id=9344, stack(0x00000000179e0000,0x0000000017ae0000)]
  0x0000000002ba5800 JavaThread "Finalizer" daemon [_thread_blocked, id=7624, stack(0x0000000017800000,0x0000000017900000)]
  0x0000000002ba0800 JavaThread "Reference Handler" daemon [_thread_blocked, id=7004, stack(0x0000000017700000,0x0000000017800000)]
  0x0000000002ab2800 JavaThread "main" [_thread_blocked, id=4264, stack(0x00000000029a0000,0x0000000002aa0000)]

Other Threads:
  0x0000000016544800 VMThread [stack: 0x0000000017600000,0x0000000017700000] [id=10220]
  0x0000000017efe800 WatcherThread [stack: 0x00000000183e0000,0x00000000184e0000] [id=11372]

VM state:not at safepoint (normal execution)

VM Mutex/Monitor currently owned by a thread: None

Heap:
 PSYoungGen      total 218624K, used 130090K [0x00000000e0000000, 0x00000000efb00000, 0x0000000100000000)
  eden space 203264K, 64% used [0x00000000e0000000,0x00000000e7f0a838,0x00000000ec680000)
  from space 15360K, 0% used [0x00000000edd00000,0x00000000edd00000,0x00000000eec00000)
  to   space 23040K, 0% used [0x00000000ec680000,0x00000000ec680000,0x00000000edd00000)
 ParOldGen       total 60416K, used 43001K [0x00000000a0000000, 0x00000000a3b00000, 0x00000000e0000000)
  object space 60416K, 71% used [0x00000000a0000000,0x00000000a29fe4a0,0x00000000a3b00000)
 Metaspace       used 52771K, capacity 54840K, committed 55088K, reserved 1097728K
  class space    used 7192K, capacity 7651K, committed 7728K, reserved 1048576K

Card table byte_map: [0x0000000011fd0000,0x00000000122e0000] byte_map_base: 0x0000000011ad0000

Marking Bits: (ParMarkBitMap*) 0x0000000072c99d00
 Begin Bits: [0x00000000128e0000, 0x00000000140e0000)
 End Bits:   [0x00000000140e0000, 0x00000000158e0000)

Polling page: 0x0000000001130000

CodeCache: size=245760Kb used=24422Kb max_used=24422Kb free=221337Kb
 bounds [0x0000000002c10000, 0x0000000004410000, 0x0000000011c10000]
 total_blobs=7256 nmethods=6550 adapters=618
 compilation: enabled

Compilation events (10 events):
Event: 51.052 Thread 0x000000001657b000 7297       3       org.gradle.internal.serialize.DefaultSerializerRegistry$TaggedTypeSerializer::write (31 bytes)
Event: 51.053 Thread 0x000000001657b000 nmethod 7297 0x0000000004400d90 code [0x0000000004400f20, 0x00000000044012e8]
Event: 51.053 Thread 0x000000001657b000 7298       3       org.gradle.internal.serialize.DefaultSerializerRegistry$TaggedTypeSerializer::map (110 bytes)
Event: 51.054 Thread 0x000000001657b000 nmethod 7298 0x0000000004401490 code [0x00000000044017a0, 0x0000000004403108]
Event: 51.054 Thread 0x000000001657b000 7299       1       java.util.concurrent.atomic.AtomicLong::getAndIncrement (12 bytes)
Event: 51.055 Thread 0x000000001657b000 nmethod 7299 0x00000000043dbf90 code [0x00000000043dc0e0, 0x00000000043dc1f0]
Event: 51.058 Thread 0x000000001657b000 7300       3       java.util.concurrent.atomic.AtomicLong::compareAndSet (13 bytes)
Event: 51.058 Thread 0x000000001657b000 nmethod 7300 0x00000000043fd150 code [0x00000000043fd2a0, 0x00000000043fd410]
Event: 51.059 Thread 0x000000001657b000 7301       3       org.apache.commons.collections.map.AbstractHashedMap$HashEntry::<init> (26 bytes)
Event: 51.059 Thread 0x000000001657b000 nmethod 7301 0x0000000004400990 code [0x0000000004400ae0, 0x0000000004400cd0]

GC Heap History (10 events):
Event: 23.258 GC heap before
{Heap before GC invocations=9 (full 1):
 PSYoungGen      total 138240K, used 77052K [0x00000000e0000000, 0x00000000ebb80000, 0x0000000100000000)
  eden space 128000K, 54% used [0x00000000e0000000,0x00000000e43d2048,0x00000000e7d00000)
  from space 10240K, 74% used [0x00000000e7d00000,0x00000000e846d228,0x00000000e8700000)
  to   space 10752K, 0% used [0x00000000eb100000,0x00000000eb100000,0x00000000ebb80000)
 ParOldGen       total 38400K, used 8747K [0x00000000a0000000, 0x00000000a2580000, 0x00000000e0000000)
  object space 38400K, 22% used [0x00000000a0000000,0x00000000a088aec8,0x00000000a2580000)
 Metaspace       used 34590K, capacity 35300K, committed 35496K, reserved 1079296K
  class space    used 4646K, capacity 4861K, committed 4912K, reserved 1048576K
Event: 23.276 GC heap after
Heap after GC invocations=9 (full 1):
 PSYoungGen      total 179712K, used 10727K [0x00000000e0000000, 0x00000000ee180000, 0x0000000100000000)
  eden space 168960K, 0% used [0x00000000e0000000,0x00000000e0000000,0x00000000ea500000)
  from space 10752K, 99% used [0x00000000eb100000,0x00000000ebb79d20,0x00000000ebb80000)
  to   space 12288K, 0% used [0x00000000ea500000,0x00000000ea500000,0x00000000eb100000)
 ParOldGen       total 38400K, used 8851K [0x00000000a0000000, 0x00000000a2580000, 0x00000000e0000000)
  object space 38400K, 23% used [0x00000000a0000000,0x00000000a08a4e98,0x00000000a2580000)
 Metaspace       used 34590K, capacity 35300K, committed 35496K, reserved 1079296K
  class space    used 4646K, capacity 4861K, committed 4912K, reserved 1048576K
}
Event: 23.276 GC heap before
{Heap before GC invocations=10 (full 2):
 PSYoungGen      total 179712K, used 10727K [0x00000000e0000000, 0x00000000ee180000, 0x0000000100000000)
  eden space 168960K, 0% used [0x00000000e0000000,0x00000000e0000000,0x00000000ea500000)
  from space 10752K, 99% used [0x00000000eb100000,0x00000000ebb79d20,0x00000000ebb80000)
  to   space 12288K, 0% used [0x00000000ea500000,0x00000000ea500000,0x00000000eb100000)
 ParOldGen       total 38400K, used 8851K [0x00000000a0000000, 0x00000000a2580000, 0x00000000e0000000)
  object space 38400K, 23% used [0x00000000a0000000,0x00000000a08a4e98,0x00000000a2580000)
 Metaspace       used 34590K, capacity 35300K, committed 35496K, reserved 1079296K
  class space    used 4646K, capacity 4861K, committed 4912K, reserved 1048576K
Event: 23.424 GC heap after
Heap after GC invocations=10 (full 2):
 PSYoungGen      total 179712K, used 0K [0x00000000e0000000, 0x00000000ee180000, 0x0000000100000000)
  eden space 168960K, 0% used [0x00000000e0000000,0x00000000e0000000,0x00000000ea500000)
  from space 10752K, 0% used [0x00000000eb100000,0x00000000eb100000,0x00000000ebb80000)
  to   space 12288K, 0% used [0x00000000ea500000,0x00000000ea500000,0x00000000eb100000)
 ParOldGen       total 60416K, used 18180K [0x00000000a0000000, 0x00000000a3b00000, 0x00000000e0000000)
  object space 60416K, 30% used [0x00000000a0000000,0x00000000a11c1248,0x00000000a3b00000)
 Metaspace       used 34590K, capacity 35300K, committed 35496K, reserved 1079296K
  class space    used 4646K, capacity 4861K, committed 4912K, reserved 1048576K
}
Event: 30.242 GC heap before
{Heap before GC invocations=11 (full 2):
 PSYoungGen      total 179712K, used 168960K [0x00000000e0000000, 0x00000000ee180000, 0x0000000100000000)
  eden space 168960K, 100% used [0x00000000e0000000,0x00000000ea500000,0x00000000ea500000)
  from space 10752K, 0% used [0x00000000eb100000,0x00000000eb100000,0x00000000ebb80000)
  to   space 12288K, 0% used [0x00000000ea500000,0x00000000ea500000,0x00000000eb100000)
 ParOldGen       total 60416K, used 18180K [0x00000000a0000000, 0x00000000a3b00000, 0x00000000e0000000)
  object space 60416K, 30% used [0x00000000a0000000,0x00000000a11c1248,0x00000000a3b00000)
 Metaspace       used 45578K, capacity 46838K, committed 46896K, reserved 1089536K
  class space    used 6174K, capacity 6435K, committed 6448K, reserved 1048576K
Event: 30.273 GC heap after
Heap after GC invocations=11 (full 2):
 PSYoungGen      total 181248K, used 12282K [0x00000000e0000000, 0x00000000eec00000, 0x0000000100000000)
  eden space 168960K, 0% used [0x00000000e0000000,0x00000000e0000000,0x00000000ea500000)
  from space 12288K, 99% used [0x00000000ea500000,0x00000000eb0feae8,0x00000000eb100000)
  to   space 15360K, 0% used [0x00000000edd00000,0x00000000edd00000,0x00000000eec00000)
 ParOldGen       total 60416K, used 21532K [0x00000000a0000000, 0x00000000a3b00000, 0x00000000e0000000)
  object space 60416K, 35% used [0x00000000a0000000,0x00000000a15073e0,0x00000000a3b00000)
 Metaspace       used 45578K, capacity 46838K, committed 46896K, reserved 1089536K
  class space    used 6174K, capacity 6435K, committed 6448K, reserved 1048576K
}
Event: 34.444 GC heap before
{Heap before GC invocations=12 (full 2):
 PSYoungGen      total 181248K, used 162087K [0x00000000e0000000, 0x00000000eec00000, 0x0000000100000000)
  eden space 168960K, 88% used [0x00000000e0000000,0x00000000e924b350,0x00000000ea500000)
  from space 12288K, 99% used [0x00000000ea500000,0x00000000eb0feae8,0x00000000eb100000)
  to   space 15360K, 0% used [0x00000000edd00000,0x00000000edd00000,0x00000000eec00000)
 ParOldGen       total 60416K, used 21532K [0x00000000a0000000, 0x00000000a3b00000, 0x00000000e0000000)
  object space 60416K, 35% used [0x00000000a0000000,0x00000000a15073e0,0x00000000a3b00000)
 Metaspace       used 51643K, capacity 53580K, committed 53680K, reserved 1095680K
  class space    used 7102K, capacity 7581K, committed 7600K, reserved 1048576K
Event: 34.511 GC heap after
Heap after GC invocations=12 (full 2):
 PSYoungGen      total 218624K, used 15347K [0x00000000e0000000, 0x00000000efb00000, 0x0000000100000000)
  eden space 203264K, 0% used [0x00000000e0000000,0x00000000e0000000,0x00000000ec680000)
  from space 15360K, 99% used [0x00000000edd00000,0x00000000eebfce88,0x00000000eec00000)
  to   space 23040K, 0% used [0x00000000ec680000,0x00000000ec680000,0x00000000edd00000)
 ParOldGen       total 60416K, used 35685K [0x00000000a0000000, 0x00000000a3b00000, 0x00000000e0000000)
  object space 60416K, 59% used [0x00000000a0000000,0x00000000a22d97c8,0x00000000a3b00000)
 Metaspace       used 51643K, capacity 53580K, committed 53680K, reserved 1095680K
  class space    used 7102K, capacity 7581K, committed 7600K, reserved 1048576K
}
Event: 34.511 GC heap before
{Heap before GC invocations=13 (full 3):
 PSYoungGen      total 218624K, used 15347K [0x00000000e0000000, 0x00000000efb00000, 0x0000000100000000)
  eden space 203264K, 0% used [0x00000000e0000000,0x00000000e0000000,0x00000000ec680000)
  from space 15360K, 99% used [0x00000000edd00000,0x00000000eebfce88,0x00000000eec00000)
  to   space 23040K, 0% used [0x00000000ec680000,0x00000000ec680000,0x00000000edd00000)
 ParOldGen       total 60416K, used 35685K [0x00000000a0000000, 0x00000000a3b00000, 0x00000000e0000000)
  object space 60416K, 59% used [0x00000000a0000000,0x00000000a22d97c8,0x00000000a3b00000)
 Metaspace       used 51643K, capacity 53580K, committed 53680K, reserved 1095680K
  class space    used 7102K, capacity 7581K, committed 7600K, reserved 1048576K
Event: 35.076 GC heap after
Heap after GC invocations=13 (full 3):
 PSYoungGen      total 218624K, used 0K [0x00000000e0000000, 0x00000000efb00000, 0x0000000100000000)
  eden space 203264K, 0% used [0x00000000e0000000,0x00000000e0000000,0x00000000ec680000)
  from space 15360K, 0% used [0x00000000edd00000,0x00000000edd00000,0x00000000eec00000)
  to   space 23040K, 0% used [0x00000000ec680000,0x00000000ec680000,0x00000000edd00000)
 ParOldGen       total 60416K, used 43001K [0x00000000a0000000, 0x00000000a3b00000, 0x00000000e0000000)
  object space 60416K, 71% used [0x00000000a0000000,0x00000000a29fe4a0,0x00000000a3b00000)
 Metaspace       used 51643K, capacity 53580K, committed 53680K, reserved 1095680K
  class space    used 7102K, capacity 7581K, committed 7600K, reserved 1048576K
}

Deoptimization events (10 events):
Event: 50.856 Thread 0x000000001935d800 Uncommon trap: reason=class_check action=maybe_recompile pc=0x00000000038bc738 method=com.google.common.collect.AbstractMapBasedMultimap$WrappedCollection.refreshIfEmpty()V @ 59
Event: 50.856 Thread 0x000000001935d800 Uncommon trap: reason=class_check action=maybe_recompile pc=0x00000000038bc738 method=com.google.common.collect.AbstractMapBasedMultimap$WrappedCollection.refreshIfEmpty()V @ 59
Event: 50.859 Thread 0x000000001935d800 Uncommon trap: reason=class_check action=maybe_recompile pc=0x00000000038bc738 method=com.google.common.collect.AbstractMapBasedMultimap$WrappedCollection.refreshIfEmpty()V @ 59
Event: 50.859 Thread 0x000000001935d800 Uncommon trap: reason=class_check action=maybe_recompile pc=0x00000000038bc738 method=com.google.common.collect.AbstractMapBasedMultimap$WrappedCollection.refreshIfEmpty()V @ 59
Event: 50.926 Thread 0x000000001935d800 Uncommon trap: reason=class_check action=maybe_recompile pc=0x0000000003d1e024 method=com.google.common.collect.AbstractMapBasedMultimap.put(Ljava/lang/Object;Ljava/lang/Object;)Z @ 10
Event: 50.927 Thread 0x000000001935d800 Uncommon trap: reason=class_check action=maybe_recompile pc=0x0000000003d1e024 method=com.google.common.collect.AbstractMapBasedMultimap.put(Ljava/lang/Object;Ljava/lang/Object;)Z @ 10
Event: 50.927 Thread 0x000000001935d800 Uncommon trap: reason=class_check action=maybe_recompile pc=0x0000000003d1e024 method=com.google.common.collect.AbstractMapBasedMultimap.put(Ljava/lang/Object;Ljava/lang/Object;)Z @ 10
Event: 50.927 Thread 0x000000001935d800 Uncommon trap: reason=class_check action=maybe_recompile pc=0x0000000003d1e024 method=com.google.common.collect.AbstractMapBasedMultimap.put(Ljava/lang/Object;Ljava/lang/Object;)Z @ 10
Event: 51.023 Thread 0x000000001935d800 Uncommon trap: reason=unstable_if action=reinterpret pc=0x0000000003a83458 method=java.util.concurrent.ConcurrentHashMap.get(Ljava/lang/Object;)Ljava/lang/Object; @ 76
Event: 51.023 Thread 0x000000001935d800 Uncommon trap: reason=class_check action=maybe_recompile pc=0x00000000030c2d60 method=java.util.concurrent.ConcurrentHashMap.putVal(Ljava/lang/Object;Ljava/lang/Object;Z)Ljava/lang/Object; @ 192

Internal exceptions (10 events):
Event: 50.240 Thread 0x000000001935d800 Exception <a 'sun/nio/fs/WindowsException'> (0x00000000e5e86d48) thrown at [C:\src\android\AOSP-openjdk\external\jetbrains\jdk\hotspot\src\share\vm\prims\jni.cpp, line 709]
Event: 50.240 Thread 0x000000001935d800 Exception <a 'sun/nio/fs/WindowsException'> (0x00000000e5e89a10) thrown at [C:\src\android\AOSP-openjdk\external\jetbrains\jdk\hotspot\src\share\vm\prims\jni.cpp, line 709]
Event: 50.240 Thread 0x000000001935d800 Exception <a 'sun/nio/fs/WindowsException'> (0x00000000e5e8a690) thrown at [C:\src\android\AOSP-openjdk\external\jetbrains\jdk\hotspot\src\share\vm\prims\jni.cpp, line 709]
Event: 50.241 Thread 0x000000001935d800 Exception <a 'sun/nio/fs/WindowsException'> (0x00000000e5e8c348) thrown at [C:\src\android\AOSP-openjdk\external\jetbrains\jdk\hotspot\src\share\vm\prims\jni.cpp, line 709]
Event: 50.241 Thread 0x000000001935d800 Exception <a 'sun/nio/fs/WindowsException'> (0x00000000e5e8d008) thrown at [C:\src\android\AOSP-openjdk\external\jetbrains\jdk\hotspot\src\share\vm\prims\jni.cpp, line 709]
Event: 50.977 Thread 0x000000001935d800 Exception <a 'java/lang/NoSuchMethodError': <clinit>> (0x00000000e7cd8e20) thrown at [C:\src\android\AOSP-openjdk\external\jetbrains\jdk\hotspot\src\share\vm\prims\jni.cpp, line 1591]
Event: 50.979 Thread 0x000000001935d800 Exception <a 'java/lang/NoSuchMethodError': <clinit>> (0x00000000e7ce5dd0) thrown at [C:\src\android\AOSP-openjdk\external\jetbrains\jdk\hotspot\src\share\vm\prims\jni.cpp, line 1591]
Event: 51.003 Thread 0x000000001935d800 Exception <a 'java/lang/NoSuchMethodError': <clinit>> (0x00000000e7de36f8) thrown at [C:\src\android\AOSP-openjdk\external\jetbrains\jdk\hotspot\src\share\vm\prims\jni.cpp, line 1591]
Event: 51.004 Thread 0x000000001935d800 Exception <a 'java/lang/NoSuchMethodError': <clinit>> (0x00000000e7dfbf08) thrown at [C:\src\android\AOSP-openjdk\external\jetbrains\jdk\hotspot\src\share\vm\prims\jni.cpp, line 1591]
Event: 51.004 Thread 0x000000001935d800 Exception <a 'java/lang/NoSuchMethodError': <clinit>> (0x00000000e7dfd420) thrown at [C:\src\android\AOSP-openjdk\external\jetbrains\jdk\hotspot\src\share\vm\prims\jni.cpp, line 1591]

Events (10 events):
Event: 51.023 Thread 0x000000001935d800 Uncommon trap: trap_request=0xffffff65 fr.pc=0x0000000003a83458
Event: 51.023 Thread 0x000000001935d800 DEOPT PACKING pc=0x0000000003a83458 sp=0x000000001a91cf90
Event: 51.023 Thread 0x000000001935d800 DEOPT UNPACKING pc=0x0000000002c5556a sp=0x000000001a91cf10 mode 2
Event: 51.023 Thread 0x000000001935d800 Uncommon trap: trap_request=0xffffffde fr.pc=0x00000000030c2d60
Event: 51.023 Thread 0x000000001935d800 DEOPT PACKING pc=0x00000000030c2d60 sp=0x000000001a91ce60
Event: 51.023 Thread 0x000000001935d800 DEOPT UNPACKING pc=0x0000000002c5556a sp=0x000000001a91cdf8 mode 2
Event: 51.055 loading class org/gradle/api/internal/changedetection/changes/DefaultTaskArtifactStateRepository$TaskArtifactStateImpl
Event: 51.055 loading class org/gradle/api/internal/changedetection/changes/DefaultTaskArtifactStateRepository$TaskArtifactStateImpl done
Event: 51.056 loading class org/gradle/api/internal/changedetection/state/CacheBackedTaskHistoryRepository$2
Event: 51.056 loading class org/gradle/api/internal/changedetection/state/CacheBackedTaskHistoryRepository$2 done


Dynamic libraries:
0x00007ff7f8c90000 - 0x00007ff7f8cc1000 	C:\Program Files\Android\Android Studio2\jre\bin\java.exe
0x00007fff5efb0000 - 0x00007fff5f171000 	C:\WINDOWS\SYSTEM32\ntdll.dll
0x00007fff5c7f0000 - 0x00007fff5c89d000 	C:\WINDOWS\system32\KERNEL32.DLL
0x00007fff541e0000 - 0x00007fff54213000 	C:\Program Files\AVAST Software\Avast\x64\aswhooka.dll
0x00007fff5bb70000 - 0x00007fff5bd58000 	C:\WINDOWS\system32\KERNELBASE.dll
0x00007fff5c5c0000 - 0x00007fff5c667000 	C:\WINDOWS\system32\ADVAPI32.dll
0x00007fff5ccd0000 - 0x00007fff5cd6d000 	C:\WINDOWS\system32\msvcrt.dll
0x00007fff5d6f0000 - 0x00007fff5d74b000 	C:\WINDOWS\system32\sechost.dll
0x00007fff5d750000 - 0x00007fff5d86c000 	C:\WINDOWS\system32\RPCRT4.dll
0x00007fff5c690000 - 0x00007fff5c7e6000 	C:\WINDOWS\system32\USER32.dll
0x00007fff5d270000 - 0x00007fff5d3f6000 	C:\WINDOWS\system32\GDI32.dll
0x00007fff55b30000 - 0x00007fff55da4000 	C:\WINDOWS\WinSxS\amd64_microsoft.windows.common-controls_6595b64144ccf1df_6.0.10586.672_none_a2d6b3cea53ff843\COMCTL32.dll
0x00007fff5cff0000 - 0x00007fff5d26d000 	C:\WINDOWS\system32\combase.dll
0x00007fff5b8e0000 - 0x00007fff5b94a000 	C:\WINDOWS\system32\bcryptPrimitives.dll
0x00007fff5d870000 - 0x00007fff5d8ab000 	C:\WINDOWS\system32\IMM32.DLL
0x0000000072fc0000 - 0x0000000073092000 	C:\Program Files\Android\Android Studio2\jre\jre\bin\msvcr100.dll
0x00000000724e0000 - 0x0000000072d14000 	C:\Program Files\Android\Android Studio2\jre\jre\bin\server\jvm.dll
0x00007fff5c670000 - 0x00007fff5c678000 	C:\WINDOWS\system32\PSAPI.DLL
0x00007fff537c0000 - 0x00007fff537c9000 	C:\WINDOWS\SYSTEM32\WSOCK32.dll
0x00007fff5cd70000 - 0x00007fff5cddb000 	C:\WINDOWS\system32\WS2_32.dll
0x00007fff59800000 - 0x00007fff59823000 	C:\WINDOWS\SYSTEM32\WINMM.dll
0x00007fff55e90000 - 0x00007fff55e9a000 	C:\WINDOWS\SYSTEM32\VERSION.dll
0x00007fff597d0000 - 0x00007fff597fc000 	C:\WINDOWS\SYSTEM32\WINMMBASE.dll
0x00007fff5b950000 - 0x00007fff5b993000 	C:\WINDOWS\system32\cfgmgr32.dll
0x00007fff547e0000 - 0x00007fff547ef000 	C:\Program Files\Android\Android Studio2\jre\jre\bin\verify.dll
0x00007fff54700000 - 0x00007fff54729000 	C:\Program Files\Android\Android Studio2\jre\jre\bin\java.dll
0x00007fff546e0000 - 0x00007fff546f6000 	C:\Program Files\Android\Android Studio2\jre\jre\bin\zip.dll
0x00007fff5d940000 - 0x00007fff5ee9c000 	C:\WINDOWS\system32\SHELL32.dll
0x00007fff5bd60000 - 0x00007fff5c3a5000 	C:\WINDOWS\system32\windows.storage.dll
0x00007fff5c3b0000 - 0x00007fff5c402000 	C:\WINDOWS\system32\shlwapi.dll
0x00007fff5b650000 - 0x00007fff5b65f000 	C:\WINDOWS\system32\kernel.appcore.dll
0x00007fff5ba50000 - 0x00007fff5bb05000 	C:\WINDOWS\system32\shcore.dll
0x00007fff5b600000 - 0x00007fff5b64b000 	C:\WINDOWS\system32\powrprof.dll
0x00007fff5b5d0000 - 0x00007fff5b5e4000 	C:\WINDOWS\system32\profapi.dll
0x00007fff546c0000 - 0x00007fff546da000 	C:\Program Files\Android\Android Studio2\jre\jre\bin\net.dll
0x00007fff5af00000 - 0x00007fff5af5c000 	C:\WINDOWS\system32\mswsock.dll
0x00007fff546a0000 - 0x00007fff546b1000 	C:\Program Files\Android\Android Studio2\jre\jre\bin\nio.dll
0x00007fff51350000 - 0x00007fff51362000 	C:\Users\doha_\.gradle\native\19\windows-amd64\native-platform.dll
0x00007fff5afb0000 - 0x00007fff5afc7000 	C:\WINDOWS\SYSTEM32\CRYPTSP.dll
0x00007fff5ac40000 - 0x00007fff5ac74000 	C:\WINDOWS\system32\rsaenh.dll
0x00007fff5b1d0000 - 0x00007fff5b1f9000 	C:\WINDOWS\SYSTEM32\bcrypt.dll
0x00007fff5ad90000 - 0x00007fff5adaf000 	C:\WINDOWS\SYSTEM32\USERENV.dll
0x00007fff5b0d0000 - 0x00007fff5b0db000 	C:\WINDOWS\SYSTEM32\CRYPTBASE.dll
0x00007fff584c0000 - 0x00007fff584f8000 	C:\WINDOWS\SYSTEM32\IPHLPAPI.DLL
0x00007fff5d6e0000 - 0x00007fff5d6e8000 	C:\WINDOWS\system32\NSI.dll
0x00007fff51af0000 - 0x00007fff51b06000 	C:\WINDOWS\SYSTEM32\dhcpcsvc6.DLL
0x00007fff51c90000 - 0x00007fff51caa000 	C:\WINDOWS\SYSTEM32\dhcpcsvc.DLL
0x00007fff547d0000 - 0x00007fff547dd000 	C:\Program Files\Android\Android Studio2\jre\jre\bin\management.dll

VM Arguments:
jvm_args: -Xmx1536m -Dfile.encoding=windows-1252 -Duser.country=US -Duser.language=en -Duser.variant 
java_command: org.gradle.launcher.daemon.bootstrap.GradleDaemon 2.14.1
java_class_path (initial): C:\Program Files\Android\Android Studio2\gradle\gradle-2.14.1\lib\gradle-launcher-2.14.1.jar
Launcher Type: SUN_STANDARD

Environment Variables:
PATH=C:\ProgramData\Oracle\Java\javapath;C:\Program Files (x86)\Intel\iCLS Client\;C:\Program Files\Intel\iCLS Client\;C:\WINDOWS\system32;C:\WINDOWS;C:\WINDOWS\System32\Wbem;C:\WINDOWS\System32\WindowsPowerShell\v1.0\;C:\Program Files (x86)\Intel\Intel(R) Management Engine Components\DAL;C:\Program Files\Intel\Intel(R) Management Engine Components\DAL;C:\Program Files (x86)\Intel\Intel(R) Management Engine Components\IPT;C:\Program Files\Intel\Intel(R) Management Engine Components\IPT;C:\Program Files (x86)\Microsoft SQL Server\Client SDK\ODBC\110\Tools\Binn\;C:\Program Files (x86)\Microsoft SQL Server\120\Tools\Binn\;C:\Program Files (x86)\Microsoft SQL Server\120\DTS\Binn\;C:\Program Files (x86)\Microsoft SQL Server\120\Tools\Binn\ManagementStudio\;C:\Program Files (x86)\NVIDIA Corporation\PhysX\Common;C:\Program Files\Microsoft\Web Platform Installer\;C:\Program Files (x86)\Microsoft ASP.NET\ASP.NET Web Pages\v1.0\;C:\Program Files (x86)\Windows Kits\8.0\Windows Performance Toolkit\;C:\Program Files\Microsoft SQL Server\110\Tools\Binn\;C:\WINDOWS\system32;C:\WINDOWS;C:\WINDOWS\System32\Wbem;C:\WINDOWS\System32\WindowsPowerShell\v1.0\;C:\Program Files\Anaconda3;C:\Program Files\Anaconda3\Scripts;C:\Program Files\Anaconda3\Library\bin;C:\Program Files (x86)\Skype\Phone\;C:\Program Files\OpenVPN\bin
USERNAME=doha_
OS=Windows_NT
PROCESSOR_IDENTIFIER=Intel64 Family 6 Model 69 Stepping 1, GenuineIntel



---------------  S Y S T E M  ---------------

OS: Windows 10.0 , 64 bit Build 10586 (10.0.10586.589)

CPU:total 4 (2 cores per cpu, 2 threads per core) family 6 model 69 stepping 1, cmov, cx8, fxsr, mmx, sse, sse2, sse3, ssse3, sse4.1, sse4.2, popcnt, avx, avx2, aes, clmul, erms, lzcnt, ht, tsc, tscinvbit, bmi1, bmi2

Memory: 4k page, physical 4095984k(373536k free), swap 5910964k(5592k free)

vm_info: OpenJDK 64-Bit Server VM (25.76-b03) for windows-amd64 JRE (1.8.0_76-release-b03), built on Jun 29 2016 19:09:20 by "ralucas" with MS VC++ 10.0 (VS2010)

time: Thu Apr 13 15:30:11 2017
elapsed time: 51 seconds (0d 0h 0m 51s)

