#
# There is insufficient memory for the Java Runtime Environment to continue.
# Native memory allocation (malloc) failed to allocate 2389424 bytes for Chunk::new
# Possible reasons:
#   The system is out of physical RAM or swap space
#   In 32 bit mode, the process size limit was hit
# Possible solutions:
#   Reduce memory load on the system
#   Increase physical memory or swap space
#   Check if swap backing store is full
#   Use 64 bit Java on a 64 bit OS
#   Decrease Java heap size (-Xmx/-Xms)
#   Decrease number of Java threads
#   Decrease Java thread stack sizes (-Xss)
#   Set larger code cache with -XX:ReservedCodeCacheSize=
# This output file may be truncated or incomplete.
#
#  Out of Memory Error (allocation.cpp:390), pid=7072, tid=0x00000000000016d8
#
# JRE version: OpenJDK Runtime Environment (8.0_76-b03) (build 1.8.0_76-release-b03)
# Java VM: OpenJDK 64-Bit Server VM (25.76-b03 mixed mode windows-amd64 compressed oops)
# Failed to write core dump. Minidumps are not enabled by default on client versions of Windows
#

---------------  T H R E A D  ---------------

Current thread (0x0000000015ac9000):  JavaThread "C2 CompilerThread0" daemon [_thread_in_native, id=5848, stack(0x00000000170f0000,0x00000000171f0000)]

Stack: [0x00000000170f0000,0x00000000171f0000]
[error occurred during error reporting (printing stack bounds), id 0xc0000005]

Native frames: (J=compiled Java code, j=interpreted, Vv=VM code, C=native code)


Current CompileTask:
C2:  56031 7045       4       org.gradle.api.internal.project.taskfactory.AnnotationProcessingTaskFactory$Validator::attachValidationAction (83 bytes)


---------------  P R O C E S S  ---------------

Java Threads: ( => current thread )
  0x000000001a915000 JavaThread "Stdin handler" [_thread_blocked, id=584, stack(0x0000000020b20000,0x0000000020c20000)]
  0x000000001a91b000 JavaThread "Asynchronous log dispatcher for org.gradle.launcher.daemon.server.DefaultDaemonConnection@1628bdac" [_thread_blocked, id=4952, stack(0x0000000020a20000,0x0000000020b20000)]
  0x000000001a918800 JavaThread "Cancel handler" [_thread_blocked, id=672, stack(0x0000000020920000,0x0000000020a20000)]
  0x000000001a914000 JavaThread "Handler for socket connection from /127.0.0.1:54649 to /127.0.0.1:54655" [_thread_in_native, id=9872, stack(0x0000000020400000,0x0000000020500000)]
  0x000000001ac1e800 JavaThread "File lock request listener" [_thread_in_native, id=8452, stack(0x000000001b650000,0x000000001b750000)]
  0x000000001881f000 JavaThread "Daemon worker" [_thread_in_Java, id=9232, stack(0x0000000019d80000,0x0000000019e80000)]
  0x0000000018a44800 JavaThread "Daemon" [_thread_blocked, id=11576, stack(0x0000000019a80000,0x0000000019b80000)]
  0x000000001859d000 JavaThread "pool-1-thread-1" [_thread_blocked, id=3032, stack(0x0000000019980000,0x0000000019a80000)]
  0x0000000018585800 JavaThread "Incoming local TCP Connector on port 54649" [_thread_in_native, id=10148, stack(0x00000000195a0000,0x00000000196a0000)]
  0x0000000017404000 JavaThread "Service Thread" daemon [_thread_blocked, id=10716, stack(0x00000000177f0000,0x00000000178f0000)]
  0x0000000015abf800 JavaThread "C1 CompilerThread2" daemon [_thread_blocked, id=208, stack(0x00000000172f0000,0x00000000173f0000)]
  0x0000000015ab8800 JavaThread "C2 CompilerThread1" daemon [_thread_in_native, id=12248, stack(0x00000000171f0000,0x00000000172f0000)]
=>0x0000000015ac9000 JavaThread "C2 CompilerThread0" daemon [_thread_in_native, id=5848, stack(0x00000000170f0000,0x00000000171f0000)]
  0x0000000015ac8000 JavaThread "Attach Listener" daemon [_thread_blocked, id=10612, stack(0x0000000016ff0000,0x00000000170f0000)]
  0x0000000015ac7000 JavaThread "Signal Dispatcher" daemon [_thread_blocked, id=7524, stack(0x0000000016ef0000,0x0000000016ff0000)]
  0x0000000015aa8800 JavaThread "Finalizer" daemon [_thread_blocked, id=6084, stack(0x0000000016d10000,0x0000000016e10000)]
  0x0000000015a87000 JavaThread "Reference Handler" daemon [_thread_blocked, id=10496, stack(0x0000000016c10000,0x0000000016d10000)]
  0x0000000002052800 JavaThread "main" [_thread_blocked, id=124, stack(0x0000000001e80000,0x0000000001f80000)]

Other Threads:
  0x0000000015a84800 VMThread [stack: 0x0000000016b10000,0x0000000016c10000] [id=1152]
  0x0000000017405800 WatcherThread [stack: 0x00000000178f0000,0x00000000179f0000] [id=3924]

VM state:not at safepoint (normal execution)

VM Mutex/Monitor currently owned by a thread: None

Heap:
 PSYoungGen      total 171520K, used 125226K [0x00000000e0000000, 0x00000000ec680000, 0x0000000100000000)
  eden space 154624K, 80% used [0x00000000e0000000,0x00000000e7a4a9b8,0x00000000e9700000)
  from space 16896K, 0% used [0x00000000e9700000,0x00000000e9700000,0x00000000ea780000)
  to   space 22016K, 0% used [0x00000000eb100000,0x00000000eb100000,0x00000000ec680000)
 ParOldGen       total 53760K, used 40536K [0x00000000a0000000, 0x00000000a3480000, 0x00000000e0000000)
  object space 53760K, 75% used [0x00000000a0000000,0x00000000a2796170,0x00000000a3480000)
 Metaspace       used 52573K, capacity 54686K, committed 54832K, reserved 1095680K
  class space    used 7148K, capacity 7610K, committed 7728K, reserved 1048576K

Card table byte_map: [0x0000000011510000,0x0000000011820000] byte_map_base: 0x0000000011010000

Marking Bits: (ParMarkBitMap*) 0x0000000056069d00
 Begin Bits: [0x0000000011e20000, 0x0000000013620000)
 End Bits:   [0x0000000013620000, 0x0000000014e20000)

Polling page: 0x0000000000710000

CodeCache: size=245760Kb used=22715Kb max_used=22715Kb free=223044Kb
 bounds [0x0000000002150000, 0x00000000037a0000, 0x0000000011150000]
 total_blobs=7052 nmethods=6346 adapters=618
 compilation: enabled

Compilation events (10 events):
Event: 55.922 Thread 0x0000000015abf800 7322       3       org.gradle.model.internal.registry.DefaultModelRegistry::toViews (87 bytes)
Event: 55.923 Thread 0x0000000015abf800 nmethod 7322 0x0000000003792290 code [0x00000000037924e0, 0x0000000003793398]
Event: 55.923 Thread 0x0000000015abf800 7318       3       org.gradle.model.internal.registry.DefaultModelRegistry$1::onDiscovered (49 bytes)
Event: 55.924 Thread 0x0000000015abf800 nmethod 7318 0x0000000003793b90 code [0x0000000003793d60, 0x00000000037943c8]
Event: 55.924 Thread 0x0000000015abf800 7320       3       org.gradle.model.internal.registry.RuleBindings$TypePredicateIndex::addNodeToScope (10 bytes)
Event: 55.924 Thread 0x0000000015abf800 nmethod 7320 0x0000000003794650 code [0x00000000037947c0, 0x0000000003794998]
Event: 55.924 Thread 0x0000000015abf800 7323   !   3       org.gradle.model.internal.registry.DefaultModelRegistry::fireAction (114 bytes)
Event: 55.926 Thread 0x0000000015abf800 nmethod 7323 0x0000000003794a90 code [0x0000000003794d40, 0x0000000003796038]
Event: 55.926 Thread 0x0000000015abf800 7319       1       com.google.common.base.Predicates$ObjectPredicate$1::apply (2 bytes)
Event: 55.926 Thread 0x0000000015abf800 nmethod 7319 0x0000000003796b50 code [0x0000000003796ca0, 0x0000000003796db0]

GC Heap History (10 events):
Event: 28.891 GC heap before
{Heap before GC invocations=12 (full 2):
 PSYoungGen      total 128512K, used 7696K [0x00000000e0000000, 0x00000000e9500000, 0x0000000100000000)
  eden space 117248K, 0% used [0x00000000e0000000,0x00000000e0000000,0x00000000e7280000)
  from space 11264K, 68% used [0x00000000e7e00000,0x00000000e85843e0,0x00000000e8900000)
  to   space 11776K, 0% used [0x00000000e7280000,0x00000000e7280000,0x00000000e7e00000)
 ParOldGen       total 41984K, used 12710K [0x00000000a0000000, 0x00000000a2900000, 0x00000000e0000000)
  object space 41984K, 30% used [0x00000000a0000000,0x00000000a0c698d0,0x00000000a2900000)
 Metaspace       used 34578K, capacity 35268K, committed 35496K, reserved 1079296K
  class space    used 4642K, capacity 4829K, committed 4912K, reserved 1048576K
Event: 29.038 GC heap after
Heap after GC invocations=12 (full 2):
 PSYoungGen      total 128512K, used 0K [0x00000000e0000000, 0x00000000e9500000, 0x0000000100000000)
  eden space 117248K, 0% used [0x00000000e0000000,0x00000000e0000000,0x00000000e7280000)
  from space 11264K, 0% used [0x00000000e7e00000,0x00000000e7e00000,0x00000000e8900000)
  to   space 11776K, 0% used [0x00000000e7280000,0x00000000e7280000,0x00000000e7e00000)
 ParOldGen       total 53760K, used 15286K [0x00000000a0000000, 0x00000000a3480000, 0x00000000e0000000)
  object space 53760K, 28% used [0x00000000a0000000,0x00000000a0eeda98,0x00000000a3480000)
 Metaspace       used 34578K, capacity 35268K, committed 35496K, reserved 1079296K
  class space    used 4642K, capacity 4829K, committed 4912K, reserved 1048576K
}
Event: 32.939 GC heap before
{Heap before GC invocations=13 (full 2):
 PSYoungGen      total 128512K, used 117248K [0x00000000e0000000, 0x00000000e9500000, 0x0000000100000000)
  eden space 117248K, 100% used [0x00000000e0000000,0x00000000e7280000,0x00000000e7280000)
  from space 11264K, 0% used [0x00000000e7e00000,0x00000000e7e00000,0x00000000e8900000)
  to   space 11776K, 0% used [0x00000000e7280000,0x00000000e7280000,0x00000000e7e00000)
 ParOldGen       total 53760K, used 15286K [0x00000000a0000000, 0x00000000a3480000, 0x00000000e0000000)
  object space 53760K, 28% used [0x00000000a0000000,0x00000000a0eeda98,0x00000000a3480000)
 Metaspace       used 43466K, capacity 44444K, committed 44720K, reserved 1087488K
  class space    used 5807K, capacity 6042K, committed 6064K, reserved 1048576K
Event: 32.957 GC heap after
Heap after GC invocations=13 (full 2):
 PSYoungGen      total 129024K, used 10035K [0x00000000e0000000, 0x00000000eb400000, 0x0000000100000000)
  eden space 117248K, 0% used [0x00000000e0000000,0x00000000e0000000,0x00000000e7280000)
  from space 11776K, 85% used [0x00000000e7280000,0x00000000e7c4cd20,0x00000000e7e00000)
  to   space 12800K, 0% used [0x00000000ea780000,0x00000000ea780000,0x00000000eb400000)
 ParOldGen       total 53760K, used 15358K [0x00000000a0000000, 0x00000000a3480000, 0x00000000e0000000)
  object space 53760K, 28% used [0x00000000a0000000,0x00000000a0effaa8,0x00000000a3480000)
 Metaspace       used 43466K, capacity 44444K, committed 44720K, reserved 1087488K
  class space    used 5807K, capacity 6042K, committed 6064K, reserved 1048576K
}
Event: 35.959 GC heap before
{Heap before GC invocations=14 (full 2):
 PSYoungGen      total 129024K, used 127283K [0x00000000e0000000, 0x00000000eb400000, 0x0000000100000000)
  eden space 117248K, 100% used [0x00000000e0000000,0x00000000e7280000,0x00000000e7280000)
  from space 11776K, 85% used [0x00000000e7280000,0x00000000e7c4cd20,0x00000000e7e00000)
  to   space 12800K, 0% used [0x00000000ea780000,0x00000000ea780000,0x00000000eb400000)
 ParOldGen       total 53760K, used 15358K [0x00000000a0000000, 0x00000000a3480000, 0x00000000e0000000)
  object space 53760K, 28% used [0x00000000a0000000,0x00000000a0effaa8,0x00000000a3480000)
 Metaspace       used 49287K, capacity 50656K, committed 50864K, reserved 1093632K
  class space    used 6665K, capacity 6970K, committed 7088K, reserved 1048576K
Event: 36.003 GC heap after
Heap after GC invocations=14 (full 2):
 PSYoungGen      total 167424K, used 12784K [0x00000000e0000000, 0x00000000ebc80000, 0x0000000100000000)
  eden space 154624K, 0% used [0x00000000e0000000,0x00000000e0000000,0x00000000e9700000)
  from space 12800K, 99% used [0x00000000ea780000,0x00000000eb3fc010,0x00000000eb400000)
  to   space 16896K, 0% used [0x00000000e9700000,0x00000000e9700000,0x00000000ea780000)
 ParOldGen       total 53760K, used 21994K [0x00000000a0000000, 0x00000000a3480000, 0x00000000e0000000)
  object space 53760K, 40% used [0x00000000a0000000,0x00000000a157abc0,0x00000000a3480000)
 Metaspace       used 49287K, capacity 50656K, committed 50864K, reserved 1093632K
  class space    used 6665K, capacity 6970K, committed 7088K, reserved 1048576K
}
Event: 37.381 GC heap before
{Heap before GC invocations=15 (full 2):
 PSYoungGen      total 167424K, used 93921K [0x00000000e0000000, 0x00000000ebc80000, 0x0000000100000000)
  eden space 154624K, 52% used [0x00000000e0000000,0x00000000e4f3c400,0x00000000e9700000)
  from space 12800K, 99% used [0x00000000ea780000,0x00000000eb3fc010,0x00000000eb400000)
  to   space 16896K, 0% used [0x00000000e9700000,0x00000000e9700000,0x00000000ea780000)
 ParOldGen       total 53760K, used 21994K [0x00000000a0000000, 0x00000000a3480000, 0x00000000e0000000)
  object space 53760K, 40% used [0x00000000a0000000,0x00000000a157abc0,0x00000000a3480000)
 Metaspace       used 51647K, capacity 53660K, committed 53936K, reserved 1095680K
  class space    used 7095K, capacity 7547K, committed 7600K, reserved 1048576K
Event: 37.442 GC heap after
Heap after GC invocations=15 (full 2):
 PSYoungGen      total 171520K, used 16866K [0x00000000e0000000, 0x00000000ec680000, 0x0000000100000000)
  eden space 154624K, 0% used [0x00000000e0000000,0x00000000e0000000,0x00000000e9700000)
  from space 16896K, 99% used [0x00000000e9700000,0x00000000ea7788c0,0x00000000ea780000)
  to   space 22016K, 0% used [0x00000000eb100000,0x00000000eb100000,0x00000000ec680000)
 ParOldGen       total 53760K, used 28943K [0x00000000a0000000, 0x00000000a3480000, 0x00000000e0000000)
  object space 53760K, 53% used [0x00000000a0000000,0x00000000a1c43f00,0x00000000a3480000)
 Metaspace       used 51647K, capacity 53660K, committed 53936K, reserved 1095680K
  class space    used 7095K, capacity 7547K, committed 7600K, reserved 1048576K
}
Event: 37.442 GC heap before
{Heap before GC invocations=16 (full 3):
 PSYoungGen      total 171520K, used 16866K [0x00000000e0000000, 0x00000000ec680000, 0x0000000100000000)
  eden space 154624K, 0% used [0x00000000e0000000,0x00000000e0000000,0x00000000e9700000)
  from space 16896K, 99% used [0x00000000e9700000,0x00000000ea7788c0,0x00000000ea780000)
  to   space 22016K, 0% used [0x00000000eb100000,0x00000000eb100000,0x00000000ec680000)
 ParOldGen       total 53760K, used 28943K [0x00000000a0000000, 0x00000000a3480000, 0x00000000e0000000)
  object space 53760K, 53% used [0x00000000a0000000,0x00000000a1c43f00,0x00000000a3480000)
 Metaspace       used 51647K, capacity 53660K, committed 53936K, reserved 1095680K
  class space    used 7095K, capacity 7547K, committed 7600K, reserved 1048576K
Event: 37.954 GC heap after
Heap after GC invocations=16 (full 3):
 PSYoungGen      total 171520K, used 0K [0x00000000e0000000, 0x00000000ec680000, 0x0000000100000000)
  eden space 154624K, 0% used [0x00000000e0000000,0x00000000e0000000,0x00000000e9700000)
  from space 16896K, 0% used [0x00000000e9700000,0x00000000e9700000,0x00000000ea780000)
  to   space 22016K, 0% used [0x00000000eb100000,0x00000000eb100000,0x00000000ec680000)
 ParOldGen       total 53760K, used 40536K [0x00000000a0000000, 0x00000000a3480000, 0x00000000e0000000)
  object space 53760K, 75% used [0x00000000a0000000,0x00000000a2796170,0x00000000a3480000)
 Metaspace       used 51647K, capacity 53660K, committed 53936K, reserved 1095680K
  class space    used 7095K, capacity 7547K, committed 7600K, reserved 1048576K
}

Deoptimization events (10 events):
Event: 54.767 Thread 0x000000001881f000 Uncommon trap: reason=bimorphic action=maybe_recompile pc=0x0000000002e253f0 method=java.security.MessageDigest$Delegate.engineUpdate([BII)V @ 7
Event: 54.767 Thread 0x000000001881f000 Uncommon trap: reason=bimorphic action=maybe_recompile pc=0x0000000002e253f0 method=java.security.MessageDigest$Delegate.engineUpdate([BII)V @ 7
Event: 55.847 Thread 0x000000001881f000 Uncommon trap: reason=class_check action=maybe_recompile pc=0x000000000244d5f8 method=com.google.common.collect.AbstractMapBasedMultimap$WrappedCollection.refreshIfEmpty()V @ 59
Event: 55.847 Thread 0x000000001881f000 Uncommon trap: reason=class_check action=maybe_recompile pc=0x000000000244d5f8 method=com.google.common.collect.AbstractMapBasedMultimap$WrappedCollection.refreshIfEmpty()V @ 59
Event: 55.850 Thread 0x000000001881f000 Uncommon trap: reason=class_check action=maybe_recompile pc=0x000000000244d5f8 method=com.google.common.collect.AbstractMapBasedMultimap$WrappedCollection.refreshIfEmpty()V @ 59
Event: 55.850 Thread 0x000000001881f000 Uncommon trap: reason=class_check action=maybe_recompile pc=0x000000000244d5f8 method=com.google.common.collect.AbstractMapBasedMultimap$WrappedCollection.refreshIfEmpty()V @ 59
Event: 55.914 Thread 0x000000001881f000 Uncommon trap: reason=class_check action=maybe_recompile pc=0x0000000002afd974 method=com.google.common.collect.AbstractMapBasedMultimap.put(Ljava/lang/Object;Ljava/lang/Object;)Z @ 10
Event: 55.914 Thread 0x000000001881f000 Uncommon trap: reason=class_check action=maybe_recompile pc=0x0000000002afd974 method=com.google.common.collect.AbstractMapBasedMultimap.put(Ljava/lang/Object;Ljava/lang/Object;)Z @ 10
Event: 55.914 Thread 0x000000001881f000 Uncommon trap: reason=class_check action=maybe_recompile pc=0x0000000002afd974 method=com.google.common.collect.AbstractMapBasedMultimap.put(Ljava/lang/Object;Ljava/lang/Object;)Z @ 10
Event: 55.914 Thread 0x000000001881f000 Uncommon trap: reason=class_check action=maybe_recompile pc=0x0000000002afd974 method=com.google.common.collect.AbstractMapBasedMultimap.put(Ljava/lang/Object;Ljava/lang/Object;)Z @ 10

Internal exceptions (10 events):
Event: 55.255 Thread 0x000000001881f000 Exception <a 'sun/nio/fs/WindowsException'> (0x00000000e5ad5818) thrown at [C:\src\android\AOSP-openjdk\external\jetbrains\jdk\hotspot\src\share\vm\prims\jni.cpp, line 709]
Event: 55.255 Thread 0x000000001881f000 Exception <a 'sun/nio/fs/WindowsException'> (0x00000000e5ad6438) thrown at [C:\src\android\AOSP-openjdk\external\jetbrains\jdk\hotspot\src\share\vm\prims\jni.cpp, line 709]
Event: 55.255 Thread 0x000000001881f000 Exception <a 'sun/nio/fs/WindowsException'> (0x00000000e5ad8fc0) thrown at [C:\src\android\AOSP-openjdk\external\jetbrains\jdk\hotspot\src\share\vm\prims\jni.cpp, line 709]
Event: 55.255 Thread 0x000000001881f000 Exception <a 'sun/nio/fs/WindowsException'> (0x00000000e5ad9c18) thrown at [C:\src\android\AOSP-openjdk\external\jetbrains\jdk\hotspot\src\share\vm\prims\jni.cpp, line 709]
Event: 55.255 Thread 0x000000001881f000 Exception <a 'sun/nio/fs/WindowsException'> (0x00000000e5adb8a8) thrown at [C:\src\android\AOSP-openjdk\external\jetbrains\jdk\hotspot\src\share\vm\prims\jni.cpp, line 709]
Event: 55.255 Thread 0x000000001881f000 Exception <a 'sun/nio/fs/WindowsException'> (0x00000000e5adc540) thrown at [C:\src\android\AOSP-openjdk\external\jetbrains\jdk\hotspot\src\share\vm\prims\jni.cpp, line 709]
Event: 55.256 Thread 0x000000001881f000 Exception <a 'sun/nio/fs/WindowsException'> (0x00000000e5adf208) thrown at [C:\src\android\AOSP-openjdk\external\jetbrains\jdk\hotspot\src\share\vm\prims\jni.cpp, line 709]
Event: 55.256 Thread 0x000000001881f000 Exception <a 'sun/nio/fs/WindowsException'> (0x00000000e5adfe88) thrown at [C:\src\android\AOSP-openjdk\external\jetbrains\jdk\hotspot\src\share\vm\prims\jni.cpp, line 709]
Event: 55.256 Thread 0x000000001881f000 Exception <a 'sun/nio/fs/WindowsException'> (0x00000000e5ae1b40) thrown at [C:\src\android\AOSP-openjdk\external\jetbrains\jdk\hotspot\src\share\vm\prims\jni.cpp, line 709]
Event: 55.256 Thread 0x000000001881f000 Exception <a 'sun/nio/fs/WindowsException'> (0x00000000e5ae2800) thrown at [C:\src\android\AOSP-openjdk\external\jetbrains\jdk\hotspot\src\share\vm\prims\jni.cpp, line 709]

Events (10 events):
Event: 55.916 loading class org/gradle/internal/progress/PercentageProgressFormatter
Event: 55.916 loading class org/gradle/internal/progress/PercentageProgressFormatter done
Event: 55.923 loading class org/gradle/execution/taskgraph/DefaultTaskGraphExecuter$EventFiringTaskWorker
Event: 55.923 loading class org/gradle/execution/taskgraph/DefaultTaskGraphExecuter$EventFiringTaskWorker done
Event: 55.924 loading class org/gradle/api/internal/changedetection/state/InMemoryTaskArtifactCache$CacheCapSizer
Event: 55.924 loading class org/gradle/api/internal/changedetection/state/InMemoryTaskArtifactCache$CacheCapSizer done
Event: 55.925 loading class org/gradle/api/internal/changedetection/state/DefaultTaskArtifactStateCacheAccess
Event: 55.925 loading class org/gradle/api/internal/changedetection/state/DefaultTaskArtifactStateCacheAccess done
Event: 55.993 loading class org/gradle/api/internal/changedetection/state/InMemoryTaskArtifactCache$LoggingEvictionListener
Event: 55.993 loading class org/gradle/api/internal/changedetection/state/InMemoryTaskArtifactCache$LoggingEvictionListener done


Dynamic libraries:
0x00007ff636780000 - 0x00007ff6367b1000 	C:\Program Files\Android\Android Studio2\jre\bin\java.exe
0x00007fff52050000 - 0x00007fff52211000 	C:\WINDOWS\SYSTEM32\ntdll.dll
0x00007fff51d50000 - 0x00007fff51dfd000 	C:\WINDOWS\system32\KERNEL32.DLL
0x00007fff4bbc0000 - 0x00007fff4bbf3000 	C:\Program Files\AVAST Software\Avast\x64\aswhooka.dll
0x00007fff4e960000 - 0x00007fff4eb48000 	C:\WINDOWS\system32\KERNELBASE.dll
0x00007fff4f450000 - 0x00007fff4f4f7000 	C:\WINDOWS\system32\ADVAPI32.dll
0x00007fff4fb30000 - 0x00007fff4fbcd000 	C:\WINDOWS\system32\msvcrt.dll
0x00007fff51c20000 - 0x00007fff51c7b000 	C:\WINDOWS\system32\sechost.dll
0x00007fff4fbd0000 - 0x00007fff4fcec000 	C:\WINDOWS\system32\RPCRT4.dll
0x00007fff4fcf0000 - 0x00007fff4fe46000 	C:\WINDOWS\system32\USER32.dll
0x00007fff51ec0000 - 0x00007fff52046000 	C:\WINDOWS\system32\GDI32.dll
0x00007fff46dd0000 - 0x00007fff47044000 	C:\WINDOWS\WinSxS\amd64_microsoft.windows.common-controls_6595b64144ccf1df_6.0.10586.672_none_a2d6b3cea53ff843\COMCTL32.dll
0x00007fff4f6f0000 - 0x00007fff4f96d000 	C:\WINDOWS\system32\combase.dll
0x00007fff4f1f0000 - 0x00007fff4f25a000 	C:\WINDOWS\system32\bcryptPrimitives.dll
0x00007fff4f500000 - 0x00007fff4f53b000 	C:\WINDOWS\system32\IMM32.DLL
0x0000000056390000 - 0x0000000056462000 	C:\Program Files\Android\Android Studio2\jre\jre\bin\msvcr100.dll
0x00000000558b0000 - 0x00000000560e4000 	C:\Program Files\Android\Android Studio2\jre\jre\bin\server\jvm.dll
0x00007fff50120000 - 0x00007fff50128000 	C:\WINDOWS\system32\PSAPI.DLL
0x00007fff407f0000 - 0x00007fff407f9000 	C:\WINDOWS\SYSTEM32\WSOCK32.dll
0x00007fff500b0000 - 0x00007fff5011b000 	C:\WINDOWS\system32\WS2_32.dll
0x00007fff4c8d0000 - 0x00007fff4c8f3000 	C:\WINDOWS\SYSTEM32\WINMM.dll
0x00007fff48210000 - 0x00007fff4821a000 	C:\WINDOWS\SYSTEM32\VERSION.dll
0x00007fff4c870000 - 0x00007fff4c89c000 	C:\WINDOWS\SYSTEM32\WINMMBASE.dll
0x00007fff4eb50000 - 0x00007fff4eb93000 	C:\WINDOWS\system32\cfgmgr32.dll
0x00007fff48360000 - 0x00007fff4836f000 	C:\Program Files\Android\Android Studio2\jre\jre\bin\verify.dll
0x00007fff405f0000 - 0x00007fff40619000 	C:\Program Files\Android\Android Studio2\jre\jre\bin\java.dll
0x00007fff48340000 - 0x00007fff48356000 	C:\Program Files\Android\Android Studio2\jre\jre\bin\zip.dll
0x00007fff50290000 - 0x00007fff517ec000 	C:\WINDOWS\system32\SHELL32.dll
0x00007fff4eba0000 - 0x00007fff4f1e5000 	C:\WINDOWS\system32\windows.storage.dll
0x00007fff51e00000 - 0x00007fff51e52000 	C:\WINDOWS\system32\shlwapi.dll
0x00007fff4e680000 - 0x00007fff4e68f000 	C:\WINDOWS\system32\kernel.appcore.dll
0x00007fff4e790000 - 0x00007fff4e845000 	C:\WINDOWS\system32\shcore.dll
0x00007fff4e690000 - 0x00007fff4e6db000 	C:\WINDOWS\system32\powrprof.dll
0x00007fff4e6e0000 - 0x00007fff4e6f4000 	C:\WINDOWS\system32\profapi.dll
0x00007fff3f930000 - 0x00007fff3f94a000 	C:\Program Files\Android\Android Studio2\jre\jre\bin\net.dll
0x00007fff4dfa0000 - 0x00007fff4dffc000 	C:\WINDOWS\system32\mswsock.dll
0x00007fff3f910000 - 0x00007fff3f921000 	C:\Program Files\Android\Android Studio2\jre\jre\bin\nio.dll
0x00007fff3bad0000 - 0x00007fff3bae2000 	C:\Users\doha_\.gradle\native\19\windows-amd64\native-platform.dll
0x00007fff4e050000 - 0x00007fff4e067000 	C:\WINDOWS\SYSTEM32\CRYPTSP.dll
0x00007fff4dce0000 - 0x00007fff4dd14000 	C:\WINDOWS\system32\rsaenh.dll
0x00007fff4e270000 - 0x00007fff4e299000 	C:\WINDOWS\SYSTEM32\bcrypt.dll
0x00007fff4de30000 - 0x00007fff4de4f000 	C:\WINDOWS\SYSTEM32\USERENV.dll
0x00007fff4e170000 - 0x00007fff4e17b000 	C:\WINDOWS\SYSTEM32\CRYPTBASE.dll
0x00007fff4b130000 - 0x00007fff4b168000 	C:\WINDOWS\SYSTEM32\IPHLPAPI.DLL
0x00007fff4fa50000 - 0x00007fff4fa58000 	C:\WINDOWS\system32\NSI.dll
0x00007fff480e0000 - 0x00007fff480f6000 	C:\WINDOWS\SYSTEM32\dhcpcsvc6.DLL
0x00007fff487f0000 - 0x00007fff4880a000 	C:\WINDOWS\SYSTEM32\dhcpcsvc.DLL
0x00007fff3ea50000 - 0x00007fff3ea5d000 	C:\Program Files\Android\Android Studio2\jre\jre\bin\management.dll

VM Arguments:
jvm_args: -Xmx1536m -Dfile.encoding=windows-1252 -Duser.country=US -Duser.language=en -Duser.variant 
java_command: org.gradle.launcher.daemon.bootstrap.GradleDaemon 2.14.1
java_class_path (initial): C:\Program Files\Android\Android Studio2\gradle\gradle-2.14.1\lib\gradle-launcher-2.14.1.jar
Launcher Type: SUN_STANDARD

Environment Variables:
PATH=C:\ProgramData\Oracle\Java\javapath;C:\Program Files (x86)\Intel\iCLS Client\;C:\Program Files\Intel\iCLS Client\;C:\WINDOWS\system32;C:\WINDOWS;C:\WINDOWS\System32\Wbem;C:\WINDOWS\System32\WindowsPowerShell\v1.0\;C:\Program Files (x86)\Intel\Intel(R) Management Engine Components\DAL;C:\Program Files\Intel\Intel(R) Management Engine Components\DAL;C:\Program Files (x86)\Intel\Intel(R) Management Engine Components\IPT;C:\Program Files\Intel\Intel(R) Management Engine Components\IPT;C:\Program Files (x86)\Microsoft SQL Server\Client SDK\ODBC\110\Tools\Binn\;C:\Program Files (x86)\Microsoft SQL Server\120\Tools\Binn\;C:\Program Files (x86)\Microsoft SQL Server\120\DTS\Binn\;C:\Program Files (x86)\Microsoft SQL Server\120\Tools\Binn\ManagementStudio\;C:\Program Files (x86)\NVIDIA Corporation\PhysX\Common;C:\Program Files\Microsoft\Web Platform Installer\;C:\Program Files (x86)\Microsoft ASP.NET\ASP.NET Web Pages\v1.0\;C:\Program Files (x86)\Windows Kits\8.0\Windows Performance Toolkit\;C:\Program Files\Microsoft SQL Server\110\Tools\Binn\;C:\WINDOWS\system32;C:\WINDOWS;C:\WINDOWS\System32\Wbem;C:\WINDOWS\System32\WindowsPowerShell\v1.0\;C:\Program Files\Anaconda3;C:\Program Files\Anaconda3\Scripts;C:\Program Files\Anaconda3\Library\bin;C:\Program Files (x86)\Skype\Phone\;C:\Program Files\OpenVPN\bin
USERNAME=doha_
OS=Windows_NT
PROCESSOR_IDENTIFIER=Intel64 Family 6 Model 69 Stepping 1, GenuineIntel



---------------  S Y S T E M  ---------------

OS: Windows 10.0 , 64 bit Build 10586 (10.0.10586.589)

CPU:total 4 (2 cores per cpu, 2 threads per core) family 6 model 69 stepping 1, cmov, cx8, fxsr, mmx, sse, sse2, sse3, ssse3, sse4.1, sse4.2, popcnt, avx, avx2, aes, clmul, erms, lzcnt, ht, tsc, tscinvbit, bmi1, bmi2

Memory: 4k page, physical 4095984k(416276k free), swap 5626196k(6776k free)

vm_info: OpenJDK 64-Bit Server VM (25.76-b03) for windows-amd64 JRE (1.8.0_76-release-b03), built on Jun 29 2016 19:09:20 by "ralucas" with MS VC++ 10.0 (VS2010)

time: Fri Apr 14 16:40:10 2017
elapsed time: 56 seconds (0d 0h 0m 56s)

