#
# There is insufficient memory for the Java Runtime Environment to continue.
# Native memory allocation (malloc) failed to allocate 32744 bytes for ChunkPool::allocate
# Possible reasons:
#   The system is out of physical RAM or swap space
#   In 32 bit mode, the process size limit was hit
# Possible solutions:
#   Reduce memory load on the system
#   Increase physical memory or swap space
#   Check if swap backing store is full
#   Use 64 bit Java on a 64 bit OS
#   Decrease Java heap size (-Xmx/-Xms)
#   Decrease number of Java threads
#   Decrease Java thread stack sizes (-Xss)
#   Set larger code cache with -XX:ReservedCodeCacheSize=
# This output file may be truncated or incomplete.
#
#  Out of Memory Error (allocation.cpp:273), pid=9304, tid=0x00000000000028f0
#
# JRE version: OpenJDK Runtime Environment (8.0_76-b03) (build 1.8.0_76-release-b03)
# Java VM: OpenJDK 64-Bit Server VM (25.76-b03 mixed mode windows-amd64 compressed oops)
# Failed to write core dump. Minidumps are not enabled by default on client versions of Windows
#

---------------  T H R E A D  ---------------

Current thread (0x00000000190bd000):  JavaThread "Daemon worker" [_thread_in_vm, id=10480, stack(0x000000001a5d0000,0x000000001a6d0000)]

Stack: [0x000000001a5d0000,0x000000001a6d0000]
[error occurred during error reporting (printing stack bounds), id 0xc0000005]

Native frames: (J=compiled Java code, j=interpreted, Vv=VM code, C=native code)

Java frames: (J=compiled Java code, j=interpreted, Vv=VM code)
J 647  java.lang.ClassLoader.defineClass1(Ljava/lang/String;[BIILjava/security/ProtectionDomain;Ljava/lang/String;)Ljava/lang/Class; (0 bytes) @ 0x0000000002df365f [0x0000000002df35c0+0x9f]
J 462 C1 java.lang.ClassLoader.defineClass(Ljava/lang/String;[BIILjava/security/ProtectionDomain;)Ljava/lang/Class; (43 bytes) @ 0x0000000002d58b64 [0x0000000002d58580+0x5e4]
J 370 C1 java.net.URLClassLoader.defineClass(Ljava/lang/String;Lsun/misc/Resource;)Ljava/lang/Class; (142 bytes) @ 0x0000000002cfa624 [0x0000000002cf8ac0+0x1b64]
J 306 C1 java.net.URLClassLoader$1.run()Ljava/lang/Class; (63 bytes) @ 0x0000000002cc682c [0x0000000002cc6560+0x2cc]
J 305 C1 java.net.URLClassLoader$1.run()Ljava/lang/Object; (5 bytes) @ 0x0000000002cc6f4c [0x0000000002cc6ec0+0x8c]
v  ~StubRoutines::call_stub
J 304  java.security.AccessController.doPrivileged(Ljava/security/PrivilegedExceptionAction;Ljava/security/AccessControlContext;)Ljava/lang/Object; (0 bytes) @ 0x0000000002cc72e6 [0x0000000002cc7280+0x66]
J 260 C1 java.net.URLClassLoader.findClass(Ljava/lang/String;)Ljava/lang/Class; (47 bytes) @ 0x0000000002cb1244 [0x0000000002cb10c0+0x184]
J 210 C1 java.lang.ClassLoader.loadClass(Ljava/lang/String;Z)Ljava/lang/Class; (122 bytes) @ 0x0000000002c957ac [0x0000000002c94e40+0x96c]
J 298 C1 java.lang.ClassLoader.loadClass(Ljava/lang/String;)Ljava/lang/Class; (7 bytes) @ 0x0000000002cc368c [0x0000000002cc3580+0x10c]
v  ~StubRoutines::call_stub
j  org.gradle.launcher.daemon.protocol.Build.getBuildRequestMetaData()Lorg/gradle/initialization/BuildRequestMetaData;+0
j  org.gradle.launcher.daemon.server.exec.ExecuteBuild.doBuild(Lorg/gradle/launcher/daemon/server/api/DaemonCommandExecution;Lorg/gradle/launcher/daemon/protocol/Build;)V+39
j  org.gradle.launcher.daemon.server.exec.BuildCommandOnly.execute(Lorg/gradle/launcher/daemon/server/api/DaemonCommandExecution;)V+49
j  org.gradle.launcher.daemon.server.api.DaemonCommandExecution.proceed()Z+28
j  org.gradle.launcher.daemon.server.exec.WatchForDisconnection.execute(Lorg/gradle/launcher/daemon/server/api/DaemonCommandExecution;)V+19
j  org.gradle.launcher.daemon.server.api.DaemonCommandExecution.proceed()Z+28
j  org.gradle.launcher.daemon.server.exec.ResetDeprecationLogger.execute(Lorg/gradle/launcher/daemon/server/api/DaemonCommandExecution;)V+4
j  org.gradle.launcher.daemon.server.api.DaemonCommandExecution.proceed()Z+28
j  org.gradle.launcher.daemon.server.exec.RequestStopIfSingleUsedDaemon.execute(Lorg/gradle/launcher/daemon/server/api/DaemonCommandExecution;)V+31
j  org.gradle.launcher.daemon.server.api.DaemonCommandExecution.proceed()Z+28
j  org.gradle.launcher.daemon.server.exec.ForwardClientInput$2.call()Ljava/lang/Void;+4
j  org.gradle.launcher.daemon.server.exec.ForwardClientInput$2.call()Ljava/lang/Object;+1
j  org.gradle.util.Swapper.swap(Ljava/lang/Object;Ljava/util/concurrent/Callable;)Ljava/lang/Object;+21
j  org.gradle.launcher.daemon.server.exec.ForwardClientInput.execute(Lorg/gradle/launcher/daemon/server/api/DaemonCommandExecution;)V+63
j  org.gradle.launcher.daemon.server.api.DaemonCommandExecution.proceed()Z+28
j  org.gradle.launcher.daemon.server.health.DaemonHealthTracker.execute(Lorg/gradle/launcher/daemon/server/api/DaemonCommandExecution;)V+35
j  org.gradle.launcher.daemon.server.api.DaemonCommandExecution.proceed()Z+28
j  org.gradle.launcher.daemon.server.exec.LogToClient.doBuild(Lorg/gradle/launcher/daemon/server/api/DaemonCommandExecution;Lorg/gradle/launcher/daemon/protocol/Build;)V+87
j  org.gradle.launcher.daemon.server.exec.BuildCommandOnly.execute(Lorg/gradle/launcher/daemon/server/api/DaemonCommandExecution;)V+49
j  org.gradle.launcher.daemon.server.api.DaemonCommandExecution.proceed()Z+28
j  org.gradle.launcher.daemon.server.exec.EstablishBuildEnvironment.doBuild(Lorg/gradle/launcher/daemon/server/api/DaemonCommandExecution;Lorg/gradle/launcher/daemon/protocol/Build;)V+279
j  org.gradle.launcher.daemon.server.exec.BuildCommandOnly.execute(Lorg/gradle/launcher/daemon/server/api/DaemonCommandExecution;)V+49
j  org.gradle.launcher.daemon.server.api.DaemonCommandExecution.proceed()Z+28
j  org.gradle.launcher.daemon.server.health.HintGCAfterBuild.execute(Lorg/gradle/launcher/daemon/server/api/DaemonCommandExecution;)V+1
j  org.gradle.launcher.daemon.server.api.DaemonCommandExecution.proceed()Z+28
j  org.gradle.launcher.daemon.server.exec.StartBuildOrRespondWithBusy$1.run()V+44
j  org.gradle.launcher.daemon.server.DaemonStateCoordinator$1.run()V+4
j  org.gradle.internal.concurrent.ExecutorPolicy$CatchAndRecordFailures.onExecute(Ljava/lang/Runnable;)V+1
j  org.gradle.internal.concurrent.StoppableExecutorImpl$1.run()V+25
j  java.util.concurrent.ThreadPoolExecutor.runWorker(Ljava/util/concurrent/ThreadPoolExecutor$Worker;)V+95
j  java.util.concurrent.ThreadPoolExecutor$Worker.run()V+5
j  java.lang.Thread.run()V+11
v  ~StubRoutines::call_stub

---------------  P R O C E S S  ---------------

Java Threads: ( => current thread )
  0x00000000190b7800 JavaThread "Stdin handler" [_thread_new, id=7416, stack(0x0000000000000000,0x0000000000000000)]
  0x0000000018f8d000 JavaThread "Asynchronous log dispatcher for org.gradle.launcher.daemon.server.DefaultDaemonConnection@7e436948" [_thread_new, id=11424, stack(0x000000001a9d0000,0x000000001a9d0000)]
=>0x00000000190bd000 JavaThread "Daemon worker" [_thread_in_vm, id=10480, stack(0x000000001a5d0000,0x000000001a6d0000)]
  0x0000000018ef3800 JavaThread "Cancel handler" [_thread_blocked, id=4236, stack(0x000000001a4d0000,0x000000001a5d0000)]
  0x0000000019024800 JavaThread "Handler for socket connection from /127.0.0.1:54695 to /127.0.0.1:54696" [_thread_in_native, id=10564, stack(0x000000001a3d0000,0x000000001a4d0000)]
  0x0000000019024000 JavaThread "Daemon" [_thread_blocked, id=12072, stack(0x000000001a2d0000,0x000000001a3d0000)]
  0x0000000018eb9000 JavaThread "pool-1-thread-1" [_thread_blocked, id=9152, stack(0x000000001a1d0000,0x000000001a2d0000)]
  0x0000000018f8e000 JavaThread "Incoming local TCP Connector on port 54695" [_thread_in_native, id=6496, stack(0x0000000019df0000,0x0000000019ef0000)]
  0x0000000017cee000 JavaThread "Service Thread" daemon [_thread_blocked, id=7564, stack(0x00000000180e0000,0x00000000181e0000)]
  0x0000000016493800 JavaThread "C1 CompilerThread2" daemon [_thread_blocked, id=2004, stack(0x0000000017be0000,0x0000000017ce0000)]
  0x000000001648a000 JavaThread "C2 CompilerThread1" daemon [_thread_blocked, id=10476, stack(0x0000000017ae0000,0x0000000017be0000)]
  0x000000001649b800 JavaThread "C2 CompilerThread0" daemon [_thread_in_native, id=10228, stack(0x00000000179e0000,0x0000000017ae0000)]
  0x000000001649a000 JavaThread "Attach Listener" daemon [_thread_blocked, id=8556, stack(0x00000000178e0000,0x00000000179e0000)]
  0x0000000016499000 JavaThread "Signal Dispatcher" daemon [_thread_blocked, id=8932, stack(0x00000000177e0000,0x00000000178e0000)]
  0x0000000016478800 JavaThread "Finalizer" daemon [_thread_blocked, id=2172, stack(0x00000000176e0000,0x00000000177e0000)]
  0x0000000002b12800 JavaThread "Reference Handler" daemon [_thread_blocked, id=12128, stack(0x00000000175e0000,0x00000000176e0000)]
  0x0000000002a22800 JavaThread "main" [_thread_blocked, id=1464, stack(0x0000000002920000,0x0000000002a20000)]

Other Threads:
  0x0000000016454800 VMThread [stack: 0x00000000174e0000,0x00000000175e0000] [id=8428]
  0x0000000017ce4000 WatcherThread [stack: 0x00000000181e0000,0x00000000182e0000] [id=5672]

VM state:not at safepoint (normal execution)

VM Mutex/Monitor currently owned by a thread: None

Heap:
 PSYoungGen      total 18944K, used 5669K [0x00000000e0000000, 0x00000000e2500000, 0x0000000100000000)
  eden space 16384K, 19% used [0x00000000e0000000,0x00000000e03115a8,0x00000000e1000000)
  from space 2560K, 98% used [0x00000000e1000000,0x00000000e1278020,0x00000000e1280000)
  to   space 2560K, 0% used [0x00000000e2280000,0x00000000e2280000,0x00000000e2500000)
 ParOldGen       total 44032K, used 2005K [0x00000000a0000000, 0x00000000a2b00000, 0x00000000e0000000)
  object space 44032K, 4% used [0x00000000a0000000,0x00000000a01f5780,0x00000000a2b00000)
 Metaspace       used 11591K, capacity 11994K, committed 12160K, reserved 1060864K
  class space    used 1482K, capacity 1599K, committed 1664K, reserved 1048576K

Card table byte_map: [0x0000000011ee0000,0x00000000121f0000] byte_map_base: 0x00000000119e0000

Marking Bits: (ParMarkBitMap*) 0x0000000056069d00
 Begin Bits: [0x00000000127f0000, 0x0000000013ff0000)
 End Bits:   [0x0000000013ff0000, 0x00000000157f0000)

Polling page: 0x0000000001000000

CodeCache: size=245760Kb used=4688Kb max_used=4692Kb free=241071Kb
 bounds [0x0000000002b20000, 0x0000000002fc0000, 0x0000000011b20000]
 total_blobs=1675 nmethods=1321 adapters=268
 compilation: enabled

Compilation events (10 events):
Event: 4.765 Thread 0x0000000016493800 1317       3       java.text.SimpleDateFormat::compile (678 bytes)
Event: 4.767 Thread 0x000000001648a000 nmethod 1314 0x0000000002fa7450 code [0x0000000002fa75e0, 0x0000000002fa7b18]
Event: 4.772 Thread 0x0000000016493800 nmethod 1317 0x0000000002fadcd0 code [0x0000000002fae300, 0x0000000002fb3058]
Event: 4.832 Thread 0x0000000016493800 1318       3       java.util.regex.Matcher::search (109 bytes)
Event: 4.832 Thread 0x0000000016493800 nmethod 1318 0x0000000002fad5d0 code [0x0000000002fad760, 0x0000000002fadb68]
Event: 4.834 Thread 0x000000001648a000 1319       4       java.util.zip.Inflater::ensureOpen (47 bytes)
Event: 4.835 Thread 0x000000001648a000 nmethod 1319 0x0000000002fa6fd0 code [0x0000000002fa7100, 0x0000000002fa7198]
Event: 4.855 Thread 0x0000000016493800 1320       3       java.util.regex.Pattern$GroupHead::match (47 bytes)
Event: 4.855 Thread 0x0000000016493800 nmethod 1320 0x0000000002fb7ad0 code [0x0000000002fb7c40, 0x0000000002fb7ee8]
Event: 4.855 Thread 0x0000000016493800 1321       3       java.util.regex.Matcher::group (112 bytes)

GC Heap History (6 events):
Event: 1.053 GC heap before
{Heap before GC invocations=1 (full 0):
 PSYoungGen      total 18944K, used 16384K [0x00000000e0000000, 0x00000000e1500000, 0x0000000100000000)
  eden space 16384K, 100% used [0x00000000e0000000,0x00000000e1000000,0x00000000e1000000)
  from space 2560K, 0% used [0x00000000e1280000,0x00000000e1280000,0x00000000e1500000)
  to   space 2560K, 0% used [0x00000000e1000000,0x00000000e1000000,0x00000000e1280000)
 ParOldGen       total 44032K, used 0K [0x00000000a0000000, 0x00000000a2b00000, 0x00000000e0000000)
  object space 44032K, 0% used [0x00000000a0000000,0x00000000a0000000,0x00000000a2b00000)
 Metaspace       used 5578K, capacity 6168K, committed 6400K, reserved 1056768K
  class space    used 701K, capacity 760K, committed 768K, reserved 1048576K
Event: 1.059 GC heap after
Heap after GC invocations=1 (full 0):
 PSYoungGen      total 18944K, used 2555K [0x00000000e0000000, 0x00000000e1500000, 0x0000000100000000)
  eden space 16384K, 0% used [0x00000000e0000000,0x00000000e0000000,0x00000000e1000000)
  from space 2560K, 99% used [0x00000000e1000000,0x00000000e127edb0,0x00000000e1280000)
  to   space 2560K, 0% used [0x00000000e1280000,0x00000000e1280000,0x00000000e1500000)
 ParOldGen       total 44032K, used 456K [0x00000000a0000000, 0x00000000a2b00000, 0x00000000e0000000)
  object space 44032K, 1% used [0x00000000a0000000,0x00000000a00722f0,0x00000000a2b00000)
 Metaspace       used 5578K, capacity 6168K, committed 6400K, reserved 1056768K
  class space    used 701K, capacity 760K, committed 768K, reserved 1048576K
}
Event: 2.271 GC heap before
{Heap before GC invocations=2 (full 0):
 PSYoungGen      total 18944K, used 18939K [0x00000000e0000000, 0x00000000e1500000, 0x0000000100000000)
  eden space 16384K, 100% used [0x00000000e0000000,0x00000000e1000000,0x00000000e1000000)
  from space 2560K, 99% used [0x00000000e1000000,0x00000000e127edb0,0x00000000e1280000)
  to   space 2560K, 0% used [0x00000000e1280000,0x00000000e1280000,0x00000000e1500000)
 ParOldGen       total 44032K, used 456K [0x00000000a0000000, 0x00000000a2b00000, 0x00000000e0000000)
  object space 44032K, 1% used [0x00000000a0000000,0x00000000a00722f0,0x00000000a2b00000)
 Metaspace       used 5880K, capacity 6416K, committed 6528K, reserved 1056768K
  class space    used 749K, capacity 800K, committed 896K, reserved 1048576K
Event: 2.354 GC heap after
Heap after GC invocations=2 (full 0):
 PSYoungGen      total 18944K, used 2048K [0x00000000e0000000, 0x00000000e2500000, 0x0000000100000000)
  eden space 16384K, 0% used [0x00000000e0000000,0x00000000e0000000,0x00000000e1000000)
  from space 2560K, 80% used [0x00000000e1280000,0x00000000e1480020,0x00000000e1500000)
  to   space 2560K, 0% used [0x00000000e1000000,0x00000000e1000000,0x00000000e1280000)
 ParOldGen       total 44032K, used 456K [0x00000000a0000000, 0x00000000a2b00000, 0x00000000e0000000)
  object space 44032K, 1% used [0x00000000a0000000,0x00000000a00722f0,0x00000000a2b00000)
 Metaspace       used 5880K, capacity 6416K, committed 6528K, reserved 1056768K
  class space    used 749K, capacity 800K, committed 896K, reserved 1048576K
}
Event: 4.500 GC heap before
{Heap before GC invocations=3 (full 0):
 PSYoungGen      total 18944K, used 18432K [0x00000000e0000000, 0x00000000e2500000, 0x0000000100000000)
  eden space 16384K, 100% used [0x00000000e0000000,0x00000000e1000000,0x00000000e1000000)
  from space 2560K, 80% used [0x00000000e1280000,0x00000000e1480020,0x00000000e1500000)
  to   space 2560K, 0% used [0x00000000e1000000,0x00000000e1000000,0x00000000e1280000)
 ParOldGen       total 44032K, used 456K [0x00000000a0000000, 0x00000000a2b00000, 0x00000000e0000000)
  object space 44032K, 1% used [0x00000000a0000000,0x00000000a00722f0,0x00000000a2b00000)
 Metaspace       used 11179K, capacity 11552K, committed 11904K, reserved 1058816K
  class space    used 1422K, capacity 1552K, committed 1664K, reserved 1048576K
Event: 4.586 GC heap after
Heap after GC invocations=3 (full 0):
 PSYoungGen      total 18944K, used 2528K [0x00000000e0000000, 0x00000000e2500000, 0x0000000100000000)
  eden space 16384K, 0% used [0x00000000e0000000,0x00000000e0000000,0x00000000e1000000)
  from space 2560K, 98% used [0x00000000e1000000,0x00000000e1278020,0x00000000e1280000)
  to   space 2560K, 0% used [0x00000000e2280000,0x00000000e2280000,0x00000000e2500000)
 ParOldGen       total 44032K, used 2005K [0x00000000a0000000, 0x00000000a2b00000, 0x00000000e0000000)
  object space 44032K, 4% used [0x00000000a0000000,0x00000000a01f5780,0x00000000a2b00000)
 Metaspace       used 11179K, capacity 11552K, committed 11904K, reserved 1058816K
  class space    used 1422K, capacity 1552K, committed 1664K, reserved 1048576K
}

Deoptimization events (10 events):
Event: 2.395 Thread 0x0000000002a22800 Uncommon trap: reason=class_check action=maybe_recompile pc=0x0000000002d7821c method=java.util.regex.Matcher.match(II)Z @ 86
Event: 2.395 Thread 0x0000000002a22800 Uncommon trap: reason=bimorphic action=maybe_recompile pc=0x0000000002d782e0 method=java.util.regex.Pattern$Slice.match(Ljava/util/regex/Matcher;ILjava/lang/CharSequence;)Z @ 75
Event: 2.596 Thread 0x0000000002a22800 Uncommon trap: reason=class_check action=maybe_recompile pc=0x0000000002d7821c method=java.util.regex.Matcher.match(II)Z @ 86
Event: 2.820 Thread 0x0000000002a22800 Uncommon trap: reason=unstable_if action=reinterpret pc=0x0000000002ddec10 method=java.util.HashMap.getNode(ILjava/lang/Object;)Ljava/util/HashMap$Node; @ 129
Event: 2.820 Thread 0x0000000002a22800 Uncommon trap: reason=bimorphic action=maybe_recompile pc=0x0000000002e05208 method=java.util.HashMap.putVal(ILjava/lang/Object;Ljava/lang/Object;ZZ)Ljava/lang/Object; @ 203
Event: 3.029 Thread 0x0000000002a22800 Uncommon trap: reason=unstable_if action=reinterpret pc=0x0000000002de7d78 method=java.io.WinNTFileSystem.normalize(Ljava/lang/String;II)Ljava/lang/String; @ 90
Event: 3.146 Thread 0x0000000002a22800 Uncommon trap: reason=unstable_if action=reinterpret pc=0x0000000002e297d0 method=java.lang.String.substring(I)Ljava/lang/String; @ 35
Event: 4.741 Thread 0x00000000190bd000 Uncommon trap: reason=bimorphic action=maybe_recompile pc=0x0000000002e051d8 method=java.util.HashMap.putVal(ILjava/lang/Object;Ljava/lang/Object;ZZ)Ljava/lang/Object; @ 253
Event: 4.742 Thread 0x00000000190bd000 Uncommon trap: reason=bimorphic action=maybe_recompile pc=0x0000000002e051d8 method=java.util.HashMap.putVal(ILjava/lang/Object;Ljava/lang/Object;ZZ)Ljava/lang/Object; @ 253
Event: 4.742 Thread 0x00000000190bd000 Uncommon trap: reason=bimorphic action=maybe_recompile pc=0x0000000002d958b0 method=java.util.HashMap.putVal(ILjava/lang/Object;Ljava/lang/Object;ZZ)Ljava/lang/Object; @ 91

Internal exceptions (10 events):
Event: 4.496 Thread 0x0000000019024800 Exception <a 'java/lang/NoSuchMethodError': <clinit>> (0x00000000e0fe4618) thrown at [C:\src\android\AOSP-openjdk\external\jetbrains\jdk\hotspot\src\share\vm\prims\jni.cpp, line 1591]
Event: 4.498 Thread 0x0000000019024800 Exception <a 'java/lang/NoSuchMethodError': <clinit>> (0x00000000e0fef1a0) thrown at [C:\src\android\AOSP-openjdk\external\jetbrains\jdk\hotspot\src\share\vm\prims\jni.cpp, line 1591]
Event: 4.499 Thread 0x0000000019024800 Exception <a 'java/lang/NoSuchMethodError': <clinit>> (0x00000000e0ff7e70) thrown at [C:\src\android\AOSP-openjdk\external\jetbrains\jdk\hotspot\src\share\vm\prims\jni.cpp, line 1591]
Event: 4.595 Thread 0x0000000019024800 Exception <a 'java/lang/NoSuchMethodError': <clinit>> (0x00000000e0015cb8) thrown at [C:\src\android\AOSP-openjdk\external\jetbrains\jdk\hotspot\src\share\vm\prims\jni.cpp, line 1591]
Event: 4.597 Thread 0x0000000019024800 Exception <a 'java/lang/NoSuchMethodError': <clinit>> (0x00000000e0026eb0) thrown at [C:\src\android\AOSP-openjdk\external\jetbrains\jdk\hotspot\src\share\vm\prims\jni.cpp, line 1591]
Event: 4.610 Thread 0x0000000019024800 Exception <a 'java/lang/NoSuchMethodError': <clinit>> (0x00000000e00a6bf8) thrown at [C:\src\android\AOSP-openjdk\external\jetbrains\jdk\hotspot\src\share\vm\prims\jni.cpp, line 1591]
Event: 4.613 Thread 0x0000000019024800 Exception <a 'java/lang/NoSuchMethodError': <clinit>> (0x00000000e00b7b60) thrown at [C:\src\android\AOSP-openjdk\external\jetbrains\jdk\hotspot\src\share\vm\prims\jni.cpp, line 1591]
Event: 4.618 Thread 0x0000000019024800 Exception <a 'java/lang/NoSuchMethodError': <clinit>> (0x00000000e00e2960) thrown at [C:\src\android\AOSP-openjdk\external\jetbrains\jdk\hotspot\src\share\vm\prims\jni.cpp, line 1591]
Event: 4.722 Thread 0x00000000190bd000 Exception <a 'java/lang/NoSuchMethodError': <clinit>> (0x00000000e0231140) thrown at [C:\src\android\AOSP-openjdk\external\jetbrains\jdk\hotspot\src\share\vm\prims\jni.cpp, line 1591]
Event: 4.723 Thread 0x00000000190bd000 Exception <a 'java/lang/NoSuchMethodError': <clinit>> (0x00000000e0239360) thrown at [C:\src\android\AOSP-openjdk\external\jetbrains\jdk\hotspot\src\share\vm\prims\jni.cpp, line 1591]

Events (10 events):
Event: 4.852 loading class org/gradle/internal/featurelifecycle/DeprecatedFeatureHandler
Event: 4.852 loading class org/gradle/internal/featurelifecycle/DeprecatedFeatureHandler done
Event: 4.853 loading class org/gradle/internal/featurelifecycle/LoggingDeprecatedFeatureHandler$1
Event: 4.853 loading class org/gradle/internal/featurelifecycle/LoggingDeprecatedFeatureHandler$1 done
Event: 4.853 loading class org/gradle/launcher/daemon/server/exec/WatchForDisconnection$1
Event: 4.854 loading class org/gradle/launcher/daemon/server/exec/WatchForDisconnection$1 done
Event: 4.855 loading class org/gradle/initialization/DefaultBuildRequestContext
Event: 4.855 loading class org/gradle/initialization/DefaultBuildRequestContext done
Event: 4.856 loading class org/gradle/initialization/DefaultBuildRequestMetaData
Event: 4.856 loading class org/gradle/initialization/DefaultBuildRequestMetaData done


Dynamic libraries:
0x00007ff636780000 - 0x00007ff6367b1000 	C:\Program Files\Android\Android Studio2\jre\bin\java.exe
0x00007fff52050000 - 0x00007fff52211000 	C:\WINDOWS\SYSTEM32\ntdll.dll
0x00007fff51d50000 - 0x00007fff51dfd000 	C:\WINDOWS\system32\KERNEL32.DLL
0x00007fff4bbc0000 - 0x00007fff4bbf3000 	C:\Program Files\AVAST Software\Avast\x64\aswhooka.dll
0x00007fff4e960000 - 0x00007fff4eb48000 	C:\WINDOWS\system32\KERNELBASE.dll
0x00007fff4f450000 - 0x00007fff4f4f7000 	C:\WINDOWS\system32\ADVAPI32.dll
0x00007fff4fb30000 - 0x00007fff4fbcd000 	C:\WINDOWS\system32\msvcrt.dll
0x00007fff51c20000 - 0x00007fff51c7b000 	C:\WINDOWS\system32\sechost.dll
0x00007fff4fbd0000 - 0x00007fff4fcec000 	C:\WINDOWS\system32\RPCRT4.dll
0x00007fff4fcf0000 - 0x00007fff4fe46000 	C:\WINDOWS\system32\USER32.dll
0x00007fff51ec0000 - 0x00007fff52046000 	C:\WINDOWS\system32\GDI32.dll
0x00007fff46dd0000 - 0x00007fff47044000 	C:\WINDOWS\WinSxS\amd64_microsoft.windows.common-controls_6595b64144ccf1df_6.0.10586.672_none_a2d6b3cea53ff843\COMCTL32.dll
0x00007fff4f6f0000 - 0x00007fff4f96d000 	C:\WINDOWS\system32\combase.dll
0x00007fff4f1f0000 - 0x00007fff4f25a000 	C:\WINDOWS\system32\bcryptPrimitives.dll
0x00007fff4f500000 - 0x00007fff4f53b000 	C:\WINDOWS\system32\IMM32.DLL
0x0000000056390000 - 0x0000000056462000 	C:\Program Files\Android\Android Studio2\jre\jre\bin\msvcr100.dll
0x00000000558b0000 - 0x00000000560e4000 	C:\Program Files\Android\Android Studio2\jre\jre\bin\server\jvm.dll
0x00007fff50120000 - 0x00007fff50128000 	C:\WINDOWS\system32\PSAPI.DLL
0x00007fff407f0000 - 0x00007fff407f9000 	C:\WINDOWS\SYSTEM32\WSOCK32.dll
0x00007fff500b0000 - 0x00007fff5011b000 	C:\WINDOWS\system32\WS2_32.dll
0x00007fff4c8d0000 - 0x00007fff4c8f3000 	C:\WINDOWS\SYSTEM32\WINMM.dll
0x00007fff48210000 - 0x00007fff4821a000 	C:\WINDOWS\SYSTEM32\VERSION.dll
0x00007fff4c870000 - 0x00007fff4c89c000 	C:\WINDOWS\SYSTEM32\WINMMBASE.dll
0x00007fff4eb50000 - 0x00007fff4eb93000 	C:\WINDOWS\system32\cfgmgr32.dll
0x00007fff48360000 - 0x00007fff4836f000 	C:\Program Files\Android\Android Studio2\jre\jre\bin\verify.dll
0x00007fff405f0000 - 0x00007fff40619000 	C:\Program Files\Android\Android Studio2\jre\jre\bin\java.dll
0x00007fff48340000 - 0x00007fff48356000 	C:\Program Files\Android\Android Studio2\jre\jre\bin\zip.dll
0x00007fff50290000 - 0x00007fff517ec000 	C:\WINDOWS\system32\SHELL32.dll
0x00007fff4eba0000 - 0x00007fff4f1e5000 	C:\WINDOWS\system32\windows.storage.dll
0x00007fff51e00000 - 0x00007fff51e52000 	C:\WINDOWS\system32\shlwapi.dll
0x00007fff4e680000 - 0x00007fff4e68f000 	C:\WINDOWS\system32\kernel.appcore.dll
0x00007fff4e790000 - 0x00007fff4e845000 	C:\WINDOWS\system32\shcore.dll
0x00007fff4e690000 - 0x00007fff4e6db000 	C:\WINDOWS\system32\powrprof.dll
0x00007fff4e6e0000 - 0x00007fff4e6f4000 	C:\WINDOWS\system32\profapi.dll
0x00007fff3f930000 - 0x00007fff3f94a000 	C:\Program Files\Android\Android Studio2\jre\jre\bin\net.dll
0x00007fff4dfa0000 - 0x00007fff4dffc000 	C:\WINDOWS\system32\mswsock.dll
0x00007fff3f910000 - 0x00007fff3f921000 	C:\Program Files\Android\Android Studio2\jre\jre\bin\nio.dll
0x00007fff3bad0000 - 0x00007fff3bae2000 	C:\Users\doha_\.gradle\native\19\windows-amd64\native-platform.dll
0x00007fff4e050000 - 0x00007fff4e067000 	C:\WINDOWS\SYSTEM32\CRYPTSP.dll
0x00007fff4dce0000 - 0x00007fff4dd14000 	C:\WINDOWS\system32\rsaenh.dll
0x00007fff4e270000 - 0x00007fff4e299000 	C:\WINDOWS\SYSTEM32\bcrypt.dll
0x00007fff4de30000 - 0x00007fff4de4f000 	C:\WINDOWS\SYSTEM32\USERENV.dll
0x00007fff4e170000 - 0x00007fff4e17b000 	C:\WINDOWS\SYSTEM32\CRYPTBASE.dll
0x00007fff4b130000 - 0x00007fff4b168000 	C:\WINDOWS\SYSTEM32\IPHLPAPI.DLL
0x00007fff4fa50000 - 0x00007fff4fa58000 	C:\WINDOWS\system32\NSI.dll
0x00007fff480e0000 - 0x00007fff480f6000 	C:\WINDOWS\SYSTEM32\dhcpcsvc6.DLL
0x00007fff487f0000 - 0x00007fff4880a000 	C:\WINDOWS\SYSTEM32\dhcpcsvc.DLL
0x00007fff3ea50000 - 0x00007fff3ea5d000 	C:\Program Files\Android\Android Studio2\jre\jre\bin\management.dll

VM Arguments:
jvm_args: -Xmx1536m -Dfile.encoding=windows-1252 -Duser.country=US -Duser.language=en -Duser.variant 
java_command: org.gradle.launcher.daemon.bootstrap.GradleDaemon 2.14.1
java_class_path (initial): C:\Program Files\Android\Android Studio2\gradle\gradle-2.14.1\lib\gradle-launcher-2.14.1.jar
Launcher Type: SUN_STANDARD

Environment Variables:
PATH=C:\ProgramData\Oracle\Java\javapath;C:\Program Files (x86)\Intel\iCLS Client\;C:\Program Files\Intel\iCLS Client\;C:\WINDOWS\system32;C:\WINDOWS;C:\WINDOWS\System32\Wbem;C:\WINDOWS\System32\WindowsPowerShell\v1.0\;C:\Program Files (x86)\Intel\Intel(R) Management Engine Components\DAL;C:\Program Files\Intel\Intel(R) Management Engine Components\DAL;C:\Program Files (x86)\Intel\Intel(R) Management Engine Components\IPT;C:\Program Files\Intel\Intel(R) Management Engine Components\IPT;C:\Program Files (x86)\Microsoft SQL Server\Client SDK\ODBC\110\Tools\Binn\;C:\Program Files (x86)\Microsoft SQL Server\120\Tools\Binn\;C:\Program Files (x86)\Microsoft SQL Server\120\DTS\Binn\;C:\Program Files (x86)\Microsoft SQL Server\120\Tools\Binn\ManagementStudio\;C:\Program Files (x86)\NVIDIA Corporation\PhysX\Common;C:\Program Files\Microsoft\Web Platform Installer\;C:\Program Files (x86)\Microsoft ASP.NET\ASP.NET Web Pages\v1.0\;C:\Program Files (x86)\Windows Kits\8.0\Windows Performance Toolkit\;C:\Program Files\Microsoft SQL Server\110\Tools\Binn\;C:\WINDOWS\system32;C:\WINDOWS;C:\WINDOWS\System32\Wbem;C:\WINDOWS\System32\WindowsPowerShell\v1.0\;C:\Program Files\Anaconda3;C:\Program Files\Anaconda3\Scripts;C:\Program Files\Anaconda3\Library\bin;C:\Program Files (x86)\Skype\Phone\;C:\Program Files\OpenVPN\bin
USERNAME=doha_
OS=Windows_NT
PROCESSOR_IDENTIFIER=Intel64 Family 6 Model 69 Stepping 1, GenuineIntel



---------------  S Y S T E M  ---------------

OS: Windows 10.0 , 64 bit Build 10586 (10.0.10586.589)

CPU:total 4 (2 cores per cpu, 2 threads per core) family 6 model 69 stepping 1, cmov, cx8, fxsr, mmx, sse, sse2, sse3, ssse3, sse4.1, sse4.2, popcnt, avx, avx2, aes, clmul, erms, lzcnt, ht, tsc, tscinvbit, bmi1, bmi2

Memory: 4k page, physical 4095984k(597696k free), swap 5626196k(1080k free)

vm_info: OpenJDK 64-Bit Server VM (25.76-b03) for windows-amd64 JRE (1.8.0_76-release-b03), built on Jun 29 2016 19:09:20 by "ralucas" with MS VC++ 10.0 (VS2010)

time: Fri Apr 14 16:46:11 2017
elapsed time: 4 seconds (0d 0h 0m 4s)

