#
# There is insufficient memory for the Java Runtime Environment to continue.
# Native memory allocation (malloc) failed to allocate 1806352 bytes for Chunk::new
# Possible reasons:
#   The system is out of physical RAM or swap space
#   In 32 bit mode, the process size limit was hit
# Possible solutions:
#   Reduce memory load on the system
#   Increase physical memory or swap space
#   Check if swap backing store is full
#   Use 64 bit Java on a 64 bit OS
#   Decrease Java heap size (-Xmx/-Xms)
#   Decrease number of Java threads
#   Decrease Java thread stack sizes (-Xss)
#   Set larger code cache with -XX:ReservedCodeCacheSize=
# This output file may be truncated or incomplete.
#
#  Out of Memory Error (allocation.cpp:390), pid=10632, tid=0x0000000000001f7c
#
# JRE version: OpenJDK Runtime Environment (8.0_76-b03) (build 1.8.0_76-release-b03)
# Java VM: OpenJDK 64-Bit Server VM (25.76-b03 mixed mode windows-amd64 compressed oops)
# Failed to write core dump. Minidumps are not enabled by default on client versions of Windows
#

---------------  T H R E A D  ---------------

Current thread (0x00000000168be800):  JavaThread "C2 CompilerThread1" daemon [_thread_in_native, id=8060, stack(0x0000000017fa0000,0x00000000180a0000)]

Stack: [0x0000000017fa0000,0x00000000180a0000]
[error occurred during error reporting (printing stack bounds), id 0xc0000005]

Native frames: (J=compiled Java code, j=interpreted, Vv=VM code, C=native code)


Current CompileTask:
C2:  12487 1594   !   4       java.net.URLClassLoader$1::run (63 bytes)


---------------  P R O C E S S  ---------------

Java Threads: ( => current thread )
  0x0000000019e05000 JavaThread "File lock request listener" [_thread_in_native, id=10808, stack(0x000000001d410000,0x000000001d510000)]
  0x0000000019337000 JavaThread "Stdin handler" [_thread_blocked, id=10940, stack(0x000000001af70000,0x000000001b070000)]
  0x0000000019336000 JavaThread "Asynchronous log dispatcher for org.gradle.launcher.daemon.server.DefaultDaemonConnection@75def700" [_thread_in_native, id=9180, stack(0x000000001ae70000,0x000000001af70000)]
  0x000000001952f800 JavaThread "Daemon worker" [_thread_in_Java, id=4364, stack(0x000000001ab70000,0x000000001ac70000)]
  0x000000001953d000 JavaThread "Cancel handler" [_thread_blocked, id=4696, stack(0x000000001aa70000,0x000000001ab70000)]
  0x0000000018917000 JavaThread "Handler for socket connection from /127.0.0.1:51405 to /127.0.0.1:51406" [_thread_in_native, id=9984, stack(0x000000001a970000,0x000000001aa70000)]
  0x0000000018916800 JavaThread "Daemon" [_thread_blocked, id=8220, stack(0x000000001a870000,0x000000001a970000)]
  0x00000000192e7800 JavaThread "pool-1-thread-1" [_thread_blocked, id=2424, stack(0x000000001a770000,0x000000001a870000)]
  0x0000000018afc000 JavaThread "Incoming local TCP Connector on port 51405" [_thread_in_native, id=11228, stack(0x000000001a390000,0x000000001a490000)]
  0x00000000181a3000 JavaThread "Service Thread" daemon [_thread_blocked, id=10820, stack(0x00000000185a0000,0x00000000186a0000)]
  0x00000000168ca000 JavaThread "C1 CompilerThread2" daemon [_thread_blocked, id=5624, stack(0x00000000180a0000,0x00000000181a0000)]
=>0x00000000168be800 JavaThread "C2 CompilerThread1" daemon [_thread_in_native, id=8060, stack(0x0000000017fa0000,0x00000000180a0000)]
  0x000000001687a000 JavaThread "C2 CompilerThread0" daemon [_thread_in_native, id=8604, stack(0x0000000017ea0000,0x0000000017fa0000)]
  0x0000000016878800 JavaThread "Attach Listener" daemon [_thread_blocked, id=9020, stack(0x0000000017da0000,0x0000000017ea0000)]
  0x0000000016877800 JavaThread "Signal Dispatcher" daemon [_thread_blocked, id=6792, stack(0x0000000017ca0000,0x0000000017da0000)]
  0x0000000016856800 JavaThread "Finalizer" daemon [_thread_blocked, id=5752, stack(0x0000000017ac0000,0x0000000017bc0000)]
  0x0000000002ef4000 JavaThread "Reference Handler" daemon [_thread_blocked, id=11116, stack(0x00000000179c0000,0x0000000017ac0000)]
  0x0000000002e02800 JavaThread "main" [_thread_blocked, id=4176, stack(0x0000000002c40000,0x0000000002d40000)]

Other Threads:
  0x0000000016834800 VMThread [stack: 0x00000000178c0000,0x00000000179c0000] [id=3340]
  0x00000000181a4800 WatcherThread [stack: 0x00000000186a0000,0x00000000187a0000] [id=7916]

VM state:not at safepoint (normal execution)

VM Mutex/Monitor currently owned by a thread: None

Heap:
 PSYoungGen      total 18944K, used 14639K [0x00000000e0000000, 0x00000000e2e00000, 0x0000000100000000)
  eden space 16384K, 73% used [0x00000000e0000000,0x00000000e0bcff08,0x00000000e1000000)
  from space 2560K, 99% used [0x00000000e1000000,0x00000000e127c030,0x00000000e1280000)
  to   space 7168K, 0% used [0x00000000e2700000,0x00000000e2700000,0x00000000e2e00000)
 ParOldGen       total 44032K, used 8034K [0x00000000a0000000, 0x00000000a2b00000, 0x00000000e0000000)
  object space 44032K, 18% used [0x00000000a0000000,0x00000000a07d8918,0x00000000a2b00000)
 Metaspace       used 18366K, capacity 18812K, committed 19072K, reserved 1064960K
  class space    used 2450K, capacity 2606K, committed 2688K, reserved 1048576K

Card table byte_map: [0x00000000122c0000,0x00000000125d0000] byte_map_base: 0x0000000011dc0000

Marking Bits: (ParMarkBitMap*) 0x0000000058459d00
 Begin Bits: [0x0000000012bd0000, 0x00000000143d0000)
 End Bits:   [0x00000000143d0000, 0x0000000015bd0000)

Polling page: 0x0000000002b40000

CodeCache: size=245760Kb used=5115Kb max_used=5451Kb free=240644Kb
 bounds [0x0000000002f00000, 0x0000000003460000, 0x0000000011f00000]
 total_blobs=1935 nmethods=1553 adapters=295
 compilation: enabled

Compilation events (10 events):
Event: 12.360 Thread 0x00000000168ca000 nmethod 1668 0x0000000003048450 code [0x00000000030485c0, 0x00000000030488a8]
Event: 12.438 Thread 0x00000000168ca000 1669       3       java.util.regex.Pattern$Branch::match (66 bytes)
Event: 12.440 Thread 0x00000000168ca000 nmethod 1669 0x000000000320e2d0 code [0x000000000320e460, 0x000000000320e938]
Event: 12.440 Thread 0x00000000168ca000 1670       3       java.util.regex.Pattern$Curly::match (86 bytes)
Event: 12.442 Thread 0x00000000168ca000 nmethod 1670 0x00000000030146d0 code [0x0000000003014880, 0x0000000003014e78]
Event: 12.454 Thread 0x00000000168ca000 1671       3       java.util.Hashtable$Enumerator::hasMoreElements (53 bytes)
Event: 12.455 Thread 0x00000000168ca000 nmethod 1671 0x0000000003064990 code [0x0000000003064b00, 0x0000000003064dd0]
Event: 12.455 Thread 0x00000000168ca000 1672       3       java.util.Hashtable$Enumerator::nextElement (111 bytes)
Event: 12.457 Thread 0x00000000168ca000 nmethod 1672 0x00000000030d4690 code [0x00000000030d4820, 0x00000000030d4c88]
Event: 12.457 Thread 0x00000000168ca000 1673       3       java.util.StringTokenizer::skipDelimiters (116 bytes)

GC Heap History (10 events):
Event: 3.370 GC heap before
{Heap before GC invocations=1 (full 0):
 PSYoungGen      total 18944K, used 16384K [0x00000000e0000000, 0x00000000e1500000, 0x0000000100000000)
  eden space 16384K, 100% used [0x00000000e0000000,0x00000000e1000000,0x00000000e1000000)
  from space 2560K, 0% used [0x00000000e1280000,0x00000000e1280000,0x00000000e1500000)
  to   space 2560K, 0% used [0x00000000e1000000,0x00000000e1000000,0x00000000e1280000)
 ParOldGen       total 44032K, used 0K [0x00000000a0000000, 0x00000000a2b00000, 0x00000000e0000000)
  object space 44032K, 0% used [0x00000000a0000000,0x00000000a0000000,0x00000000a2b00000)
 Metaspace       used 5584K, capacity 6168K, committed 6400K, reserved 1056768K
  class space    used 701K, capacity 760K, committed 768K, reserved 1048576K
Event: 3.384 GC heap after
Heap after GC invocations=1 (full 0):
 PSYoungGen      total 18944K, used 2540K [0x00000000e0000000, 0x00000000e1500000, 0x0000000100000000)
  eden space 16384K, 0% used [0x00000000e0000000,0x00000000e0000000,0x00000000e1000000)
  from space 2560K, 99% used [0x00000000e1000000,0x00000000e127b060,0x00000000e1280000)
  to   space 2560K, 0% used [0x00000000e1280000,0x00000000e1280000,0x00000000e1500000)
 ParOldGen       total 44032K, used 516K [0x00000000a0000000, 0x00000000a2b00000, 0x00000000e0000000)
  object space 44032K, 1% used [0x00000000a0000000,0x00000000a0081280,0x00000000a2b00000)
 Metaspace       used 5584K, capacity 6168K, committed 6400K, reserved 1056768K
  class space    used 701K, capacity 760K, committed 768K, reserved 1048576K
}
Event: 4.706 GC heap before
{Heap before GC invocations=2 (full 0):
 PSYoungGen      total 18944K, used 18924K [0x00000000e0000000, 0x00000000e1500000, 0x0000000100000000)
  eden space 16384K, 100% used [0x00000000e0000000,0x00000000e1000000,0x00000000e1000000)
  from space 2560K, 99% used [0x00000000e1000000,0x00000000e127b060,0x00000000e1280000)
  to   space 2560K, 0% used [0x00000000e1280000,0x00000000e1280000,0x00000000e1500000)
 ParOldGen       total 44032K, used 516K [0x00000000a0000000, 0x00000000a2b00000, 0x00000000e0000000)
  object space 44032K, 1% used [0x00000000a0000000,0x00000000a0081280,0x00000000a2b00000)
 Metaspace       used 5881K, capacity 6416K, committed 6528K, reserved 1056768K
  class space    used 749K, capacity 800K, committed 896K, reserved 1048576K
Event: 4.730 GC heap after
Heap after GC invocations=2 (full 0):
 PSYoungGen      total 18944K, used 2060K [0x00000000e0000000, 0x00000000e2500000, 0x0000000100000000)
  eden space 16384K, 0% used [0x00000000e0000000,0x00000000e0000000,0x00000000e1000000)
  from space 2560K, 80% used [0x00000000e1280000,0x00000000e14832a0,0x00000000e1500000)
  to   space 2560K, 0% used [0x00000000e1000000,0x00000000e1000000,0x00000000e1280000)
 ParOldGen       total 44032K, used 524K [0x00000000a0000000, 0x00000000a2b00000, 0x00000000e0000000)
  object space 44032K, 1% used [0x00000000a0000000,0x00000000a0083280,0x00000000a2b00000)
 Metaspace       used 5881K, capacity 6416K, committed 6528K, reserved 1056768K
  class space    used 749K, capacity 800K, committed 896K, reserved 1048576K
}
Event: 7.909 GC heap before
{Heap before GC invocations=3 (full 0):
 PSYoungGen      total 18944K, used 18444K [0x00000000e0000000, 0x00000000e2500000, 0x0000000100000000)
  eden space 16384K, 100% used [0x00000000e0000000,0x00000000e1000000,0x00000000e1000000)
  from space 2560K, 80% used [0x00000000e1280000,0x00000000e14832a0,0x00000000e1500000)
  to   space 2560K, 0% used [0x00000000e1000000,0x00000000e1000000,0x00000000e1280000)
 ParOldGen       total 44032K, used 524K [0x00000000a0000000, 0x00000000a2b00000, 0x00000000e0000000)
  object space 44032K, 1% used [0x00000000a0000000,0x00000000a0083280,0x00000000a2b00000)
 Metaspace       used 11107K, capacity 11482K, committed 11648K, reserved 1058816K
  class space    used 1424K, capacity 1551K, committed 1664K, reserved 1048576K
Event: 7.931 GC heap after
Heap after GC invocations=3 (full 0):
 PSYoungGen      total 18944K, used 2544K [0x00000000e0000000, 0x00000000e1500000, 0x0000000100000000)
  eden space 16384K, 0% used [0x00000000e0000000,0x00000000e0000000,0x00000000e1000000)
  from space 2560K, 99% used [0x00000000e1000000,0x00000000e127c030,0x00000000e1280000)
  to   space 2560K, 0% used [0x00000000e1280000,0x00000000e1280000,0x00000000e1500000)
 ParOldGen       total 44032K, used 2085K [0x00000000a0000000, 0x00000000a2b00000, 0x00000000e0000000)
  object space 44032K, 4% used [0x00000000a0000000,0x00000000a0209530,0x00000000a2b00000)
 Metaspace       used 11107K, capacity 11482K, committed 11648K, reserved 1058816K
  class space    used 1424K, capacity 1551K, committed 1664K, reserved 1048576K
}
Event: 8.919 GC heap before
{Heap before GC invocations=4 (full 0):
 PSYoungGen      total 18944K, used 18928K [0x00000000e0000000, 0x00000000e1500000, 0x0000000100000000)
  eden space 16384K, 100% used [0x00000000e0000000,0x00000000e1000000,0x00000000e1000000)
  from space 2560K, 99% used [0x00000000e1000000,0x00000000e127c030,0x00000000e1280000)
  to   space 2560K, 0% used [0x00000000e1280000,0x00000000e1280000,0x00000000e1500000)
 ParOldGen       total 44032K, used 2085K [0x00000000a0000000, 0x00000000a2b00000, 0x00000000e0000000)
  object space 44032K, 4% used [0x00000000a0000000,0x00000000a0209530,0x00000000a2b00000)
 Metaspace       used 12828K, capacity 13230K, committed 13440K, reserved 1060864K
  class space    used 1713K, capacity 1821K, committed 1920K, reserved 1048576K
Event: 8.936 GC heap after
Heap after GC invocations=4 (full 0):
 PSYoungGen      total 18944K, used 2544K [0x00000000e0000000, 0x00000000e2500000, 0x0000000100000000)
  eden space 16384K, 0% used [0x00000000e0000000,0x00000000e0000000,0x00000000e1000000)
  from space 2560K, 99% used [0x00000000e1280000,0x00000000e14fc010,0x00000000e1500000)
  to   space 2560K, 0% used [0x00000000e1000000,0x00000000e1000000,0x00000000e1280000)
 ParOldGen       total 44032K, used 4085K [0x00000000a0000000, 0x00000000a2b00000, 0x00000000e0000000)
  object space 44032K, 9% used [0x00000000a0000000,0x00000000a03fd518,0x00000000a2b00000)
 Metaspace       used 12828K, capacity 13230K, committed 13440K, reserved 1060864K
  class space    used 1713K, capacity 1821K, committed 1920K, reserved 1048576K
}
Event: 10.511 GC heap before
{Heap before GC invocations=5 (full 0):
 PSYoungGen      total 18944K, used 18928K [0x00000000e0000000, 0x00000000e2500000, 0x0000000100000000)
  eden space 16384K, 100% used [0x00000000e0000000,0x00000000e1000000,0x00000000e1000000)
  from space 2560K, 99% used [0x00000000e1280000,0x00000000e14fc010,0x00000000e1500000)
  to   space 2560K, 0% used [0x00000000e1000000,0x00000000e1000000,0x00000000e1280000)
 ParOldGen       total 44032K, used 4085K [0x00000000a0000000, 0x00000000a2b00000, 0x00000000e0000000)
  object space 44032K, 9% used [0x00000000a0000000,0x00000000a03fd518,0x00000000a2b00000)
 Metaspace       used 16939K, capacity 17326K, committed 17536K, reserved 1064960K
  class space    used 2206K, capacity 2333K, committed 2432K, reserved 1048576K
Event: 10.534 GC heap after
Heap after GC invocations=5 (full 0):
 PSYoungGen      total 18944K, used 2544K [0x00000000e0000000, 0x00000000e2e00000, 0x0000000100000000)
  eden space 16384K, 0% used [0x00000000e0000000,0x00000000e0000000,0x00000000e1000000)
  from space 2560K, 99% used [0x00000000e1000000,0x00000000e127c030,0x00000000e1280000)
  to   space 7168K, 0% used [0x00000000e2700000,0x00000000e2700000,0x00000000e2e00000)
 ParOldGen       total 44032K, used 8034K [0x00000000a0000000, 0x00000000a2b00000, 0x00000000e0000000)
  object space 44032K, 18% used [0x00000000a0000000,0x00000000a07d8918,0x00000000a2b00000)
 Metaspace       used 16939K, capacity 17326K, committed 17536K, reserved 1064960K
  class space    used 2206K, capacity 2333K, committed 2432K, reserved 1048576K
}

Deoptimization events (10 events):
Event: 10.966 Thread 0x000000001952f800 Uncommon trap: reason=class_check action=maybe_recompile pc=0x000000000341a474 method=org.gradle.internal.service.DefaultServiceRegistry$SingletonService.getService(Lorg/gradle/internal/service/DefaultServiceRegistry$LookupContext;Lorg/gradle/internal/servÔ2ìÓ%@
Event: 10.966 Thread 0x000000001952f800 Uncommon trap: reason=class_check action=maybe_recompile pc=0x000000000341a474 method=org.gradle.internal.service.DefaultServiceRegistry$SingletonService.getService(Lorg/gradle/internal/service/DefaultServiceRegistry$LookupContext;Lorg/gradle/internal/serv+P≈úÓ%@
Event: 10.966 Thread 0x000000001952f800 Uncommon trap: reason=class_check action=maybe_recompile pc=0x000000000341a474 method=org.gradle.internal.service.DefaultServiceRegistry$SingletonService.getService(Lorg/gradle/internal/service/DefaultServiceRegistry$LookupContext;Lorg/gradle/internal/serv„ƒ˛ç•Ó%@
Event: 10.966 Thread 0x000000001952f800 Uncommon trap: reason=class_check action=maybe_recompile pc=0x000000000341a474 method=org.gradle.internal.service.DefaultServiceRegistry$SingletonService.getService(Lorg/gradle/internal/service/DefaultServiceRegistry$LookupContext;Lorg/gradle/internal/serv
Event: 11.867 Thread 0x000000001952f800 Uncommon trap: reason=bimorphic action=maybe_recompile pc=0x00000000033a9a24 method=java.lang.ClassLoader.loadClass(Ljava/lang/String;Z)Ljava/lang/Class; @ 38
Event: 11.876 Thread 0x000000001952f800 Uncommon trap: reason=bimorphic action=maybe_recompile pc=0x00000000033a9a24 method=java.lang.ClassLoader.loadClass(Ljava/lang/String;Z)Ljava/lang/Class; @ 38
Event: 11.878 Thread 0x000000001952f800 Uncommon trap: reason=bimorphic action=maybe_recompile pc=0x00000000033a9a24 method=java.lang.ClassLoader.loadClass(Ljava/lang/String;Z)Ljava/lang/Class; @ 38
Event: 11.878 Thread 0x000000001952f800 Uncommon trap: reason=bimorphic action=maybe_recompile pc=0x00000000033a9a24 method=java.lang.ClassLoader.loadClass(Ljava/lang/String;Z)Ljava/lang/Class; @ 38
Event: 12.456 Thread 0x000000001952f800 Uncommon trap: reason=unstable_if action=reinterpret pc=0x000000000321ca6c method=java.lang.AbstractStringBuilder.append(Ljava/lang/String;)Ljava/lang/AbstractStringBuilder; @ 1
Event: 12.458 Thread 0x000000001952f800 Uncommon trap: reason=unstable_if action=reinterpret pc=0x000000000314c458 method=java.lang.AbstractStringBuilder.append(Ljava/lang/String;)Ljava/lang/AbstractStringBuilder; @ 1

Internal exceptions (10 events):
Event: 12.017 Thread 0x000000001952f800 Exception <a 'java/lang/NoSuchMethodError': <clinit>> (0x00000000e0870268) thrown at [C:\src\android\AOSP-openjdk\external\jetbrains\jdk\hotspot\src\share\vm\prims\jni.cpp, line 1591]
Event: 12.040 Thread 0x000000001952f800 Exception <a 'java/lang/NoSuchMethodError': <clinit>> (0x00000000e088af70) thrown at [C:\src\android\AOSP-openjdk\external\jetbrains\jdk\hotspot\src\share\vm\prims\jni.cpp, line 1591]
Event: 12.088 Thread 0x000000001952f800 Exception <a 'java/lang/NoSuchMethodError': <clinit>> (0x00000000e08dcc38) thrown at [C:\src\android\AOSP-openjdk\external\jetbrains\jdk\hotspot\src\share\vm\prims\jni.cpp, line 1591]
Event: 12.093 Thread 0x000000001952f800 Exception <a 'java/lang/NoSuchMethodError': <clinit>> (0x00000000e08eb360) thrown at [C:\src\android\AOSP-openjdk\external\jetbrains\jdk\hotspot\src\share\vm\prims\jni.cpp, line 1591]
Event: 12.143 Thread 0x000000001952f800 Exception <a 'java/lang/NoSuchMethodError': <clinit>> (0x00000000e095a730) thrown at [C:\src\android\AOSP-openjdk\external\jetbrains\jdk\hotspot\src\share\vm\prims\jni.cpp, line 1591]
Event: 12.144 Thread 0x000000001952f800 Exception <a 'java/lang/NoSuchMethodError': <clinit>> (0x00000000e095cee8) thrown at [C:\src\android\AOSP-openjdk\external\jetbrains\jdk\hotspot\src\share\vm\prims\jni.cpp, line 1591]
Event: 12.147 Thread 0x000000001952f800 Exception <a 'java/lang/NoSuchMethodError': <clinit>> (0x00000000e09691c8) thrown at [C:\src\android\AOSP-openjdk\external\jetbrains\jdk\hotspot\src\share\vm\prims\jni.cpp, line 1591]
Event: 12.151 Thread 0x000000001952f800 Exception <a 'java/lang/NoSuchMethodError': <clinit>> (0x00000000e0973648) thrown at [C:\src\android\AOSP-openjdk\external\jetbrains\jdk\hotspot\src\share\vm\prims\jni.cpp, line 1591]
Event: 12.456 Thread 0x000000001952f800 Implicit null exception at 0x000000000321c716 to 0x000000000321ca55
Event: 12.458 Thread 0x000000001952f800 Implicit null exception at 0x000000000314c116 to 0x000000000314c441

Events (10 events):
Event: 12.451 loading class sun/net/www/MimeTable$DefaultInstanceHolder$1
Event: 12.451 loading class sun/net/www/MimeTable$DefaultInstanceHolder$1 done
Event: 12.455 loading class sun/net/www/MimeEntry
Event: 12.455 loading class sun/net/www/MimeEntry done
Event: 12.456 Thread 0x000000001952f800 Uncommon trap: trap_request=0xffffff65 fr.pc=0x000000000321ca6c
Event: 12.456 Thread 0x000000001952f800 DEOPT PACKING pc=0x000000000321ca6c sp=0x000000001ac6b7f0
Event: 12.456 Thread 0x000000001952f800 DEOPT UNPACKING pc=0x0000000002f4556a sp=0x000000001ac6b780 mode 2
Event: 12.458 Thread 0x000000001952f800 Uncommon trap: trap_request=0xffffff65 fr.pc=0x000000000314c458
Event: 12.458 Thread 0x000000001952f800 DEOPT PACKING pc=0x000000000314c458 sp=0x000000001ac6b7a0
Event: 12.458 Thread 0x000000001952f800 DEOPT UNPACKING pc=0x0000000002f4556a sp=0x000000001ac6b780 mode 2


Dynamic libraries:
0x00007ff678080000 - 0x00007ff6780b1000 	C:\Program Files\Android\Android Studio2\jre\bin\java.exe
0x00007ffc09af0000 - 0x00007ffc09cb1000 	C:\WINDOWS\SYSTEM32\ntdll.dll
0x00007ffc09550000 - 0x00007ffc095fd000 	C:\WINDOWS\system32\KERNEL32.DLL
0x00007ffbf27d0000 - 0x00007ffbf2803000 	C:\Program Files\AVAST Software\Avast\x64\aswhooka.dll
0x00007ffc063b0000 - 0x00007ffc06598000 	C:\WINDOWS\system32\KERNELBASE.dll
0x00007ffc094a0000 - 0x00007ffc09547000 	C:\WINDOWS\system32\ADVAPI32.dll
0x00007ffc096e0000 - 0x00007ffc0977d000 	C:\WINDOWS\system32\msvcrt.dll
0x00007ffc074d0000 - 0x00007ffc0752b000 	C:\WINDOWS\system32\sechost.dll
0x00007ffc09780000 - 0x00007ffc0989c000 	C:\WINDOWS\system32\RPCRT4.dll
0x00007ffc079e0000 - 0x00007ffc07b36000 	C:\WINDOWS\system32\USER32.dll
0x00007ffc098c0000 - 0x00007ffc09a46000 	C:\WINDOWS\system32\GDI32.dll
0x00007ffbfd870000 - 0x00007ffbfdae4000 	C:\WINDOWS\WinSxS\amd64_microsoft.windows.common-controls_6595b64144ccf1df_6.0.10586.672_none_a2d6b3cea53ff843\COMCTL32.dll
0x00007ffc07c50000 - 0x00007ffc07ecd000 	C:\WINDOWS\system32\combase.dll
0x00007ffc06bf0000 - 0x00007ffc06c5a000 	C:\WINDOWS\system32\bcryptPrimitives.dll
0x00007ffc09ab0000 - 0x00007ffc09aeb000 	C:\WINDOWS\system32\IMM32.DLL
0x0000000057b10000 - 0x0000000057be2000 	C:\Program Files\Android\Android Studio2\jre\jre\bin\msvcr100.dll
0x0000000057ca0000 - 0x00000000584d4000 	C:\Program Files\Android\Android Studio2\jre\jre\bin\server\jvm.dll
0x00007ffc07700000 - 0x00007ffc07708000 	C:\WINDOWS\system32\PSAPI.DLL
0x00007ffbf5760000 - 0x00007ffbf5769000 	C:\WINDOWS\SYSTEM32\WSOCK32.dll
0x00007ffc07ed0000 - 0x00007ffc07f3b000 	C:\WINDOWS\system32\WS2_32.dll
0x00007ffc04810000 - 0x00007ffc04833000 	C:\WINDOWS\SYSTEM32\WINMM.dll
0x00007ffbfe120000 - 0x00007ffbfe12a000 	C:\WINDOWS\SYSTEM32\VERSION.dll
0x00007ffc04560000 - 0x00007ffc0458c000 	C:\WINDOWS\SYSTEM32\WINMMBASE.dll
0x00007ffc061c0000 - 0x00007ffc06203000 	C:\WINDOWS\system32\cfgmgr32.dll
0x00007ffbfd720000 - 0x00007ffbfd72f000 	C:\Program Files\Android\Android Studio2\jre\jre\bin\verify.dll
0x00007ffbe4d70000 - 0x00007ffbe4d99000 	C:\Program Files\Android\Android Studio2\jre\jre\bin\java.dll
0x00007ffbe4d50000 - 0x00007ffbe4d66000 	C:\Program Files\Android\Android Studio2\jre\jre\bin\zip.dll
0x00007ffc07f40000 - 0x00007ffc0949c000 	C:\WINDOWS\system32\SHELL32.dll
0x00007ffc065a0000 - 0x00007ffc06be5000 	C:\WINDOWS\system32\windows.storage.dll
0x00007ffc07540000 - 0x00007ffc07592000 	C:\WINDOWS\system32\shlwapi.dll
0x00007ffc06190000 - 0x00007ffc0619f000 	C:\WINDOWS\system32\kernel.appcore.dll
0x00007ffc06e30000 - 0x00007ffc06ee5000 	C:\WINDOWS\system32\shcore.dll
0x00007ffc06140000 - 0x00007ffc0618b000 	C:\WINDOWS\system32\powrprof.dll
0x00007ffc06120000 - 0x00007ffc06134000 	C:\WINDOWS\system32\profapi.dll
0x00007ffbe1630000 - 0x00007ffbe164a000 	C:\Program Files\Android\Android Studio2\jre\jre\bin\net.dll
0x00007ffc05a40000 - 0x00007ffc05a9c000 	C:\WINDOWS\system32\mswsock.dll
0x00007ffbe0d80000 - 0x00007ffbe0d91000 	C:\Program Files\Android\Android Studio2\jre\jre\bin\nio.dll
0x00007ffbe8d50000 - 0x00007ffbe8d62000 	C:\Users\doha_\.gradle\native\19\windows-amd64\native-platform.dll
0x00007ffc05af0000 - 0x00007ffc05b07000 	C:\WINDOWS\SYSTEM32\CRYPTSP.dll
0x00007ffc05780000 - 0x00007ffc057b4000 	C:\WINDOWS\system32\rsaenh.dll
0x00007ffc05d10000 - 0x00007ffc05d39000 	C:\WINDOWS\SYSTEM32\bcrypt.dll
0x00007ffc058d0000 - 0x00007ffc058ef000 	C:\WINDOWS\SYSTEM32\USERENV.dll
0x00007ffc05c10000 - 0x00007ffc05c1b000 	C:\WINDOWS\SYSTEM32\CRYPTBASE.dll
0x00007ffc02a50000 - 0x00007ffc02a88000 	C:\WINDOWS\SYSTEM32\IPHLPAPI.DLL
0x00007ffc096d0000 - 0x00007ffc096d8000 	C:\WINDOWS\system32\NSI.dll
0x00007ffbfe660000 - 0x00007ffbfe676000 	C:\WINDOWS\SYSTEM32\dhcpcsvc6.DLL
0x00007ffc008f0000 - 0x00007ffc0090a000 	C:\WINDOWS\SYSTEM32\dhcpcsvc.DLL
0x00007ffbf9570000 - 0x00007ffbf957d000 	C:\Program Files\Android\Android Studio2\jre\jre\bin\management.dll

VM Arguments:
jvm_args: -Xmx1536m -Dfile.encoding=windows-1252 -Duser.country=US -Duser.language=en -Duser.variant 
java_command: org.gradle.launcher.daemon.bootstrap.GradleDaemon 2.14.1
java_class_path (initial): C:\Program Files\Android\Android Studio2\gradle\gradle-2.14.1\lib\gradle-launcher-2.14.1.jar
Launcher Type: SUN_STANDARD

Environment Variables:
PATH=C:\ProgramData\Oracle\Java\javapath;C:\Program Files (x86)\Intel\iCLS Client\;C:\Program Files\Intel\iCLS Client\;C:\WINDOWS\system32;C:\WINDOWS;C:\WINDOWS\System32\Wbem;C:\WINDOWS\System32\WindowsPowerShell\v1.0\;C:\Program Files (x86)\Intel\Intel(R) Management Engine Components\DAL;C:\Program Files\Intel\Intel(R) Management Engine Components\DAL;C:\Program Files (x86)\Intel\Intel(R) Management Engine Components\IPT;C:\Program Files\Intel\Intel(R) Management Engine Components\IPT;C:\Program Files (x86)\Microsoft SQL Server\Client SDK\ODBC\110\Tools\Binn\;C:\Program Files (x86)\Microsoft SQL Server\120\Tools\Binn\;C:\Program Files (x86)\Microsoft SQL Server\120\DTS\Binn\;C:\Program Files (x86)\Microsoft SQL Server\120\Tools\Binn\ManagementStudio\;C:\Program Files (x86)\NVIDIA Corporation\PhysX\Common;C:\Program Files\Microsoft\Web Platform Installer\;C:\Program Files (x86)\Microsoft ASP.NET\ASP.NET Web Pages\v1.0\;C:\Program Files (x86)\Windows Kits\8.0\Windows Performance Toolkit\;C:\Program Files\Microsoft SQL Server\110\Tools\Binn\;C:\WINDOWS\system32;C:\WINDOWS;C:\WINDOWS\System32\Wbem;C:\WINDOWS\System32\WindowsPowerShell\v1.0\;C:\Program Files\Anaconda3;C:\Program Files\Anaconda3\Scripts;C:\Program Files\Anaconda3\Library\bin;C:\Program Files (x86)\Skype\Phone\;C:\Program Files\OpenVPN\bin
USERNAME=doha_
OS=Windows_NT
PROCESSOR_IDENTIFIER=Intel64 Family 6 Model 69 Stepping 1, GenuineIntel



---------------  S Y S T E M  ---------------

OS: Windows 10.0 , 64 bit Build 10586 (10.0.10586.589)

CPU:total 4 (2 cores per cpu, 2 threads per core) family 6 model 69 stepping 1, cmov, cx8, fxsr, mmx, sse, sse2, sse3, ssse3, sse4.1, sse4.2, popcnt, avx, avx2, aes, clmul, erms, lzcnt, ht, tsc, tscinvbit, bmi1, bmi2

Memory: 4k page, physical 4095984k(500956k free), swap 5675864k(6516k free)

vm_info: OpenJDK 64-Bit Server VM (25.76-b03) for windows-amd64 JRE (1.8.0_76-release-b03), built on Jun 29 2016 19:09:20 by "ralucas" with MS VC++ 10.0 (VS2010)

time: Sat Apr 08 11:25:02 2017
elapsed time: 12 seconds (0d 0h 0m 12s)

