#
# There is insufficient memory for the Java Runtime Environment to continue.
# Native memory allocation (malloc) failed to allocate 936672 bytes for Chunk::new
# Possible reasons:
#   The system is out of physical RAM or swap space
#   In 32 bit mode, the process size limit was hit
# Possible solutions:
#   Reduce memory load on the system
#   Increase physical memory or swap space
#   Check if swap backing store is full
#   Use 64 bit Java on a 64 bit OS
#   Decrease Java heap size (-Xmx/-Xms)
#   Decrease number of Java threads
#   Decrease Java thread stack sizes (-Xss)
#   Set larger code cache with -XX:ReservedCodeCacheSize=
# This output file may be truncated or incomplete.
#
#  Out of Memory Error (allocation.cpp:390), pid=1148, tid=0x0000000000000888
#
# JRE version: OpenJDK Runtime Environment (8.0_76-b03) (build 1.8.0_76-release-b03)
# Java VM: OpenJDK 64-Bit Server VM (25.76-b03 mixed mode windows-amd64 compressed oops)
# Failed to write core dump. Minidumps are not enabled by default on client versions of Windows
#

---------------  T H R E A D  ---------------

Current thread (0x00000000164ab000):  JavaThread "C2 CompilerThread1" daemon [_thread_in_native, id=2184, stack(0x0000000017bf0000,0x0000000017cf0000)]

Stack: [0x0000000017bf0000,0x0000000017cf0000]
[error occurred during error reporting (printing stack bounds), id 0xc0000005]

Native frames: (J=compiled Java code, j=interpreted, Vv=VM code, C=native code)


Current CompileTask:
C2: 713663 16526       4       com.android.dx.ssa.back.FirstFitLocalCombiningAllocator::handleCheckCastResults (413 bytes)


---------------  P R O C E S S  ---------------

Java Threads: ( => current thread )
  0x0000000019a67800 JavaThread "pool-12-thread-4" [_thread_blocked, id=9440, stack(0x000000002c0f0000,0x000000002c1f0000)]
  0x0000000019a66800 JavaThread "pool-12-thread-3" [_thread_blocked, id=9384, stack(0x000000002bff0000,0x000000002c0f0000)]
  0x0000000019a66000 JavaThread "pool-12-thread-2" [_thread_blocked, id=3924, stack(0x000000002bef0000,0x000000002bff0000)]
  0x0000000019a69000 JavaThread "pool-12-thread-1" [_thread_in_native, id=9836, stack(0x000000002bdf0000,0x000000002bef0000)]
  0x0000000019a64800 JavaThread "pool-11-thread-4" [_thread_blocked, id=11928, stack(0x000000002bcf0000,0x000000002bdf0000)]
  0x0000000019a68000 JavaThread "pool-11-thread-3" [_thread_blocked, id=9812, stack(0x000000002bbf0000,0x000000002bcf0000)]
  0x0000000019a5e000 JavaThread "pool-11-thread-2" [_thread_blocked, id=5048, stack(0x000000002baf0000,0x000000002bbf0000)]
  0x0000000019a63000 JavaThread "pool-11-thread-1" [_thread_blocked, id=6128, stack(0x000000002b9f0000,0x000000002baf0000)]
  0x0000000019a5b000 JavaThread "Stdin handler" [_thread_blocked, id=12064, stack(0x000000002b2f0000,0x000000002b3f0000)]
  0x0000000019a62000 JavaThread "Asynchronous log dispatcher for org.gradle.launcher.daemon.server.DefaultDaemonConnection@3ae1b2b9" [_thread_blocked, id=3272, stack(0x000000002b1f0000,0x000000002b2f0000)]
  0x0000000019a5f800 JavaThread "Cancel handler" [_thread_blocked, id=2096, stack(0x000000002b0f0000,0x000000002b1f0000)]
  0x0000000019a5a800 JavaThread "Handler for socket connection from /127.0.0.1:50443 to /127.0.0.1:50531" [_thread_in_native, id=7684, stack(0x000000002aff0000,0x000000002b0f0000)]
  0x0000000019a59800 JavaThread "Daemon worker Thread 3" [_thread_blocked, id=3280, stack(0x000000002a1f0000,0x000000002a2f0000)]
  0x0000000019a5d800 JavaThread "Daemon Thread 3" [_thread_blocked, id=10076, stack(0x0000000029ef0000,0x0000000029ff0000)]
  0x0000000019a5c000 JavaThread "stdout" daemon [_thread_in_native, id=8416, stack(0x00000000287f0000,0x00000000288f0000)]
  0x000000001b4b4000 JavaThread "stderr" daemon [_thread_in_native, id=11096, stack(0x00000000286f0000,0x00000000287f0000)]
  0x000000001b4b2800 JavaThread "stdout" daemon [_thread_in_native, id=9184, stack(0x00000000285f0000,0x00000000286f0000)]
  0x000000001b4b5800 JavaThread "stderr" daemon [_thread_in_native, id=8748, stack(0x00000000284f0000,0x00000000285f0000)]
  0x000000001b4b3000 JavaThread "stdout" daemon [_thread_in_native, id=9164, stack(0x00000000283f0000,0x00000000284f0000)]
  0x000000001b4b8800 JavaThread "stderr" daemon [_thread_in_native, id=3872, stack(0x00000000282f0000,0x00000000283f0000)]
  0x000000001b4b7800 JavaThread "stdout" daemon [_thread_in_native, id=12076, stack(0x00000000281f0000,0x00000000282f0000)]
  0x000000001b4b4800 JavaThread "stderr" daemon [_thread_in_native, id=11496, stack(0x00000000280f0000,0x00000000281f0000)]
  0x000000001b4b7000 JavaThread "stdout" daemon [_thread_in_native, id=9728, stack(0x0000000027ff0000,0x00000000280f0000)]
  0x000000001b4b6000 JavaThread "stderr" daemon [_thread_in_native, id=11340, stack(0x0000000027ef0000,0x0000000027ff0000)]
  0x000000001b4b9000 JavaThread "stdout" daemon [_thread_in_native, id=10528, stack(0x0000000027df0000,0x0000000027ef0000)]
  0x000000001b4ab000 JavaThread "stderr" daemon [_thread_in_native, id=12068, stack(0x0000000027cf0000,0x0000000027df0000)]
  0x000000001b4b0000 JavaThread "stdout" daemon [_thread_in_native, id=7360, stack(0x0000000027bf0000,0x0000000027cf0000)]
  0x000000001b4af800 JavaThread "stderr" daemon [_thread_in_native, id=912, stack(0x0000000027af0000,0x0000000027bf0000)]
  0x000000001b4ae800 JavaThread "stdout" daemon [_thread_in_native, id=2888, stack(0x00000000279f0000,0x0000000027af0000)]
  0x000000001b4ae000 JavaThread "stderr" daemon [_thread_in_native, id=320, stack(0x00000000278f0000,0x00000000279f0000)]
  0x000000001b4b1800 JavaThread "stdout" daemon [_thread_in_native, id=6544, stack(0x00000000277f0000,0x00000000278f0000)]
  0x000000001b4ab800 JavaThread "stderr" daemon [_thread_in_native, id=2700, stack(0x00000000276f0000,0x00000000277f0000)]
  0x000000001b4aa000 JavaThread "stdout" daemon [_thread_in_native, id=2556, stack(0x00000000275f0000,0x00000000276f0000)]
  0x000000001b4ad000 JavaThread "stderr" daemon [_thread_in_native, id=672, stack(0x00000000274f0000,0x00000000275f0000)]
  0x000000001b4b1000 JavaThread "stdout" daemon [_thread_in_native, id=2512, stack(0x00000000273f0000,0x00000000274f0000)]
  0x000000001b4ac800 JavaThread "stderr" daemon [_thread_in_native, id=848, stack(0x00000000272f0000,0x00000000273f0000)]
  0x000000001d8e6800 JavaThread "stdout" daemon [_thread_in_native, id=8868, stack(0x00000000271f0000,0x00000000272f0000)]
  0x000000001d8e5800 JavaThread "stderr" daemon [_thread_in_native, id=8736, stack(0x00000000270f0000,0x00000000271f0000)]
  0x000000001d8e5000 JavaThread "stdout" daemon [_thread_in_native, id=8892, stack(0x0000000026ff0000,0x00000000270f0000)]
  0x000000001d8dd000 JavaThread "stderr" daemon [_thread_in_native, id=8916, stack(0x0000000026ef0000,0x0000000026ff0000)]
  0x000000001d8e4000 JavaThread "stdout" daemon [_thread_in_native, id=9016, stack(0x0000000026cf0000,0x0000000026df0000)]
  0x000000001d8dc800 JavaThread "stderr" daemon [_thread_in_native, id=9208, stack(0x0000000026bf0000,0x0000000026cf0000)]
  0x000000001d8e3800 JavaThread "stdout" daemon [_thread_in_native, id=11988, stack(0x00000000269f0000,0x0000000026af0000)]
  0x000000001d8db000 JavaThread "stderr" daemon [_thread_in_native, id=9920, stack(0x00000000268f0000,0x00000000269f0000)]
  0x000000001d8e2000 JavaThread "stdout" daemon [_thread_in_native, id=9700, stack(0x00000000267f0000,0x00000000268f0000)]
  0x000000001d8e1000 JavaThread "stderr" daemon [_thread_in_native, id=11852, stack(0x00000000266f0000,0x00000000267f0000)]
  0x000000001d8d9800 JavaThread "stdout" daemon [_thread_in_native, id=7896, stack(0x00000000265f0000,0x00000000266f0000)]
  0x000000001d8e0800 JavaThread "stderr" daemon [_thread_in_native, id=8236, stack(0x00000000264f0000,0x00000000265f0000)]
  0x000000001d8df800 JavaThread "png-cruncher_20" daemon [_thread_blocked, id=10232, stack(0x00000000263f0000,0x00000000264f0000)]
  0x000000001d8d8000 JavaThread "png-cruncher_19" daemon [_thread_blocked, id=3432, stack(0x00000000262f0000,0x00000000263f0000)]
  0x000000001d8de800 JavaThread "png-cruncher_18" daemon [_thread_blocked, id=11112, stack(0x00000000261f0000,0x00000000262f0000)]
  0x000000001d8db800 JavaThread "png-cruncher_17" daemon [_thread_blocked, id=3576, stack(0x00000000260f0000,0x00000000261f0000)]
  0x000000001d8d7000 JavaThread "png-cruncher_16" daemon [_thread_blocked, id=3784, stack(0x0000000025ff0000,0x00000000260f0000)]
  0x000000001d8de000 JavaThread "png-cruncher_15" daemon [_thread_blocked, id=8484, stack(0x0000000025ef0000,0x0000000025ff0000)]
  0x000000001d8da000 JavaThread "png-cruncher_14" daemon [_thread_blocked, id=8464, stack(0x0000000025df0000,0x0000000025ef0000)]
  0x000000001d8d8800 JavaThread "png-cruncher_13" daemon [_thread_blocked, id=9392, stack(0x0000000025cf0000,0x0000000025df0000)]
  0x000000001852c000 JavaThread "png-cruncher_12" daemon [_thread_blocked, id=8500, stack(0x0000000025bf0000,0x0000000025cf0000)]
  0x000000001ba21800 JavaThread "png-cruncher_11" daemon [_thread_blocked, id=9824, stack(0x0000000025af0000,0x0000000025bf0000)]
  0x000000001ba21000 JavaThread "png-cruncher_10" daemon [_thread_blocked, id=9588, stack(0x00000000259f0000,0x0000000025af0000)]
  0x000000001ba23000 JavaThread "png-cruncher_9" daemon [_thread_blocked, id=9388, stack(0x00000000258f0000,0x00000000259f0000)]
  0x000000001ba20000 JavaThread "png-cruncher_8" daemon [_thread_blocked, id=4312, stack(0x00000000257f0000,0x00000000258f0000)]
  0x000000001ba25800 JavaThread "png-cruncher_7" daemon [_thread_blocked, id=11796, stack(0x00000000256f0000,0x00000000257f0000)]
  0x000000001ba1f800 JavaThread "png-cruncher_6" daemon [_thread_blocked, id=8000, stack(0x00000000255f0000,0x00000000256f0000)]
  0x000000001ba24000 JavaThread "stdout" daemon [_thread_in_native, id=1176, stack(0x00000000254f0000,0x00000000255f0000)]
  0x000000001ba1e000 JavaThread "stderr" daemon [_thread_in_native, id=1136, stack(0x00000000253f0000,0x00000000254f0000)]
  0x000000001ba24800 JavaThread "stdout" daemon [_thread_in_native, id=5264, stack(0x00000000242d0000,0x00000000243d0000)]
  0x000000001ba22800 JavaThread "stderr" daemon [_thread_in_native, id=4980, stack(0x00000000241d0000,0x00000000242d0000)]
  0x000000001ba1e800 JavaThread "stdout" daemon [_thread_in_native, id=520, stack(0x00000000240d0000,0x00000000241d0000)]
  0x000000001ba17000 JavaThread "stderr" daemon [_thread_in_native, id=7932, stack(0x0000000023000000,0x0000000023100000)]
  0x000000001ba1c800 JavaThread "png-cruncher_5" daemon [_thread_blocked, id=208, stack(0x0000000022f00000,0x0000000023000000)]
  0x000000001ba16800 JavaThread "png-cruncher_4" daemon [_thread_blocked, id=2808, stack(0x0000000022e00000,0x0000000022f00000)]
  0x000000001ba18800 JavaThread "png-cruncher_3" daemon [_thread_blocked, id=9600, stack(0x0000000022d00000,0x0000000022e00000)]
  0x000000001ba1b800 JavaThread "png-cruncher_2" daemon [_thread_blocked, id=896, stack(0x0000000022c00000,0x0000000022d00000)]
  0x000000001ba1d000 JavaThread "png-cruncher_1" daemon [_thread_blocked, id=8492, stack(0x0000000022b00000,0x0000000022c00000)]
  0x0000000018529800 JavaThread "File lock request listener" [_thread_in_native, id=3092, stack(0x000000001d450000,0x000000001d550000)]
  0x0000000018f3f800 JavaThread "pool-1-thread-1" [_thread_blocked, id=10780, stack(0x000000001a370000,0x000000001a470000)]
  0x0000000018f36800 JavaThread "Incoming local TCP Connector on port 50443" [_thread_in_native, id=12088, stack(0x0000000018bf0000,0x0000000018cf0000)]
  0x0000000017e18800 JavaThread "Service Thread" daemon [_thread_blocked, id=5480, stack(0x00000000181f0000,0x00000000182f0000)]
  0x00000000164b1800 JavaThread "C1 CompilerThread2" daemon [_thread_blocked, id=1864, stack(0x0000000017cf0000,0x0000000017df0000)]
=>0x00000000164ab000 JavaThread "C2 CompilerThread1" daemon [_thread_in_native, id=2184, stack(0x0000000017bf0000,0x0000000017cf0000)]
  0x00000000164ba800 JavaThread "C2 CompilerThread0" daemon [_thread_in_native, id=6600, stack(0x0000000017af0000,0x0000000017bf0000)]
  0x00000000164b9800 JavaThread "Attach Listener" daemon [_thread_blocked, id=6624, stack(0x00000000179f0000,0x0000000017af0000)]
  0x00000000164b8800 JavaThread "Signal Dispatcher" daemon [_thread_blocked, id=12100, stack(0x00000000178f0000,0x00000000179f0000)]
  0x0000000002b3b800 JavaThread "Finalizer" daemon [_thread_blocked, id=2504, stack(0x0000000017710000,0x0000000017810000)]
  0x0000000002b30800 JavaThread "Reference Handler" daemon [_thread_blocked, id=744, stack(0x0000000017610000,0x0000000017710000)]
  0x0000000002a42800 JavaThread "main" [_thread_blocked, id=9684, stack(0x00000000028b0000,0x00000000029b0000)]

Other Threads:
  0x0000000016474800 VMThread [stack: 0x0000000017510000,0x0000000017610000] [id=11592]
  0x000000001650c800 WatcherThread [stack: 0x00000000182f0000,0x00000000183f0000] [id=6240]

VM state:not at safepoint (normal execution)

VM Mutex/Monitor currently owned by a thread: None

Heap:
 PSYoungGen      total 365056K, used 169267K [0x00000000e0000000, 0x00000000fab80000, 0x0000000100000000)
  eden space 306688K, 55% used [0x00000000e0000000,0x00000000ea54cee8,0x00000000f2b80000)
  from space 58368K, 0% used [0x00000000f6880000,0x00000000f6880000,0x00000000fa180000)
  to   space 62464K, 0% used [0x00000000f2b80000,0x00000000f2b80000,0x00000000f6880000)
 ParOldGen       total 178688K, used 158625K [0x00000000a0000000, 0x00000000aae80000, 0x00000000e0000000)
  object space 178688K, 88% used [0x00000000a0000000,0x00000000a9ae8520,0x00000000aae80000)
 Metaspace       used 70059K, capacity 73632K, committed 73904K, reserved 1114112K
  class space    used 9051K, capacity 9779K, committed 9904K, reserved 1048576K

Card table byte_map: [0x0000000011f00000,0x0000000012210000] byte_map_base: 0x0000000011a00000

Marking Bits: (ParMarkBitMap*) 0x0000000055c29d00
 Begin Bits: [0x0000000012810000, 0x0000000014010000)
 End Bits:   [0x0000000014010000, 0x0000000015810000)

Polling page: 0x0000000000ec0000

CodeCache: size=245760Kb used=49227Kb max_used=49227Kb free=196532Kb
 bounds [0x0000000002b40000, 0x0000000005b90000, 0x0000000011b40000]
 total_blobs=14012 nmethods=13275 adapters=649
 compilation: enabled

Compilation events (10 events):
Event: 711.490 Thread 0x00000000164ab000 nmethod 16539 0x0000000005b6f8d0 code [0x0000000005b6fa40, 0x0000000005b6fe98]
Event: 711.490 Thread 0x00000000164ab000 16526       4       com.android.dx.ssa.back.FirstFitLocalCombiningAllocator::handleCheckCastResults (413 bytes)
Event: 711.572 Thread 0x00000000164b1800 16543 % !   3       java.util.concurrent.ConcurrentHashMap$TreeBin::putTreeVal @ 12 (371 bytes)
Event: 711.574 Thread 0x00000000164b1800 nmethod 16543% 0x0000000005b6d5d0 code [0x0000000005b6d860, 0x0000000005b6eef8]
Event: 711.574 Thread 0x00000000164b1800 16544   !   3       java.util.concurrent.ConcurrentHashMap$TreeBin::putTreeVal (371 bytes)
Event: 711.576 Thread 0x00000000164b1800 nmethod 16544 0x0000000005b6b490 code [0x0000000005b6b720, 0x0000000005b6cc78]
Event: 712.764 Thread 0x00000000164b1800 16545       3       com.android.dx.rop.code.Rops::opIfGt (13 bytes)
Event: 712.765 Thread 0x00000000164b1800 nmethod 16545 0x0000000005b23b90 code [0x0000000005b23d00, 0x0000000005b23e88]
Event: 712.976 Thread 0x00000000164b1800 16547 %     3       com.android.dx.ssa.NormalSsaInsn::changeOneSource @ 28 (120 bytes)
Event: 712.978 Thread 0x00000000164b1800 nmethod 16547% 0x0000000005b76110 code [0x0000000005b763a0, 0x0000000005b77d38]

GC Heap History (10 events):
Event: 707.945 GC heap before
{Heap before GC invocations=34 (full 6):
 PSYoungGen      total 369152K, used 369131K [0x00000000e0000000, 0x00000000fab80000, 0x0000000100000000)
  eden space 306688K, 100% used [0x00000000e0000000,0x00000000f2b80000,0x00000000f2b80000)
  from space 62464K, 99% used [0x00000000f2b80000,0x00000000f687af38,0x00000000f6880000)
  to   space 58368K, 0% used [0x00000000f6880000,0x00000000f6880000,0x00000000fa180000)
 ParOldGen       total 178688K, used 115789K [0x00000000a0000000, 0x00000000aae80000, 0x00000000e0000000)
  object space 178688K, 64% used [0x00000000a0000000,0x00000000a7113670,0x00000000aae80000)
 Metaspace       used 70031K, capacity 73568K, committed 73904K, reserved 1114112K
  class space    used 9050K, capacity 9779K, committed 9904K, reserved 1048576K
Event: 708.101 GC heap after
Heap after GC invocations=34 (full 6):
 PSYoungGen      total 365056K, used 38988K [0x00000000e0000000, 0x00000000fab80000, 0x0000000100000000)
  eden space 306688K, 0% used [0x00000000e0000000,0x00000000e0000000,0x00000000f2b80000)
  from space 58368K, 66% used [0x00000000f6880000,0x00000000f8e93280,0x00000000fa180000)
  to   space 62464K, 0% used [0x00000000f2b80000,0x00000000f2b80000,0x00000000f6880000)
 ParOldGen       total 178688K, used 155454K [0x00000000a0000000, 0x00000000aae80000, 0x00000000e0000000)
  object space 178688K, 86% used [0x00000000a0000000,0x00000000a97cf9d0,0x00000000aae80000)
 Metaspace       used 70031K, capacity 73568K, committed 73904K, reserved 1114112K
  class space    used 9050K, capacity 9779K, committed 9904K, reserved 1048576K
}
Event: 708.101 GC heap before
{Heap before GC invocations=35 (full 7):
 PSYoungGen      total 365056K, used 38988K [0x00000000e0000000, 0x00000000fab80000, 0x0000000100000000)
  eden space 306688K, 0% used [0x00000000e0000000,0x00000000e0000000,0x00000000f2b80000)
  from space 58368K, 66% used [0x00000000f6880000,0x00000000f8e93280,0x00000000fa180000)
  to   space 62464K, 0% used [0x00000000f2b80000,0x00000000f2b80000,0x00000000f6880000)
 ParOldGen       total 178688K, used 155454K [0x00000000a0000000, 0x00000000aae80000, 0x00000000e0000000)
  object space 178688K, 86% used [0x00000000a0000000,0x00000000a97cf9d0,0x00000000aae80000)
 Metaspace       used 70031K, capacity 73568K, committed 73904K, reserved 1114112K
  class space    used 9050K, capacity 9779K, committed 9904K, reserved 1048576K
Event: 708.982 GC heap after
Heap after GC invocations=35 (full 7):
 PSYoungGen      total 365056K, used 0K [0x00000000e0000000, 0x00000000fab80000, 0x0000000100000000)
  eden space 306688K, 0% used [0x00000000e0000000,0x00000000e0000000,0x00000000f2b80000)
  from space 58368K, 0% used [0x00000000f6880000,0x00000000f6880000,0x00000000fa180000)
  to   space 62464K, 0% used [0x00000000f2b80000,0x00000000f2b80000,0x00000000f6880000)
 ParOldGen       total 178688K, used 137268K [0x00000000a0000000, 0x00000000aae80000, 0x00000000e0000000)
  object space 178688K, 76% used [0x00000000a0000000,0x00000000a860d3c0,0x00000000aae80000)
 Metaspace       used 70031K, capacity 73568K, committed 73904K, reserved 1114112K
  class space    used 9050K, capacity 9779K, committed 9904K, reserved 1048576K
}
Event: 710.557 GC heap before
{Heap before GC invocations=36 (full 7):
 PSYoungGen      total 365056K, used 306688K [0x00000000e0000000, 0x00000000fab80000, 0x0000000100000000)
  eden space 306688K, 100% used [0x00000000e0000000,0x00000000f2b80000,0x00000000f2b80000)
  from space 58368K, 0% used [0x00000000f6880000,0x00000000f6880000,0x00000000fa180000)
  to   space 62464K, 0% used [0x00000000f2b80000,0x00000000f2b80000,0x00000000f6880000)
 ParOldGen       total 178688K, used 137268K [0x00000000a0000000, 0x00000000aae80000, 0x00000000e0000000)
  object space 178688K, 76% used [0x00000000a0000000,0x00000000a860d3c0,0x00000000aae80000)
 Metaspace       used 70053K, capacity 73632K, committed 73904K, reserved 1114112K
  class space    used 9051K, capacity 9779K, committed 9904K, reserved 1048576K
Event: 710.619 GC heap after
Heap after GC invocations=36 (full 7):
 PSYoungGen      total 369152K, used 36419K [0x00000000e0000000, 0x00000000fab80000, 0x0000000100000000)
  eden space 306688K, 0% used [0x00000000e0000000,0x00000000e0000000,0x00000000f2b80000)
  from space 62464K, 58% used [0x00000000f2b80000,0x00000000f4f10cf8,0x00000000f6880000)
  to   space 58368K, 0% used [0x00000000f6880000,0x00000000f6880000,0x00000000fa180000)
 ParOldGen       total 178688K, used 137276K [0x00000000a0000000, 0x00000000aae80000, 0x00000000e0000000)
  object space 178688K, 76% used [0x00000000a0000000,0x00000000a860f3c0,0x00000000aae80000)
 Metaspace       used 70053K, capacity 73632K, committed 73904K, reserved 1114112K
  class space    used 9051K, capacity 9779K, committed 9904K, reserved 1048576K
}
Event: 711.597 GC heap before
{Heap before GC invocations=37 (full 7):
 PSYoungGen      total 369152K, used 343107K [0x00000000e0000000, 0x00000000fab80000, 0x0000000100000000)
  eden space 306688K, 100% used [0x00000000e0000000,0x00000000f2b80000,0x00000000f2b80000)
  from space 62464K, 58% used [0x00000000f2b80000,0x00000000f4f10cf8,0x00000000f6880000)
  to   space 58368K, 0% used [0x00000000f6880000,0x00000000f6880000,0x00000000fa180000)
 ParOldGen       total 178688K, used 137276K [0x00000000a0000000, 0x00000000aae80000, 0x00000000e0000000)
  object space 178688K, 76% used [0x00000000a0000000,0x00000000a860f3c0,0x00000000aae80000)
 Metaspace       used 70053K, capacity 73632K, committed 73904K, reserved 1114112K
  class space    used 9051K, capacity 9779K, committed 9904K, reserved 1048576K
Event: 711.756 GC heap after
Heap after GC invocations=37 (full 7):
 PSYoungGen      total 365056K, used 46704K [0x00000000e0000000, 0x00000000fab80000, 0x0000000100000000)
  eden space 306688K, 0% used [0x00000000e0000000,0x00000000e0000000,0x00000000f2b80000)
  from space 58368K, 80% used [0x00000000f6880000,0x00000000f961c058,0x00000000fa180000)
  to   space 62464K, 0% used [0x00000000f2b80000,0x00000000f2b80000,0x00000000f6880000)
 ParOldGen       total 178688K, used 171982K [0x00000000a0000000, 0x00000000aae80000, 0x00000000e0000000)
  object space 178688K, 96% used [0x00000000a0000000,0x00000000aa7f39b8,0x00000000aae80000)
 Metaspace       used 70053K, capacity 73632K, committed 73904K, reserved 1114112K
  class space    used 9051K, capacity 9779K, committed 9904K, reserved 1048576K
}
Event: 711.756 GC heap before
{Heap before GC invocations=38 (full 8):
 PSYoungGen      total 365056K, used 46704K [0x00000000e0000000, 0x00000000fab80000, 0x0000000100000000)
  eden space 306688K, 0% used [0x00000000e0000000,0x00000000e0000000,0x00000000f2b80000)
  from space 58368K, 80% used [0x00000000f6880000,0x00000000f961c058,0x00000000fa180000)
  to   space 62464K, 0% used [0x00000000f2b80000,0x00000000f2b80000,0x00000000f6880000)
 ParOldGen       total 178688K, used 171982K [0x00000000a0000000, 0x00000000aae80000, 0x00000000e0000000)
  object space 178688K, 96% used [0x00000000a0000000,0x00000000aa7f39b8,0x00000000aae80000)
 Metaspace       used 70053K, capacity 73632K, committed 73904K, reserved 1114112K
  class space    used 9051K, capacity 9779K, committed 9904K, reserved 1048576K
Event: 712.731 GC heap after
Heap after GC invocations=38 (full 8):
 PSYoungGen      total 365056K, used 0K [0x00000000e0000000, 0x00000000fab80000, 0x0000000100000000)
  eden space 306688K, 0% used [0x00000000e0000000,0x00000000e0000000,0x00000000f2b80000)
  from space 58368K, 0% used [0x00000000f6880000,0x00000000f6880000,0x00000000fa180000)
  to   space 62464K, 0% used [0x00000000f2b80000,0x00000000f2b80000,0x00000000f6880000)
 ParOldGen       total 178688K, used 158625K [0x00000000a0000000, 0x00000000aae80000, 0x00000000e0000000)
  object space 178688K, 88% used [0x00000000a0000000,0x00000000a9ae8520,0x00000000aae80000)
 Metaspace       used 70053K, capacity 73632K, committed 73904K, reserved 1114112K
  class space    used 9051K, capacity 9779K, committed 9904K, reserved 1048576K
}

Deoptimization events (10 events):
Event: 710.254 Thread 0x000000001ff2c000 Uncommon trap: reason=unstable_if action=reinterpret pc=0x00000000059fc784 method=java.util.BitSet.nextClearBit(I)I @ 70
Event: 710.259 Thread 0x000000001ff2c000 Uncommon trap: reason=unstable_if action=reinterpret pc=0x0000000005aa2a40 method=java.util.BitSet.set(II)V @ 48
Event: 710.766 Thread 0x000000001ff33800 Uncommon trap: reason=unstable_if action=reinterpret pc=0x000000000564f5f0 method=com.android.dx.ssa.LocalVariableExtractor.doit()Lcom/android/dx/ssa/LocalVariableInfo; @ 7
Event: 710.766 Thread 0x000000001ff33800 Uncommon trap: reason=unstable_if action=reinterpret pc=0x0000000005a4bcf8 method=com.android.dx.rop.code.RegisterSpecSet.<init>(I)V @ 2
Event: 710.766 Thread 0x000000001ff33800 Uncommon trap: reason=unstable_if action=reinterpret pc=0x000000000569c15c method=com.android.dx.rop.code.RegisterSpecSet.<init>(I)V @ 2
Event: 710.903 Thread 0x000000001ff2b800 Uncommon trap: reason=unstable_if action=reinterpret pc=0x000000000585c9ec method=com.android.dx.cf.code.Merger.mergeType(Lcom/android/dx/rop/type/TypeBearer;Lcom/android/dx/rop/type/TypeBearer;)Lcom/android/dx/rop/type/TypeBearer; @ 133
Event: 710.982 Thread 0x000000001ff33000 Uncommon trap: reason=bimorphic action=maybe_recompile pc=0x00000000055cfdec method=com.android.dx.ssa.LiteralOpUpgrader.tryReplacingWithConstant(Lcom/android/dx/ssa/NormalSsaInsn;)Z @ 62
Event: 711.184 Thread 0x000000001ff2b800 Uncommon trap: reason=bimorphic action=maybe_recompile pc=0x00000000055cfdec method=com.android.dx.ssa.LiteralOpUpgrader.tryReplacingWithConstant(Lcom/android/dx/ssa/NormalSsaInsn;)Z @ 62
Event: 711.289 Thread 0x000000001ff36000 Uncommon trap: reason=bimorphic action=maybe_recompile pc=0x00000000055cfdec method=com.android.dx.ssa.LiteralOpUpgrader.tryReplacingWithConstant(Lcom/android/dx/ssa/NormalSsaInsn;)Z @ 62
Event: 711.291 Thread 0x000000001ff36000 Uncommon trap: reason=bimorphic action=maybe_recompile pc=0x00000000055c6e28 method=com.android.dx.ssa.LiteralOpUpgrader.tryReplacingWithConstant(Lcom/android/dx/ssa/NormalSsaInsn;)Z @ 62

Internal exceptions (10 events):
Event: 690.118 Thread 0x0000000019a59800 Exception <a 'sun/nio/fs/WindowsException'> (0x00000000e43a7140) thrown at [C:\src\android\AOSP-openjdk\external\jetbrains\jdk\hotspot\src\share\vm\prims\jni.cpp, line 709]
Event: 690.118 Thread 0x0000000019a59800 Exception <a 'sun/nio/fs/WindowsException'> (0x00000000e43a7b30) thrown at [C:\src\android\AOSP-openjdk\external\jetbrains\jdk\hotspot\src\share\vm\prims\jni.cpp, line 709]
Event: 690.118 Thread 0x0000000019a59800 Exception <a 'sun/nio/fs/WindowsException'> (0x00000000e43aa598) thrown at [C:\src\android\AOSP-openjdk\external\jetbrains\jdk\hotspot\src\share\vm\prims\jni.cpp, line 709]
Event: 690.118 Thread 0x0000000019a59800 Exception <a 'sun/nio/fs/WindowsException'> (0x00000000e43aaf78) thrown at [C:\src\android\AOSP-openjdk\external\jetbrains\jdk\hotspot\src\share\vm\prims\jni.cpp, line 709]
Event: 690.118 Thread 0x0000000019a59800 Exception <a 'sun/nio/fs/WindowsException'> (0x00000000e43acc30) thrown at [C:\src\android\AOSP-openjdk\external\jetbrains\jdk\hotspot\src\share\vm\prims\jni.cpp, line 709]
Event: 690.118 Thread 0x0000000019a59800 Exception <a 'sun/nio/fs/WindowsException'> (0x00000000e43ad630) thrown at [C:\src\android\AOSP-openjdk\external\jetbrains\jdk\hotspot\src\share\vm\prims\jni.cpp, line 709]
Event: 695.196 Thread 0x0000000019a59800 Implicit null exception at 0x0000000004fe5161 to 0x0000000004fe57f5
Event: 697.538 Thread 0x000000001ff2b800 Implicit null exception at 0x00000000051fb3a4 to 0x00000000051fbf41
Event: 699.798 Thread 0x000000001852d800 Implicit null exception at 0x000000000569ee5a to 0x000000000569f661
Event: 704.313 Thread 0x000000001ff39800 Implicit null exception at 0x00000000056a1bec to 0x00000000056a2569

Events (10 events):
Event: 712.814 Thread 0x000000001ff34800 Thread exited: 0x000000001ff34800
Event: 712.819 Thread 0x000000001ff33000 Thread exited: 0x000000001ff33000
Event: 712.884 Thread 0x000000001ff30000 DEOPT PACKING pc=0x0000000005785356 sp=0x0000000031eeef80
Event: 712.884 Thread 0x000000001ff30000 DEOPT UNPACKING pc=0x0000000002b875bf sp=0x0000000031eeed68 mode 0
Event: 712.884 Thread 0x000000001ff30000 Thread exited: 0x000000001ff30000
Event: 712.963 Thread 0x000000001ff36000 Thread exited: 0x000000001ff36000
Event: 712.963 Thread 0x000000001ff33800 Thread exited: 0x000000001ff33800
Event: 712.963 Thread 0x000000001ff35000 Thread exited: 0x000000001ff35000
Event: 712.964 Thread 0x000000001ff37800 Thread exited: 0x000000001ff37800
Event: 712.968 Thread 0x000000001ff38000 Thread exited: 0x000000001ff38000


Dynamic libraries:
0x00007ff722670000 - 0x00007ff7226a1000 	C:\Program Files\Android\Android Studio2\jre\bin\java.exe
0x00007ff90b110000 - 0x00007ff90b2d1000 	C:\WINDOWS\SYSTEM32\ntdll.dll
0x00007ff90a130000 - 0x00007ff90a1dd000 	C:\WINDOWS\system32\KERNEL32.DLL
0x00007ff8e4df0000 - 0x00007ff8e4e23000 	C:\Program Files\AVAST Software\Avast\x64\aswhooka.dll
0x00007ff9079e0000 - 0x00007ff907bc8000 	C:\WINDOWS\system32\KERNELBASE.dll
0x00007ff90a080000 - 0x00007ff90a127000 	C:\WINDOWS\system32\ADVAPI32.dll
0x00007ff90b070000 - 0x00007ff90b10d000 	C:\WINDOWS\system32\msvcrt.dll
0x00007ff90aa40000 - 0x00007ff90aa9b000 	C:\WINDOWS\system32\sechost.dll
0x00007ff90a4b0000 - 0x00007ff90a5cc000 	C:\WINDOWS\system32\RPCRT4.dll
0x00007ff90a2f0000 - 0x00007ff90a446000 	C:\WINDOWS\system32\USER32.dll
0x00007ff908980000 - 0x00007ff908b06000 	C:\WINDOWS\system32\GDI32.dll
0x00007ff8feb30000 - 0x00007ff8feda4000 	C:\WINDOWS\WinSxS\amd64_microsoft.windows.common-controls_6595b64144ccf1df_6.0.10586.672_none_a2d6b3cea53ff843\COMCTL32.dll
0x00007ff908510000 - 0x00007ff90878d000 	C:\WINDOWS\system32\combase.dll
0x00007ff908220000 - 0x00007ff90828a000 	C:\WINDOWS\system32\bcryptPrimitives.dll
0x00007ff908790000 - 0x00007ff9087cb000 	C:\WINDOWS\system32\IMM32.DLL
0x0000000055390000 - 0x0000000055462000 	C:\Program Files\Android\Android Studio2\jre\jre\bin\msvcr100.dll
0x0000000055470000 - 0x0000000055ca4000 	C:\Program Files\Android\Android Studio2\jre\jre\bin\server\jvm.dll
0x00007ff90aac0000 - 0x00007ff90aac8000 	C:\WINDOWS\system32\PSAPI.DLL
0x00007ff8f5cd0000 - 0x00007ff8f5cd9000 	C:\WINDOWS\SYSTEM32\WSOCK32.dll
0x00007ff90a6a0000 - 0x00007ff90a70b000 	C:\WINDOWS\system32\WS2_32.dll
0x00007ff905e10000 - 0x00007ff905e33000 	C:\WINDOWS\SYSTEM32\WINMM.dll
0x00007ff902e50000 - 0x00007ff902e5a000 	C:\WINDOWS\SYSTEM32\VERSION.dll
0x00007ff905de0000 - 0x00007ff905e0c000 	C:\WINDOWS\SYSTEM32\WINMMBASE.dll
0x00007ff9084c0000 - 0x00007ff908503000 	C:\WINDOWS\system32\cfgmgr32.dll
0x00007ff904dc0000 - 0x00007ff904dcf000 	C:\Program Files\Android\Android Studio2\jre\jre\bin\verify.dll
0x00007ff8f8bf0000 - 0x00007ff8f8c19000 	C:\Program Files\Android\Android Studio2\jre\jre\bin\java.dll
0x00007ff8f8e30000 - 0x00007ff8f8e46000 	C:\Program Files\Android\Android Studio2\jre\jre\bin\zip.dll
0x00007ff908b20000 - 0x00007ff90a07c000 	C:\WINDOWS\system32\SHELL32.dll
0x00007ff907bd0000 - 0x00007ff908215000 	C:\WINDOWS\system32\windows.storage.dll
0x00007ff90a450000 - 0x00007ff90a4a2000 	C:\WINDOWS\system32\shlwapi.dll
0x00007ff9077b0000 - 0x00007ff9077bf000 	C:\WINDOWS\system32\kernel.appcore.dll
0x00007ff907920000 - 0x00007ff9079d5000 	C:\WINDOWS\system32\shcore.dll
0x00007ff907730000 - 0x00007ff90777b000 	C:\WINDOWS\system32\powrprof.dll
0x00007ff907780000 - 0x00007ff907794000 	C:\WINDOWS\system32\profapi.dll
0x00007ff8f5940000 - 0x00007ff8f595a000 	C:\Program Files\Android\Android Studio2\jre\jre\bin\net.dll
0x00007ff907060000 - 0x00007ff9070bc000 	C:\WINDOWS\system32\mswsock.dll
0x00007ff8f58f0000 - 0x00007ff8f5901000 	C:\Program Files\Android\Android Studio2\jre\jre\bin\nio.dll
0x00007ff8f55a0000 - 0x00007ff8f55b2000 	C:\Users\doha_\.gradle\native\19\windows-amd64\native-platform.dll
0x00007ff907110000 - 0x00007ff907127000 	C:\WINDOWS\SYSTEM32\CRYPTSP.dll
0x00007ff906da0000 - 0x00007ff906dd4000 	C:\WINDOWS\system32\rsaenh.dll
0x00007ff907330000 - 0x00007ff907359000 	C:\WINDOWS\SYSTEM32\bcrypt.dll
0x00007ff906ef0000 - 0x00007ff906f0f000 	C:\WINDOWS\SYSTEM32\USERENV.dll
0x00007ff907230000 - 0x00007ff90723b000 	C:\WINDOWS\SYSTEM32\CRYPTBASE.dll
0x00007ff904280000 - 0x00007ff9042b8000 	C:\WINDOWS\SYSTEM32\IPHLPAPI.DLL
0x00007ff908b10000 - 0x00007ff908b18000 	C:\WINDOWS\system32\NSI.dll
0x00007ff8fabe0000 - 0x00007ff8fabf6000 	C:\WINDOWS\SYSTEM32\dhcpcsvc6.DLL
0x00007ff8fb3f0000 - 0x00007ff8fb40a000 	C:\WINDOWS\SYSTEM32\dhcpcsvc.DLL
0x00007ff8f68d0000 - 0x00007ff8f68dd000 	C:\Program Files\Android\Android Studio2\jre\jre\bin\management.dll

VM Arguments:
jvm_args: -Xmx1536m -Dfile.encoding=windows-1252 -Duser.country=US -Duser.language=en -Duser.variant 
java_command: org.gradle.launcher.daemon.bootstrap.GradleDaemon 2.14.1
java_class_path (initial): C:\Program Files\Android\Android Studio2\gradle\gradle-2.14.1\lib\gradle-launcher-2.14.1.jar
Launcher Type: SUN_STANDARD

Environment Variables:
PATH=C:\ProgramData\Oracle\Java\javapath;C:\Program Files (x86)\Intel\iCLS Client\;C:\Program Files\Intel\iCLS Client\;C:\WINDOWS\system32;C:\WINDOWS;C:\WINDOWS\System32\Wbem;C:\WINDOWS\System32\WindowsPowerShell\v1.0\;C:\Program Files (x86)\Intel\Intel(R) Management Engine Components\DAL;C:\Program Files\Intel\Intel(R) Management Engine Components\DAL;C:\Program Files (x86)\Intel\Intel(R) Management Engine Components\IPT;C:\Program Files\Intel\Intel(R) Management Engine Components\IPT;C:\Program Files (x86)\Microsoft SQL Server\Client SDK\ODBC\110\Tools\Binn\;C:\Program Files (x86)\Microsoft SQL Server\120\Tools\Binn\;C:\Program Files (x86)\Microsoft SQL Server\120\DTS\Binn\;C:\Program Files (x86)\Microsoft SQL Server\120\Tools\Binn\ManagementStudio\;C:\Program Files (x86)\NVIDIA Corporation\PhysX\Common;C:\Program Files\Microsoft\Web Platform Installer\;C:\Program Files (x86)\Microsoft ASP.NET\ASP.NET Web Pages\v1.0\;C:\Program Files (x86)\Windows Kits\8.0\Windows Performance Toolkit\;C:\Program Files\Microsoft SQL Server\110\Tools\Binn\;C:\WINDOWS\system32;C:\WINDOWS;C:\WINDOWS\System32\Wbem;C:\WINDOWS\System32\WindowsPowerShell\v1.0\;C:\Program Files\Anaconda3;C:\Program Files\Anaconda3\Scripts;C:\Program Files\Anaconda3\Library\bin;C:\Program Files (x86)\Skype\Phone\;C:\Program Files\OpenVPN\bin
USERNAME=doha_
OS=Windows_NT
PROCESSOR_IDENTIFIER=Intel64 Family 6 Model 69 Stepping 1, GenuineIntel



---------------  S Y S T E M  ---------------

OS: Windows 10.0 , 64 bit Build 10586 (10.0.10586.589)

CPU:total 4 (2 cores per cpu, 2 threads per core) family 6 model 69 stepping 1, cmov, cx8, fxsr, mmx, sse, sse2, sse3, ssse3, sse4.1, sse4.2, popcnt, avx, avx2, aes, clmul, erms, lzcnt, ht, tsc, tscinvbit, bmi1, bmi2

Memory: 4k page, physical 4095984k(440480k free), swap 5760980k(13976k free)

vm_info: OpenJDK 64-Bit Server VM (25.76-b03) for windows-amd64 JRE (1.8.0_76-release-b03), built on Jun 29 2016 19:09:20 by "ralucas" with MS VC++ 10.0 (VS2010)

time: Sat Apr 15 15:42:44 2017
elapsed time: 713 seconds (0d 0h 11m 53s)

