#
# There is insufficient memory for the Java Runtime Environment to continue.
# Native memory allocation (malloc) failed to allocate 1669936 bytes for Chunk::new
# Possible reasons:
#   The system is out of physical RAM or swap space
#   In 32 bit mode, the process size limit was hit
# Possible solutions:
#   Reduce memory load on the system
#   Increase physical memory or swap space
#   Check if swap backing store is full
#   Use 64 bit Java on a 64 bit OS
#   Decrease Java heap size (-Xmx/-Xms)
#   Decrease number of Java threads
#   Decrease Java thread stack sizes (-Xss)
#   Set larger code cache with -XX:ReservedCodeCacheSize=
# This output file may be truncated or incomplete.
#
#  Out of Memory Error (allocation.cpp:390), pid=3880, tid=0x00000000000004a0
#
# JRE version: OpenJDK Runtime Environment (8.0_76-b03) (build 1.8.0_76-release-b03)
# Java VM: OpenJDK 64-Bit Server VM (25.76-b03 mixed mode windows-amd64 compressed oops)
# Failed to write core dump. Minidumps are not enabled by default on client versions of Windows
#

---------------  T H R E A D  ---------------

Current thread (0x0000000016789000):  JavaThread "C2 CompilerThread1" daemon [_thread_in_native, id=1184, stack(0x0000000017ec0000,0x0000000017fc0000)]

Stack: [0x0000000017ec0000,0x0000000017fc0000]
[error occurred during error reporting (printing stack bounds), id 0xc0000005]

Native frames: (J=compiled Java code, j=interpreted, Vv=VM code, C=native code)


Current CompileTask:
C2:   4450 1858       4       java.net.URLClassLoader$1::run (5 bytes)


---------------  P R O C E S S  ---------------

Java Threads: ( => current thread )
  0x00000000198d4000 JavaThread "File lock request listener" [_thread_in_native, id=8552, stack(0x000000001c2f0000,0x000000001c3f0000)]
  0x00000000193bf000 JavaThread "Stdin handler" [_thread_blocked, id=1120, stack(0x000000001ae20000,0x000000001af20000)]
  0x00000000193be000 JavaThread "Asynchronous log dispatcher for org.gradle.launcher.daemon.server.DefaultDaemonConnection@5639ac40" [_thread_blocked, id=4156, stack(0x000000001ad20000,0x000000001ae20000)]
  0x000000001942d800 JavaThread "Daemon worker" [_thread_in_vm, id=9348, stack(0x000000001aa20000,0x000000001ab20000)]
  0x00000000193ca000 JavaThread "Cancel handler" [_thread_blocked, id=10048, stack(0x000000001a920000,0x000000001aa20000)]
  0x00000000194f2800 JavaThread "Handler for socket connection from /127.0.0.1:56544 to /127.0.0.1:56545" [_thread_in_native, id=10456, stack(0x000000001a820000,0x000000001a920000)]
  0x00000000194eb800 JavaThread "Daemon" [_thread_blocked, id=6804, stack(0x000000001a720000,0x000000001a820000)]
  0x000000001953d000 JavaThread "pool-1-thread-1" [_thread_blocked, id=8, stack(0x000000001a620000,0x000000001a720000)]
  0x0000000019538800 JavaThread "Incoming local TCP Connector on port 56544" [_thread_in_native, id=7728, stack(0x0000000018ec0000,0x0000000018fc0000)]
  0x0000000016792000 JavaThread "Service Thread" daemon [_thread_blocked, id=9260, stack(0x00000000184c0000,0x00000000185c0000)]
  0x0000000016790000 JavaThread "C1 CompilerThread2" daemon [_thread_in_native, id=10892, stack(0x0000000017fc0000,0x00000000180c0000)]
=>0x0000000016789000 JavaThread "C2 CompilerThread1" daemon [_thread_in_native, id=1184, stack(0x0000000017ec0000,0x0000000017fc0000)]
  0x0000000016799800 JavaThread "C2 CompilerThread0" daemon [_thread_in_native, id=6288, stack(0x0000000017dc0000,0x0000000017ec0000)]
  0x0000000016798000 JavaThread "Attach Listener" daemon [_thread_blocked, id=2696, stack(0x0000000017cc0000,0x0000000017dc0000)]
  0x0000000016796800 JavaThread "Signal Dispatcher" daemon [_thread_blocked, id=7356, stack(0x0000000017bc0000,0x0000000017cc0000)]
  0x0000000016778800 JavaThread "Finalizer" daemon [_thread_blocked, id=10748, stack(0x00000000179e0000,0x0000000017ae0000)]
  0x0000000002e11800 JavaThread "Reference Handler" daemon [_thread_blocked, id=2904, stack(0x00000000178e0000,0x00000000179e0000)]
  0x0000000002d22800 JavaThread "main" [_thread_blocked, id=3992, stack(0x0000000002bd0000,0x0000000002cd0000)]

Other Threads:
  0x0000000016754800 VMThread [stack: 0x00000000177e0000,0x00000000178e0000] [id=6420]
  0x00000000167ec000 WatcherThread [stack: 0x00000000185c0000,0x00000000186c0000] [id=9904]

VM state:not at safepoint (normal execution)

VM Mutex/Monitor currently owned by a thread: None

Heap:
 PSYoungGen      total 74240K, used 13810K [0x00000000e0000000, 0x00000000e5100000, 0x0000000100000000)
  eden space 65536K, 21% used [0x00000000e0000000,0x00000000e0d7ca70,0x00000000e4000000)
  from space 8704K, 0% used [0x00000000e4880000,0x00000000e4880000,0x00000000e5100000)
  to   space 8704K, 0% used [0x00000000e4000000,0x00000000e4000000,0x00000000e4880000)
 ParOldGen       total 43008K, used 11972K [0x00000000a0000000, 0x00000000a2a00000, 0x00000000e0000000)
  object space 43008K, 27% used [0x00000000a0000000,0x00000000a0bb1270,0x00000000a2a00000)
 Metaspace       used 22324K, capacity 22844K, committed 22960K, reserved 1069056K
  class space    used 2965K, capacity 3150K, committed 3248K, reserved 1048576K

Card table byte_map: [0x00000000121e0000,0x00000000124f0000] byte_map_base: 0x0000000011ce0000

Marking Bits: (ParMarkBitMap*) 0x000000006d159d00
 Begin Bits: [0x0000000012af0000, 0x00000000142f0000)
 End Bits:   [0x00000000142f0000, 0x0000000015af0000)

Polling page: 0x00000000013e0000

CodeCache: size=245760Kb used=7593Kb max_used=7593Kb free=238166Kb
 bounds [0x0000000002e20000, 0x0000000003590000, 0x0000000011e20000]
 total_blobs=2650 nmethods=2024 adapters=539
 compilation: enabled

Compilation events (10 events):
Event: 4.407 Thread 0x0000000016790000 2028       2       com.google.common.collect.TransformedIterator::hasNext (10 bytes)
Event: 4.408 Thread 0x0000000016790000 nmethod 2028 0x000000000358a250 code [0x000000000358a3c0, 0x000000000358a548]
Event: 4.408 Thread 0x0000000016790000 2029       2       com.google.common.base.Preconditions::checkPositionIndex (8 bytes)
Event: 4.408 Thread 0x0000000016790000 nmethod 2029 0x000000000358a5d0 code [0x000000000358a740, 0x000000000358a958]
Event: 4.408 Thread 0x0000000016790000 2030       2       com.google.common.base.Preconditions::checkPositionIndex (25 bytes)
Event: 4.409 Thread 0x0000000016790000 nmethod 2030 0x000000000358aa90 code [0x000000000358ac00, 0x000000000358adf8]
Event: 4.410 Thread 0x0000000016790000 2031       2       org.gradle.internal.Cast::uncheckedCast (2 bytes)
Event: 4.410 Thread 0x0000000016790000 nmethod 2031 0x000000000358af10 code [0x000000000358b060, 0x000000000358b190]
Event: 4.411 Thread 0x0000000016790000 2032       2       com.google.common.collect.UnmodifiableIterator::<init> (5 bytes)
Event: 4.411 Thread 0x0000000016790000 nmethod 2032 0x000000000358b210 code [0x000000000358b360, 0x000000000358b4b0]

GC Heap History (10 events):
Event: 1.554 GC heap before
{Heap before GC invocations=3 (full 0):
 PSYoungGen      total 18944K, used 18444K [0x00000000e0000000, 0x00000000e2500000, 0x0000000100000000)
  eden space 16384K, 100% used [0x00000000e0000000,0x00000000e1000000,0x00000000e1000000)
  from space 2560K, 80% used [0x00000000e1280000,0x00000000e14832c0,0x00000000e1500000)
  to   space 2560K, 0% used [0x00000000e1000000,0x00000000e1000000,0x00000000e1280000)
 ParOldGen       total 44032K, used 460K [0x00000000a0000000, 0x00000000a2b00000, 0x00000000e0000000)
  object space 44032K, 1% used [0x00000000a0000000,0x00000000a0073040,0x00000000a2b00000)
 Metaspace       used 11036K, capacity 11376K, committed 11648K, reserved 1058816K
  class space    used 1415K, capacity 1544K, committed 1664K, reserved 1048576K
Event: 1.562 GC heap after
Heap after GC invocations=3 (full 0):
 PSYoungGen      total 18944K, used 2544K [0x00000000e0000000, 0x00000000e2500000, 0x0000000100000000)
  eden space 16384K, 0% used [0x00000000e0000000,0x00000000e0000000,0x00000000e1000000)
  from space 2560K, 99% used [0x00000000e1000000,0x00000000e127c030,0x00000000e1280000)
  to   space 2560K, 0% used [0x00000000e2280000,0x00000000e2280000,0x00000000e2500000)
 ParOldGen       total 44032K, used 1944K [0x00000000a0000000, 0x00000000a2b00000, 0x00000000e0000000)
  object space 44032K, 4% used [0x00000000a0000000,0x00000000a01e6108,0x00000000a2b00000)
 Metaspace       used 11036K, capacity 11376K, committed 11648K, reserved 1058816K
  class space    used 1415K, capacity 1544K, committed 1664K, reserved 1048576K
}
Event: 1.855 GC heap before
{Heap before GC invocations=4 (full 0):
 PSYoungGen      total 18944K, used 18928K [0x00000000e0000000, 0x00000000e2500000, 0x0000000100000000)
  eden space 16384K, 100% used [0x00000000e0000000,0x00000000e1000000,0x00000000e1000000)
  from space 2560K, 99% used [0x00000000e1000000,0x00000000e127c030,0x00000000e1280000)
  to   space 2560K, 0% used [0x00000000e2280000,0x00000000e2280000,0x00000000e2500000)
 ParOldGen       total 44032K, used 1944K [0x00000000a0000000, 0x00000000a2b00000, 0x00000000e0000000)
  object space 44032K, 4% used [0x00000000a0000000,0x00000000a01e6108,0x00000000a2b00000)
 Metaspace       used 12753K, capacity 13114K, committed 13440K, reserved 1060864K
  class space    used 1700K, capacity 1823K, committed 1920K, reserved 1048576K
Event: 1.862 GC heap after
Heap after GC invocations=4 (full 0):
 PSYoungGen      total 35328K, used 2544K [0x00000000e0000000, 0x00000000e2500000, 0x0000000100000000)
  eden space 32768K, 0% used [0x00000000e0000000,0x00000000e0000000,0x00000000e2000000)
  from space 2560K, 99% used [0x00000000e2280000,0x00000000e24fc030,0x00000000e2500000)
  to   space 2560K, 0% used [0x00000000e2000000,0x00000000e2000000,0x00000000e2280000)
 ParOldGen       total 44032K, used 3917K [0x00000000a0000000, 0x00000000a2b00000, 0x00000000e0000000)
  object space 44032K, 8% used [0x00000000a0000000,0x00000000a03d36e8,0x00000000a2b00000)
 Metaspace       used 12753K, capacity 13114K, committed 13440K, reserved 1060864K
  class space    used 1700K, capacity 1823K, committed 1920K, reserved 1048576K
}
Event: 3.110 GC heap before
{Heap before GC invocations=5 (full 0):
 PSYoungGen      total 35328K, used 35312K [0x00000000e0000000, 0x00000000e2500000, 0x0000000100000000)
  eden space 32768K, 100% used [0x00000000e0000000,0x00000000e2000000,0x00000000e2000000)
  from space 2560K, 99% used [0x00000000e2280000,0x00000000e24fc030,0x00000000e2500000)
  to   space 2560K, 0% used [0x00000000e2000000,0x00000000e2000000,0x00000000e2280000)
 ParOldGen       total 44032K, used 3917K [0x00000000a0000000, 0x00000000a2b00000, 0x00000000e0000000)
  object space 44032K, 8% used [0x00000000a0000000,0x00000000a03d36e8,0x00000000a2b00000)
 Metaspace       used 18828K, capacity 19278K, committed 19328K, reserved 1067008K
  class space    used 2516K, capacity 2674K, committed 2688K, reserved 1048576K
Event: 3.130 GC heap after
Heap after GC invocations=5 (full 0):
 PSYoungGen      total 35328K, used 2544K [0x00000000e0000000, 0x00000000e5100000, 0x0000000100000000)
  eden space 32768K, 0% used [0x00000000e0000000,0x00000000e0000000,0x00000000e2000000)
  from space 2560K, 99% used [0x00000000e2000000,0x00000000e227c010,0x00000000e2280000)
  to   space 8704K, 0% used [0x00000000e4880000,0x00000000e4880000,0x00000000e5100000)
 ParOldGen       total 44032K, used 10010K [0x00000000a0000000, 0x00000000a2b00000, 0x00000000e0000000)
  object space 44032K, 22% used [0x00000000a0000000,0x00000000a09c6a78,0x00000000a2b00000)
 Metaspace       used 18828K, capacity 19278K, committed 19328K, reserved 1067008K
  class space    used 2516K, capacity 2674K, committed 2688K, reserved 1048576K
}
Event: 3.958 GC heap before
{Heap before GC invocations=6 (full 0):
 PSYoungGen      total 35328K, used 25281K [0x00000000e0000000, 0x00000000e5100000, 0x0000000100000000)
  eden space 32768K, 69% used [0x00000000e0000000,0x00000000e1634500,0x00000000e2000000)
  from space 2560K, 99% used [0x00000000e2000000,0x00000000e227c010,0x00000000e2280000)
  to   space 8704K, 0% used [0x00000000e4880000,0x00000000e4880000,0x00000000e5100000)
 ParOldGen       total 44032K, used 10010K [0x00000000a0000000, 0x00000000a2b00000, 0x00000000e0000000)
  object space 44032K, 22% used [0x00000000a0000000,0x00000000a09c6a78,0x00000000a2b00000)
 Metaspace       used 20840K, capacity 21276K, committed 21296K, reserved 1067008K
  class space    used 2710K, capacity 2862K, committed 2864K, reserved 1048576K
Event: 3.977 GC heap after
Heap after GC invocations=6 (full 0):
 PSYoungGen      total 74240K, used 5513K [0x00000000e0000000, 0x00000000e5100000, 0x0000000100000000)
  eden space 65536K, 0% used [0x00000000e0000000,0x00000000e0000000,0x00000000e4000000)
  from space 8704K, 63% used [0x00000000e4880000,0x00000000e4de2478,0x00000000e5100000)
  to   space 8704K, 0% used [0x00000000e4000000,0x00000000e4000000,0x00000000e4880000)
 ParOldGen       total 44032K, used 10010K [0x00000000a0000000, 0x00000000a2b00000, 0x00000000e0000000)
  object space 44032K, 22% used [0x00000000a0000000,0x00000000a09c6a78,0x00000000a2b00000)
 Metaspace       used 20840K, capacity 21276K, committed 21296K, reserved 1067008K
  class space    used 2710K, capacity 2862K, committed 2864K, reserved 1048576K
}
Event: 3.977 GC heap before
{Heap before GC invocations=7 (full 1):
 PSYoungGen      total 74240K, used 5513K [0x00000000e0000000, 0x00000000e5100000, 0x0000000100000000)
  eden space 65536K, 0% used [0x00000000e0000000,0x00000000e0000000,0x00000000e4000000)
  from space 8704K, 63% used [0x00000000e4880000,0x00000000e4de2478,0x00000000e5100000)
  to   space 8704K, 0% used [0x00000000e4000000,0x00000000e4000000,0x00000000e4880000)
 ParOldGen       total 44032K, used 10010K [0x00000000a0000000, 0x00000000a2b00000, 0x00000000e0000000)
  object space 44032K, 22% used [0x00000000a0000000,0x00000000a09c6a78,0x00000000a2b00000)
 Metaspace       used 20840K, capacity 21276K, committed 21296K, reserved 1067008K
  class space    used 2710K, capacity 2862K, committed 2864K, reserved 1048576K
Event: 4.061 GC heap after
Heap after GC invocations=7 (full 1):
 PSYoungGen      total 74240K, used 0K [0x00000000e0000000, 0x00000000e5100000, 0x0000000100000000)
  eden space 65536K, 0% used [0x00000000e0000000,0x00000000e0000000,0x00000000e4000000)
  from space 8704K, 0% used [0x00000000e4880000,0x00000000e4880000,0x00000000e5100000)
  to   space 8704K, 0% used [0x00000000e4000000,0x00000000e4000000,0x00000000e4880000)
 ParOldGen       total 43008K, used 11972K [0x00000000a0000000, 0x00000000a2a00000, 0x00000000e0000000)
  object space 43008K, 27% used [0x00000000a0000000,0x00000000a0bb1270,0x00000000a2a00000)
 Metaspace       used 20840K, capacity 21276K, committed 21296K, reserved 1067008K
  class space    used 2710K, capacity 2862K, committed 2864K, reserved 1048576K
}

Deoptimization events (10 events):
Event: 3.189 Thread 0x000000001942d800 Uncommon trap: reason=class_check action=maybe_recompile pc=0x00000000031cbf18 method=sun.misc.URLClassPath.getLoader(I)Lsun/misc/URLClassPath$Loader; @ 193
Event: 3.567 Thread 0x000000001942d800 Uncommon trap: reason=class_check action=maybe_recompile pc=0x00000000031c5c24 method=sun.misc.URLClassPath.getLoader(I)Lsun/misc/URLClassPath$Loader; @ 94
Event: 3.957 Thread 0x000000001942d800 Uncommon trap: reason=unstable_if action=reinterpret pc=0x0000000003299220 method=java.util.HashMap.hash(Ljava/lang/Object;)I @ 1
Event: 4.080 Thread 0x000000001942d800 Uncommon trap: reason=unstable_if action=reinterpret pc=0x000000000306e0a8 method=java.util.HashMap.hash(Ljava/lang/Object;)I @ 1
Event: 4.202 Thread 0x000000001942d800 Uncommon trap: reason=unstable_if action=reinterpret pc=0x000000000329217c method=java.util.HashMap.getNode(ILjava/lang/Object;)Ljava/util/HashMap$Node; @ 53
Event: 4.202 Thread 0x000000001942d800 Uncommon trap: reason=unstable_if action=reinterpret pc=0x000000000327ff94 method=java.util.HashMap.hash(Ljava/lang/Object;)I @ 1
Event: 4.202 Thread 0x000000001942d800 Uncommon trap: reason=unstable_if action=reinterpret pc=0x00000000032735a4 method=java.util.HashMap.putVal(ILjava/lang/Object;Ljava/lang/Object;ZZ)Ljava/lang/Object; @ 85
Event: 4.242 Thread 0x000000001942d800 Uncommon trap: reason=class_check action=maybe_recompile pc=0x00000000032e52c0 method=java.lang.reflect.Method.equals(Ljava/lang/Object;)Z @ 5
Event: 4.245 Thread 0x000000001942d800 Uncommon trap: reason=class_check action=maybe_recompile pc=0x00000000032e52c0 method=java.lang.reflect.Method.equals(Ljava/lang/Object;)Z @ 5
Event: 4.394 Thread 0x000000001942d800 Uncommon trap: reason=unstable_if action=reinterpret pc=0x000000000312aa30 method=java.util.LinkedHashMap.afterNodeInsertion(Z)V @ 1

Internal exceptions (10 events):
Event: 3.842 Thread 0x000000001942d800 Exception <a 'java/lang/ClassNotFoundException': settings_ai551xfzb4010p7m347i8g4fdCustomizer> (0x00000000e10578e0) thrown at [C:\src\android\AOSP-openjdk\external\jetbrains\jdk\hotspot\src\share\vm\classfile\systemDictionary.cpp, line 210]
Event: 3.852 Thread 0x000000001942d800 Exception <a 'java/lang/ClassNotFoundException': org/gradle/initialization/DefaultSettings_DecoratedBeanInfo> (0x00000000e10c1110) thrown at [C:\src\android\AOSP-openjdk\external\jetbrains\jdk\hotspot\src\share\vm\classfile\systemDictionary.cpp, line 210]
Event: 3.852 Thread 0x000000001942d800 Exception <a 'java/lang/ClassNotFoundException': org/gradle/initialization/DefaultSettingsBeanInfo> (0x00000000e10dd470) thrown at [C:\src\android\AOSP-openjdk\external\jetbrains\jdk\hotspot\src\share\vm\classfile\systemDictionary.cpp, line 210]
Event: 3.853 Thread 0x000000001942d800 Exception <a 'java/lang/ClassNotFoundException': org/gradle/initialization/BaseSettingsBeanInfo> (0x00000000e10f8868) thrown at [C:\src\android\AOSP-openjdk\external\jetbrains\jdk\hotspot\src\share\vm\classfile\systemDictionary.cpp, line 210]
Event: 3.854 Thread 0x000000001942d800 Exception <a 'java/lang/ClassNotFoundException': org/gradle/initialization/BaseSettingsCustomizer> (0x00000000e1114b48) thrown at [C:\src\android\AOSP-openjdk\external\jetbrains\jdk\hotspot\src\share\vm\classfile\systemDictionary.cpp, line 210]
Event: 3.856 Thread 0x000000001942d800 Exception <a 'java/lang/ClassNotFoundException': org/gradle/initialization/DefaultSettingsCustomizer> (0x00000000e1157480) thrown at [C:\src\android\AOSP-openjdk\external\jetbrains\jdk\hotspot\src\share\vm\classfile\systemDictionary.cpp, line 210]
Event: 3.859 Thread 0x000000001942d800 Exception <a 'java/lang/ClassNotFoundException': org/gradle/initialization/DefaultSettings_DecoratedCustomizer> (0x00000000e117dc40) thrown at [C:\src\android\AOSP-openjdk\external\jetbrains\jdk\hotspot\src\share\vm\classfile\systemDictionary.cpp, line 210PM
Event: 3.957 Thread 0x000000001942d800 Implicit null exception at 0x0000000003299015 to 0x0000000003299211
Event: 4.080 Thread 0x000000001942d800 Implicit null exception at 0x000000000306e02f to 0x000000000306e099
Event: 4.202 Thread 0x000000001942d800 Implicit null exception at 0x000000000327fb1b to 0x000000000327ff79

Events (10 events):
Event: 4.421 loading class org/gradle/model/internal/core/rule/describe/MethodModelRuleDescriptor$Cache
Event: 4.421 loading class org/gradle/model/internal/core/rule/describe/MethodModelRuleDescriptor$Cache done
Event: 4.422 loading class org/gradle/model/internal/core/rule/describe/MethodModelRuleDescriptor$1
Event: 4.422 loading class org/gradle/model/internal/core/rule/describe/MethodModelRuleDescriptor$1 done
Event: 4.422 loading class org/gradle/model/internal/core/rule/describe/MethodModelRuleDescriptor$Cache$CacheEntry
Event: 4.422 loading class org/gradle/model/internal/core/rule/describe/MethodModelRuleDescriptor$Cache$CacheEntry done
Event: 4.423 loading class org/gradle/model/internal/inspect/UnmanagedModelCreationRuleExtractor$UnmanagedElementCreationAction
Event: 4.423 loading class org/gradle/model/internal/inspect/UnmanagedModelCreationRuleExtractor$UnmanagedElementCreationAction done
Event: 4.424 loading class org/gradle/model/internal/inspect/ModelRuleExtractor$DefaultExtractedRuleSource$ContextualizedModelAction
Event: 4.424 loading class org/gradle/model/internal/inspect/ModelRuleExtractor$DefaultExtractedRuleSource$ContextualizedModelAction done


Dynamic libraries:
0x00007ff685930000 - 0x00007ff685961000 	C:\Program Files\Android\Android Studio2\jre\bin\java.exe
0x00007fff9bd80000 - 0x00007fff9bf41000 	C:\WINDOWS\SYSTEM32\ntdll.dll
0x00007fff995a0000 - 0x00007fff9964d000 	C:\WINDOWS\system32\KERNEL32.DLL
0x00007fff74100000 - 0x00007fff74133000 	C:\Program Files\AVAST Software\Avast\x64\aswhooka.dll
0x00007fff98e50000 - 0x00007fff99038000 	C:\WINDOWS\system32\KERNELBASE.dll
0x00007fff99310000 - 0x00007fff993b7000 	C:\WINDOWS\system32\ADVAPI32.dll
0x00007fff9a4c0000 - 0x00007fff9a55d000 	C:\WINDOWS\system32\msvcrt.dll
0x00007fff99ba0000 - 0x00007fff99bfb000 	C:\WINDOWS\system32\sechost.dll
0x00007fff99650000 - 0x00007fff9976c000 	C:\WINDOWS\system32\RPCRT4.dll
0x00007fff9bc20000 - 0x00007fff9bd76000 	C:\WINDOWS\system32\USER32.dll
0x00007fff99180000 - 0x00007fff99306000 	C:\WINDOWS\system32\GDI32.dll
0x00007fff8f910000 - 0x00007fff8fb84000 	C:\WINDOWS\WinSxS\amd64_microsoft.windows.common-controls_6595b64144ccf1df_6.0.10586.672_none_a2d6b3cea53ff843\COMCTL32.dll
0x00007fff9a1d0000 - 0x00007fff9a44d000 	C:\WINDOWS\system32\combase.dll
0x00007fff99110000 - 0x00007fff9917a000 	C:\WINDOWS\system32\bcryptPrimitives.dll
0x00007fff9bbe0000 - 0x00007fff9bc1b000 	C:\WINDOWS\system32\IMM32.DLL
0x000000006db70000 - 0x000000006dc42000 	C:\Program Files\Android\Android Studio2\jre\jre\bin\msvcr100.dll
0x000000006c9a0000 - 0x000000006d1d4000 	C:\Program Files\Android\Android Studio2\jre\jre\bin\server\jvm.dll
0x00007fff9a080000 - 0x00007fff9a088000 	C:\WINDOWS\system32\PSAPI.DLL
0x00007fff96210000 - 0x00007fff96219000 	C:\WINDOWS\SYSTEM32\WSOCK32.dll
0x00007fff9a0f0000 - 0x00007fff9a15b000 	C:\WINDOWS\system32\WS2_32.dll
0x00007fff96ad0000 - 0x00007fff96af3000 	C:\WINDOWS\SYSTEM32\WINMM.dll
0x00007fff8fc30000 - 0x00007fff8fc3a000 	C:\WINDOWS\SYSTEM32\VERSION.dll
0x00007fff96960000 - 0x00007fff9698c000 	C:\WINDOWS\SYSTEM32\WINMMBASE.dll
0x00007fff98430000 - 0x00007fff98473000 	C:\WINDOWS\system32\cfgmgr32.dll
0x00007fff8f1a0000 - 0x00007fff8f1af000 	C:\Program Files\Android\Android Studio2\jre\jre\bin\verify.dll
0x00007fff8eee0000 - 0x00007fff8ef09000 	C:\Program Files\Android\Android Studio2\jre\jre\bin\java.dll
0x00007fff8eec0000 - 0x00007fff8eed6000 	C:\Program Files\Android\Android Studio2\jre\jre\bin\zip.dll
0x00007fff9a570000 - 0x00007fff9bacc000 	C:\WINDOWS\system32\SHELL32.dll
0x00007fff986b0000 - 0x00007fff98cf5000 	C:\WINDOWS\system32\windows.storage.dll
0x00007fff9a450000 - 0x00007fff9a4a2000 	C:\WINDOWS\system32\shlwapi.dll
0x00007fff98420000 - 0x00007fff9842f000 	C:\WINDOWS\system32\kernel.appcore.dll
0x00007fff98d90000 - 0x00007fff98e45000 	C:\WINDOWS\system32\shcore.dll
0x00007fff983d0000 - 0x00007fff9841b000 	C:\WINDOWS\system32\powrprof.dll
0x00007fff983a0000 - 0x00007fff983b4000 	C:\WINDOWS\system32\profapi.dll
0x00007fff8e9c0000 - 0x00007fff8e9da000 	C:\Program Files\Android\Android Studio2\jre\jre\bin\net.dll
0x00007fff97cd0000 - 0x00007fff97d2c000 	C:\WINDOWS\system32\mswsock.dll
0x00007fff8e9a0000 - 0x00007fff8e9b1000 	C:\Program Files\Android\Android Studio2\jre\jre\bin\nio.dll
0x00007fff8f070000 - 0x00007fff8f082000 	C:\Users\doha_\.gradle\native\19\windows-amd64\native-platform.dll
0x00007fff97d80000 - 0x00007fff97d97000 	C:\WINDOWS\SYSTEM32\CRYPTSP.dll
0x00007fff97a10000 - 0x00007fff97a44000 	C:\WINDOWS\system32\rsaenh.dll
0x00007fff97fa0000 - 0x00007fff97fc9000 	C:\WINDOWS\SYSTEM32\bcrypt.dll
0x00007fff97b60000 - 0x00007fff97b7f000 	C:\WINDOWS\SYSTEM32\USERENV.dll
0x00007fff97ea0000 - 0x00007fff97eab000 	C:\WINDOWS\SYSTEM32\CRYPTBASE.dll
0x00007fff95080000 - 0x00007fff950b8000 	C:\WINDOWS\SYSTEM32\IPHLPAPI.DLL
0x00007fff9a4b0000 - 0x00007fff9a4b8000 	C:\WINDOWS\system32\NSI.dll
0x00007fff8f320000 - 0x00007fff8f336000 	C:\WINDOWS\SYSTEM32\dhcpcsvc6.DLL
0x00007fff91030000 - 0x00007fff9104a000 	C:\WINDOWS\SYSTEM32\dhcpcsvc.DLL
0x00007fff8f170000 - 0x00007fff8f17d000 	C:\Program Files\Android\Android Studio2\jre\jre\bin\management.dll

VM Arguments:
jvm_args: -Xmx1536m -Dfile.encoding=windows-1252 -Duser.country=US -Duser.language=en -Duser.variant 
java_command: org.gradle.launcher.daemon.bootstrap.GradleDaemon 2.14.1
java_class_path (initial): C:\Program Files\Android\Android Studio2\gradle\gradle-2.14.1\lib\gradle-launcher-2.14.1.jar
Launcher Type: SUN_STANDARD

Environment Variables:
PATH=C:\ProgramData\Oracle\Java\javapath;C:\Program Files (x86)\Intel\iCLS Client\;C:\Program Files\Intel\iCLS Client\;C:\WINDOWS\system32;C:\WINDOWS;C:\WINDOWS\System32\Wbem;C:\WINDOWS\System32\WindowsPowerShell\v1.0\;C:\Program Files (x86)\Intel\Intel(R) Management Engine Components\DAL;C:\Program Files\Intel\Intel(R) Management Engine Components\DAL;C:\Program Files (x86)\Intel\Intel(R) Management Engine Components\IPT;C:\Program Files\Intel\Intel(R) Management Engine Components\IPT;C:\Program Files (x86)\Microsoft SQL Server\Client SDK\ODBC\110\Tools\Binn\;C:\Program Files (x86)\Microsoft SQL Server\120\Tools\Binn\;C:\Program Files (x86)\Microsoft SQL Server\120\DTS\Binn\;C:\Program Files (x86)\Microsoft SQL Server\120\Tools\Binn\ManagementStudio\;C:\Program Files (x86)\NVIDIA Corporation\PhysX\Common;C:\Program Files\Microsoft\Web Platform Installer\;C:\Program Files (x86)\Microsoft ASP.NET\ASP.NET Web Pages\v1.0\;C:\Program Files (x86)\Windows Kits\8.0\Windows Performance Toolkit\;C:\Program Files\Microsoft SQL Server\110\Tools\Binn\;C:\WINDOWS\system32;C:\WINDOWS;C:\WINDOWS\System32\Wbem;C:\WINDOWS\System32\WindowsPowerShell\v1.0\;C:\Program Files\Anaconda3;C:\Program Files\Anaconda3\Scripts;C:\Program Files\Anaconda3\Library\bin;C:\Program Files (x86)\Skype\Phone\;C:\Program Files\OpenVPN\bin
USERNAME=doha_
OS=Windows_NT
PROCESSOR_IDENTIFIER=Intel64 Family 6 Model 69 Stepping 1, GenuineIntel



---------------  S Y S T E M  ---------------

OS: Windows 10.0 , 64 bit Build 10586 (10.0.10586.589)

CPU:total 4 (2 cores per cpu, 2 threads per core) family 6 model 69 stepping 1, cmov, cx8, fxsr, mmx, sse, sse2, sse3, ssse3, sse4.1, sse4.2, popcnt, avx, avx2, aes, clmul, erms, lzcnt, ht, tsc, tscinvbit, bmi1, bmi2

Memory: 4k page, physical 4095984k(801448k free), swap 6008276k(9220k free)

vm_info: OpenJDK 64-Bit Server VM (25.76-b03) for windows-amd64 JRE (1.8.0_76-release-b03), built on Jun 29 2016 19:09:20 by "ralucas" with MS VC++ 10.0 (VS2010)

time: Sun Apr 09 18:52:20 2017
elapsed time: 4 seconds (0d 0h 0m 4s)

