#
# There is insufficient memory for the Java Runtime Environment to continue.
# Native memory allocation (malloc) failed to allocate 304176 bytes for Chunk::new
# Possible reasons:
#   The system is out of physical RAM or swap space
#   In 32 bit mode, the process size limit was hit
# Possible solutions:
#   Reduce memory load on the system
#   Increase physical memory or swap space
#   Check if swap backing store is full
#   Use 64 bit Java on a 64 bit OS
#   Decrease Java heap size (-Xmx/-Xms)
#   Decrease number of Java threads
#   Decrease Java thread stack sizes (-Xss)
#   Set larger code cache with -XX:ReservedCodeCacheSize=
# This output file may be truncated or incomplete.
#
#  Out of Memory Error (allocation.cpp:390), pid=11192, tid=0x0000000000002f9c
#
# JRE version: OpenJDK Runtime Environment (8.0_76-b03) (build 1.8.0_76-release-b03)
# Java VM: OpenJDK 64-Bit Server VM (25.76-b03 mixed mode windows-amd64 compressed oops)
# Failed to write core dump. Minidumps are not enabled by default on client versions of Windows
#

---------------  T H R E A D  ---------------

Current thread (0x00000000161dc000):  JavaThread "C2 CompilerThread1" daemon [_thread_in_native, id=12188, stack(0x0000000017930000,0x0000000017a30000)]

Stack: [0x0000000017930000,0x0000000017a30000]
[error occurred during error reporting (printing stack bounds), id 0xc0000005]

Native frames: (J=compiled Java code, j=interpreted, Vv=VM code, C=native code)


Current CompileTask:
C2:  35958 3438       4       java.net.URLClassLoader$1::run (5 bytes)


---------------  P R O C E S S  ---------------

Java Threads: ( => current thread )
  0x000000001b6ea000 JavaThread "File lock request listener" [_thread_in_native, id=6380, stack(0x000000001d2e0000,0x000000001d3e0000)]
  0x000000001910e800 JavaThread "Stdin handler" [_thread_blocked, id=1572, stack(0x000000001a9e0000,0x000000001aae0000)]
  0x00000000194e1000 JavaThread "Asynchronous log dispatcher for org.gradle.launcher.daemon.server.DefaultDaemonConnection@194c53d1" [_thread_blocked, id=8976, stack(0x000000001a8e0000,0x000000001a9e0000)]
  0x00000000191df000 JavaThread "Daemon worker" [_thread_in_native, id=6700, stack(0x000000001a4c0000,0x000000001a5c0000)]
  0x000000001828a000 JavaThread "Cancel handler" [_thread_blocked, id=4004, stack(0x000000001a3c0000,0x000000001a4c0000)]
  0x0000000019130000 JavaThread "Handler for socket connection from /127.0.0.1:52231 to /127.0.0.1:52232" [_thread_in_native, id=5628, stack(0x000000001a2c0000,0x000000001a3c0000)]
  0x0000000016231000 JavaThread "Daemon" [_thread_blocked, id=10128, stack(0x000000001a1c0000,0x000000001a2c0000)]
  0x0000000018e1f800 JavaThread "pool-1-thread-1" [_thread_blocked, id=9824, stack(0x000000001a0c0000,0x000000001a1c0000)]
  0x000000001917b800 JavaThread "Incoming local TCP Connector on port 52231" [_thread_in_native, id=12128, stack(0x0000000018930000,0x0000000018a30000)]
  0x0000000017b31800 JavaThread "Service Thread" daemon [_thread_blocked, id=12064, stack(0x0000000017f30000,0x0000000018030000)]
  0x00000000161df800 JavaThread "C1 CompilerThread2" daemon [_thread_blocked, id=9328, stack(0x0000000017a30000,0x0000000017b30000)]
=>0x00000000161dc000 JavaThread "C2 CompilerThread1" daemon [_thread_in_native, id=12188, stack(0x0000000017930000,0x0000000017a30000)]
  0x00000000161e9000 JavaThread "C2 CompilerThread0" daemon [_thread_in_native, id=4316, stack(0x0000000017830000,0x0000000017930000)]
  0x00000000161e8000 JavaThread "Attach Listener" daemon [_thread_blocked, id=1872, stack(0x0000000017730000,0x0000000017830000)]
  0x00000000161e6800 JavaThread "Signal Dispatcher" daemon [_thread_blocked, id=7984, stack(0x0000000017630000,0x0000000017730000)]
  0x000000000286b800 JavaThread "Finalizer" daemon [_thread_blocked, id=10504, stack(0x0000000017450000,0x0000000017550000)]
  0x0000000002860800 JavaThread "Reference Handler" daemon [_thread_blocked, id=820, stack(0x0000000017350000,0x0000000017450000)]
  0x0000000002772800 JavaThread "main" [_thread_blocked, id=7064, stack(0x00000000025d0000,0x00000000026d0000)]

Other Threads:
  0x00000000161a4800 VMThread [stack: 0x0000000017250000,0x0000000017350000] [id=11872]
  0x0000000017b33000 WatcherThread [stack: 0x0000000018030000,0x0000000018130000] [id=5668]

VM state:not at safepoint (normal execution)

VM Mutex/Monitor currently owned by a thread: None

Heap:
 PSYoungGen      total 86528K, used 6153K [0x00000000e0000000, 0x00000000e5d80000, 0x0000000100000000)
  eden space 80384K, 1% used [0x00000000e0000000,0x00000000e018b478,0x00000000e4e80000)
  from space 6144K, 74% used [0x00000000e5780000,0x00000000e5bf7270,0x00000000e5d80000)
  to   space 7680K, 0% used [0x00000000e4e80000,0x00000000e4e80000,0x00000000e5600000)
 ParOldGen       total 34304K, used 13331K [0x00000000a0000000, 0x00000000a2180000, 0x00000000e0000000)
  object space 34304K, 38% used [0x00000000a0000000,0x00000000a0d04e60,0x00000000a2180000)
 Metaspace       used 30982K, capacity 31584K, committed 31792K, reserved 1077248K
  class space    used 4194K, capacity 4351K, committed 4400K, reserved 1048576K

Card table byte_map: [0x0000000011c30000,0x0000000011f40000] byte_map_base: 0x0000000011730000

Marking Bits: (ParMarkBitMap*) 0x0000000056069d00
 Begin Bits: [0x0000000012540000, 0x0000000013d40000)
 End Bits:   [0x0000000013d40000, 0x0000000015540000)

Polling page: 0x0000000001000000

CodeCache: size=245760Kb used=12610Kb max_used=12620Kb free=233149Kb
 bounds [0x0000000002870000, 0x00000000034d0000, 0x0000000011870000]
 total_blobs=3966 nmethods=3320 adapters=559
 compilation: enabled

Compilation events (10 events):
Event: 35.858 Thread 0x00000000161df800 nmethod 3484 0x00000000034c5790 code [0x00000000034c5920, 0x00000000034c5cd8]
Event: 35.858 Thread 0x00000000161df800 3485       3       sun.reflect.annotation.AnnotationParser::toClass (32 bytes)
Event: 35.858 Thread 0x00000000161df800 nmethod 3485 0x00000000034c4690 code [0x00000000034c48a0, 0x00000000034c54c8]
Event: 35.859 Thread 0x00000000161df800 3487       3       sun.reflect.annotation.AnnotationInvocationHandler::invoke (277 bytes)
Event: 35.860 Thread 0x00000000161df800 nmethod 3487 0x00000000034c7d50 code [0x00000000034c8040, 0x00000000034c9638]
Event: 35.860 Thread 0x00000000161df800 3488   !   3       java.lang.Class::getSimpleBinaryName (38 bytes)
Event: 35.860 Thread 0x00000000161df800 nmethod 3488 0x00000000034befd0 code [0x00000000034bf1a0, 0x00000000034bf988]
Event: 35.881 Thread 0x00000000161e9000 nmethod 3486 0x00000000034cdb90 code [0x00000000034cdda0, 0x00000000034ced48]
Event: 35.891 Thread 0x00000000161e9000 3489       4       com.google.common.collect.MapMakerInternalMap::segmentFor (17 bytes)
Event: 35.892 Thread 0x00000000161e9000 nmethod 3489 0x00000000034bed50 code [0x00000000034bee80, 0x00000000034bef18]

GC Heap History (10 events):
Event: 24.208 GC heap before
{Heap before GC invocations=6 (full 0):
 PSYoungGen      total 35328K, used 24440K [0x00000000e0000000, 0x00000000e2500000, 0x0000000100000000)
  eden space 32768K, 66% used [0x00000000e0000000,0x00000000e155e1f8,0x00000000e2000000)
  from space 2560K, 100% used [0x00000000e2000000,0x00000000e2280000,0x00000000e2280000)
  to   space 2560K, 0% used [0x00000000e2280000,0x00000000e2280000,0x00000000e2500000)
 ParOldGen       total 44032K, used 9984K [0x00000000a0000000, 0x00000000a2b00000, 0x00000000e0000000)
  object space 44032K, 22% used [0x00000000a0000000,0x00000000a09c0360,0x00000000a2b00000)
 Metaspace       used 20800K, capacity 21244K, committed 21296K, reserved 1067008K
  class space    used 2701K, capacity 2830K, committed 2864K, reserved 1048576K
Event: 24.216 GC heap after
Heap after GC invocations=6 (full 0):
 PSYoungGen      total 35328K, used 2560K [0x00000000e0000000, 0x00000000e2500000, 0x0000000100000000)
  eden space 32768K, 0% used [0x00000000e0000000,0x00000000e0000000,0x00000000e2000000)
  from space 2560K, 100% used [0x00000000e2280000,0x00000000e2500000,0x00000000e2500000)
  to   space 2560K, 0% used [0x00000000e2000000,0x00000000e2000000,0x00000000e2280000)
 ParOldGen       total 44032K, used 12815K [0x00000000a0000000, 0x00000000a2b00000, 0x00000000e0000000)
  object space 44032K, 29% used [0x00000000a0000000,0x00000000a0c83d60,0x00000000a2b00000)
 Metaspace       used 20800K, capacity 21244K, committed 21296K, reserved 1067008K
  class space    used 2701K, capacity 2830K, committed 2864K, reserved 1048576K
}
Event: 24.216 GC heap before
{Heap before GC invocations=7 (full 1):
 PSYoungGen      total 35328K, used 2560K [0x00000000e0000000, 0x00000000e2500000, 0x0000000100000000)
  eden space 32768K, 0% used [0x00000000e0000000,0x00000000e0000000,0x00000000e2000000)
  from space 2560K, 100% used [0x00000000e2280000,0x00000000e2500000,0x00000000e2500000)
  to   space 2560K, 0% used [0x00000000e2000000,0x00000000e2000000,0x00000000e2280000)
 ParOldGen       total 44032K, used 12815K [0x00000000a0000000, 0x00000000a2b00000, 0x00000000e0000000)
  object space 44032K, 29% used [0x00000000a0000000,0x00000000a0c83d60,0x00000000a2b00000)
 Metaspace       used 20800K, capacity 21244K, committed 21296K, reserved 1067008K
  class space    used 2701K, capacity 2830K, committed 2864K, reserved 1048576K
Event: 24.317 GC heap after
Heap after GC invocations=7 (full 1):
 PSYoungGen      total 35328K, used 0K [0x00000000e0000000, 0x00000000e2500000, 0x0000000100000000)
  eden space 32768K, 0% used [0x00000000e0000000,0x00000000e0000000,0x00000000e2000000)
  from space 2560K, 0% used [0x00000000e2280000,0x00000000e2280000,0x00000000e2500000)
  to   space 2560K, 0% used [0x00000000e2000000,0x00000000e2000000,0x00000000e2280000)
 ParOldGen       total 34304K, used 8591K [0x00000000a0000000, 0x00000000a2180000, 0x00000000e0000000)
  object space 34304K, 25% used [0x00000000a0000000,0x00000000a0863fa8,0x00000000a2180000)
 Metaspace       used 20800K, capacity 21244K, committed 21296K, reserved 1067008K
  class space    used 2701K, capacity 2830K, committed 2864K, reserved 1048576K
}
Event: 26.357 GC heap before
{Heap before GC invocations=8 (full 1):
 PSYoungGen      total 35328K, used 32768K [0x00000000e0000000, 0x00000000e2500000, 0x0000000100000000)
  eden space 32768K, 100% used [0x00000000e0000000,0x00000000e2000000,0x00000000e2000000)
  from space 2560K, 0% used [0x00000000e2280000,0x00000000e2280000,0x00000000e2500000)
  to   space 2560K, 0% used [0x00000000e2000000,0x00000000e2000000,0x00000000e2280000)
 ParOldGen       total 34304K, used 8591K [0x00000000a0000000, 0x00000000a2180000, 0x00000000e0000000)
  object space 34304K, 25% used [0x00000000a0000000,0x00000000a0863fa8,0x00000000a2180000)
 Metaspace       used 23480K, capacity 24064K, committed 24368K, reserved 1071104K
  class space    used 3139K, capacity 3321K, committed 3376K, reserved 1048576K
Event: 26.366 GC heap after
Heap after GC invocations=8 (full 1):
 PSYoungGen      total 35328K, used 2557K [0x00000000e0000000, 0x00000000e4900000, 0x0000000100000000)
  eden space 32768K, 0% used [0x00000000e0000000,0x00000000e0000000,0x00000000e2000000)
  from space 2560K, 99% used [0x00000000e2000000,0x00000000e227f628,0x00000000e2280000)
  to   space 8192K, 0% used [0x00000000e4100000,0x00000000e4100000,0x00000000e4900000)
 ParOldGen       total 34304K, used 10634K [0x00000000a0000000, 0x00000000a2180000, 0x00000000e0000000)
  object space 34304K, 31% used [0x00000000a0000000,0x00000000a0a62a30,0x00000000a2180000)
 Metaspace       used 23480K, capacity 24064K, committed 24368K, reserved 1071104K
  class space    used 3139K, capacity 3321K, committed 3376K, reserved 1048576K
}
Event: 28.186 GC heap before
{Heap before GC invocations=9 (full 1):
 PSYoungGen      total 35328K, used 35325K [0x00000000e0000000, 0x00000000e4900000, 0x0000000100000000)
  eden space 32768K, 100% used [0x00000000e0000000,0x00000000e2000000,0x00000000e2000000)
  from space 2560K, 99% used [0x00000000e2000000,0x00000000e227f628,0x00000000e2280000)
  to   space 8192K, 0% used [0x00000000e4100000,0x00000000e4100000,0x00000000e4900000)
 ParOldGen       total 34304K, used 10634K [0x00000000a0000000, 0x00000000a2180000, 0x00000000e0000000)
  object space 34304K, 31% used [0x00000000a0000000,0x00000000a0a62a30,0x00000000a2180000)
 Metaspace       used 25969K, capacity 26614K, committed 26800K, reserved 1073152K
  class space    used 3566K, capacity 3717K, committed 3760K, reserved 1048576K
Event: 28.192 GC heap after
Heap after GC invocations=9 (full 1):
 PSYoungGen      total 63488K, used 5123K [0x00000000e0000000, 0x00000000e4780000, 0x0000000100000000)
  eden space 56832K, 0% used [0x00000000e0000000,0x00000000e0000000,0x00000000e3780000)
  from space 6656K, 76% used [0x00000000e4100000,0x00000000e4600c00,0x00000000e4780000)
  to   space 8192K, 0% used [0x00000000e3780000,0x00000000e3780000,0x00000000e3f80000)
 ParOldGen       total 34304K, used 10642K [0x00000000a0000000, 0x00000000a2180000, 0x00000000e0000000)
  object space 34304K, 31% used [0x00000000a0000000,0x00000000a0a64a30,0x00000000a2180000)
 Metaspace       used 25969K, capacity 26614K, committed 26800K, reserved 1073152K
  class space    used 3566K, capacity 3717K, committed 3760K, reserved 1048576K
}
Event: 32.673 GC heap before
{Heap before GC invocations=10 (full 1):
 PSYoungGen      total 63488K, used 61955K [0x00000000e0000000, 0x00000000e4780000, 0x0000000100000000)
  eden space 56832K, 100% used [0x00000000e0000000,0x00000000e3780000,0x00000000e3780000)
  from space 6656K, 76% used [0x00000000e4100000,0x00000000e4600c00,0x00000000e4780000)
  to   space 8192K, 0% used [0x00000000e3780000,0x00000000e3780000,0x00000000e3f80000)
 ParOldGen       total 34304K, used 10642K [0x00000000a0000000, 0x00000000a2180000, 0x00000000e0000000)
  object space 34304K, 31% used [0x00000000a0000000,0x00000000a0a64a30,0x00000000a2180000)
 Metaspace       used 28288K, capacity 28910K, committed 29104K, reserved 1075200K
  class space    used 3863K, capacity 4009K, committed 4016K, reserved 1048576K
Event: 32.705 GC heap after
Heap after GC invocations=10 (full 1):
 PSYoungGen      total 65024K, used 5728K [0x00000000e0000000, 0x00000000e5f80000, 0x0000000100000000)
  eden space 56832K, 0% used [0x00000000e0000000,0x00000000e0000000,0x00000000e3780000)
  from space 8192K, 69% used [0x00000000e3780000,0x00000000e3d180a8,0x00000000e3f80000)
  to   space 8192K, 0% used [0x00000000e5780000,0x00000000e5780000,0x00000000e5f80000)
 ParOldGen       total 34304K, used 10642K [0x00000000a0000000, 0x00000000a2180000, 0x00000000e0000000)
  object space 34304K, 31% used [0x00000000a0000000,0x00000000a0a64a30,0x00000000a2180000)
 Metaspace       used 28288K, capacity 28910K, committed 29104K, reserved 1075200K
  class space    used 3863K, capacity 4009K, committed 4016K, reserved 1048576K
}

Deoptimization events (10 events):
Event: 32.045 Thread 0x00000000191df000 Uncommon trap: reason=unstable_if action=reinterpret pc=0x00000000032443b0 method=org.apache.xerces.impl.XMLEntityScanner.scanData(Ljava/lang/String;Lorg/apache/xerces/util/XMLStringBuffer;)Z @ 937
Event: 32.045 Thread 0x00000000191df000 Uncommon trap: reason=unstable_if action=reinterpret pc=0x00000000031bba68 method=org.apache.xerces.impl.XMLEntityScanner.peekChar()I @ 53
Event: 33.032 Thread 0x00000000191df000 Uncommon trap: reason=unstable_if action=reinterpret pc=0x00000000031dbe80 method=org.apache.xerces.impl.io.UTF8Reader.read([CII)I @ 123
Event: 33.075 Thread 0x00000000191df000 Uncommon trap: reason=unstable_if action=reinterpret pc=0x000000000332bd20 method=org.apache.xerces.impl.XMLEntityScanner.scanData(Ljava/lang/String;Lorg/apache/xerces/util/XMLStringBuffer;)Z @ 673
Event: 33.692 Thread 0x00000000191df000 Uncommon trap: reason=unstable_if action=reinterpret pc=0x00000000032d2b4c method=org.apache.xerces.impl.XMLEntityScanner.skipSpaces()Z @ 70
Event: 35.468 Thread 0x00000000191df000 Uncommon trap: reason=class_check action=maybe_recompile pc=0x000000000308a7a8 method=java.lang.ref.ReferenceQueue.reallyPoll()Ljava/lang/ref/Reference; @ 52
Event: 35.477 Thread 0x00000000191df000 Uncommon trap: reason=unstable_if action=reinterpret pc=0x000000000341fdc4 method=java.util.regex.Pattern$CharProperty.match(Ljava/util/regex/Matcher;ILjava/lang/CharSequence;)Z @ 40
Event: 35.478 Thread 0x00000000191df000 Uncommon trap: reason=unstable_if action=reinterpret pc=0x0000000003430a88 method=java.util.concurrent.locks.ReentrantLock$Sync.nonfairTryAcquire(I)Z @ 34
Event: 35.478 Thread 0x00000000194e1000 Uncommon trap: reason=unstable_if action=reinterpret pc=0x000000000342a33c method=com.esotericsoftware.kryo.io.Output.writeString(Ljava/lang/CharSequence;)V @ 1
Event: 35.883 Thread 0x00000000191df000 Uncommon trap: reason=unstable_if action=reinterpret pc=0x00000000032ba4c0 method=java.util.Hashtable.containsKey(Ljava/lang/Object;)Z @ 36

Internal exceptions (10 events):
Event: 35.466 Thread 0x00000000191df000 Exception <a 'java/lang/ClassNotFoundException': org/gradle/api/DefaultTaskBeanInfo> (0x00000000e277ed88) thrown at [C:\src\android\AOSP-openjdk\external\jetbrains\jdk\hotspot\src\share\vm\classfile\systemDictionary.cpp, line 210]
Event: 35.467 Thread 0x00000000191df000 Exception <a 'java/lang/ClassNotFoundException': org/gradle/api/internal/AbstractTaskBeanInfo> (0x00000000e27a09e8) thrown at [C:\src\android\AOSP-openjdk\external\jetbrains\jdk\hotspot\src\share\vm\classfile\systemDictionary.cpp, line 210]
Event: 35.468 Thread 0x00000000191df000 Exception <a 'java/lang/ClassNotFoundException': org/gradle/api/internal/AbstractTaskCustomizer> (0x00000000e27c2fb8) thrown at [C:\src\android\AOSP-openjdk\external\jetbrains\jdk\hotspot\src\share\vm\classfile\systemDictionary.cpp, line 210]
Event: 35.470 Thread 0x00000000191df000 Exception <a 'java/lang/ClassNotFoundException': org/gradle/api/DefaultTaskCustomizer> (0x00000000e283df48) thrown at [C:\src\android\AOSP-openjdk\external\jetbrains\jdk\hotspot\src\share\vm\classfile\systemDictionary.cpp, line 210]
Event: 35.471 Thread 0x00000000191df000 Exception <a 'java/lang/ClassNotFoundException': org/gradle/api/internal/ConventionTaskCustomizer> (0x00000000e286f5c8) thrown at [C:\src\android\AOSP-openjdk\external\jetbrains\jdk\hotspot\src\share\vm\classfile\systemDictionary.cpp, line 210]
Event: 35.472 Thread 0x00000000191df000 Exception <a 'java/lang/ClassNotFoundException': org/gradle/api/tasks/DeleteCustomizer> (0x00000000e289f188) thrown at [C:\src\android\AOSP-openjdk\external\jetbrains\jdk\hotspot\src\share\vm\classfile\systemDictionary.cpp, line 210]
Event: 35.474 Thread 0x00000000191df000 Exception <a 'java/lang/ClassNotFoundException': org/gradle/api/tasks/Delete_DecoratedCustomizer> (0x00000000e28d8180) thrown at [C:\src\android\AOSP-openjdk\external\jetbrains\jdk\hotspot\src\share\vm\classfile\systemDictionary.cpp, line 210]
Event: 35.478 Thread 0x00000000194e1000 Implicit null exception at 0x000000000342a070 to 0x000000000342a329
Event: 35.623 Thread 0x00000000191df000 Exception <a 'java/lang/ClassNotFoundException': build_ekulifqu6jg4q9amfjnjc7mz7BeanInfo> (0x00000000e299f358) thrown at [C:\src\android\AOSP-openjdk\external\jetbrains\jdk\hotspot\src\share\vm\classfile\systemDictionary.cpp, line 210]
Event: 35.624 Thread 0x00000000191df000 Exception <a 'java/lang/ClassNotFoundException': build_ekulifqu6jg4q9amfjnjc7mz7Customizer> (0x00000000e29ae340) thrown at [C:\src\android\AOSP-openjdk\external\jetbrains\jdk\hotspot\src\share\vm\classfile\systemDictionary.cpp, line 210]

Events (10 events):
Event: 35.899 loading class com/google/common/cache/LocalCache$EntryFactory$5
Event: 35.899 loading class com/google/common/cache/LocalCache$EntryFactory$5 done
Event: 35.900 loading class com/google/common/cache/LocalCache$EntryFactory$6
Event: 35.900 loading class com/google/common/cache/LocalCache$EntryFactory$6 done
Event: 35.900 loading class com/google/common/cache/LocalCache$EntryFactory$7
Event: 35.900 loading class com/google/common/cache/LocalCache$EntryFactory$7 done
Event: 35.900 loading class com/google/common/cache/LocalCache$EntryFactory$8
Event: 35.900 loading class com/google/common/cache/LocalCache$EntryFactory$8 done
Event: 35.901 loading class com/google/common/cache/LocalCache$Segment
Event: 35.901 loading class com/google/common/cache/LocalCache$Segment done


Dynamic libraries:
0x00007ff636780000 - 0x00007ff6367b1000 	C:\Program Files\Android\Android Studio2\jre\bin\java.exe
0x00007fff52050000 - 0x00007fff52211000 	C:\WINDOWS\SYSTEM32\ntdll.dll
0x00007fff51d50000 - 0x00007fff51dfd000 	C:\WINDOWS\system32\KERNEL32.DLL
0x00007fff4bbc0000 - 0x00007fff4bbf3000 	C:\Program Files\AVAST Software\Avast\x64\aswhooka.dll
0x00007fff4e960000 - 0x00007fff4eb48000 	C:\WINDOWS\system32\KERNELBASE.dll
0x00007fff4f450000 - 0x00007fff4f4f7000 	C:\WINDOWS\system32\ADVAPI32.dll
0x00007fff4fb30000 - 0x00007fff4fbcd000 	C:\WINDOWS\system32\msvcrt.dll
0x00007fff51c20000 - 0x00007fff51c7b000 	C:\WINDOWS\system32\sechost.dll
0x00007fff4fbd0000 - 0x00007fff4fcec000 	C:\WINDOWS\system32\RPCRT4.dll
0x00007fff4fcf0000 - 0x00007fff4fe46000 	C:\WINDOWS\system32\USER32.dll
0x00007fff51ec0000 - 0x00007fff52046000 	C:\WINDOWS\system32\GDI32.dll
0x00007fff46dd0000 - 0x00007fff47044000 	C:\WINDOWS\WinSxS\amd64_microsoft.windows.common-controls_6595b64144ccf1df_6.0.10586.672_none_a2d6b3cea53ff843\COMCTL32.dll
0x00007fff4f6f0000 - 0x00007fff4f96d000 	C:\WINDOWS\system32\combase.dll
0x00007fff4f1f0000 - 0x00007fff4f25a000 	C:\WINDOWS\system32\bcryptPrimitives.dll
0x00007fff4f500000 - 0x00007fff4f53b000 	C:\WINDOWS\system32\IMM32.DLL
0x00000000557d0000 - 0x00000000558a2000 	C:\Program Files\Android\Android Studio2\jre\jre\bin\msvcr100.dll
0x00000000558b0000 - 0x00000000560e4000 	C:\Program Files\Android\Android Studio2\jre\jre\bin\server\jvm.dll
0x00007fff50120000 - 0x00007fff50128000 	C:\WINDOWS\system32\PSAPI.DLL
0x00007fff407f0000 - 0x00007fff407f9000 	C:\WINDOWS\SYSTEM32\WSOCK32.dll
0x00007fff500b0000 - 0x00007fff5011b000 	C:\WINDOWS\system32\WS2_32.dll
0x00007fff4c8d0000 - 0x00007fff4c8f3000 	C:\WINDOWS\SYSTEM32\WINMM.dll
0x00007fff48210000 - 0x00007fff4821a000 	C:\WINDOWS\SYSTEM32\VERSION.dll
0x00007fff4c870000 - 0x00007fff4c89c000 	C:\WINDOWS\SYSTEM32\WINMMBASE.dll
0x00007fff4eb50000 - 0x00007fff4eb93000 	C:\WINDOWS\system32\cfgmgr32.dll
0x00007fff3d9a0000 - 0x00007fff3d9af000 	C:\Program Files\Android\Android Studio2\jre\jre\bin\verify.dll
0x00007fff27e10000 - 0x00007fff27e39000 	C:\Program Files\Android\Android Studio2\jre\jre\bin\java.dll
0x00007fff2c150000 - 0x00007fff2c166000 	C:\Program Files\Android\Android Studio2\jre\jre\bin\zip.dll
0x00007fff50290000 - 0x00007fff517ec000 	C:\WINDOWS\system32\SHELL32.dll
0x00007fff4eba0000 - 0x00007fff4f1e5000 	C:\WINDOWS\system32\windows.storage.dll
0x00007fff51e00000 - 0x00007fff51e52000 	C:\WINDOWS\system32\shlwapi.dll
0x00007fff4e680000 - 0x00007fff4e68f000 	C:\WINDOWS\system32\kernel.appcore.dll
0x00007fff4e790000 - 0x00007fff4e845000 	C:\WINDOWS\system32\shcore.dll
0x00007fff4e690000 - 0x00007fff4e6db000 	C:\WINDOWS\system32\powrprof.dll
0x00007fff4e6e0000 - 0x00007fff4e6f4000 	C:\WINDOWS\system32\profapi.dll
0x00007fff2b1d0000 - 0x00007fff2b1ea000 	C:\Program Files\Android\Android Studio2\jre\jre\bin\net.dll
0x00007fff4dfa0000 - 0x00007fff4dffc000 	C:\WINDOWS\system32\mswsock.dll
0x00007fff2aa50000 - 0x00007fff2aa61000 	C:\Program Files\Android\Android Studio2\jre\jre\bin\nio.dll
0x00007fff2c1c0000 - 0x00007fff2c1d2000 	C:\Users\doha_\.gradle\native\19\windows-amd64\native-platform.dll
0x00007fff4e050000 - 0x00007fff4e067000 	C:\WINDOWS\SYSTEM32\CRYPTSP.dll
0x00007fff4dce0000 - 0x00007fff4dd14000 	C:\WINDOWS\system32\rsaenh.dll
0x00007fff4e270000 - 0x00007fff4e299000 	C:\WINDOWS\SYSTEM32\bcrypt.dll
0x00007fff4de30000 - 0x00007fff4de4f000 	C:\WINDOWS\SYSTEM32\USERENV.dll
0x00007fff4e170000 - 0x00007fff4e17b000 	C:\WINDOWS\SYSTEM32\CRYPTBASE.dll
0x00007fff4b130000 - 0x00007fff4b168000 	C:\WINDOWS\SYSTEM32\IPHLPAPI.DLL
0x00007fff4fa50000 - 0x00007fff4fa58000 	C:\WINDOWS\system32\NSI.dll
0x00007fff480e0000 - 0x00007fff480f6000 	C:\WINDOWS\SYSTEM32\dhcpcsvc6.DLL
0x00007fff487f0000 - 0x00007fff4880a000 	C:\WINDOWS\SYSTEM32\dhcpcsvc.DLL
0x00007fff36e70000 - 0x00007fff36e7d000 	C:\Program Files\Android\Android Studio2\jre\jre\bin\management.dll

VM Arguments:
jvm_args: -Xmx1536m -Dfile.encoding=windows-1252 -Duser.country=US -Duser.language=en -Duser.variant 
java_command: org.gradle.launcher.daemon.bootstrap.GradleDaemon 2.14.1
java_class_path (initial): C:\Program Files\Android\Android Studio2\gradle\gradle-2.14.1\lib\gradle-launcher-2.14.1.jar
Launcher Type: SUN_STANDARD

Environment Variables:
PATH=C:\ProgramData\Oracle\Java\javapath;C:\Program Files (x86)\Intel\iCLS Client\;C:\Program Files\Intel\iCLS Client\;C:\WINDOWS\system32;C:\WINDOWS;C:\WINDOWS\System32\Wbem;C:\WINDOWS\System32\WindowsPowerShell\v1.0\;C:\Program Files (x86)\Intel\Intel(R) Management Engine Components\DAL;C:\Program Files\Intel\Intel(R) Management Engine Components\DAL;C:\Program Files (x86)\Intel\Intel(R) Management Engine Components\IPT;C:\Program Files\Intel\Intel(R) Management Engine Components\IPT;C:\Program Files (x86)\Microsoft SQL Server\Client SDK\ODBC\110\Tools\Binn\;C:\Program Files (x86)\Microsoft SQL Server\120\Tools\Binn\;C:\Program Files (x86)\Microsoft SQL Server\120\DTS\Binn\;C:\Program Files (x86)\Microsoft SQL Server\120\Tools\Binn\ManagementStudio\;C:\Program Files (x86)\NVIDIA Corporation\PhysX\Common;C:\Program Files\Microsoft\Web Platform Installer\;C:\Program Files (x86)\Microsoft ASP.NET\ASP.NET Web Pages\v1.0\;C:\Program Files (x86)\Windows Kits\8.0\Windows Performance Toolkit\;C:\Program Files\Microsoft SQL Server\110\Tools\Binn\;C:\WINDOWS\system32;C:\WINDOWS;C:\WINDOWS\System32\Wbem;C:\WINDOWS\System32\WindowsPowerShell\v1.0\;C:\Program Files\Anaconda3;C:\Program Files\Anaconda3\Scripts;C:\Program Files\Anaconda3\Library\bin;C:\Program Files (x86)\Skype\Phone\;C:\Program Files\OpenVPN\bin
USERNAME=doha_
OS=Windows_NT
PROCESSOR_IDENTIFIER=Intel64 Family 6 Model 69 Stepping 1, GenuineIntel



---------------  S Y S T E M  ---------------

OS: Windows 10.0 , 64 bit Build 10586 (10.0.10586.589)

CPU:total 4 (2 cores per cpu, 2 threads per core) family 6 model 69 stepping 1, cmov, cx8, fxsr, mmx, sse, sse2, sse3, ssse3, sse4.1, sse4.2, popcnt, avx, avx2, aes, clmul, erms, lzcnt, ht, tsc, tscinvbit, bmi1, bmi2

Memory: 4k page, physical 4095984k(417632k free), swap 5626220k(7660k free)

vm_info: OpenJDK 64-Bit Server VM (25.76-b03) for windows-amd64 JRE (1.8.0_76-release-b03), built on Jun 29 2016 19:09:20 by "ralucas" with MS VC++ 10.0 (VS2010)

time: Fri Apr 14 16:26:52 2017
elapsed time: 35 seconds (0d 0h 0m 35s)

