#
# There is insufficient memory for the Java Runtime Environment to continue.
# Native memory allocation (malloc) failed to allocate 32744 bytes for ChunkPool::allocate
# Possible reasons:
#   The system is out of physical RAM or swap space
#   In 32 bit mode, the process size limit was hit
# Possible solutions:
#   Reduce memory load on the system
#   Increase physical memory or swap space
#   Check if swap backing store is full
#   Use 64 bit Java on a 64 bit OS
#   Decrease Java heap size (-Xmx/-Xms)
#   Decrease number of Java threads
#   Decrease Java thread stack sizes (-Xss)
#   Set larger code cache with -XX:ReservedCodeCacheSize=
# This output file may be truncated or incomplete.
#
#  Out of Memory Error (allocation.cpp:273), pid=5272, tid=0x0000000000002324
#
# JRE version: OpenJDK Runtime Environment (8.0_76-b03) (build 1.8.0_76-release-b03)
# Java VM: OpenJDK 64-Bit Server VM (25.76-b03 mixed mode windows-amd64 compressed oops)
# Failed to write core dump. Minidumps are not enabled by default on client versions of Windows
#

---------------  T H R E A D  ---------------

Current thread (0x0000000016359800):  JavaThread "C2 CompilerThread1" daemon [_thread_in_native, id=8996, stack(0x0000000017a90000,0x0000000017b90000)]

Stack: [0x0000000017a90000,0x0000000017b90000]
[error occurred during error reporting (printing stack bounds), id 0xc0000005]

Native frames: (J=compiled Java code, j=interpreted, Vv=VM code, C=native code)


Current CompileTask:
C2:   4551 1936       4       org.codehaus.groovy.runtime.metaclass.MetaMethodIndex::addMethodToList (290 bytes)


---------------  P R O C E S S  ---------------

Java Threads: ( => current thread )
  0x00000000194c4800 JavaThread "File lock request listener" [_thread_in_native, id=5332, stack(0x000000001bf00000,0x000000001c000000)]
  0x00000000194c9000 JavaThread "Stdin handler" [_thread_blocked, id=6320, stack(0x000000001aa30000,0x000000001ab30000)]
  0x00000000194c8800 JavaThread "Asynchronous log dispatcher for org.gradle.launcher.daemon.server.DefaultDaemonConnection@ee60e05" [_thread_blocked, id=5508, stack(0x000000001a930000,0x000000001aa30000)]
  0x00000000194c7800 JavaThread "Daemon worker" [_thread_in_vm, id=2064, stack(0x000000001a630000,0x000000001a730000)]
  0x00000000194c7000 JavaThread "Cancel handler" [_thread_blocked, id=7692, stack(0x000000001a530000,0x000000001a630000)]
  0x00000000194c5800 JavaThread "Handler for socket connection from /127.0.0.1:56801 to /127.0.0.1:56804" [_thread_in_native, id=2728, stack(0x000000001a430000,0x000000001a530000)]
  0x00000000194c6000 JavaThread "Daemon" [_thread_blocked, id=11248, stack(0x000000001a330000,0x000000001a430000)]
  0x000000001917b800 JavaThread "pool-1-thread-1" [_thread_blocked, id=2440, stack(0x000000001a230000,0x000000001a330000)]
  0x00000000194cf800 JavaThread "Incoming local TCP Connector on port 56801" [_thread_in_native, id=10652, stack(0x0000000018a90000,0x0000000018b90000)]
  0x0000000017cb2800 JavaThread "Service Thread" daemon [_thread_blocked, id=8380, stack(0x0000000018090000,0x0000000018190000)]
  0x0000000016362800 JavaThread "C1 CompilerThread2" daemon [_thread_blocked, id=7480, stack(0x0000000017b90000,0x0000000017c90000)]
=>0x0000000016359800 JavaThread "C2 CompilerThread1" daemon [_thread_in_native, id=8996, stack(0x0000000017a90000,0x0000000017b90000)]
  0x0000000016358000 JavaThread "C2 CompilerThread0" daemon [_thread_in_native, id=1124, stack(0x0000000017990000,0x0000000017a90000)]
  0x0000000016357000 JavaThread "Attach Listener" daemon [_thread_blocked, id=10916, stack(0x0000000017890000,0x0000000017990000)]
  0x0000000016355800 JavaThread "Signal Dispatcher" daemon [_thread_blocked, id=4240, stack(0x0000000017790000,0x0000000017890000)]
  0x00000000029db800 JavaThread "Finalizer" daemon [_thread_blocked, id=364, stack(0x00000000175b0000,0x00000000176b0000)]
  0x00000000029d0800 JavaThread "Reference Handler" daemon [_thread_blocked, id=7000, stack(0x00000000174b0000,0x00000000175b0000)]
  0x00000000028e2800 JavaThread "main" [_thread_blocked, id=10204, stack(0x00000000027e0000,0x00000000028e0000)]

Other Threads:
  0x0000000016314800 VMThread [stack: 0x00000000173b0000,0x00000000174b0000] [id=3692]
  0x0000000017cb4800 WatcherThread [stack: 0x0000000018190000,0x0000000018290000] [id=2808]

VM state:not at safepoint (normal execution)

VM Mutex/Monitor currently owned by a thread: None

Heap:
 PSYoungGen      total 35328K, used 15871K [0x00000000e0000000, 0x00000000e2500000, 0x0000000100000000)
  eden space 32768K, 48% used [0x00000000e0000000,0x00000000e0f7fd78,0x00000000e2000000)
  from space 2560K, 0% used [0x00000000e2280000,0x00000000e2280000,0x00000000e2500000)
  to   space 2560K, 0% used [0x00000000e2000000,0x00000000e2000000,0x00000000e2280000)
 ParOldGen       total 39424K, used 8658K [0x00000000a0000000, 0x00000000a2680000, 0x00000000e0000000)
  object space 39424K, 21% used [0x00000000a0000000,0x00000000a0874860,0x00000000a2680000)
 Metaspace       used 22385K, capacity 22864K, committed 22960K, reserved 1069056K
  class space    used 2977K, capacity 3154K, committed 3248K, reserved 1048576K

Card table byte_map: [0x0000000011da0000,0x00000000120b0000] byte_map_base: 0x00000000118a0000

Marking Bits: (ParMarkBitMap*) 0x000000006d159d00
 Begin Bits: [0x00000000126b0000, 0x0000000013eb0000)
 End Bits:   [0x0000000013eb0000, 0x00000000156b0000)

Polling page: 0x0000000002650000

CodeCache: size=245760Kb used=7932Kb max_used=7932Kb free=237827Kb
 bounds [0x00000000029e0000, 0x00000000031b0000, 0x00000000119e0000]
 total_blobs=2678 nmethods=2052 adapters=539
 compilation: enabled

Compilation events (10 events):
Event: 4.504 Thread 0x0000000016362800 2057       3       java.lang.reflect.AccessibleObject::setAccessible (37 bytes)
Event: 4.505 Thread 0x0000000016362800 nmethod 2057 0x000000000319d3d0 code [0x000000000319d560, 0x000000000319d8f8]
Event: 4.506 Thread 0x0000000016362800 2058       3       org.codehaus.groovy.reflection.CachedMethod::find (30 bytes)
Event: 4.507 Thread 0x0000000016362800 nmethod 2058 0x000000000319da90 code [0x000000000319dca0, 0x000000000319e818]
Event: 4.507 Thread 0x0000000016362800 2059   !   3       groovy.lang.MetaClassImpl::findMethod (146 bytes)
Event: 4.509 Thread 0x0000000016362800 nmethod 2059 0x000000000319ed10 code [0x000000000319ef80, 0x00000000031a02d8]
Event: 4.518 Thread 0x0000000016362800 2060   !   3       java.lang.ref.ReferenceQueue::poll (28 bytes)
Event: 4.518 Thread 0x0000000016362800 nmethod 2060 0x00000000031a0a50 code [0x00000000031a0bc0, 0x00000000031a0f28]
Event: 4.525 Thread 0x0000000016362800 2061       3       groovy.lang.MetaClassImpl::addMetaBeanProperty (120 bytes)
Event: 4.526 Thread 0x0000000016362800 nmethod 2061 0x00000000031a1050 code [0x00000000031a12c0, 0x00000000031a2898]

GC Heap History (10 events):
Event: 1.902 GC heap before
{Heap before GC invocations=3 (full 0):
 PSYoungGen      total 18944K, used 18432K [0x00000000e0000000, 0x00000000e2500000, 0x0000000100000000)
  eden space 16384K, 100% used [0x00000000e0000000,0x00000000e1000000,0x00000000e1000000)
  from space 2560K, 80% used [0x00000000e1280000,0x00000000e1480020,0x00000000e1500000)
  to   space 2560K, 0% used [0x00000000e1000000,0x00000000e1000000,0x00000000e1280000)
 ParOldGen       total 44032K, used 476K [0x00000000a0000000, 0x00000000a2b00000, 0x00000000e0000000)
  object space 44032K, 1% used [0x00000000a0000000,0x00000000a00773a8,0x00000000a2b00000)
 Metaspace       used 11030K, capacity 11370K, committed 11648K, reserved 1058816K
  class space    used 1417K, capacity 1543K, committed 1664K, reserved 1048576K
Event: 1.908 GC heap after
Heap after GC invocations=3 (full 0):
 PSYoungGen      total 18944K, used 2544K [0x00000000e0000000, 0x00000000e2500000, 0x0000000100000000)
  eden space 16384K, 0% used [0x00000000e0000000,0x00000000e0000000,0x00000000e1000000)
  from space 2560K, 99% used [0x00000000e1000000,0x00000000e127c010,0x00000000e1280000)
  to   space 2560K, 0% used [0x00000000e2280000,0x00000000e2280000,0x00000000e2500000)
 ParOldGen       total 44032K, used 1965K [0x00000000a0000000, 0x00000000a2b00000, 0x00000000e0000000)
  object space 44032K, 4% used [0x00000000a0000000,0x00000000a01eb478,0x00000000a2b00000)
 Metaspace       used 11030K, capacity 11370K, committed 11648K, reserved 1058816K
  class space    used 1417K, capacity 1543K, committed 1664K, reserved 1048576K
}
Event: 2.203 GC heap before
{Heap before GC invocations=4 (full 0):
 PSYoungGen      total 18944K, used 18928K [0x00000000e0000000, 0x00000000e2500000, 0x0000000100000000)
  eden space 16384K, 100% used [0x00000000e0000000,0x00000000e1000000,0x00000000e1000000)
  from space 2560K, 99% used [0x00000000e1000000,0x00000000e127c010,0x00000000e1280000)
  to   space 2560K, 0% used [0x00000000e2280000,0x00000000e2280000,0x00000000e2500000)
 ParOldGen       total 44032K, used 1965K [0x00000000a0000000, 0x00000000a2b00000, 0x00000000e0000000)
  object space 44032K, 4% used [0x00000000a0000000,0x00000000a01eb478,0x00000000a2b00000)
 Metaspace       used 12758K, capacity 13114K, committed 13440K, reserved 1060864K
  class space    used 1701K, capacity 1823K, committed 1920K, reserved 1048576K
Event: 2.210 GC heap after
Heap after GC invocations=4 (full 0):
 PSYoungGen      total 35328K, used 2544K [0x00000000e0000000, 0x00000000e2500000, 0x0000000100000000)
  eden space 32768K, 0% used [0x00000000e0000000,0x00000000e0000000,0x00000000e2000000)
  from space 2560K, 99% used [0x00000000e2280000,0x00000000e24fc010,0x00000000e2500000)
  to   space 2560K, 0% used [0x00000000e2000000,0x00000000e2000000,0x00000000e2280000)
 ParOldGen       total 44032K, used 3965K [0x00000000a0000000, 0x00000000a2b00000, 0x00000000e0000000)
  object space 44032K, 9% used [0x00000000a0000000,0x00000000a03df5c8,0x00000000a2b00000)
 Metaspace       used 12758K, capacity 13114K, committed 13440K, reserved 1060864K
  class space    used 1701K, capacity 1823K, committed 1920K, reserved 1048576K
}
Event: 3.271 GC heap before
{Heap before GC invocations=5 (full 0):
 PSYoungGen      total 35328K, used 35312K [0x00000000e0000000, 0x00000000e2500000, 0x0000000100000000)
  eden space 32768K, 100% used [0x00000000e0000000,0x00000000e2000000,0x00000000e2000000)
  from space 2560K, 99% used [0x00000000e2280000,0x00000000e24fc010,0x00000000e2500000)
  to   space 2560K, 0% used [0x00000000e2000000,0x00000000e2000000,0x00000000e2280000)
 ParOldGen       total 44032K, used 3965K [0x00000000a0000000, 0x00000000a2b00000, 0x00000000e0000000)
  object space 44032K, 9% used [0x00000000a0000000,0x00000000a03df5c8,0x00000000a2b00000)
 Metaspace       used 18827K, capacity 19278K, committed 19328K, reserved 1067008K
  class space    used 2516K, capacity 2674K, committed 2688K, reserved 1048576K
Event: 3.295 GC heap after
Heap after GC invocations=5 (full 0):
 PSYoungGen      total 35328K, used 2544K [0x00000000e0000000, 0x00000000e2500000, 0x0000000100000000)
  eden space 32768K, 0% used [0x00000000e0000000,0x00000000e0000000,0x00000000e2000000)
  from space 2560K, 99% used [0x00000000e2000000,0x00000000e227c010,0x00000000e2280000)
  to   space 2560K, 0% used [0x00000000e2280000,0x00000000e2280000,0x00000000e2500000)
 ParOldGen       total 44032K, used 10054K [0x00000000a0000000, 0x00000000a2b00000, 0x00000000e0000000)
  object space 44032K, 22% used [0x00000000a0000000,0x00000000a09d1870,0x00000000a2b00000)
 Metaspace       used 18827K, capacity 19278K, committed 19328K, reserved 1067008K
  class space    used 2516K, capacity 2674K, committed 2688K, reserved 1048576K
}
Event: 3.948 GC heap before
{Heap before GC invocations=6 (full 0):
 PSYoungGen      total 35328K, used 25078K [0x00000000e0000000, 0x00000000e2500000, 0x0000000100000000)
  eden space 32768K, 68% used [0x00000000e0000000,0x00000000e1601bd8,0x00000000e2000000)
  from space 2560K, 99% used [0x00000000e2000000,0x00000000e227c010,0x00000000e2280000)
  to   space 2560K, 0% used [0x00000000e2280000,0x00000000e2280000,0x00000000e2500000)
 ParOldGen       total 44032K, used 10054K [0x00000000a0000000, 0x00000000a2b00000, 0x00000000e0000000)
  object space 44032K, 22% used [0x00000000a0000000,0x00000000a09d1870,0x00000000a2b00000)
 Metaspace       used 20841K, capacity 21276K, committed 21296K, reserved 1067008K
  class space    used 2714K, capacity 2862K, committed 2864K, reserved 1048576K
Event: 3.963 GC heap after
Heap after GC invocations=6 (full 0):
 PSYoungGen      total 35328K, used 2544K [0x00000000e0000000, 0x00000000e2500000, 0x0000000100000000)
  eden space 32768K, 0% used [0x00000000e0000000,0x00000000e0000000,0x00000000e2000000)
  from space 2560K, 99% used [0x00000000e2280000,0x00000000e24fc010,0x00000000e2500000)
  to   space 2560K, 0% used [0x00000000e2000000,0x00000000e2000000,0x00000000e2280000)
 ParOldGen       total 44032K, used 12910K [0x00000000a0000000, 0x00000000a2b00000, 0x00000000e0000000)
  object space 44032K, 29% used [0x00000000a0000000,0x00000000a0c9b830,0x00000000a2b00000)
 Metaspace       used 20841K, capacity 21276K, committed 21296K, reserved 1067008K
  class space    used 2714K, capacity 2862K, committed 2864K, reserved 1048576K
}
Event: 3.963 GC heap before
{Heap before GC invocations=7 (full 1):
 PSYoungGen      total 35328K, used 2544K [0x00000000e0000000, 0x00000000e2500000, 0x0000000100000000)
  eden space 32768K, 0% used [0x00000000e0000000,0x00000000e0000000,0x00000000e2000000)
  from space 2560K, 99% used [0x00000000e2280000,0x00000000e24fc010,0x00000000e2500000)
  to   space 2560K, 0% used [0x00000000e2000000,0x00000000e2000000,0x00000000e2280000)
 ParOldGen       total 44032K, used 12910K [0x00000000a0000000, 0x00000000a2b00000, 0x00000000e0000000)
  object space 44032K, 29% used [0x00000000a0000000,0x00000000a0c9b830,0x00000000a2b00000)
 Metaspace       used 20841K, capacity 21276K, committed 21296K, reserved 1067008K
  class space    used 2714K, capacity 2862K, committed 2864K, reserved 1048576K
Event: 4.033 GC heap after
Heap after GC invocations=7 (full 1):
 PSYoungGen      total 35328K, used 0K [0x00000000e0000000, 0x00000000e2500000, 0x0000000100000000)
  eden space 32768K, 0% used [0x00000000e0000000,0x00000000e0000000,0x00000000e2000000)
  from space 2560K, 0% used [0x00000000e2280000,0x00000000e2280000,0x00000000e2500000)
  to   space 2560K, 0% used [0x00000000e2000000,0x00000000e2000000,0x00000000e2280000)
 ParOldGen       total 39424K, used 8658K [0x00000000a0000000, 0x00000000a2680000, 0x00000000e0000000)
  object space 39424K, 21% used [0x00000000a0000000,0x00000000a0874860,0x00000000a2680000)
 Metaspace       used 20841K, capacity 21276K, committed 21296K, reserved 1067008K
  class space    used 2714K, capacity 2862K, committed 2864K, reserved 1048576K
}

Deoptimization events (10 events):
Event: 4.131 Thread 0x00000000194c7800 Uncommon trap: reason=unstable_if action=reinterpret pc=0x0000000002c39cb4 method=java.util.HashMap.getNode(ILjava/lang/Object;)Ljava/util/HashMap$Node; @ 53
Event: 4.131 Thread 0x00000000194c7800 Uncommon trap: reason=unstable_if action=reinterpret pc=0x0000000002e30d84 method=java.util.HashMap.hash(Ljava/lang/Object;)I @ 1
Event: 4.131 Thread 0x00000000194c7800 Uncommon trap: reason=unstable_if action=reinterpret pc=0x0000000002e33090 method=java.util.HashMap.putVal(ILjava/lang/Object;Ljava/lang/Object;ZZ)Ljava/lang/Object; @ 85
Event: 4.210 Thread 0x00000000194c7800 Uncommon trap: reason=class_check action=maybe_recompile pc=0x0000000002ea7600 method=java.lang.reflect.Method.equals(Ljava/lang/Object;)Z @ 5
Event: 4.212 Thread 0x00000000194c7800 Uncommon trap: reason=class_check action=maybe_recompile pc=0x0000000002ea7600 method=java.lang.reflect.Method.equals(Ljava/lang/Object;)Z @ 5
Event: 4.364 Thread 0x00000000194c7800 Uncommon trap: reason=unstable_if action=reinterpret pc=0x0000000002ce70b0 method=java.util.LinkedHashMap.afterNodeInsertion(Z)V @ 1
Event: 4.407 Thread 0x00000000194c7800 Uncommon trap: reason=class_check action=maybe_recompile pc=0x0000000002ea7600 method=java.lang.reflect.Method.equals(Ljava/lang/Object;)Z @ 5
Event: 4.407 Thread 0x00000000194c7800 Uncommon trap: reason=class_check action=maybe_recompile pc=0x0000000002ea7600 method=java.lang.reflect.Method.equals(Ljava/lang/Object;)Z @ 5
Event: 4.473 Thread 0x00000000194c7800 Uncommon trap: reason=unstable_if action=reinterpret pc=0x0000000002e60b1c method=java.lang.ref.ReferenceQueue.poll()Ljava/lang/ref/Reference; @ 4
Event: 4.473 Thread 0x00000000194c7800 Uncommon trap: reason=unstable_if action=reinterpret pc=0x00000000030f9914 method=java.lang.ref.ReferenceQueue.poll()Ljava/lang/ref/Reference; @ 4

Internal exceptions (10 events):
Event: 3.854 Thread 0x00000000194c7800 Exception <a 'java/lang/ClassNotFoundException': org/gradle/initialization/DefaultSettings_DecoratedCustomizer> (0x00000000e11725e8) thrown at [C:\src\android\AOSP-openjdk\external\jetbrains\jdk\hotspot\src\share\vm\classfile\systemDictionary.cpp, line 210½ÑœQ¯‹@
Event: 3.943 Thread 0x00000000194c7800 Implicit null exception at 0x0000000002e60155 to 0x0000000002e60351
Event: 4.045 Thread 0x00000000194c7800 Implicit null exception at 0x0000000002c2e0af to 0x0000000002c2e119
Event: 4.131 Thread 0x00000000194c7800 Implicit null exception at 0x0000000002e3091b to 0x0000000002e30d69
Event: 4.468 Thread 0x00000000194c7800 Exception <a 'java/lang/ClassNotFoundException': org/gradle/api/internal/project/DefaultProject_DecoratedBeanInfo> (0x00000000e0d47900) thrown at [C:\src\android\AOSP-openjdk\external\jetbrains\jdk\hotspot\src\share\vm\classfile\systemDictionary.cpp, line 
Event: 4.468 Thread 0x00000000194c7800 Exception <a 'java/lang/ClassNotFoundException': org/gradle/api/internal/project/DefaultProjectBeanInfo> (0x00000000e0d56bd0) thrown at [C:\src\android\AOSP-openjdk\external\jetbrains\jdk\hotspot\src\share\vm\classfile\systemDictionary.cpp, line 210]
Event: 4.469 Thread 0x00000000194c7800 Exception <a 'java/lang/ClassNotFoundException': org/gradle/api/internal/project/AbstractProjectBeanInfo> (0x00000000e0d66200) thrown at [C:\src\android\AOSP-openjdk\external\jetbrains\jdk\hotspot\src\share\vm\classfile\systemDictionary.cpp, line 210]
Event: 4.469 Thread 0x00000000194c7800 Exception <a 'java/lang/ClassNotFoundException': org/gradle/api/internal/project/AbstractProjectCustomizer> (0x00000000e0d75be0) thrown at [C:\src\android\AOSP-openjdk\external\jetbrains\jdk\hotspot\src\share\vm\classfile\systemDictionary.cpp, line 210]
Event: 4.487 Thread 0x00000000194c7800 Exception <a 'java/lang/ClassNotFoundException': org/gradle/api/internal/project/DefaultProjectCustomizer> (0x00000000e0e2b438) thrown at [C:\src\android\AOSP-openjdk\external\jetbrains\jdk\hotspot\src\share\vm\classfile\systemDictionary.cpp, line 210]
Event: 4.490 Thread 0x00000000194c7800 Exception <a 'java/lang/ClassNotFoundException': org/gradle/api/internal/project/DefaultProject_DecoratedCustomizer> (0x00000000e0e50a58) thrown at [C:\src\android\AOSP-openjdk\external\jetbrains\jdk\hotspot\src\share\vm\classfile\systemDictionary.cpp, linPÉçþÔ@

Events (10 events):
Event: 4.518 loading class org/gradle/api/artifacts/PublishArtifact
Event: 4.518 loading class org/gradle/api/artifacts/PublishArtifact done
Event: 4.519 loading class org/gradle/api/artifacts/Configuration
Event: 4.519 loading class org/gradle/api/artifacts/Configuration done
Event: 4.520 loading class org/gradle/api/artifacts/UnknownConfigurationException
Event: 4.520 loading class org/gradle/api/artifacts/UnknownConfigurationException done
Event: 4.520 loading class org/gradle/api/artifacts/Dependency
Event: 4.520 loading class org/gradle/api/artifacts/Dependency done
Event: 4.523 loading class org/gradle/api/artifacts/query/ArtifactResolutionQuery
Event: 4.523 loading class org/gradle/api/artifacts/query/ArtifactResolutionQuery done


Dynamic libraries:
0x00007ff685930000 - 0x00007ff685961000 	C:\Program Files\Android\Android Studio2\jre\bin\java.exe
0x00007fff9bd80000 - 0x00007fff9bf41000 	C:\WINDOWS\SYSTEM32\ntdll.dll
0x00007fff995a0000 - 0x00007fff9964d000 	C:\WINDOWS\system32\KERNEL32.DLL
0x00007fff74100000 - 0x00007fff74133000 	C:\Program Files\AVAST Software\Avast\x64\aswhooka.dll
0x00007fff98e50000 - 0x00007fff99038000 	C:\WINDOWS\system32\KERNELBASE.dll
0x00007fff99310000 - 0x00007fff993b7000 	C:\WINDOWS\system32\ADVAPI32.dll
0x00007fff9a4c0000 - 0x00007fff9a55d000 	C:\WINDOWS\system32\msvcrt.dll
0x00007fff99ba0000 - 0x00007fff99bfb000 	C:\WINDOWS\system32\sechost.dll
0x00007fff99650000 - 0x00007fff9976c000 	C:\WINDOWS\system32\RPCRT4.dll
0x00007fff9bc20000 - 0x00007fff9bd76000 	C:\WINDOWS\system32\USER32.dll
0x00007fff99180000 - 0x00007fff99306000 	C:\WINDOWS\system32\GDI32.dll
0x00007fff8f910000 - 0x00007fff8fb84000 	C:\WINDOWS\WinSxS\amd64_microsoft.windows.common-controls_6595b64144ccf1df_6.0.10586.672_none_a2d6b3cea53ff843\COMCTL32.dll
0x00007fff9a1d0000 - 0x00007fff9a44d000 	C:\WINDOWS\system32\combase.dll
0x00007fff99110000 - 0x00007fff9917a000 	C:\WINDOWS\system32\bcryptPrimitives.dll
0x00007fff9bbe0000 - 0x00007fff9bc1b000 	C:\WINDOWS\system32\IMM32.DLL
0x000000006d9e0000 - 0x000000006dab2000 	C:\Program Files\Android\Android Studio2\jre\jre\bin\msvcr100.dll
0x000000006c9a0000 - 0x000000006d1d4000 	C:\Program Files\Android\Android Studio2\jre\jre\bin\server\jvm.dll
0x00007fff9a080000 - 0x00007fff9a088000 	C:\WINDOWS\system32\PSAPI.DLL
0x00007fff96210000 - 0x00007fff96219000 	C:\WINDOWS\SYSTEM32\WSOCK32.dll
0x00007fff9a0f0000 - 0x00007fff9a15b000 	C:\WINDOWS\system32\WS2_32.dll
0x00007fff96ad0000 - 0x00007fff96af3000 	C:\WINDOWS\SYSTEM32\WINMM.dll
0x00007fff8fc30000 - 0x00007fff8fc3a000 	C:\WINDOWS\SYSTEM32\VERSION.dll
0x00007fff96960000 - 0x00007fff9698c000 	C:\WINDOWS\SYSTEM32\WINMMBASE.dll
0x00007fff98430000 - 0x00007fff98473000 	C:\WINDOWS\system32\cfgmgr32.dll
0x00007fff8f1a0000 - 0x00007fff8f1af000 	C:\Program Files\Android\Android Studio2\jre\jre\bin\verify.dll
0x00007fff8eee0000 - 0x00007fff8ef09000 	C:\Program Files\Android\Android Studio2\jre\jre\bin\java.dll
0x00007fff8eec0000 - 0x00007fff8eed6000 	C:\Program Files\Android\Android Studio2\jre\jre\bin\zip.dll
0x00007fff9a570000 - 0x00007fff9bacc000 	C:\WINDOWS\system32\SHELL32.dll
0x00007fff986b0000 - 0x00007fff98cf5000 	C:\WINDOWS\system32\windows.storage.dll
0x00007fff9a450000 - 0x00007fff9a4a2000 	C:\WINDOWS\system32\shlwapi.dll
0x00007fff98420000 - 0x00007fff9842f000 	C:\WINDOWS\system32\kernel.appcore.dll
0x00007fff98d90000 - 0x00007fff98e45000 	C:\WINDOWS\system32\shcore.dll
0x00007fff983d0000 - 0x00007fff9841b000 	C:\WINDOWS\system32\powrprof.dll
0x00007fff983a0000 - 0x00007fff983b4000 	C:\WINDOWS\system32\profapi.dll
0x00007fff8e9c0000 - 0x00007fff8e9da000 	C:\Program Files\Android\Android Studio2\jre\jre\bin\net.dll
0x00007fff97cd0000 - 0x00007fff97d2c000 	C:\WINDOWS\system32\mswsock.dll
0x00007fff8e9a0000 - 0x00007fff8e9b1000 	C:\Program Files\Android\Android Studio2\jre\jre\bin\nio.dll
0x00007fff8f070000 - 0x00007fff8f082000 	C:\Users\doha_\.gradle\native\19\windows-amd64\native-platform.dll
0x00007fff97d80000 - 0x00007fff97d97000 	C:\WINDOWS\SYSTEM32\CRYPTSP.dll
0x00007fff97a10000 - 0x00007fff97a44000 	C:\WINDOWS\system32\rsaenh.dll
0x00007fff97fa0000 - 0x00007fff97fc9000 	C:\WINDOWS\SYSTEM32\bcrypt.dll
0x00007fff97b60000 - 0x00007fff97b7f000 	C:\WINDOWS\SYSTEM32\USERENV.dll
0x00007fff97ea0000 - 0x00007fff97eab000 	C:\WINDOWS\SYSTEM32\CRYPTBASE.dll
0x00007fff95080000 - 0x00007fff950b8000 	C:\WINDOWS\SYSTEM32\IPHLPAPI.DLL
0x00007fff9a4b0000 - 0x00007fff9a4b8000 	C:\WINDOWS\system32\NSI.dll
0x00007fff8f320000 - 0x00007fff8f336000 	C:\WINDOWS\SYSTEM32\dhcpcsvc6.DLL
0x00007fff91030000 - 0x00007fff9104a000 	C:\WINDOWS\SYSTEM32\dhcpcsvc.DLL
0x00007fff8f170000 - 0x00007fff8f17d000 	C:\Program Files\Android\Android Studio2\jre\jre\bin\management.dll

VM Arguments:
jvm_args: -Xmx1536m -Dfile.encoding=windows-1252 -Duser.country=US -Duser.language=en -Duser.variant 
java_command: org.gradle.launcher.daemon.bootstrap.GradleDaemon 2.14.1
java_class_path (initial): C:\Program Files\Android\Android Studio2\gradle\gradle-2.14.1\lib\gradle-launcher-2.14.1.jar
Launcher Type: SUN_STANDARD

Environment Variables:
PATH=C:\ProgramData\Oracle\Java\javapath;C:\Program Files (x86)\Intel\iCLS Client\;C:\Program Files\Intel\iCLS Client\;C:\WINDOWS\system32;C:\WINDOWS;C:\WINDOWS\System32\Wbem;C:\WINDOWS\System32\WindowsPowerShell\v1.0\;C:\Program Files (x86)\Intel\Intel(R) Management Engine Components\DAL;C:\Program Files\Intel\Intel(R) Management Engine Components\DAL;C:\Program Files (x86)\Intel\Intel(R) Management Engine Components\IPT;C:\Program Files\Intel\Intel(R) Management Engine Components\IPT;C:\Program Files (x86)\Microsoft SQL Server\Client SDK\ODBC\110\Tools\Binn\;C:\Program Files (x86)\Microsoft SQL Server\120\Tools\Binn\;C:\Program Files (x86)\Microsoft SQL Server\120\DTS\Binn\;C:\Program Files (x86)\Microsoft SQL Server\120\Tools\Binn\ManagementStudio\;C:\Program Files (x86)\NVIDIA Corporation\PhysX\Common;C:\Program Files\Microsoft\Web Platform Installer\;C:\Program Files (x86)\Microsoft ASP.NET\ASP.NET Web Pages\v1.0\;C:\Program Files (x86)\Windows Kits\8.0\Windows Performance Toolkit\;C:\Program Files\Microsoft SQL Server\110\Tools\Binn\;C:\WINDOWS\system32;C:\WINDOWS;C:\WINDOWS\System32\Wbem;C:\WINDOWS\System32\WindowsPowerShell\v1.0\;C:\Program Files\Anaconda3;C:\Program Files\Anaconda3\Scripts;C:\Program Files\Anaconda3\Library\bin;C:\Program Files (x86)\Skype\Phone\;C:\Program Files\OpenVPN\bin
USERNAME=doha_
OS=Windows_NT
PROCESSOR_IDENTIFIER=Intel64 Family 6 Model 69 Stepping 1, GenuineIntel



---------------  S Y S T E M  ---------------

OS: Windows 10.0 , 64 bit Build 10586 (10.0.10586.589)

CPU:total 4 (2 cores per cpu, 2 threads per core) family 6 model 69 stepping 1, cmov, cx8, fxsr, mmx, sse, sse2, sse3, ssse3, sse4.1, sse4.2, popcnt, avx, avx2, aes, clmul, erms, lzcnt, ht, tsc, tscinvbit, bmi1, bmi2

Memory: 4k page, physical 4095984k(608212k free), swap 6008276k(2268k free)

vm_info: OpenJDK 64-Bit Server VM (25.76-b03) for windows-amd64 JRE (1.8.0_76-release-b03), built on Jun 29 2016 19:09:20 by "ralucas" with MS VC++ 10.0 (VS2010)

time: Sun Apr 09 18:53:19 2017
elapsed time: 4 seconds (0d 0h 0m 4s)

