#
# There is insufficient memory for the Java Runtime Environment to continue.
# Native memory allocation (malloc) failed to allocate 1395216 bytes for Chunk::new
# Possible reasons:
#   The system is out of physical RAM or swap space
#   In 32 bit mode, the process size limit was hit
# Possible solutions:
#   Reduce memory load on the system
#   Increase physical memory or swap space
#   Check if swap backing store is full
#   Use 64 bit Java on a 64 bit OS
#   Decrease Java heap size (-Xmx/-Xms)
#   Decrease number of Java threads
#   Decrease Java thread stack sizes (-Xss)
#   Set larger code cache with -XX:ReservedCodeCacheSize=
# This output file may be truncated or incomplete.
#
#  Out of Memory Error (allocation.cpp:390), pid=6828, tid=0x00000000000009dc
#
# JRE version: OpenJDK Runtime Environment (8.0_76-b03) (build 1.8.0_76-release-b03)
# Java VM: OpenJDK 64-Bit Server VM (25.76-b03 mixed mode windows-amd64 compressed oops)
# Failed to write core dump. Minidumps are not enabled by default on client versions of Windows
#

---------------  T H R E A D  ---------------

Current thread (0x00000000163a9800):  JavaThread "C2 CompilerThread0" daemon [_thread_in_native, id=2524, stack(0x00000000179f0000,0x0000000017af0000)]

Stack: [0x00000000179f0000,0x0000000017af0000]
[error occurred during error reporting (printing stack bounds), id 0xc0000005]

Native frames: (J=compiled Java code, j=interpreted, Vv=VM code, C=native code)


Current CompileTask:
C2:  11942 5440       4       java.lang.Class::privateGetMethodRecursive (130 bytes)


---------------  P R O C E S S  ---------------

Java Threads: ( => current thread )
  0x000000001b05d000 JavaThread "File lock request listener" [_thread_in_native, id=7696, stack(0x000000001ab50000,0x000000001ac50000)]
  0x000000001950a000 JavaThread "Stdin handler" [_thread_blocked, id=3392, stack(0x000000001aa50000,0x000000001ab50000)]
  0x0000000019509800 JavaThread "Asynchronous log dispatcher for org.gradle.launcher.daemon.server.DefaultDaemonConnection@78a68e24" [_thread_blocked, id=10360, stack(0x000000001a950000,0x000000001aa50000)]
  0x0000000019198000 JavaThread "Daemon worker" [_thread_in_Java, id=7372, stack(0x000000001a650000,0x000000001a750000)]
  0x0000000019179000 JavaThread "Cancel handler" [_thread_blocked, id=268, stack(0x000000001a550000,0x000000001a650000)]
  0x000000001928a800 JavaThread "Handler for socket connection from /127.0.0.1:54735 to /127.0.0.1:54736" [_thread_in_native, id=5828, stack(0x000000001a450000,0x000000001a550000)]
  0x000000001927f800 JavaThread "Daemon" [_thread_blocked, id=5244, stack(0x000000001a350000,0x000000001a450000)]
  0x000000001933e800 JavaThread "pool-1-thread-1" [_thread_blocked, id=3160, stack(0x000000001a250000,0x000000001a350000)]
  0x0000000018f9e800 JavaThread "Incoming local TCP Connector on port 54735" [_thread_in_native, id=8552, stack(0x0000000018af0000,0x0000000018bf0000)]
  0x00000000163fd800 JavaThread "Service Thread" daemon [_thread_blocked, id=11184, stack(0x00000000180f0000,0x00000000181f0000)]
  0x00000000163a1800 JavaThread "C1 CompilerThread2" daemon [_thread_in_native, id=2028, stack(0x0000000017bf0000,0x0000000017cf0000)]
  0x0000000016399000 JavaThread "C2 CompilerThread1" daemon [_thread_in_native, id=8844, stack(0x0000000017af0000,0x0000000017bf0000)]
=>0x00000000163a9800 JavaThread "C2 CompilerThread0" daemon [_thread_in_native, id=2524, stack(0x00000000179f0000,0x0000000017af0000)]
  0x00000000163a8000 JavaThread "Attach Listener" daemon [_thread_blocked, id=10652, stack(0x00000000178f0000,0x00000000179f0000)]
  0x00000000163a6800 JavaThread "Signal Dispatcher" daemon [_thread_blocked, id=3904, stack(0x00000000177f0000,0x00000000178f0000)]
  0x0000000016388800 JavaThread "Finalizer" daemon [_thread_blocked, id=10572, stack(0x0000000017610000,0x0000000017710000)]
  0x0000000002a21800 JavaThread "Reference Handler" daemon [_thread_blocked, id=2568, stack(0x0000000017510000,0x0000000017610000)]
  0x0000000002932800 JavaThread "main" [_thread_blocked, id=2416, stack(0x00000000027a0000,0x00000000028a0000)]

Other Threads:
  0x0000000016364800 VMThread [stack: 0x0000000017410000,0x0000000017510000] [id=3808]
  0x00000000163fe800 WatcherThread [stack: 0x00000000181f0000,0x00000000182f0000] [id=10280]

VM state:not at safepoint (normal execution)

VM Mutex/Monitor currently owned by a thread: None

Heap:
 PSYoungGen      total 102400K, used 57021K [0x00000000e0000000, 0x00000000e7200000, 0x0000000100000000)
  eden space 93184K, 51% used [0x00000000e0000000,0x00000000e2eb2a68,0x00000000e5b00000)
  from space 9216K, 99% used [0x00000000e6600000,0x00000000e6efcc90,0x00000000e6f00000)
  to   space 11264K, 0% used [0x00000000e5b00000,0x00000000e5b00000,0x00000000e6600000)
 ParOldGen       total 57856K, used 18463K [0x00000000a0000000, 0x00000000a3880000, 0x00000000e0000000)
  object space 57856K, 31% used [0x00000000a0000000,0x00000000a1207f40,0x00000000a3880000)
 Metaspace       used 48022K, capacity 49430K, committed 49584K, reserved 1093632K
  class space    used 6450K, capacity 6772K, committed 6832K, reserved 1048576K

Card table byte_map: [0x0000000011df0000,0x0000000012100000] byte_map_base: 0x00000000118f0000

Marking Bits: (ParMarkBitMap*) 0x0000000056069d00
 Begin Bits: [0x0000000012700000, 0x0000000013f00000)
 End Bits:   [0x0000000013f00000, 0x0000000015700000)

Polling page: 0x0000000000fe0000

CodeCache: size=245760Kb used=18440Kb max_used=18577Kb free=227319Kb
 bounds [0x0000000002a30000, 0x0000000003c70000, 0x0000000011a30000]
 total_blobs=5990 nmethods=5287 adapters=615
 compilation: enabled

Compilation events (10 events):
Event: 11.881 Thread 0x00000000163a1800 5811       3       com.google.protobuf.CodedOutputStream::writeRawByte (33 bytes)
Event: 11.881 Thread 0x00000000163a1800 nmethod 5811 0x0000000002f5fc90 code [0x0000000002f5fe00, 0x0000000002f60008]
Event: 11.881 Thread 0x00000000163a1800 5809       3       com.google.protobuf.CodedOutputStream::computeTagSize (9 bytes)
Event: 11.882 Thread 0x0000000016399000 nmethod 5814 0x0000000003424610 code [0x0000000003424760, 0x0000000003424b48]
Event: 11.882 Thread 0x00000000163a1800 nmethod 5809 0x0000000003164d10 code [0x0000000003164e80, 0x0000000003165048]
Event: 11.882 Thread 0x00000000163a1800 5813       3       com.google.protobuf.CodedOutputStream::writeTag (10 bytes)
Event: 11.882 Thread 0x00000000163a1800 nmethod 5813 0x0000000002d314d0 code [0x0000000002d31680, 0x0000000002d31cf8]
Event: 11.882 Thread 0x0000000016399000 5815   !   4       java.util.zip.ZipFile::releaseInflater (41 bytes)
Event: 11.890 Thread 0x0000000016399000 nmethod 5815 0x0000000002be51d0 code [0x0000000002be5360, 0x0000000002be5d18]
Event: 11.900 Thread 0x0000000016399000 5816       4       java.lang.ClassLoader::defineClass (43 bytes)

GC Heap History (10 events):
Event: 7.219 GC heap before
{Heap before GC invocations=12 (full 1):
 PSYoungGen      total 67072K, used 67049K [0x00000000e0000000, 0x00000000e5680000, 0x0000000100000000)
  eden space 62464K, 100% used [0x00000000e0000000,0x00000000e3d00000,0x00000000e3d00000)
  from space 4608K, 99% used [0x00000000e4480000,0x00000000e48fa708,0x00000000e4900000)
  to   space 7680K, 0% used [0x00000000e3d00000,0x00000000e3d00000,0x00000000e4480000)
 ParOldGen       total 37888K, used 8819K [0x00000000a0000000, 0x00000000a2500000, 0x00000000e0000000)
  object space 37888K, 23% used [0x00000000a0000000,0x00000000a089cca8,0x00000000a2500000)
 Metaspace       used 32844K, capacity 33600K, committed 33968K, reserved 1079296K
  class space    used 4430K, capacity 4663K, committed 4784K, reserved 1048576K
Event: 7.232 GC heap after
Heap after GC invocations=12 (full 1):
 PSYoungGen      total 70144K, used 7649K [0x00000000e0000000, 0x00000000e5b80000, 0x0000000100000000)
  eden space 62464K, 0% used [0x00000000e0000000,0x00000000e0000000,0x00000000e3d00000)
  from space 7680K, 99% used [0x00000000e3d00000,0x00000000e44784f0,0x00000000e4480000)
  to   space 8704K, 0% used [0x00000000e5300000,0x00000000e5300000,0x00000000e5b80000)
 ParOldGen       total 37888K, used 10070K [0x00000000a0000000, 0x00000000a2500000, 0x00000000e0000000)
  object space 37888K, 26% used [0x00000000a0000000,0x00000000a09d58b8,0x00000000a2500000)
 Metaspace       used 32844K, capacity 33600K, committed 33968K, reserved 1079296K
  class space    used 4430K, capacity 4663K, committed 4784K, reserved 1048576K
}
Event: 7.643 GC heap before
{Heap before GC invocations=13 (full 1):
 PSYoungGen      total 70144K, used 44148K [0x00000000e0000000, 0x00000000e5b80000, 0x0000000100000000)
  eden space 62464K, 58% used [0x00000000e0000000,0x00000000e23a4cb8,0x00000000e3d00000)
  from space 7680K, 99% used [0x00000000e3d00000,0x00000000e44784f0,0x00000000e4480000)
  to   space 8704K, 0% used [0x00000000e5300000,0x00000000e5300000,0x00000000e5b80000)
 ParOldGen       total 37888K, used 10070K [0x00000000a0000000, 0x00000000a2500000, 0x00000000e0000000)
  object space 37888K, 26% used [0x00000000a0000000,0x00000000a09d58b8,0x00000000a2500000)
 Metaspace       used 34568K, capacity 35268K, committed 35496K, reserved 1079296K
  class space    used 4643K, capacity 4829K, committed 4912K, reserved 1048576K
Event: 7.658 GC heap after
Heap after GC invocations=13 (full 1):
 PSYoungGen      total 84480K, used 6221K [0x00000000e0000000, 0x00000000e5f00000, 0x0000000100000000)
  eden space 75776K, 0% used [0x00000000e0000000,0x00000000e0000000,0x00000000e4a00000)
  from space 8704K, 71% used [0x00000000e5300000,0x00000000e59137b8,0x00000000e5b80000)
  to   space 9216K, 0% used [0x00000000e4a00000,0x00000000e4a00000,0x00000000e5300000)
 ParOldGen       total 37888K, used 11946K [0x00000000a0000000, 0x00000000a2500000, 0x00000000e0000000)
  object space 37888K, 31% used [0x00000000a0000000,0x00000000a0baa8d8,0x00000000a2500000)
 Metaspace       used 34568K, capacity 35268K, committed 35496K, reserved 1079296K
  class space    used 4643K, capacity 4829K, committed 4912K, reserved 1048576K
}
Event: 7.658 GC heap before
{Heap before GC invocations=14 (full 2):
 PSYoungGen      total 84480K, used 6221K [0x00000000e0000000, 0x00000000e5f00000, 0x0000000100000000)
  eden space 75776K, 0% used [0x00000000e0000000,0x00000000e0000000,0x00000000e4a00000)
  from space 8704K, 71% used [0x00000000e5300000,0x00000000e59137b8,0x00000000e5b80000)
  to   space 9216K, 0% used [0x00000000e4a00000,0x00000000e4a00000,0x00000000e5300000)
 ParOldGen       total 37888K, used 11946K [0x00000000a0000000, 0x00000000a2500000, 0x00000000e0000000)
  object space 37888K, 31% used [0x00000000a0000000,0x00000000a0baa8d8,0x00000000a2500000)
 Metaspace       used 34568K, capacity 35268K, committed 35496K, reserved 1079296K
  class space    used 4643K, capacity 4829K, committed 4912K, reserved 1048576K
Event: 7.734 GC heap after
Heap after GC invocations=14 (full 2):
 PSYoungGen      total 84480K, used 0K [0x00000000e0000000, 0x00000000e5f00000, 0x0000000100000000)
  eden space 75776K, 0% used [0x00000000e0000000,0x00000000e0000000,0x00000000e4a00000)
  from space 8704K, 0% used [0x00000000e5300000,0x00000000e5300000,0x00000000e5b80000)
  to   space 9216K, 0% used [0x00000000e4a00000,0x00000000e4a00000,0x00000000e5300000)
 ParOldGen       total 57856K, used 15725K [0x00000000a0000000, 0x00000000a3880000, 0x00000000e0000000)
  object space 57856K, 27% used [0x00000000a0000000,0x00000000a0f5b620,0x00000000a3880000)
 Metaspace       used 34568K, capacity 35268K, committed 35496K, reserved 1079296K
  class space    used 4643K, capacity 4829K, committed 4912K, reserved 1048576K
}
Event: 9.508 GC heap before
{Heap before GC invocations=15 (full 2):
 PSYoungGen      total 84480K, used 75776K [0x00000000e0000000, 0x00000000e5f00000, 0x0000000100000000)
  eden space 75776K, 100% used [0x00000000e0000000,0x00000000e4a00000,0x00000000e4a00000)
  from space 8704K, 0% used [0x00000000e5300000,0x00000000e5300000,0x00000000e5b80000)
  to   space 9216K, 0% used [0x00000000e4a00000,0x00000000e4a00000,0x00000000e5300000)
 ParOldGen       total 57856K, used 15725K [0x00000000a0000000, 0x00000000a3880000, 0x00000000e0000000)
  object space 57856K, 27% used [0x00000000a0000000,0x00000000a0f5b620,0x00000000a3880000)
 Metaspace       used 41609K, capacity 42522K, committed 42672K, reserved 1085440K
  class space    used 5578K, capacity 5795K, committed 5808K, reserved 1048576K
Event: 9.517 GC heap after
Heap after GC invocations=15 (full 2):
 PSYoungGen      total 84992K, used 7346K [0x00000000e0000000, 0x00000000e6f00000, 0x0000000100000000)
  eden space 75776K, 0% used [0x00000000e0000000,0x00000000e0000000,0x00000000e4a00000)
  from space 9216K, 79% used [0x00000000e4a00000,0x00000000e512cb50,0x00000000e5300000)
  to   space 9216K, 0% used [0x00000000e6600000,0x00000000e6600000,0x00000000e6f00000)
 ParOldGen       total 57856K, used 15797K [0x00000000a0000000, 0x00000000a3880000, 0x00000000e0000000)
  object space 57856K, 27% used [0x00000000a0000000,0x00000000a0f6d630,0x00000000a3880000)
 Metaspace       used 41609K, capacity 42522K, committed 42672K, reserved 1085440K
  class space    used 5578K, capacity 5795K, committed 5808K, reserved 1048576K
}
Event: 11.124 GC heap before
{Heap before GC invocations=16 (full 2):
 PSYoungGen      total 84992K, used 83122K [0x00000000e0000000, 0x00000000e6f00000, 0x0000000100000000)
  eden space 75776K, 100% used [0x00000000e0000000,0x00000000e4a00000,0x00000000e4a00000)
  from space 9216K, 79% used [0x00000000e4a00000,0x00000000e512cb50,0x00000000e5300000)
  to   space 9216K, 0% used [0x00000000e6600000,0x00000000e6600000,0x00000000e6f00000)
 ParOldGen       total 57856K, used 15797K [0x00000000a0000000, 0x00000000a3880000, 0x00000000e0000000)
  object space 57856K, 27% used [0x00000000a0000000,0x00000000a0f6d630,0x00000000a3880000)
 Metaspace       used 44896K, capacity 46002K, committed 46256K, reserved 1089536K
  class space    used 6050K, capacity 6305K, committed 6320K, reserved 1048576K
Event: 11.140 GC heap after
Heap after GC invocations=16 (full 2):
 PSYoungGen      total 102400K, used 9203K [0x00000000e0000000, 0x00000000e7200000, 0x0000000100000000)
  eden space 93184K, 0% used [0x00000000e0000000,0x00000000e0000000,0x00000000e5b00000)
  from space 9216K, 99% used [0x00000000e6600000,0x00000000e6efcc90,0x00000000e6f00000)
  to   space 11264K, 0% used [0x00000000e5b00000,0x00000000e5b00000,0x00000000e6600000)
 ParOldGen       total 57856K, used 18463K [0x00000000a0000000, 0x00000000a3880000, 0x00000000e0000000)
  object space 57856K, 31% used [0x00000000a0000000,0x00000000a1207f40,0x00000000a3880000)
 Metaspace       used 44896K, capacity 46002K, committed 46256K, reserved 1089536K
  class space    used 6050K, capacity 6305K, committed 6320K, reserved 1048576K
}

Deoptimization events (10 events):
Event: 11.615 Thread 0x0000000019198000 Uncommon trap: reason=class_check action=maybe_recompile pc=0x00000000037adf7c method=java.util.Hashtable.put(Ljava/lang/Object;Ljava/lang/Object;)Ljava/lang/Object; @ 60
Event: 11.615 Thread 0x0000000019198000 Uncommon trap: reason=class_check action=maybe_recompile pc=0x000000000347a528 method=java.util.Hashtable.get(Ljava/lang/Object;)Ljava/lang/Object; @ 45
Event: 11.615 Thread 0x0000000019198000 Uncommon trap: reason=class_check action=maybe_recompile pc=0x00000000037adf7c method=java.util.Hashtable.put(Ljava/lang/Object;Ljava/lang/Object;)Ljava/lang/Object; @ 60
Event: 11.634 Thread 0x0000000019198000 Uncommon trap: reason=class_check action=maybe_recompile pc=0x000000000347a528 method=java.util.Hashtable.get(Ljava/lang/Object;)Ljava/lang/Object; @ 45
Event: 11.634 Thread 0x0000000019198000 Uncommon trap: reason=class_check action=maybe_recompile pc=0x000000000347a528 method=java.util.Hashtable.get(Ljava/lang/Object;)Ljava/lang/Object; @ 45
Event: 11.641 Thread 0x0000000019198000 Uncommon trap: reason=unstable_if action=reinterpret pc=0x0000000002be4e68 method=java.lang.String.replace(CC)Ljava/lang/String; @ 2
Event: 11.643 Thread 0x0000000019198000 Uncommon trap: reason=unstable_if action=reinterpret pc=0x00000000038840e8 method=groovy.lang.MetaClassImpl.checkIfStdMethod(Lgroovy/lang/MetaMethod;)V @ 79
Event: 11.644 Thread 0x0000000019198000 Uncommon trap: reason=unstable_if action=reinterpret pc=0x0000000003adf710 method=org.codehaus.groovy.runtime.metaclass.MetaMethodIndex.copyNonPrivateNonNewMetaMethods(Lorg/codehaus/groovy/runtime/metaclass/MetaMethodIndex$Entry;Lorg/codehaus/groovy/runtimóãêŒq'@
Event: 11.722 Thread 0x0000000019198000 Uncommon trap: reason=predicate action=maybe_recompile pc=0x0000000002dd0330 method=org.gradle.internal.logging.text.AbstractLineChoppingStyledTextOutput.doAppend(Ljava/lang/String;)V @ 10
Event: 11.928 Thread 0x0000000019198000 Uncommon trap: reason=class_check action=maybe_recompile pc=0x00000000032da3a4 method=sun.misc.URLClassPath$1.next()Z @ 46

Internal exceptions (10 events):
Event: 11.649 Thread 0x0000000019198000 Exception <a 'java/lang/ClassNotFoundException': groovy/util/AntBuilderCustomizer> (0x00000000e1ea5dd0) thrown at [C:\src\android\AOSP-openjdk\external\jetbrains\jdk\hotspot\src\share\vm\classfile\systemDictionary.cpp, line 210]
Event: 11.650 Thread 0x0000000019198000 Exception <a 'java/lang/ClassNotFoundException': org/gradle/api/AntBuilderCustomizer> (0x00000000e1eb8d68) thrown at [C:\src\android\AOSP-openjdk\external\jetbrains\jdk\hotspot\src\share\vm\classfile\systemDictionary.cpp, line 210]
Event: 11.651 Thread 0x0000000019198000 Exception <a 'java/lang/ClassNotFoundException': org/gradle/api/internal/project/ant/BasicAntBuilderCustomizer> (0x00000000e1ed7010) thrown at [C:\src\android\AOSP-openjdk\external\jetbrains\jdk\hotspot\src\share\vm\classfile\systemDictionary.cpp, line 210˙ˇ†˙æM'@
Event: 11.652 Thread 0x0000000019198000 Exception <a 'java/lang/ClassNotFoundException': org/gradle/api/internal/project/DefaultAntBuilderCustomizer> (0x00000000e1efcd50) thrown at [C:\src\android\AOSP-openjdk\external\jetbrains\jdk\hotspot\src\share\vm\classfile\systemDictionary.cpp, line 210]
Event: 11.677 Thread 0x0000000019198000 Exception <a 'java/lang/ClassNotFoundException': com/android/build/gradle/internal/tasks/DeviceProviderInstrumentTestTask_DecoratedBeanInfo> (0x00000000e207c100) thrown at [C:\src\android\AOSP-openjdk\external\jetbrains\jdk\hotspot\src\share\vm\classfile\s∫öÉÁ◊Z'@
Event: 11.677 Thread 0x0000000019198000 Exception <a 'java/lang/ClassNotFoundException': com/android/build/gradle/internal/tasks/DeviceProviderInstrumentTestTaskBeanInfo> (0x00000000e2091108) thrown at [C:\src\android\AOSP-openjdk\external\jetbrains\jdk\hotspot\src\share\vm\classfile\systemDicti‚ıªó'['@
Event: 11.678 Thread 0x0000000019198000 Exception <a 'java/lang/ClassNotFoundException': com/android/build/gradle/internal/tasks/DeviceProviderInstrumentTestTaskCustomizer> (0x00000000e20a6168) thrown at [C:\src\android\AOSP-openjdk\external\jetbrains\jdk\hotspot\src\share\vm\classfile\systemDic%'∞\'@
Event: 11.680 Thread 0x0000000019198000 Exception <a 'java/lang/ClassNotFoundException': com/android/build/gradle/internal/tasks/DeviceProviderInstrumentTestTask_DecoratedCustomizer> (0x00000000e20ef448) thrown at [C:\src\android\AOSP-openjdk\external\jetbrains\jdk\hotspot\src\share\vm\classfilevôwOó›'@
Event: 11.933 Thread 0x0000000019198000 Exception <a 'java/lang/ClassNotFoundException': org/jetbrains/plugins/gradle/tooling/builder/WarModelBuilderImplBeanInfo> (0x00000000e2ce11a8) thrown at [C:\src\android\AOSP-openjdk\external\jetbrains\jdk\hotspot\src\share\vm\classfile\systemDictionary.cp
Event: 11.933 Thread 0x0000000019198000 Exception <a 'java/lang/ClassNotFoundException': org/jetbrains/plugins/gradle/tooling/builder/WarModelBuilderImplCustomizer> (0x00000000e2ceeee0) thrown at [C:\src\android\AOSP-openjdk\external\jetbrains\jdk\hotspot\src\share\vm\classfile\systemDictionary.∑=A"CL'@

Events (10 events):
Event: 11.933 loading class org/jetbrains/plugins/gradle/tooling/builder/WarModelBuilderImplBeanInfo
Event: 11.933 loading class org/jetbrains/plugins/gradle/tooling/builder/WarModelBuilderImplBeanInfo done
Event: 11.933 loading class org/jetbrains/plugins/gradle/tooling/builder/WarModelBuilderImplCustomizer
Event: 11.933 loading class org/jetbrains/plugins/gradle/tooling/builder/WarModelBuilderImplCustomizer done
Event: 11.933 loading class org/jetbrains/plugins/gradle/tooling/builder/WarModelBuilderImplCustomizer
Event: 11.933 loading class org/jetbrains/plugins/gradle/tooling/builder/WarModelBuilderImplCustomizer done
Event: 11.933 loading class org/jetbrains/plugins/gradle/tooling/builder/WarModelBuilderImplCustomizer
Event: 11.933 loading class org/jetbrains/plugins/gradle/tooling/builder/WarModelBuilderImplCustomizer done
Event: 11.934 loading class org/jetbrains/plugins/gradle/model/web/WebConfiguration
Event: 11.934 loading class org/jetbrains/plugins/gradle/model/web/WebConfiguration done


Dynamic libraries:
0x00007ff636780000 - 0x00007ff6367b1000 	C:\Program Files\Android\Android Studio2\jre\bin\java.exe
0x00007fff52050000 - 0x00007fff52211000 	C:\WINDOWS\SYSTEM32\ntdll.dll
0x00007fff51d50000 - 0x00007fff51dfd000 	C:\WINDOWS\system32\KERNEL32.DLL
0x00007fff4bbc0000 - 0x00007fff4bbf3000 	C:\Program Files\AVAST Software\Avast\x64\aswhooka.dll
0x00007fff4e960000 - 0x00007fff4eb48000 	C:\WINDOWS\system32\KERNELBASE.dll
0x00007fff4f450000 - 0x00007fff4f4f7000 	C:\WINDOWS\system32\ADVAPI32.dll
0x00007fff4fb30000 - 0x00007fff4fbcd000 	C:\WINDOWS\system32\msvcrt.dll
0x00007fff51c20000 - 0x00007fff51c7b000 	C:\WINDOWS\system32\sechost.dll
0x00007fff4fbd0000 - 0x00007fff4fcec000 	C:\WINDOWS\system32\RPCRT4.dll
0x00007fff4fcf0000 - 0x00007fff4fe46000 	C:\WINDOWS\system32\USER32.dll
0x00007fff51ec0000 - 0x00007fff52046000 	C:\WINDOWS\system32\GDI32.dll
0x00007fff46dd0000 - 0x00007fff47044000 	C:\WINDOWS\WinSxS\amd64_microsoft.windows.common-controls_6595b64144ccf1df_6.0.10586.672_none_a2d6b3cea53ff843\COMCTL32.dll
0x00007fff4f6f0000 - 0x00007fff4f96d000 	C:\WINDOWS\system32\combase.dll
0x00007fff4f1f0000 - 0x00007fff4f25a000 	C:\WINDOWS\system32\bcryptPrimitives.dll
0x00007fff4f500000 - 0x00007fff4f53b000 	C:\WINDOWS\system32\IMM32.DLL
0x0000000056390000 - 0x0000000056462000 	C:\Program Files\Android\Android Studio2\jre\jre\bin\msvcr100.dll
0x00000000558b0000 - 0x00000000560e4000 	C:\Program Files\Android\Android Studio2\jre\jre\bin\server\jvm.dll
0x00007fff50120000 - 0x00007fff50128000 	C:\WINDOWS\system32\PSAPI.DLL
0x00007fff407f0000 - 0x00007fff407f9000 	C:\WINDOWS\SYSTEM32\WSOCK32.dll
0x00007fff500b0000 - 0x00007fff5011b000 	C:\WINDOWS\system32\WS2_32.dll
0x00007fff4c8d0000 - 0x00007fff4c8f3000 	C:\WINDOWS\SYSTEM32\WINMM.dll
0x00007fff48210000 - 0x00007fff4821a000 	C:\WINDOWS\SYSTEM32\VERSION.dll
0x00007fff4c870000 - 0x00007fff4c89c000 	C:\WINDOWS\SYSTEM32\WINMMBASE.dll
0x00007fff4eb50000 - 0x00007fff4eb93000 	C:\WINDOWS\system32\cfgmgr32.dll
0x00007fff48360000 - 0x00007fff4836f000 	C:\Program Files\Android\Android Studio2\jre\jre\bin\verify.dll
0x00007fff405f0000 - 0x00007fff40619000 	C:\Program Files\Android\Android Studio2\jre\jre\bin\java.dll
0x00007fff48340000 - 0x00007fff48356000 	C:\Program Files\Android\Android Studio2\jre\jre\bin\zip.dll
0x00007fff50290000 - 0x00007fff517ec000 	C:\WINDOWS\system32\SHELL32.dll
0x00007fff4eba0000 - 0x00007fff4f1e5000 	C:\WINDOWS\system32\windows.storage.dll
0x00007fff51e00000 - 0x00007fff51e52000 	C:\WINDOWS\system32\shlwapi.dll
0x00007fff4e680000 - 0x00007fff4e68f000 	C:\WINDOWS\system32\kernel.appcore.dll
0x00007fff4e790000 - 0x00007fff4e845000 	C:\WINDOWS\system32\shcore.dll
0x00007fff4e690000 - 0x00007fff4e6db000 	C:\WINDOWS\system32\powrprof.dll
0x00007fff4e6e0000 - 0x00007fff4e6f4000 	C:\WINDOWS\system32\profapi.dll
0x00007fff3f930000 - 0x00007fff3f94a000 	C:\Program Files\Android\Android Studio2\jre\jre\bin\net.dll
0x00007fff4dfa0000 - 0x00007fff4dffc000 	C:\WINDOWS\system32\mswsock.dll
0x00007fff3f910000 - 0x00007fff3f921000 	C:\Program Files\Android\Android Studio2\jre\jre\bin\nio.dll
0x00007fff3bad0000 - 0x00007fff3bae2000 	C:\Users\doha_\.gradle\native\19\windows-amd64\native-platform.dll
0x00007fff4e050000 - 0x00007fff4e067000 	C:\WINDOWS\SYSTEM32\CRYPTSP.dll
0x00007fff4dce0000 - 0x00007fff4dd14000 	C:\WINDOWS\system32\rsaenh.dll
0x00007fff4e270000 - 0x00007fff4e299000 	C:\WINDOWS\SYSTEM32\bcrypt.dll
0x00007fff4de30000 - 0x00007fff4de4f000 	C:\WINDOWS\SYSTEM32\USERENV.dll
0x00007fff4e170000 - 0x00007fff4e17b000 	C:\WINDOWS\SYSTEM32\CRYPTBASE.dll
0x00007fff4b130000 - 0x00007fff4b168000 	C:\WINDOWS\SYSTEM32\IPHLPAPI.DLL
0x00007fff4fa50000 - 0x00007fff4fa58000 	C:\WINDOWS\system32\NSI.dll
0x00007fff480e0000 - 0x00007fff480f6000 	C:\WINDOWS\SYSTEM32\dhcpcsvc6.DLL
0x00007fff487f0000 - 0x00007fff4880a000 	C:\WINDOWS\SYSTEM32\dhcpcsvc.DLL
0x00007fff3ea50000 - 0x00007fff3ea5d000 	C:\Program Files\Android\Android Studio2\jre\jre\bin\management.dll

VM Arguments:
jvm_args: -Xmx1536m -Dfile.encoding=windows-1252 -Duser.country=US -Duser.language=en -Duser.variant 
java_command: org.gradle.launcher.daemon.bootstrap.GradleDaemon 2.14.1
java_class_path (initial): C:\Program Files\Android\Android Studio2\gradle\gradle-2.14.1\lib\gradle-launcher-2.14.1.jar
Launcher Type: SUN_STANDARD

Environment Variables:
PATH=C:\ProgramData\Oracle\Java\javapath;C:\Program Files (x86)\Intel\iCLS Client\;C:\Program Files\Intel\iCLS Client\;C:\WINDOWS\system32;C:\WINDOWS;C:\WINDOWS\System32\Wbem;C:\WINDOWS\System32\WindowsPowerShell\v1.0\;C:\Program Files (x86)\Intel\Intel(R) Management Engine Components\DAL;C:\Program Files\Intel\Intel(R) Management Engine Components\DAL;C:\Program Files (x86)\Intel\Intel(R) Management Engine Components\IPT;C:\Program Files\Intel\Intel(R) Management Engine Components\IPT;C:\Program Files (x86)\Microsoft SQL Server\Client SDK\ODBC\110\Tools\Binn\;C:\Program Files (x86)\Microsoft SQL Server\120\Tools\Binn\;C:\Program Files (x86)\Microsoft SQL Server\120\DTS\Binn\;C:\Program Files (x86)\Microsoft SQL Server\120\Tools\Binn\ManagementStudio\;C:\Program Files (x86)\NVIDIA Corporation\PhysX\Common;C:\Program Files\Microsoft\Web Platform Installer\;C:\Program Files (x86)\Microsoft ASP.NET\ASP.NET Web Pages\v1.0\;C:\Program Files (x86)\Windows Kits\8.0\Windows Performance Toolkit\;C:\Program Files\Microsoft SQL Server\110\Tools\Binn\;C:\WINDOWS\system32;C:\WINDOWS;C:\WINDOWS\System32\Wbem;C:\WINDOWS\System32\WindowsPowerShell\v1.0\;C:\Program Files\Anaconda3;C:\Program Files\Anaconda3\Scripts;C:\Program Files\Anaconda3\Library\bin;C:\Program Files (x86)\Skype\Phone\;C:\Program Files\OpenVPN\bin
USERNAME=doha_
OS=Windows_NT
PROCESSOR_IDENTIFIER=Intel64 Family 6 Model 69 Stepping 1, GenuineIntel



---------------  S Y S T E M  ---------------

OS: Windows 10.0 , 64 bit Build 10586 (10.0.10586.589)

CPU:total 4 (2 cores per cpu, 2 threads per core) family 6 model 69 stepping 1, cmov, cx8, fxsr, mmx, sse, sse2, sse3, ssse3, sse4.1, sse4.2, popcnt, avx, avx2, aes, clmul, erms, lzcnt, ht, tsc, tscinvbit, bmi1, bmi2

Memory: 4k page, physical 4095984k(546600k free), swap 5626196k(5304k free)

vm_info: OpenJDK 64-Bit Server VM (25.76-b03) for windows-amd64 JRE (1.8.0_76-release-b03), built on Jun 29 2016 19:09:20 by "ralucas" with MS VC++ 10.0 (VS2010)

time: Fri Apr 14 16:47:21 2017
elapsed time: 11 seconds (0d 0h 0m 11s)

