#
# There is insufficient memory for the Java Runtime Environment to continue.
# Native memory allocation (malloc) failed to allocate 1956496 bytes for Chunk::new
# Possible reasons:
#   The system is out of physical RAM or swap space
#   In 32 bit mode, the process size limit was hit
# Possible solutions:
#   Reduce memory load on the system
#   Increase physical memory or swap space
#   Check if swap backing store is full
#   Use 64 bit Java on a 64 bit OS
#   Decrease Java heap size (-Xmx/-Xms)
#   Decrease number of Java threads
#   Decrease Java thread stack sizes (-Xss)
#   Set larger code cache with -XX:ReservedCodeCacheSize=
# This output file may be truncated or incomplete.
#
#  Out of Memory Error (allocation.cpp:390), pid=11872, tid=0x0000000000002dd4
#
# JRE version: OpenJDK Runtime Environment (8.0_76-b03) (build 1.8.0_76-release-b03)
# Java VM: OpenJDK 64-Bit Server VM (25.76-b03 mixed mode windows-amd64 compressed oops)
# Failed to write core dump. Minidumps are not enabled by default on client versions of Windows
#

---------------  T H R E A D  ---------------

Current thread (0x0000000016908000):  JavaThread "C2 CompilerThread0" daemon [_thread_in_native, id=11732, stack(0x0000000017f30000,0x0000000018030000)]

Stack: [0x0000000017f30000,0x0000000018030000]
[error occurred during error reporting (printing stack bounds), id 0xc0000005]

Native frames: (J=compiled Java code, j=interpreted, Vv=VM code, C=native code)


Current CompileTask:
C2:  17042 5423   !   4       com.sun.beans.TypeResolver::resolve (274 bytes)


---------------  P R O C E S S  ---------------

Java Threads: ( => current thread )
  0x0000000019b28800 JavaThread "File lock request listener" [_thread_in_native, id=12088, stack(0x000000001c470000,0x000000001c570000)]
  0x000000001936b800 JavaThread "Stdin handler" [_thread_blocked, id=11280, stack(0x000000001afa0000,0x000000001b0a0000)]
  0x0000000019358000 JavaThread "Asynchronous log dispatcher for org.gradle.launcher.daemon.server.DefaultDaemonConnection@78a68e24" [_thread_blocked, id=2888, stack(0x000000001aea0000,0x000000001afa0000)]
  0x0000000019359800 JavaThread "Daemon worker" [_thread_in_Java, id=7416, stack(0x000000001aba0000,0x000000001aca0000)]
  0x00000000192d1800 JavaThread "Cancel handler" [_thread_blocked, id=11424, stack(0x000000001aaa0000,0x000000001aba0000)]
  0x00000000199a7800 JavaThread "Handler for socket connection from /127.0.0.1:54669 to /127.0.0.1:54670" [_thread_in_native, id=10912, stack(0x000000001a9a0000,0x000000001aaa0000)]
  0x00000000199a6800 JavaThread "Daemon" [_thread_blocked, id=6184, stack(0x000000001a8a0000,0x000000001a9a0000)]
  0x000000001997e000 JavaThread "pool-1-thread-1" [_thread_blocked, id=10480, stack(0x000000001a7a0000,0x000000001a8a0000)]
  0x000000001989f800 JavaThread "Incoming local TCP Connector on port 54669" [_thread_in_native, id=10028, stack(0x0000000019030000,0x0000000019130000)]
  0x0000000018231800 JavaThread "Service Thread" daemon [_thread_blocked, id=6156, stack(0x0000000018630000,0x0000000018730000)]
  0x000000001695b000 JavaThread "C1 CompilerThread2" daemon [_thread_blocked, id=6792, stack(0x0000000018130000,0x0000000018230000)]
  0x0000000016950000 JavaThread "C2 CompilerThread1" daemon [_thread_in_native, id=9532, stack(0x0000000018030000,0x0000000018130000)]
=>0x0000000016908000 JavaThread "C2 CompilerThread0" daemon [_thread_in_native, id=11732, stack(0x0000000017f30000,0x0000000018030000)]
  0x0000000016907000 JavaThread "Attach Listener" daemon [_thread_blocked, id=912, stack(0x0000000017e30000,0x0000000017f30000)]
  0x0000000016905800 JavaThread "Signal Dispatcher" daemon [_thread_blocked, id=5932, stack(0x0000000017d30000,0x0000000017e30000)]
  0x0000000002f8b800 JavaThread "Finalizer" daemon [_thread_blocked, id=9272, stack(0x0000000017b50000,0x0000000017c50000)]
  0x0000000002f80800 JavaThread "Reference Handler" daemon [_thread_blocked, id=2884, stack(0x0000000017a50000,0x0000000017b50000)]
  0x0000000002e92800 JavaThread "main" [_thread_blocked, id=12072, stack(0x0000000002d90000,0x0000000002e90000)]

Other Threads:
  0x00000000168c4800 VMThread [stack: 0x0000000017950000,0x0000000017a50000] [id=8880]
  0x0000000018233000 WatcherThread [stack: 0x0000000018730000,0x0000000018830000] [id=3444]

VM state:not at safepoint (normal execution)

VM Mutex/Monitor currently owned by a thread: None

Heap:
 PSYoungGen      total 100864K, used 63276K [0x00000000e0000000, 0x00000000e8400000, 0x0000000100000000)
  eden space 91648K, 61% used [0x00000000e0000000,0x00000000e375f0f0,0x00000000e5980000)
  from space 9216K, 71% used [0x00000000e5980000,0x00000000e5fec050,0x00000000e6280000)
  to   space 9216K, 0% used [0x00000000e7b00000,0x00000000e7b00000,0x00000000e8400000)
 ParOldGen       total 57344K, used 22733K [0x00000000a0000000, 0x00000000a3800000, 0x00000000e0000000)
  object space 57344K, 39% used [0x00000000a0000000,0x00000000a16336c0,0x00000000a3800000)
 Metaspace       used 47957K, capacity 49192K, committed 49448K, reserved 1091584K
  class space    used 6387K, capacity 6686K, committed 6704K, reserved 1048576K

Card table byte_map: [0x0000000012350000,0x0000000012660000] byte_map_base: 0x0000000011e50000

Marking Bits: (ParMarkBitMap*) 0x0000000056069d00
 Begin Bits: [0x0000000012c60000, 0x0000000014460000)
 End Bits:   [0x0000000014460000, 0x0000000015c60000)

Polling page: 0x00000000013e0000

CodeCache: size=245760Kb used=19100Kb max_used=19100Kb free=226659Kb
 bounds [0x0000000002f90000, 0x0000000004250000, 0x0000000011f90000]
 total_blobs=6135 nmethods=5411 adapters=636
 compilation: enabled

Compilation events (10 events):
Event: 17.021 Thread 0x000000001695b000 5725       3       org.gradle.model.internal.core.ModelPath::getName (39 bytes)
Event: 17.021 Thread 0x000000001695b000 nmethod 5725 0x0000000004241d90 code [0x0000000004241f20, 0x0000000004242408]
Event: 17.021 Thread 0x000000001695b000 5724       1       org.gradle.api.internal.project.AbstractProject::getTasks (5 bytes)
Event: 17.022 Thread 0x000000001695b000 nmethod 5724 0x0000000004242550 code [0x00000000042426a0, 0x00000000042427b0]
Event: 17.022 Thread 0x000000001695b000 5726       3       java.io.WinNTFileSystem::prefixLength (91 bytes)
Event: 17.023 Thread 0x000000001695b000 nmethod 5726 0x0000000004242810 code [0x0000000004242a20, 0x0000000004243648]
Event: 17.023 Thread 0x000000001695b000 5727       3       org.gradle.internal.metaobject.BeanDynamicObject::access$300 (5 bytes)
Event: 17.023 Thread 0x000000001695b000 nmethod 5727 0x0000000004243b90 code [0x0000000004243d00, 0x0000000004243e68]
Event: 17.023 Thread 0x000000001695b000 5728       3       org.gradle.internal.metaobject.BeanDynamicObject::getMetaClass (39 bytes)
Event: 17.024 Thread 0x000000001695b000 nmethod 5728 0x0000000004243f50 code [0x0000000004244140, 0x0000000004244b08]

GC Heap History (10 events):
Event: 10.191 GC heap before
{Heap before GC invocations=11 (full 1):
 PSYoungGen      total 70656K, used 70231K [0x00000000e0000000, 0x00000000e5480000, 0x0000000100000000)
  eden space 63488K, 100% used [0x00000000e0000000,0x00000000e3e00000,0x00000000e3e00000)
  from space 7168K, 94% used [0x00000000e3e00000,0x00000000e4495d10,0x00000000e4500000)
  to   space 8192K, 0% used [0x00000000e4c80000,0x00000000e4c80000,0x00000000e5480000)
 ParOldGen       total 35840K, used 8649K [0x00000000a0000000, 0x00000000a2300000, 0x00000000e0000000)
  object space 35840K, 24% used [0x00000000a0000000,0x00000000a08725b8,0x00000000a2300000)
 Metaspace       used 28409K, capacity 29038K, committed 29360K, reserved 1075200K
  class space    used 3858K, capacity 4009K, committed 4016K, reserved 1048576K
Event: 10.202 GC heap after
Heap after GC invocations=11 (full 1):
 PSYoungGen      total 78848K, used 3067K [0x00000000e0000000, 0x00000000e6200000, 0x0000000100000000)
  eden space 70656K, 0% used [0x00000000e0000000,0x00000000e0000000,0x00000000e4500000)
  from space 8192K, 37% used [0x00000000e4c80000,0x00000000e4f7ef98,0x00000000e5480000)
  to   space 7680K, 0% used [0x00000000e4500000,0x00000000e4500000,0x00000000e4c80000)
 ParOldGen       total 35840K, used 10525K [0x00000000a0000000, 0x00000000a2300000, 0x00000000e0000000)
  object space 35840K, 29% used [0x00000000a0000000,0x00000000a0a475d8,0x00000000a2300000)
 Metaspace       used 28409K, capacity 29038K, committed 29360K, reserved 1075200K
  class space    used 3858K, capacity 4009K, committed 4016K, reserved 1048576K
}
Event: 12.188 GC heap before
{Heap before GC invocations=12 (full 1):
 PSYoungGen      total 78848K, used 56454K [0x00000000e0000000, 0x00000000e6200000, 0x0000000100000000)
  eden space 70656K, 75% used [0x00000000e0000000,0x00000000e3422a08,0x00000000e4500000)
  from space 8192K, 37% used [0x00000000e4c80000,0x00000000e4f7ef98,0x00000000e5480000)
  to   space 7680K, 0% used [0x00000000e4500000,0x00000000e4500000,0x00000000e4c80000)
 ParOldGen       total 35840K, used 10525K [0x00000000a0000000, 0x00000000a2300000, 0x00000000e0000000)
  object space 35840K, 29% used [0x00000000a0000000,0x00000000a0a475d8,0x00000000a2300000)
 Metaspace       used 34658K, capacity 35328K, committed 35496K, reserved 1079296K
  class space    used 4591K, capacity 4765K, committed 4784K, reserved 1048576K
Event: 12.201 GC heap after
Heap after GC invocations=12 (full 1):
 PSYoungGen      total 78336K, used 7307K [0x00000000e0000000, 0x00000000e6c00000, 0x0000000100000000)
  eden space 70656K, 0% used [0x00000000e0000000,0x00000000e0000000,0x00000000e4500000)
  from space 7680K, 95% used [0x00000000e4500000,0x00000000e4c22e00,0x00000000e4c80000)
  to   space 8704K, 0% used [0x00000000e6380000,0x00000000e6380000,0x00000000e6c00000)
 ParOldGen       total 35840K, used 12025K [0x00000000a0000000, 0x00000000a2300000, 0x00000000e0000000)
  object space 35840K, 33% used [0x00000000a0000000,0x00000000a0bbe5e8,0x00000000a2300000)
 Metaspace       used 34658K, capacity 35328K, committed 35496K, reserved 1079296K
  class space    used 4591K, capacity 4765K, committed 4784K, reserved 1048576K
}
Event: 12.201 GC heap before
{Heap before GC invocations=13 (full 2):
 PSYoungGen      total 78336K, used 7307K [0x00000000e0000000, 0x00000000e6c00000, 0x0000000100000000)
  eden space 70656K, 0% used [0x00000000e0000000,0x00000000e0000000,0x00000000e4500000)
  from space 7680K, 95% used [0x00000000e4500000,0x00000000e4c22e00,0x00000000e4c80000)
  to   space 8704K, 0% used [0x00000000e6380000,0x00000000e6380000,0x00000000e6c00000)
 ParOldGen       total 35840K, used 12025K [0x00000000a0000000, 0x00000000a2300000, 0x00000000e0000000)
  object space 35840K, 33% used [0x00000000a0000000,0x00000000a0bbe5e8,0x00000000a2300000)
 Metaspace       used 34658K, capacity 35328K, committed 35496K, reserved 1079296K
  class space    used 4591K, capacity 4765K, committed 4784K, reserved 1048576K
Event: 12.284 GC heap after
Heap after GC invocations=13 (full 2):
 PSYoungGen      total 78336K, used 0K [0x00000000e0000000, 0x00000000e6c00000, 0x0000000100000000)
  eden space 70656K, 0% used [0x00000000e0000000,0x00000000e0000000,0x00000000e4500000)
  from space 7680K, 0% used [0x00000000e4500000,0x00000000e4500000,0x00000000e4c80000)
  to   space 8704K, 0% used [0x00000000e6380000,0x00000000e6380000,0x00000000e6c00000)
 ParOldGen       total 57344K, used 18028K [0x00000000a0000000, 0x00000000a3800000, 0x00000000e0000000)
  object space 57344K, 31% used [0x00000000a0000000,0x00000000a119b3f8,0x00000000a3800000)
 Metaspace       used 34631K, capacity 35240K, committed 35496K, reserved 1079296K
  class space    used 4584K, capacity 4757K, committed 4784K, reserved 1048576K
}
Event: 13.385 GC heap before
{Heap before GC invocations=14 (full 2):
 PSYoungGen      total 78336K, used 70656K [0x00000000e0000000, 0x00000000e6c00000, 0x0000000100000000)
  eden space 70656K, 100% used [0x00000000e0000000,0x00000000e4500000,0x00000000e4500000)
  from space 7680K, 0% used [0x00000000e4500000,0x00000000e4500000,0x00000000e4c80000)
  to   space 8704K, 0% used [0x00000000e6380000,0x00000000e6380000,0x00000000e6c00000)
 ParOldGen       total 57344K, used 18028K [0x00000000a0000000, 0x00000000a3800000, 0x00000000e0000000)
  object space 57344K, 31% used [0x00000000a0000000,0x00000000a119b3f8,0x00000000a3800000)
 Metaspace       used 38397K, capacity 39272K, committed 39592K, reserved 1083392K
  class space    used 5067K, capacity 5287K, committed 5296K, reserved 1048576K
Event: 13.403 GC heap after
Heap after GC invocations=14 (full 2):
 PSYoungGen      total 99840K, used 7065K [0x00000000e0000000, 0x00000000e6b80000, 0x0000000100000000)
  eden space 91648K, 0% used [0x00000000e0000000,0x00000000e0000000,0x00000000e5980000)
  from space 8192K, 86% used [0x00000000e6380000,0x00000000e6a66548,0x00000000e6b80000)
  to   space 9216K, 0% used [0x00000000e5980000,0x00000000e5980000,0x00000000e6280000)
 ParOldGen       total 57344K, used 18036K [0x00000000a0000000, 0x00000000a3800000, 0x00000000e0000000)
  object space 57344K, 31% used [0x00000000a0000000,0x00000000a119d3f8,0x00000000a3800000)
 Metaspace       used 38397K, capacity 39272K, committed 39592K, reserved 1083392K
  class space    used 5067K, capacity 5287K, committed 5296K, reserved 1048576K
}
Event: 16.182 GC heap before
{Heap before GC invocations=15 (full 2):
 PSYoungGen      total 99840K, used 98713K [0x00000000e0000000, 0x00000000e6b80000, 0x0000000100000000)
  eden space 91648K, 100% used [0x00000000e0000000,0x00000000e5980000,0x00000000e5980000)
  from space 8192K, 86% used [0x00000000e6380000,0x00000000e6a66548,0x00000000e6b80000)
  to   space 9216K, 0% used [0x00000000e5980000,0x00000000e5980000,0x00000000e6280000)
 ParOldGen       total 57344K, used 18036K [0x00000000a0000000, 0x00000000a3800000, 0x00000000e0000000)
  object space 57344K, 31% used [0x00000000a0000000,0x00000000a119d3f8,0x00000000a3800000)
 Metaspace       used 45692K, capacity 46732K, committed 47016K, reserved 1089536K
  class space    used 6026K, capacity 6268K, committed 6320K, reserved 1048576K
Event: 16.199 GC heap after
Heap after GC invocations=15 (full 2):
 PSYoungGen      total 100864K, used 6576K [0x00000000e0000000, 0x00000000e8400000, 0x0000000100000000)
  eden space 91648K, 0% used [0x00000000e0000000,0x00000000e0000000,0x00000000e5980000)
  from space 9216K, 71% used [0x00000000e5980000,0x00000000e5fec050,0x00000000e6280000)
  to   space 9216K, 0% used [0x00000000e7b00000,0x00000000e7b00000,0x00000000e8400000)
 ParOldGen       total 57344K, used 22733K [0x00000000a0000000, 0x00000000a3800000, 0x00000000e0000000)
  object space 57344K, 39% used [0x00000000a0000000,0x00000000a16336c0,0x00000000a3800000)
 Metaspace       used 45692K, capacity 46732K, committed 47016K, reserved 1089536K
  class space    used 6026K, capacity 6268K, committed 6320K, reserved 1048576K
}

Deoptimization events (10 events):
Event: 16.687 Thread 0x0000000019359800 Uncommon trap: reason=class_check action=maybe_recompile pc=0x000000000403a1c8 method=java.util.stream.ReferencePipeline$3$1.accept(Ljava/lang/Object;)V @ 12
Event: 16.688 Thread 0x0000000019359800 Uncommon trap: reason=class_check action=maybe_recompile pc=0x000000000403a1c8 method=java.util.stream.ReferencePipeline$3$1.accept(Ljava/lang/Object;)V @ 12
Event: 16.688 Thread 0x0000000019359800 Uncommon trap: reason=class_check action=maybe_recompile pc=0x000000000403a1c8 method=java.util.stream.ReferencePipeline$3$1.accept(Ljava/lang/Object;)V @ 12
Event: 16.688 Thread 0x0000000019359800 Uncommon trap: reason=class_check action=maybe_recompile pc=0x000000000403a1c8 method=java.util.stream.ReferencePipeline$3$1.accept(Ljava/lang/Object;)V @ 12
Event: 16.810 Thread 0x0000000019359800 Uncommon trap: reason=class_check action=maybe_recompile pc=0x0000000003f8cca4 method=sun.misc.URLClassPath.findResource(Ljava/lang/String;Z)Ljava/net/URL; @ 26
Event: 16.812 Thread 0x0000000019359800 Uncommon trap: reason=class_check action=maybe_recompile pc=0x0000000003f8cca4 method=sun.misc.URLClassPath.findResource(Ljava/lang/String;Z)Ljava/net/URL; @ 26
Event: 16.844 Thread 0x0000000019359800 Uncommon trap: reason=unstable_if action=reinterpret pc=0x0000000003bf82f4 method=groovy.lang.MetaClassImpl$1MOPIter.methodNameAction(Ljava/lang/Class;Lorg/codehaus/groovy/runtime/metaclass/MetaMethodIndex$Entry;)V @ 354
Event: 16.844 Thread 0x0000000019359800 Uncommon trap: reason=predicate action=maybe_recompile pc=0x0000000003b540a8 method=java.util.Arrays.binarySearch0([Ljava/lang/Object;IILjava/lang/Object;Ljava/util/Comparator;)I @ 28
Event: 16.873 Thread 0x0000000019359800 Uncommon trap: reason=unstable_if action=reinterpret pc=0x00000000040b73a8 method=java.io.WinNTFileSystem.prefixLength(Ljava/lang/String;)I @ 11
Event: 16.995 Thread 0x0000000019359800 Uncommon trap: reason=range_check action=make_not_entrant pc=0x0000000003ecb220 method=java.lang.String.charAt(I)C @ 27

Internal exceptions (10 events):
Event: 16.927 Thread 0x0000000019359800 Exception <a 'java/lang/NoSuchMethodError': java.lang.Object.lambda$static$1(Ljava/util/Set;Ljava/util/Set;)Z> (0x00000000e302de70) thrown at [C:\src\android\AOSP-openjdk\external\jetbrains\jdk\hotspot\src\share\vm\interpreter\linkResolver.cpp, line 582]
Event: 16.928 Thread 0x0000000019359800 Exception <a 'java/lang/NoSuchMethodError': java.lang.Object.lambda$static$2(Ljava/util/Set;Ljava/util/Set;)Z> (0x00000000e30305e0) thrown at [C:\src\android\AOSP-openjdk\external\jetbrains\jdk\hotspot\src\share\vm\interpreter\linkResolver.cpp, line 582]
Event: 16.959 Thread 0x0000000019359800 Exception <a 'java/lang/ClassNotFoundException': com/android/build/gradle/internal/tasks/InstallVariantTask_DecoratedBeanInfo> (0x00000000e317f288) thrown at [C:\src\android\AOSP-openjdk\external\jetbrains\jdk\hotspot\src\share\vm\classfile\systemDictionar
Event: 16.960 Thread 0x0000000019359800 Exception <a 'java/lang/ClassNotFoundException': com/android/build/gradle/internal/tasks/InstallVariantTaskBeanInfo> (0x00000000e3191828) thrown at [C:\src\android\AOSP-openjdk\external\jetbrains\jdk\hotspot\src\share\vm\classfile\systemDictionary.cpp, lin„ˆXê◊ı0@
Event: 16.960 Thread 0x0000000019359800 Exception <a 'java/lang/ClassNotFoundException': com/android/build/gradle/internal/tasks/InstallVariantTaskCustomizer> (0x00000000e31a4620) thrown at [C:\src\android\AOSP-openjdk\external\jetbrains\jdk\hotspot\src\share\vm\classfile\systemDictionary.cpp, l⁄ß⁄—Cˆ0@
Event: 16.962 Thread 0x0000000019359800 Exception <a 'java/lang/ClassNotFoundException': com/android/build/gradle/internal/tasks/InstallVariantTask_DecoratedCustomizer> (0x00000000e31e6308) thrown at [C:\src\android\AOSP-openjdk\external\jetbrains\jdk\hotspot\src\share\vm\classfile\systemDiction∂*Éˆ»˘0@
Event: 16.976 Thread 0x0000000019359800 Exception <a 'java/lang/ClassNotFoundException': com/android/build/gradle/internal/tasks/UninstallTask_DecoratedBeanInfo> (0x00000000e3300e28) thrown at [C:\src\android\AOSP-openjdk\external\jetbrains\jdk\hotspot\src\share\vm\classfile\systemDictionary.cpp†&v˙˘0@
Event: 16.976 Thread 0x0000000019359800 Exception <a 'java/lang/ClassNotFoundException': com/android/build/gradle/internal/tasks/UninstallTaskBeanInfo> (0x00000000e3312be0) thrown at [C:\src\android\AOSP-openjdk\external\jetbrains\jdk\hotspot\src\share\vm\classfile\systemDictionary.cpp, line 210i”ÌR˙0@
Event: 16.977 Thread 0x0000000019359800 Exception <a 'java/lang/ClassNotFoundException': com/android/build/gradle/internal/tasks/UninstallTaskCustomizer> (0x00000000e3324b18) thrown at [C:\src\android\AOSP-openjdk\external\jetbrains\jdk\hotspot\src\share\vm\classfile\systemDictionary.cpp, line 2∂z_˙0@
Event: 16.978 Thread 0x0000000019359800 Exception <a 'java/lang/ClassNotFoundException': com/android/build/gradle/internal/tasks/UninstallTask_DecoratedCustomizer> (0x00000000e334e9b0) thrown at [C:\src\android\AOSP-openjdk\external\jetbrains\jdk\hotspot\src\share\vm\classfile\systemDictionary.cæË”SbÌ0@

Events (10 events):
Event: 17.034 loading class org/gradle/api/internal/tasks/testing/logging/TestExceptionFormatter
Event: 17.034 loading class org/gradle/api/internal/tasks/testing/logging/TestExceptionFormatter done
Event: 17.034 loading class org/gradle/api/internal/tasks/testing/DefaultJUnitXmlReport
Event: 17.034 loading class org/gradle/api/internal/tasks/testing/DefaultJUnitXmlReport done
Event: 17.035 loading class org/gradle/api/reporting/internal/TaskGeneratedSingleDirectoryReport
Event: 17.035 loading class org/gradle/api/reporting/internal/TaskGeneratedSingleDirectoryReport done
Event: 17.035 loading class org/gradle/api/reporting/internal/TaskGeneratedReport
Event: 17.036 loading class org/gradle/api/reporting/internal/TaskGeneratedReport done
Event: 17.036 loading class org/gradle/api/reporting/internal/SimpleReport
Event: 17.036 loading class org/gradle/api/reporting/internal/SimpleReport done


Dynamic libraries:
0x00007ff636780000 - 0x00007ff6367b1000 	C:\Program Files\Android\Android Studio2\jre\bin\java.exe
0x00007fff52050000 - 0x00007fff52211000 	C:\WINDOWS\SYSTEM32\ntdll.dll
0x00007fff51d50000 - 0x00007fff51dfd000 	C:\WINDOWS\system32\KERNEL32.DLL
0x00007fff4bbc0000 - 0x00007fff4bbf3000 	C:\Program Files\AVAST Software\Avast\x64\aswhooka.dll
0x00007fff4e960000 - 0x00007fff4eb48000 	C:\WINDOWS\system32\KERNELBASE.dll
0x00007fff4f450000 - 0x00007fff4f4f7000 	C:\WINDOWS\system32\ADVAPI32.dll
0x00007fff4fb30000 - 0x00007fff4fbcd000 	C:\WINDOWS\system32\msvcrt.dll
0x00007fff51c20000 - 0x00007fff51c7b000 	C:\WINDOWS\system32\sechost.dll
0x00007fff4fbd0000 - 0x00007fff4fcec000 	C:\WINDOWS\system32\RPCRT4.dll
0x00007fff4fcf0000 - 0x00007fff4fe46000 	C:\WINDOWS\system32\USER32.dll
0x00007fff51ec0000 - 0x00007fff52046000 	C:\WINDOWS\system32\GDI32.dll
0x00007fff46dd0000 - 0x00007fff47044000 	C:\WINDOWS\WinSxS\amd64_microsoft.windows.common-controls_6595b64144ccf1df_6.0.10586.672_none_a2d6b3cea53ff843\COMCTL32.dll
0x00007fff4f6f0000 - 0x00007fff4f96d000 	C:\WINDOWS\system32\combase.dll
0x00007fff4f1f0000 - 0x00007fff4f25a000 	C:\WINDOWS\system32\bcryptPrimitives.dll
0x00007fff4f500000 - 0x00007fff4f53b000 	C:\WINDOWS\system32\IMM32.DLL
0x0000000056390000 - 0x0000000056462000 	C:\Program Files\Android\Android Studio2\jre\jre\bin\msvcr100.dll
0x00000000558b0000 - 0x00000000560e4000 	C:\Program Files\Android\Android Studio2\jre\jre\bin\server\jvm.dll
0x00007fff50120000 - 0x00007fff50128000 	C:\WINDOWS\system32\PSAPI.DLL
0x00007fff407f0000 - 0x00007fff407f9000 	C:\WINDOWS\SYSTEM32\WSOCK32.dll
0x00007fff500b0000 - 0x00007fff5011b000 	C:\WINDOWS\system32\WS2_32.dll
0x00007fff4c8d0000 - 0x00007fff4c8f3000 	C:\WINDOWS\SYSTEM32\WINMM.dll
0x00007fff48210000 - 0x00007fff4821a000 	C:\WINDOWS\SYSTEM32\VERSION.dll
0x00007fff4c870000 - 0x00007fff4c89c000 	C:\WINDOWS\SYSTEM32\WINMMBASE.dll
0x00007fff4eb50000 - 0x00007fff4eb93000 	C:\WINDOWS\system32\cfgmgr32.dll
0x00007fff48360000 - 0x00007fff4836f000 	C:\Program Files\Android\Android Studio2\jre\jre\bin\verify.dll
0x00007fff405f0000 - 0x00007fff40619000 	C:\Program Files\Android\Android Studio2\jre\jre\bin\java.dll
0x00007fff48340000 - 0x00007fff48356000 	C:\Program Files\Android\Android Studio2\jre\jre\bin\zip.dll
0x00007fff50290000 - 0x00007fff517ec000 	C:\WINDOWS\system32\SHELL32.dll
0x00007fff4eba0000 - 0x00007fff4f1e5000 	C:\WINDOWS\system32\windows.storage.dll
0x00007fff51e00000 - 0x00007fff51e52000 	C:\WINDOWS\system32\shlwapi.dll
0x00007fff4e680000 - 0x00007fff4e68f000 	C:\WINDOWS\system32\kernel.appcore.dll
0x00007fff4e790000 - 0x00007fff4e845000 	C:\WINDOWS\system32\shcore.dll
0x00007fff4e690000 - 0x00007fff4e6db000 	C:\WINDOWS\system32\powrprof.dll
0x00007fff4e6e0000 - 0x00007fff4e6f4000 	C:\WINDOWS\system32\profapi.dll
0x00007fff3f930000 - 0x00007fff3f94a000 	C:\Program Files\Android\Android Studio2\jre\jre\bin\net.dll
0x00007fff4dfa0000 - 0x00007fff4dffc000 	C:\WINDOWS\system32\mswsock.dll
0x00007fff3f910000 - 0x00007fff3f921000 	C:\Program Files\Android\Android Studio2\jre\jre\bin\nio.dll
0x00007fff3bad0000 - 0x00007fff3bae2000 	C:\Users\doha_\.gradle\native\19\windows-amd64\native-platform.dll
0x00007fff4e050000 - 0x00007fff4e067000 	C:\WINDOWS\SYSTEM32\CRYPTSP.dll
0x00007fff4dce0000 - 0x00007fff4dd14000 	C:\WINDOWS\system32\rsaenh.dll
0x00007fff4e270000 - 0x00007fff4e299000 	C:\WINDOWS\SYSTEM32\bcrypt.dll
0x00007fff4de30000 - 0x00007fff4de4f000 	C:\WINDOWS\SYSTEM32\USERENV.dll
0x00007fff4e170000 - 0x00007fff4e17b000 	C:\WINDOWS\SYSTEM32\CRYPTBASE.dll
0x00007fff4b130000 - 0x00007fff4b168000 	C:\WINDOWS\SYSTEM32\IPHLPAPI.DLL
0x00007fff4fa50000 - 0x00007fff4fa58000 	C:\WINDOWS\system32\NSI.dll
0x00007fff480e0000 - 0x00007fff480f6000 	C:\WINDOWS\SYSTEM32\dhcpcsvc6.DLL
0x00007fff487f0000 - 0x00007fff4880a000 	C:\WINDOWS\SYSTEM32\dhcpcsvc.DLL
0x00007fff3ea50000 - 0x00007fff3ea5d000 	C:\Program Files\Android\Android Studio2\jre\jre\bin\management.dll

VM Arguments:
jvm_args: -Xmx1536m -Dfile.encoding=windows-1252 -Duser.country=US -Duser.language=en -Duser.variant 
java_command: org.gradle.launcher.daemon.bootstrap.GradleDaemon 2.14.1
java_class_path (initial): C:\Program Files\Android\Android Studio2\gradle\gradle-2.14.1\lib\gradle-launcher-2.14.1.jar
Launcher Type: SUN_STANDARD

Environment Variables:
PATH=C:\ProgramData\Oracle\Java\javapath;C:\Program Files (x86)\Intel\iCLS Client\;C:\Program Files\Intel\iCLS Client\;C:\WINDOWS\system32;C:\WINDOWS;C:\WINDOWS\System32\Wbem;C:\WINDOWS\System32\WindowsPowerShell\v1.0\;C:\Program Files (x86)\Intel\Intel(R) Management Engine Components\DAL;C:\Program Files\Intel\Intel(R) Management Engine Components\DAL;C:\Program Files (x86)\Intel\Intel(R) Management Engine Components\IPT;C:\Program Files\Intel\Intel(R) Management Engine Components\IPT;C:\Program Files (x86)\Microsoft SQL Server\Client SDK\ODBC\110\Tools\Binn\;C:\Program Files (x86)\Microsoft SQL Server\120\Tools\Binn\;C:\Program Files (x86)\Microsoft SQL Server\120\DTS\Binn\;C:\Program Files (x86)\Microsoft SQL Server\120\Tools\Binn\ManagementStudio\;C:\Program Files (x86)\NVIDIA Corporation\PhysX\Common;C:\Program Files\Microsoft\Web Platform Installer\;C:\Program Files (x86)\Microsoft ASP.NET\ASP.NET Web Pages\v1.0\;C:\Program Files (x86)\Windows Kits\8.0\Windows Performance Toolkit\;C:\Program Files\Microsoft SQL Server\110\Tools\Binn\;C:\WINDOWS\system32;C:\WINDOWS;C:\WINDOWS\System32\Wbem;C:\WINDOWS\System32\WindowsPowerShell\v1.0\;C:\Program Files\Anaconda3;C:\Program Files\Anaconda3\Scripts;C:\Program Files\Anaconda3\Library\bin;C:\Program Files (x86)\Skype\Phone\;C:\Program Files\OpenVPN\bin
USERNAME=doha_
OS=Windows_NT
PROCESSOR_IDENTIFIER=Intel64 Family 6 Model 69 Stepping 1, GenuineIntel



---------------  S Y S T E M  ---------------

OS: Windows 10.0 , 64 bit Build 10586 (10.0.10586.589)

CPU:total 4 (2 cores per cpu, 2 threads per core) family 6 model 69 stepping 1, cmov, cx8, fxsr, mmx, sse, sse2, sse3, ssse3, sse4.1, sse4.2, popcnt, avx, avx2, aes, clmul, erms, lzcnt, ht, tsc, tscinvbit, bmi1, bmi2

Memory: 4k page, physical 4095984k(687496k free), swap 5626196k(4316k free)

vm_info: OpenJDK 64-Bit Server VM (25.76-b03) for windows-amd64 JRE (1.8.0_76-release-b03), built on Jun 29 2016 19:09:20 by "ralucas" with MS VC++ 10.0 (VS2010)

time: Fri Apr 14 16:45:31 2017
elapsed time: 17 seconds (0d 0h 0m 17s)

