#
# There is insufficient memory for the Java Runtime Environment to continue.
# Native memory allocation (malloc) failed to allocate 1021776 bytes for Chunk::new
# Possible reasons:
#   The system is out of physical RAM or swap space
#   In 32 bit mode, the process size limit was hit
# Possible solutions:
#   Reduce memory load on the system
#   Increase physical memory or swap space
#   Check if swap backing store is full
#   Use 64 bit Java on a 64 bit OS
#   Decrease Java heap size (-Xmx/-Xms)
#   Decrease number of Java threads
#   Decrease Java thread stack sizes (-Xss)
#   Set larger code cache with -XX:ReservedCodeCacheSize=
# This output file may be truncated or incomplete.
#
#  Out of Memory Error (allocation.cpp:390), pid=7328, tid=0x0000000000000ecc
#
# JRE version: OpenJDK Runtime Environment (8.0_76-b03) (build 1.8.0_76-release-b03)
# Java VM: OpenJDK 64-Bit Server VM (25.76-b03 mixed mode windows-amd64 compressed oops)
# Failed to write core dump. Minidumps are not enabled by default on client versions of Windows
#

---------------  T H R E A D  ---------------

Current thread (0x0000000016789000):  JavaThread "C2 CompilerThread0" daemon [_thread_in_native, id=3788, stack(0x0000000017dc0000,0x0000000017ec0000)]

Stack: [0x0000000017dc0000,0x0000000017ec0000]
[error occurred during error reporting (printing stack bounds), id 0xc0000005]

Native frames: (J=compiled Java code, j=interpreted, Vv=VM code, C=native code)


Current CompileTask:
C2:   6485 1634       4       java.net.URLClassLoader$1::run (5 bytes)


---------------  P R O C E S S  ---------------

Java Threads: ( => current thread )
  0x000000001876a800 JavaThread "Stdin handler" [_thread_blocked, id=11796, stack(0x000000001ae00000,0x000000001af00000)]
  0x0000000019700800 JavaThread "Asynchronous log dispatcher for org.gradle.launcher.daemon.server.DefaultDaemonConnection@4c436429" [_thread_in_Java, id=10544, stack(0x000000001ad00000,0x000000001ae00000)]
  0x0000000019705800 JavaThread "Daemon worker" [_thread_in_vm, id=7308, stack(0x000000001aa00000,0x000000001ab00000)]
  0x000000001984e800 JavaThread "Cancel handler" [_thread_blocked, id=1888, stack(0x000000001a900000,0x000000001aa00000)]
  0x0000000019845000 JavaThread "Handler for socket connection from /127.0.0.1:52267 to /127.0.0.1:52268" [_thread_in_native, id=7256, stack(0x000000001a800000,0x000000001a900000)]
  0x0000000019861800 JavaThread "Daemon" [_thread_blocked, id=672, stack(0x000000001a700000,0x000000001a800000)]
  0x00000000191bf000 JavaThread "pool-1-thread-1" [_thread_blocked, id=2700, stack(0x000000001a600000,0x000000001a700000)]
  0x00000000195ca800 JavaThread "Incoming local TCP Connector on port 52267" [_thread_in_native, id=10336, stack(0x0000000018ec0000,0x0000000018fc0000)]
  0x00000000180c2800 JavaThread "Service Thread" daemon [_thread_blocked, id=10320, stack(0x00000000184c0000,0x00000000185c0000)]
  0x00000000167d1000 JavaThread "C1 CompilerThread2" daemon [_thread_blocked, id=7324, stack(0x0000000017fc0000,0x00000000180c0000)]
  0x0000000016778000 JavaThread "C2 CompilerThread1" daemon [_thread_blocked, id=11964, stack(0x0000000017ec0000,0x0000000017fc0000)]
=>0x0000000016789000 JavaThread "C2 CompilerThread0" daemon [_thread_in_native, id=3788, stack(0x0000000017dc0000,0x0000000017ec0000)]
  0x0000000016788000 JavaThread "Attach Listener" daemon [_thread_blocked, id=11984, stack(0x0000000017cc0000,0x0000000017dc0000)]
  0x0000000016786800 JavaThread "Signal Dispatcher" daemon [_thread_blocked, id=1920, stack(0x0000000017bc0000,0x0000000017cc0000)]
  0x0000000002e05800 JavaThread "Finalizer" daemon [_thread_blocked, id=2864, stack(0x00000000179e0000,0x0000000017ae0000)]
  0x0000000002e00800 JavaThread "Reference Handler" daemon [_thread_blocked, id=4052, stack(0x00000000178e0000,0x00000000179e0000)]
  0x0000000002d12800 JavaThread "main" [_thread_blocked, id=9280, stack(0x0000000002c10000,0x0000000002d10000)]

Other Threads:
  0x0000000016744800 VMThread [stack: 0x00000000177e0000,0x00000000178e0000] [id=2004]
  0x00000000180c4000 WatcherThread [stack: 0x00000000185c0000,0x00000000186c0000] [id=11616]

VM state:not at safepoint (normal execution)

VM Mutex/Monitor currently owned by a thread: None

Heap:
 PSYoungGen      total 35328K, used 23993K [0x00000000e0000000, 0x00000000e4500000, 0x0000000100000000)
  eden space 32768K, 65% used [0x00000000e0000000,0x00000000e14f6480,0x00000000e2000000)
  from space 2560K, 98% used [0x00000000e2000000,0x00000000e2278020,0x00000000e2280000)
  to   space 2560K, 0% used [0x00000000e4280000,0x00000000e4280000,0x00000000e4500000)
 ParOldGen       total 44032K, used 3910K [0x00000000a0000000, 0x00000000a2b00000, 0x00000000e0000000)
  object space 44032K, 8% used [0x00000000a0000000,0x00000000a03d1a20,0x00000000a2b00000)
 Metaspace       used 17284K, capacity 17722K, committed 17792K, reserved 1064960K
  class space    used 2264K, capacity 2399K, committed 2432K, reserved 1048576K

Card table byte_map: [0x00000000121d0000,0x00000000124e0000] byte_map_base: 0x0000000011cd0000

Marking Bits: (ParMarkBitMap*) 0x0000000056069d00
 Begin Bits: [0x0000000012ae0000, 0x00000000142e0000)
 End Bits:   [0x00000000142e0000, 0x0000000015ae0000)

Polling page: 0x0000000001400000

CodeCache: size=245760Kb used=5586Kb max_used=5597Kb free=240173Kb
 bounds [0x0000000002e10000, 0x0000000003390000, 0x0000000011e10000]
 total_blobs=2015 nmethods=1640 adapters=288
 compilation: enabled

Compilation events (10 events):
Event: 6.392 Thread 0x00000000167d1000 1637       3       org.gradle.internal.service.DefaultServiceRegistry$SingletonService::getFactory (20 bytes)
Event: 6.392 Thread 0x0000000016778000 1638       4       java.util.AbstractCollection::<init> (5 bytes)
Event: 6.392 Thread 0x00000000167d1000 nmethod 1637 0x000000000337f3d0 code [0x000000000337f560, 0x000000000337f8b8]
Event: 6.392 Thread 0x0000000016778000 nmethod 1638 0x000000000337f1d0 code [0x000000000337f300, 0x000000000337f358]
Event: 6.419 Thread 0x00000000167d1000 1639       3       org.gradle.internal.service.DefaultServiceRegistry$OwnServices::getService (274 bytes)
Event: 6.421 Thread 0x00000000167d1000 nmethod 1639 0x0000000003385090 code [0x00000000033854e0, 0x0000000003387cf8]
Event: 6.424 Thread 0x00000000167d1000 1640       3       org.gradle.internal.service.DefaultServiceRegistry$ClassSpec::hashCode (8 bytes)
Event: 6.425 Thread 0x00000000167d1000 nmethod 1640 0x0000000003384c50 code [0x0000000003384dc0, 0x0000000003384fc8]
Event: 6.462 Thread 0x0000000016778000 1641       4       java.util.regex.Pattern$Node::match (27 bytes)
Event: 6.463 Thread 0x0000000016778000 nmethod 1641 0x0000000003383490 code [0x00000000033835c0, 0x0000000003383678]

GC Heap History (6 events):
Event: 1.794 GC heap before
{Heap before GC invocations=1 (full 0):
 PSYoungGen      total 18944K, used 16384K [0x00000000e0000000, 0x00000000e1500000, 0x0000000100000000)
  eden space 16384K, 100% used [0x00000000e0000000,0x00000000e1000000,0x00000000e1000000)
  from space 2560K, 0% used [0x00000000e1280000,0x00000000e1280000,0x00000000e1500000)
  to   space 2560K, 0% used [0x00000000e1000000,0x00000000e1000000,0x00000000e1280000)
 ParOldGen       total 44032K, used 0K [0x00000000a0000000, 0x00000000a2b00000, 0x00000000e0000000)
  object space 44032K, 0% used [0x00000000a0000000,0x00000000a0000000,0x00000000a2b00000)
 Metaspace       used 5582K, capacity 6168K, committed 6400K, reserved 1056768K
  class space    used 701K, capacity 760K, committed 768K, reserved 1048576K
Event: 1.828 GC heap after
Heap after GC invocations=1 (full 0):
 PSYoungGen      total 18944K, used 2556K [0x00000000e0000000, 0x00000000e2500000, 0x0000000100000000)
  eden space 16384K, 0% used [0x00000000e0000000,0x00000000e0000000,0x00000000e1000000)
  from space 2560K, 99% used [0x00000000e1000000,0x00000000e127f070,0x00000000e1280000)
  to   space 2560K, 0% used [0x00000000e2280000,0x00000000e2280000,0x00000000e2500000)
 ParOldGen       total 44032K, used 485K [0x00000000a0000000, 0x00000000a2b00000, 0x00000000e0000000)
  object space 44032K, 1% used [0x00000000a0000000,0x00000000a0079480,0x00000000a2b00000)
 Metaspace       used 5582K, capacity 6168K, committed 6400K, reserved 1056768K
  class space    used 701K, capacity 760K, committed 768K, reserved 1048576K
}
Event: 2.787 GC heap before
{Heap before GC invocations=2 (full 0):
 PSYoungGen      total 18944K, used 18940K [0x00000000e0000000, 0x00000000e2500000, 0x0000000100000000)
  eden space 16384K, 100% used [0x00000000e0000000,0x00000000e1000000,0x00000000e1000000)
  from space 2560K, 99% used [0x00000000e1000000,0x00000000e127f070,0x00000000e1280000)
  to   space 2560K, 0% used [0x00000000e2280000,0x00000000e2280000,0x00000000e2500000)
 ParOldGen       total 44032K, used 485K [0x00000000a0000000, 0x00000000a2b00000, 0x00000000e0000000)
  object space 44032K, 1% used [0x00000000a0000000,0x00000000a0079480,0x00000000a2b00000)
 Metaspace       used 5882K, capacity 6416K, committed 6528K, reserved 1056768K
  class space    used 749K, capacity 800K, committed 896K, reserved 1048576K
Event: 2.802 GC heap after
Heap after GC invocations=2 (full 0):
 PSYoungGen      total 35328K, used 2076K [0x00000000e0000000, 0x00000000e2500000, 0x0000000100000000)
  eden space 32768K, 0% used [0x00000000e0000000,0x00000000e0000000,0x00000000e2000000)
  from space 2560K, 81% used [0x00000000e2280000,0x00000000e24872b0,0x00000000e2500000)
  to   space 2560K, 0% used [0x00000000e2000000,0x00000000e2000000,0x00000000e2280000)
 ParOldGen       total 44032K, used 493K [0x00000000a0000000, 0x00000000a2b00000, 0x00000000e0000000)
  object space 44032K, 1% used [0x00000000a0000000,0x00000000a007b480,0x00000000a2b00000)
 Metaspace       used 5882K, capacity 6416K, committed 6528K, reserved 1056768K
  class space    used 749K, capacity 800K, committed 896K, reserved 1048576K
}
Event: 5.595 GC heap before
{Heap before GC invocations=3 (full 0):
 PSYoungGen      total 35328K, used 34844K [0x00000000e0000000, 0x00000000e2500000, 0x0000000100000000)
  eden space 32768K, 100% used [0x00000000e0000000,0x00000000e2000000,0x00000000e2000000)
  from space 2560K, 81% used [0x00000000e2280000,0x00000000e24872b0,0x00000000e2500000)
  to   space 2560K, 0% used [0x00000000e2000000,0x00000000e2000000,0x00000000e2280000)
 ParOldGen       total 44032K, used 493K [0x00000000a0000000, 0x00000000a2b00000, 0x00000000e0000000)
  object space 44032K, 1% used [0x00000000a0000000,0x00000000a007b480,0x00000000a2b00000)
 Metaspace       used 12754K, capacity 13114K, committed 13440K, reserved 1060864K
  class space    used 1688K, capacity 1823K, committed 1920K, reserved 1048576K
Event: 5.624 GC heap after
Heap after GC invocations=3 (full 0):
 PSYoungGen      total 35328K, used 2528K [0x00000000e0000000, 0x00000000e4500000, 0x0000000100000000)
  eden space 32768K, 0% used [0x00000000e0000000,0x00000000e0000000,0x00000000e2000000)
  from space 2560K, 98% used [0x00000000e2000000,0x00000000e2278020,0x00000000e2280000)
  to   space 2560K, 0% used [0x00000000e4280000,0x00000000e4280000,0x00000000e4500000)
 ParOldGen       total 44032K, used 3910K [0x00000000a0000000, 0x00000000a2b00000, 0x00000000e0000000)
  object space 44032K, 8% used [0x00000000a0000000,0x00000000a03d1a20,0x00000000a2b00000)
 Metaspace       used 12754K, capacity 13114K, committed 13440K, reserved 1060864K
  class space    used 1688K, capacity 1823K, committed 1920K, reserved 1048576K
}

Deoptimization events (10 events):
Event: 3.596 Thread 0x0000000002d12800 Uncommon trap: reason=unstable_if action=reinterpret pc=0x0000000003125650 method=java.lang.String.substring(I)Ljava/lang/String; @ 35
Event: 5.150 Thread 0x0000000019705800 Uncommon trap: reason=bimorphic action=maybe_recompile pc=0x000000000310494c method=java.util.HashMap.putVal(ILjava/lang/Object;Ljava/lang/Object;ZZ)Ljava/lang/Object; @ 253
Event: 5.151 Thread 0x0000000019705800 Uncommon trap: reason=bimorphic action=maybe_recompile pc=0x000000000310494c method=java.util.HashMap.putVal(ILjava/lang/Object;Ljava/lang/Object;ZZ)Ljava/lang/Object; @ 253
Event: 5.151 Thread 0x0000000019705800 Uncommon trap: reason=bimorphic action=maybe_recompile pc=0x000000000308f670 method=java.util.HashMap.putVal(ILjava/lang/Object;Ljava/lang/Object;ZZ)Ljava/lang/Object; @ 91
Event: 5.768 Thread 0x0000000019705800 Uncommon trap: reason=class_check action=maybe_recompile pc=0x0000000003297750 method=java.io.BufferedInputStream.read([BII)I @ 101
Event: 5.770 Thread 0x0000000019705800 Uncommon trap: reason=class_check action=maybe_recompile pc=0x0000000003297750 method=java.io.BufferedInputStream.read([BII)I @ 101
Event: 5.771 Thread 0x0000000019705800 Uncommon trap: reason=class_check action=maybe_recompile pc=0x0000000003297750 method=java.io.BufferedInputStream.read([BII)I @ 101
Event: 5.772 Thread 0x0000000019705800 Uncommon trap: reason=class_check action=maybe_recompile pc=0x0000000003297750 method=java.io.BufferedInputStream.read([BII)I @ 101
Event: 6.461 Thread 0x0000000019705800 Uncommon trap: reason=class_check action=maybe_recompile pc=0x000000000306d29c method=java.util.regex.Matcher.match(II)Z @ 86
Event: 6.462 Thread 0x0000000019705800 Uncommon trap: reason=class_check action=maybe_recompile pc=0x000000000306d29c method=java.util.regex.Matcher.match(II)Z @ 86

Internal exceptions (10 events):
Event: 6.104 Thread 0x0000000019705800 Exception <a 'java/lang/ClassNotFoundException': groovy/lang/ExpandoMetaClassBeanInfo> (0x00000000e0bb60a8) thrown at [C:\src\android\AOSP-openjdk\external\jetbrains\jdk\hotspot\src\share\vm\classfile\systemDictionary.cpp, line 210]
Event: 6.104 Thread 0x0000000019705800 Exception <a 'java/lang/ClassNotFoundException': groovy/lang/MetaClassImplBeanInfo> (0x00000000e0bc0d40) thrown at [C:\src\android\AOSP-openjdk\external\jetbrains\jdk\hotspot\src\share\vm\classfile\systemDictionary.cpp, line 210]
Event: 6.104 Thread 0x0000000019705800 Exception <a 'java/lang/ClassNotFoundException': java/lang/ObjectBeanInfo> (0x00000000e0bc5cc8) thrown at [C:\src\android\AOSP-openjdk\external\jetbrains\jdk\hotspot\src\share\vm\classfile\systemDictionary.cpp, line 210]
Event: 6.105 Thread 0x0000000019705800 Exception <a 'java/lang/ClassNotFoundException': java/lang/ObjectCustomizer> (0x00000000e0bcad98) thrown at [C:\src\android\AOSP-openjdk\external\jetbrains\jdk\hotspot\src\share\vm\classfile\systemDictionary.cpp, line 210]
Event: 6.110 Thread 0x0000000019705800 Exception <a 'java/lang/ClassNotFoundException': groovy/lang/MetaClassImplCustomizer> (0x00000000e0bdd778) thrown at [C:\src\android\AOSP-openjdk\external\jetbrains\jdk\hotspot\src\share\vm\classfile\systemDictionary.cpp, line 210]
Event: 6.114 Thread 0x0000000019705800 Exception <a 'java/lang/ClassNotFoundException': groovy/lang/ExpandoMetaClassCustomizer> (0x00000000e0c114b0) thrown at [C:\src\android\AOSP-openjdk\external\jetbrains\jdk\hotspot\src\share\vm\classfile\systemDictionary.cpp, line 210]
Event: 6.146 Thread 0x0000000019705800 Exception <a 'java/lang/ClassNotFoundException': org/gradle/api/internal/plugins/DefaultExtraPropertiesExtensionBeanInfo> (0x00000000e0c90fd0) thrown at [C:\src\android\AOSP-openjdk\external\jetbrains\jdk\hotspot\src\share\vm\classfile\systemDictionary.cpp∂˙£≠Åï@
Event: 6.146 Thread 0x0000000019705800 Exception <a 'java/lang/ClassNotFoundException': groovy/lang/GroovyObjectSupportBeanInfo> (0x00000000e0c9ce08) thrown at [C:\src\android\AOSP-openjdk\external\jetbrains\jdk\hotspot\src\share\vm\classfile\systemDictionary.cpp, line 210]
Event: 6.146 Thread 0x0000000019705800 Exception <a 'java/lang/ClassNotFoundException': groovy/lang/GroovyObjectSupportCustomizer> (0x00000000e0ca8fc8) thrown at [C:\src\android\AOSP-openjdk\external\jetbrains\jdk\hotspot\src\share\vm\classfile\systemDictionary.cpp, line 210]
Event: 6.147 Thread 0x0000000019705800 Exception <a 'java/lang/ClassNotFoundException': org/gradle/api/internal/plugins/DefaultExtraPropertiesExtensionCustomizer> (0x00000000e0cbf3f8) thrown at [C:\src\android\AOSP-openjdk\external\jetbrains\jdk\hotspot\src\share\vm\classfile\systemDictionary.cö1g/j@

Events (10 events):
Event: 6.480 loading class org/gradle/cache/PersistentIndexedCacheParameters
Event: 6.480 loading class org/gradle/cache/PersistentIndexedCacheParameters done
Event: 6.480 loading class org/gradle/cache/internal/DefaultCacheAccess$3
Event: 6.480 loading class org/gradle/cache/internal/DefaultCacheAccess$3 done
Event: 6.481 loading class org/gradle/plugin/use/resolve/service/internal/PersistentCachingPluginResolutionServiceClient$ClientStatusKey$Serializer
Event: 6.481 loading class org/gradle/plugin/use/resolve/service/internal/PersistentCachingPluginResolutionServiceClient$ClientStatusKey$Serializer done
Event: 6.482 loading class org/gradle/plugin/use/resolve/service/internal/ClientStatus$Serializer
Event: 6.482 loading class org/gradle/plugin/use/resolve/service/internal/ClientStatus$Serializer done
Event: 6.482 loading class org/gradle/plugin/use/resolve/service/internal/InMemoryCachingPluginResolutionServiceClient
Event: 6.482 loading class org/gradle/plugin/use/resolve/service/internal/InMemoryCachingPluginResolutionServiceClient done


Dynamic libraries:
0x00007ff636780000 - 0x00007ff6367b1000 	C:\Program Files\Android\Android Studio2\jre\bin\java.exe
0x00007fff52050000 - 0x00007fff52211000 	C:\WINDOWS\SYSTEM32\ntdll.dll
0x00007fff51d50000 - 0x00007fff51dfd000 	C:\WINDOWS\system32\KERNEL32.DLL
0x00007fff4bbc0000 - 0x00007fff4bbf3000 	C:\Program Files\AVAST Software\Avast\x64\aswhooka.dll
0x00007fff4e960000 - 0x00007fff4eb48000 	C:\WINDOWS\system32\KERNELBASE.dll
0x00007fff4f450000 - 0x00007fff4f4f7000 	C:\WINDOWS\system32\ADVAPI32.dll
0x00007fff4fb30000 - 0x00007fff4fbcd000 	C:\WINDOWS\system32\msvcrt.dll
0x00007fff51c20000 - 0x00007fff51c7b000 	C:\WINDOWS\system32\sechost.dll
0x00007fff4fbd0000 - 0x00007fff4fcec000 	C:\WINDOWS\system32\RPCRT4.dll
0x00007fff4fcf0000 - 0x00007fff4fe46000 	C:\WINDOWS\system32\USER32.dll
0x00007fff51ec0000 - 0x00007fff52046000 	C:\WINDOWS\system32\GDI32.dll
0x00007fff46dd0000 - 0x00007fff47044000 	C:\WINDOWS\WinSxS\amd64_microsoft.windows.common-controls_6595b64144ccf1df_6.0.10586.672_none_a2d6b3cea53ff843\COMCTL32.dll
0x00007fff4f6f0000 - 0x00007fff4f96d000 	C:\WINDOWS\system32\combase.dll
0x00007fff4f1f0000 - 0x00007fff4f25a000 	C:\WINDOWS\system32\bcryptPrimitives.dll
0x00007fff4f500000 - 0x00007fff4f53b000 	C:\WINDOWS\system32\IMM32.DLL
0x00000000557d0000 - 0x00000000558a2000 	C:\Program Files\Android\Android Studio2\jre\jre\bin\msvcr100.dll
0x00000000558b0000 - 0x00000000560e4000 	C:\Program Files\Android\Android Studio2\jre\jre\bin\server\jvm.dll
0x00007fff50120000 - 0x00007fff50128000 	C:\WINDOWS\system32\PSAPI.DLL
0x00007fff407f0000 - 0x00007fff407f9000 	C:\WINDOWS\SYSTEM32\WSOCK32.dll
0x00007fff500b0000 - 0x00007fff5011b000 	C:\WINDOWS\system32\WS2_32.dll
0x00007fff4c8d0000 - 0x00007fff4c8f3000 	C:\WINDOWS\SYSTEM32\WINMM.dll
0x00007fff48210000 - 0x00007fff4821a000 	C:\WINDOWS\SYSTEM32\VERSION.dll
0x00007fff4c870000 - 0x00007fff4c89c000 	C:\WINDOWS\SYSTEM32\WINMMBASE.dll
0x00007fff4eb50000 - 0x00007fff4eb93000 	C:\WINDOWS\system32\cfgmgr32.dll
0x00007fff3da20000 - 0x00007fff3da2f000 	C:\Program Files\Android\Android Studio2\jre\jre\bin\verify.dll
0x00007fff2c890000 - 0x00007fff2c8b9000 	C:\Program Files\Android\Android Studio2\jre\jre\bin\java.dll
0x00007fff3bad0000 - 0x00007fff3bae6000 	C:\Program Files\Android\Android Studio2\jre\jre\bin\zip.dll
0x00007fff50290000 - 0x00007fff517ec000 	C:\WINDOWS\system32\SHELL32.dll
0x00007fff4eba0000 - 0x00007fff4f1e5000 	C:\WINDOWS\system32\windows.storage.dll
0x00007fff51e00000 - 0x00007fff51e52000 	C:\WINDOWS\system32\shlwapi.dll
0x00007fff4e680000 - 0x00007fff4e68f000 	C:\WINDOWS\system32\kernel.appcore.dll
0x00007fff4e790000 - 0x00007fff4e845000 	C:\WINDOWS\system32\shcore.dll
0x00007fff4e690000 - 0x00007fff4e6db000 	C:\WINDOWS\system32\powrprof.dll
0x00007fff4e6e0000 - 0x00007fff4e6f4000 	C:\WINDOWS\system32\profapi.dll
0x00007fff2c870000 - 0x00007fff2c88a000 	C:\Program Files\Android\Android Studio2\jre\jre\bin\net.dll
0x00007fff4dfa0000 - 0x00007fff4dffc000 	C:\WINDOWS\system32\mswsock.dll
0x00007fff2c1f0000 - 0x00007fff2c201000 	C:\Program Files\Android\Android Studio2\jre\jre\bin\nio.dll
0x00007fff2d6a0000 - 0x00007fff2d6b2000 	C:\Users\doha_\.gradle\native\19\windows-amd64\native-platform.dll
0x00007fff4e050000 - 0x00007fff4e067000 	C:\WINDOWS\SYSTEM32\CRYPTSP.dll
0x00007fff4dce0000 - 0x00007fff4dd14000 	C:\WINDOWS\system32\rsaenh.dll
0x00007fff4e270000 - 0x00007fff4e299000 	C:\WINDOWS\SYSTEM32\bcrypt.dll
0x00007fff4de30000 - 0x00007fff4de4f000 	C:\WINDOWS\SYSTEM32\USERENV.dll
0x00007fff4e170000 - 0x00007fff4e17b000 	C:\WINDOWS\SYSTEM32\CRYPTBASE.dll
0x00007fff4b130000 - 0x00007fff4b168000 	C:\WINDOWS\SYSTEM32\IPHLPAPI.DLL
0x00007fff4fa50000 - 0x00007fff4fa58000 	C:\WINDOWS\system32\NSI.dll
0x00007fff480e0000 - 0x00007fff480f6000 	C:\WINDOWS\SYSTEM32\dhcpcsvc6.DLL
0x00007fff487f0000 - 0x00007fff4880a000 	C:\WINDOWS\SYSTEM32\dhcpcsvc.DLL
0x00007fff3d9a0000 - 0x00007fff3d9ad000 	C:\Program Files\Android\Android Studio2\jre\jre\bin\management.dll

VM Arguments:
jvm_args: -Xmx1536m -Dfile.encoding=windows-1252 -Duser.country=US -Duser.language=en -Duser.variant 
java_command: org.gradle.launcher.daemon.bootstrap.GradleDaemon 2.14.1
java_class_path (initial): C:\Program Files\Android\Android Studio2\gradle\gradle-2.14.1\lib\gradle-launcher-2.14.1.jar
Launcher Type: SUN_STANDARD

Environment Variables:
PATH=C:\ProgramData\Oracle\Java\javapath;C:\Program Files (x86)\Intel\iCLS Client\;C:\Program Files\Intel\iCLS Client\;C:\WINDOWS\system32;C:\WINDOWS;C:\WINDOWS\System32\Wbem;C:\WINDOWS\System32\WindowsPowerShell\v1.0\;C:\Program Files (x86)\Intel\Intel(R) Management Engine Components\DAL;C:\Program Files\Intel\Intel(R) Management Engine Components\DAL;C:\Program Files (x86)\Intel\Intel(R) Management Engine Components\IPT;C:\Program Files\Intel\Intel(R) Management Engine Components\IPT;C:\Program Files (x86)\Microsoft SQL Server\Client SDK\ODBC\110\Tools\Binn\;C:\Program Files (x86)\Microsoft SQL Server\120\Tools\Binn\;C:\Program Files (x86)\Microsoft SQL Server\120\DTS\Binn\;C:\Program Files (x86)\Microsoft SQL Server\120\Tools\Binn\ManagementStudio\;C:\Program Files (x86)\NVIDIA Corporation\PhysX\Common;C:\Program Files\Microsoft\Web Platform Installer\;C:\Program Files (x86)\Microsoft ASP.NET\ASP.NET Web Pages\v1.0\;C:\Program Files (x86)\Windows Kits\8.0\Windows Performance Toolkit\;C:\Program Files\Microsoft SQL Server\110\Tools\Binn\;C:\WINDOWS\system32;C:\WINDOWS;C:\WINDOWS\System32\Wbem;C:\WINDOWS\System32\WindowsPowerShell\v1.0\;C:\Program Files\Anaconda3;C:\Program Files\Anaconda3\Scripts;C:\Program Files\Anaconda3\Library\bin;C:\Program Files (x86)\Skype\Phone\;C:\Program Files\OpenVPN\bin
USERNAME=doha_
OS=Windows_NT
PROCESSOR_IDENTIFIER=Intel64 Family 6 Model 69 Stepping 1, GenuineIntel



---------------  S Y S T E M  ---------------

OS: Windows 10.0 , 64 bit Build 10586 (10.0.10586.589)

CPU:total 4 (2 cores per cpu, 2 threads per core) family 6 model 69 stepping 1, cmov, cx8, fxsr, mmx, sse, sse2, sse3, ssse3, sse4.1, sse4.2, popcnt, avx, avx2, aes, clmul, erms, lzcnt, ht, tsc, tscinvbit, bmi1, bmi2

Memory: 4k page, physical 4095984k(706000k free), swap 5626220k(4160k free)

vm_info: OpenJDK 64-Bit Server VM (25.76-b03) for windows-amd64 JRE (1.8.0_76-release-b03), built on Jun 29 2016 19:09:20 by "ralucas" with MS VC++ 10.0 (VS2010)

time: Fri Apr 14 16:28:51 2017
elapsed time: 6 seconds (0d 0h 0m 6s)

