#
# There is insufficient memory for the Java Runtime Environment to continue.
# Native memory allocation (malloc) failed to allocate 2117936 bytes for Chunk::new
# Possible reasons:
#   The system is out of physical RAM or swap space
#   In 32 bit mode, the process size limit was hit
# Possible solutions:
#   Reduce memory load on the system
#   Increase physical memory or swap space
#   Check if swap backing store is full
#   Use 64 bit Java on a 64 bit OS
#   Decrease Java heap size (-Xmx/-Xms)
#   Decrease number of Java threads
#   Decrease Java thread stack sizes (-Xss)
#   Set larger code cache with -XX:ReservedCodeCacheSize=
# This output file may be truncated or incomplete.
#
#  Out of Memory Error (allocation.cpp:390), pid=5684, tid=0x0000000000002bc4
#
# JRE version: OpenJDK Runtime Environment (8.0_76-b03) (build 1.8.0_76-release-b03)
# Java VM: OpenJDK 64-Bit Server VM (25.76-b03 mixed mode windows-amd64 compressed oops)
# Failed to write core dump. Minidumps are not enabled by default on client versions of Windows
#

---------------  T H R E A D  ---------------

Current thread (0x00000000168d8000):  JavaThread "C2 CompilerThread1" daemon [_thread_in_native, id=11204, stack(0x0000000018030000,0x0000000018130000)]

Stack: [0x0000000018030000,0x0000000018130000]
[error occurred during error reporting (printing stack bounds), id 0xc0000005]

Native frames: (J=compiled Java code, j=interpreted, Vv=VM code, C=native code)


Current CompileTask:
C2: 142918 5145   !   4       com.sun.beans.TypeResolver::resolve (274 bytes)


---------------  P R O C E S S  ---------------

Java Threads: ( => current thread )
  0x0000000019cdc800 JavaThread "File lock request listener" [_thread_in_native, id=9532, stack(0x000000001ff30000,0x0000000020030000)]
  0x00000000198a8000 JavaThread "Asynchronous log dispatcher for org.gradle.launcher.daemon.server.DefaultDaemonConnection@657eb2d9" [_thread_blocked, id=6860, stack(0x000000001acc0000,0x000000001adc0000)]
  0x00000000189d1000 JavaThread "Daemon worker" [_thread_in_Java, id=5228, stack(0x000000001abc0000,0x000000001acc0000)]
  0x00000000183f3000 JavaThread "Cancel handler" [_thread_blocked, id=7644, stack(0x000000001aac0000,0x000000001abc0000)]
  0x00000000189cc000 JavaThread "Handler for socket connection from /127.0.0.1:51045 to /127.0.0.1:51046" [_thread_in_native, id=6584, stack(0x000000001a9c0000,0x000000001aac0000)]
  0x00000000189cb000 JavaThread "Daemon" [_thread_blocked, id=10548, stack(0x000000001a8c0000,0x000000001a9c0000)]
  0x0000000019246000 JavaThread "pool-1-thread-1" [_thread_blocked, id=2780, stack(0x000000001a7c0000,0x000000001a8c0000)]
  0x0000000019347800 JavaThread "Incoming local TCP Connector on port 51045" [_thread_in_native, id=10860, stack(0x000000001a3e0000,0x000000001a4e0000)]
  0x000000001824b800 JavaThread "Service Thread" daemon [_thread_blocked, id=8808, stack(0x0000000018630000,0x0000000018730000)]
  0x000000001692b000 JavaThread "C1 CompilerThread2" daemon [_thread_blocked, id=8224, stack(0x0000000018130000,0x0000000018230000)]
=>0x00000000168d8000 JavaThread "C2 CompilerThread1" daemon [_thread_in_native, id=11204, stack(0x0000000018030000,0x0000000018130000)]
  0x00000000168e8000 JavaThread "C2 CompilerThread0" daemon [_thread_in_native, id=7636, stack(0x0000000017f30000,0x0000000018030000)]
  0x00000000168e7000 JavaThread "Attach Listener" daemon [_thread_blocked, id=5044, stack(0x0000000017e30000,0x0000000017f30000)]
  0x00000000168e5800 JavaThread "Signal Dispatcher" daemon [_thread_blocked, id=6532, stack(0x0000000017d30000,0x0000000017e30000)]
  0x0000000002f6b800 JavaThread "Finalizer" daemon [_thread_blocked, id=8152, stack(0x0000000017b50000,0x0000000017c50000)]
  0x0000000002f60800 JavaThread "Reference Handler" daemon [_thread_blocked, id=5344, stack(0x0000000017a50000,0x0000000017b50000)]
  0x0000000002e72800 JavaThread "main" [_thread_blocked, id=2068, stack(0x0000000002d70000,0x0000000002e70000)]

Other Threads:
  0x00000000168a4800 VMThread [stack: 0x0000000017950000,0x0000000017a50000] [id=4792]
  0x000000001824d800 WatcherThread [stack: 0x0000000018730000,0x0000000018830000] [id=11216]

VM state:not at safepoint (normal execution)

VM Mutex/Monitor currently owned by a thread: None

Heap:
 PSYoungGen      total 61952K, used 10818K [0x00000000e0000000, 0x00000000e4500000, 0x0000000100000000)
  eden space 53248K, 3% used [0x00000000e0000000,0x00000000e0213c48,0x00000000e3400000)
  from space 8704K, 99% used [0x00000000e3400000,0x00000000e3c7cc90,0x00000000e3c80000)
  to   space 7680K, 0% used [0x00000000e3c80000,0x00000000e3c80000,0x00000000e4400000)
 ParOldGen       total 51712K, used 18660K [0x00000000a0000000, 0x00000000a3280000, 0x00000000e0000000)
  object space 51712K, 36% used [0x00000000a0000000,0x00000000a1239140,0x00000000a3280000)
 Metaspace       used 44915K, capacity 46012K, committed 46128K, reserved 1089536K
  class space    used 6056K, capacity 6332K, committed 6448K, reserved 1048576K

Card table byte_map: [0x0000000012330000,0x0000000012640000] byte_map_base: 0x0000000011e30000

Marking Bits: (ParMarkBitMap*) 0x0000000058459d00
 Begin Bits: [0x0000000012c40000, 0x0000000014440000)
 End Bits:   [0x0000000014440000, 0x0000000015c40000)

Polling page: 0x0000000002cd0000

CodeCache: size=245760Kb used=16311Kb max_used=16311Kb free=229449Kb
 bounds [0x0000000002f70000, 0x0000000003f80000, 0x0000000011f70000]
 total_blobs=5303 nmethods=4602 adapters=613
 compilation: enabled

Compilation events (10 events):
Event: 142.445 Thread 0x000000001692b000 5244       3       org.gradle.model.internal.core.ModelPredicate::<init> (5 bytes)
Event: 142.445 Thread 0x000000001692b000 nmethod 5244 0x0000000003f4fb90 code [0x0000000003f4fce0, 0x0000000003f4fe90]
Event: 142.456 Thread 0x000000001692b000 5245       3       java.lang.invoke.TypeConvertingMethodAdapter::cast (42 bytes)
Event: 142.457 Thread 0x000000001692b000 nmethod 5245 0x0000000003f4ff50 code [0x0000000003f50100, 0x0000000003f506a8]
Event: 142.465 Thread 0x000000001692b000 5247       3       java.lang.invoke.MemberName::checkForTypeAlias (180 bytes)
Event: 142.467 Thread 0x000000001692b000 nmethod 5247 0x0000000003f50c50 code [0x0000000003f51040, 0x0000000003f536d8]
Event: 142.468 Thread 0x000000001692b000 5248       3       jdk.internal.org.objectweb.asm.ClassWriter::toByteArray (1289 bytes)
Event: 142.474 Thread 0x000000001692b000 nmethod 5248 0x0000000003f54510 code [0x0000000003f54d20, 0x0000000003f58a98]
Event: 142.474 Thread 0x000000001692b000 5249       3       com.google.common.base.Joiner::toString (24 bytes)
Event: 142.474 Thread 0x000000001692b000 nmethod 5249 0x0000000003f5ae10 code [0x0000000003f5afc0, 0x0000000003f5b598]

GC Heap History (10 events):
Event: 97.145 GC heap before
{Heap before GC invocations=16 (full 1):
 PSYoungGen      total 55808K, used 50016K [0x00000000e0000000, 0x00000000e3e00000, 0x0000000100000000)
  eden space 49152K, 100% used [0x00000000e0000000,0x00000000e3000000,0x00000000e3000000)
  from space 6656K, 12% used [0x00000000e3780000,0x00000000e3858000,0x00000000e3e00000)
  to   space 7168K, 0% used [0x00000000e3000000,0x00000000e3000000,0x00000000e3700000)
 ParOldGen       total 32256K, used 11484K [0x00000000a0000000, 0x00000000a1f80000, 0x00000000e0000000)
  object space 32256K, 35% used [0x00000000a0000000,0x00000000a0b37208,0x00000000a1f80000)
 Metaspace       used 32821K, capacity 33640K, committed 33968K, reserved 1079296K
  class space    used 4428K, capacity 4659K, committed 4784K, reserved 1048576K
Event: 97.169 GC heap after
Heap after GC invocations=16 (full 1):
 PSYoungGen      total 53248K, used 5556K [0x00000000e0000000, 0x00000000e3d80000, 0x0000000100000000)
  eden space 47616K, 0% used [0x00000000e0000000,0x00000000e0000000,0x00000000e2e80000)
  from space 5632K, 98% used [0x00000000e3000000,0x00000000e356d008,0x00000000e3580000)
  to   space 7680K, 0% used [0x00000000e3600000,0x00000000e3600000,0x00000000e3d80000)
 ParOldGen       total 32256K, used 11868K [0x00000000a0000000, 0x00000000a1f80000, 0x00000000e0000000)
  object space 32256K, 36% used [0x00000000a0000000,0x00000000a0b97208,0x00000000a1f80000)
 Metaspace       used 32821K, capacity 33640K, committed 33968K, reserved 1079296K
  class space    used 4428K, capacity 4659K, committed 4784K, reserved 1048576K
}
Event: 100.537 GC heap before
{Heap before GC invocations=17 (full 1):
 PSYoungGen      total 53248K, used 43285K [0x00000000e0000000, 0x00000000e3d80000, 0x0000000100000000)
  eden space 47616K, 79% used [0x00000000e0000000,0x00000000e24d87e8,0x00000000e2e80000)
  from space 5632K, 98% used [0x00000000e3000000,0x00000000e356d008,0x00000000e3580000)
  to   space 7680K, 0% used [0x00000000e3600000,0x00000000e3600000,0x00000000e3d80000)
 ParOldGen       total 32256K, used 11868K [0x00000000a0000000, 0x00000000a1f80000, 0x00000000e0000000)
  object space 32256K, 36% used [0x00000000a0000000,0x00000000a0b97208,0x00000000a1f80000)
 Metaspace       used 34647K, capacity 35372K, committed 35496K, reserved 1079296K
  class space    used 4653K, capacity 4889K, committed 4912K, reserved 1048576K
Event: 100.557 GC heap after
Heap after GC invocations=17 (full 1):
 PSYoungGen      total 51200K, used 3090K [0x00000000e0000000, 0x00000000e3b00000, 0x0000000100000000)
  eden space 46080K, 0% used [0x00000000e0000000,0x00000000e0000000,0x00000000e2d00000)
  from space 5120K, 60% used [0x00000000e3600000,0x00000000e3904948,0x00000000e3b00000)
  to   space 7168K, 0% used [0x00000000e2d00000,0x00000000e2d00000,0x00000000e3400000)
 ParOldGen       total 32256K, used 13752K [0x00000000a0000000, 0x00000000a1f80000, 0x00000000e0000000)
  object space 32256K, 42% used [0x00000000a0000000,0x00000000a0d6e218,0x00000000a1f80000)
 Metaspace       used 34647K, capacity 35372K, committed 35496K, reserved 1079296K
  class space    used 4653K, capacity 4889K, committed 4912K, reserved 1048576K
}
Event: 100.557 GC heap before
{Heap before GC invocations=18 (full 2):
 PSYoungGen      total 51200K, used 3090K [0x00000000e0000000, 0x00000000e3b00000, 0x0000000100000000)
  eden space 46080K, 0% used [0x00000000e0000000,0x00000000e0000000,0x00000000e2d00000)
  from space 5120K, 60% used [0x00000000e3600000,0x00000000e3904948,0x00000000e3b00000)
  to   space 7168K, 0% used [0x00000000e2d00000,0x00000000e2d00000,0x00000000e3400000)
 ParOldGen       total 32256K, used 13752K [0x00000000a0000000, 0x00000000a1f80000, 0x00000000e0000000)
  object space 32256K, 42% used [0x00000000a0000000,0x00000000a0d6e218,0x00000000a1f80000)
 Metaspace       used 34647K, capacity 35372K, committed 35496K, reserved 1079296K
  class space    used 4653K, capacity 4889K, committed 4912K, reserved 1048576K
Event: 100.941 GC heap after
Heap after GC invocations=18 (full 2):
 PSYoungGen      total 51200K, used 0K [0x00000000e0000000, 0x00000000e3b00000, 0x0000000100000000)
  eden space 46080K, 0% used [0x00000000e0000000,0x00000000e0000000,0x00000000e2d00000)
  from space 5120K, 0% used [0x00000000e3600000,0x00000000e3600000,0x00000000e3b00000)
  to   space 7168K, 0% used [0x00000000e2d00000,0x00000000e2d00000,0x00000000e3400000)
 ParOldGen       total 51712K, used 15767K [0x00000000a0000000, 0x00000000a3280000, 0x00000000e0000000)
  object space 51712K, 30% used [0x00000000a0000000,0x00000000a0f65c28,0x00000000a3280000)
 Metaspace       used 34647K, capacity 35372K, committed 35496K, reserved 1079296K
  class space    used 4653K, capacity 4889K, committed 4912K, reserved 1048576K
}
Event: 106.809 GC heap before
{Heap before GC invocations=19 (full 2):
 PSYoungGen      total 51200K, used 46080K [0x00000000e0000000, 0x00000000e3b00000, 0x0000000100000000)
  eden space 46080K, 100% used [0x00000000e0000000,0x00000000e2d00000,0x00000000e2d00000)
  from space 5120K, 0% used [0x00000000e3600000,0x00000000e3600000,0x00000000e3b00000)
  to   space 7168K, 0% used [0x00000000e2d00000,0x00000000e2d00000,0x00000000e3400000)
 ParOldGen       total 51712K, used 15767K [0x00000000a0000000, 0x00000000a3280000, 0x00000000e0000000)
  object space 51712K, 30% used [0x00000000a0000000,0x00000000a0f65c28,0x00000000a3280000)
 Metaspace       used 36922K, capacity 37776K, committed 38064K, reserved 1081344K
  class space    used 4987K, capacity 5198K, committed 5296K, reserved 1048576K
Event: 106.855 GC heap after
Heap after GC invocations=19 (full 2):
 PSYoungGen      total 53248K, used 5772K [0x00000000e0000000, 0x00000000e4400000, 0x0000000100000000)
  eden space 46080K, 0% used [0x00000000e0000000,0x00000000e0000000,0x00000000e2d00000)
  from space 7168K, 80% used [0x00000000e2d00000,0x00000000e32a3368,0x00000000e3400000)
  to   space 7680K, 0% used [0x00000000e3c80000,0x00000000e3c80000,0x00000000e4400000)
 ParOldGen       total 51712K, used 15775K [0x00000000a0000000, 0x00000000a3280000, 0x00000000e0000000)
  object space 51712K, 30% used [0x00000000a0000000,0x00000000a0f67c28,0x00000000a3280000)
 Metaspace       used 36922K, capacity 37776K, committed 38064K, reserved 1081344K
  class space    used 4987K, capacity 5198K, committed 5296K, reserved 1048576K
}
Event: 135.426 GC heap before
{Heap before GC invocations=20 (full 2):
 PSYoungGen      total 53248K, used 51852K [0x00000000e0000000, 0x00000000e4400000, 0x0000000100000000)
  eden space 46080K, 100% used [0x00000000e0000000,0x00000000e2d00000,0x00000000e2d00000)
  from space 7168K, 80% used [0x00000000e2d00000,0x00000000e32a3368,0x00000000e3400000)
  to   space 7680K, 0% used [0x00000000e3c80000,0x00000000e3c80000,0x00000000e4400000)
 ParOldGen       total 51712K, used 15775K [0x00000000a0000000, 0x00000000a3280000, 0x00000000e0000000)
  object space 51712K, 30% used [0x00000000a0000000,0x00000000a0f67c28,0x00000000a3280000)
 Metaspace       used 41703K, capacity 42632K, committed 42928K, reserved 1087488K
  class space    used 5581K, capacity 5802K, committed 5808K, reserved 1048576K
Event: 135.456 GC heap after
Heap after GC invocations=20 (full 2):
 PSYoungGen      total 60928K, used 6628K [0x00000000e0000000, 0x00000000e4500000, 0x0000000100000000)
  eden space 53248K, 0% used [0x00000000e0000000,0x00000000e0000000,0x00000000e3400000)
  from space 7680K, 86% used [0x00000000e3c80000,0x00000000e42f91c0,0x00000000e4400000)
  to   space 8704K, 0% used [0x00000000e3400000,0x00000000e3400000,0x00000000e3c80000)
 ParOldGen       total 51712K, used 15783K [0x00000000a0000000, 0x00000000a3280000, 0x00000000e0000000)
  object space 51712K, 30% used [0x00000000a0000000,0x00000000a0f69c28,0x00000000a3280000)
 Metaspace       used 41703K, capacity 42632K, committed 42928K, reserved 1087488K
  class space    used 5581K, capacity 5802K, committed 5808K, reserved 1048576K
}

Deoptimization events (10 events):
Event: 140.163 Thread 0x00000000189d1000 Uncommon trap: reason=class_check action=maybe_recompile pc=0x00000000039677e4 method=org.apache.xerces.impl.XMLDocumentFragmentScannerImpl.scanContent()I @ 82
Event: 140.163 Thread 0x00000000189d1000 Uncommon trap: reason=class_check action=maybe_recompile pc=0x00000000039677e4 method=org.apache.xerces.impl.XMLDocumentFragmentScannerImpl.scanContent()I @ 82
Event: 140.329 Thread 0x00000000189d1000 Uncommon trap: reason=array_check action=maybe_recompile pc=0x000000000326b15c method=java.util.AbstractCollection.toArray([Ljava/lang/Object;)[Ljava/lang/Object; @ 119
Event: 140.329 Thread 0x00000000189d1000 Uncommon trap: reason=array_check action=maybe_recompile pc=0x000000000326b15c method=java.util.AbstractCollection.toArray([Ljava/lang/Object;)[Ljava/lang/Object; @ 119
Event: 140.330 Thread 0x00000000189d1000 Uncommon trap: reason=array_check action=maybe_recompile pc=0x000000000326b15c method=java.util.AbstractCollection.toArray([Ljava/lang/Object;)[Ljava/lang/Object; @ 119
Event: 140.330 Thread 0x00000000189d1000 Uncommon trap: reason=array_check action=maybe_recompile pc=0x000000000326b15c method=java.util.AbstractCollection.toArray([Ljava/lang/Object;)[Ljava/lang/Object; @ 119
Event: 142.319 Thread 0x00000000189d1000 Uncommon trap: reason=class_check action=maybe_recompile pc=0x0000000003e57c14 method=java.util.stream.ReferencePipeline$3$1.accept(Ljava/lang/Object;)V @ 12
Event: 142.350 Thread 0x00000000189d1000 Uncommon trap: reason=class_check action=maybe_recompile pc=0x0000000003e57c14 method=java.util.stream.ReferencePipeline$3$1.accept(Ljava/lang/Object;)V @ 12
Event: 142.350 Thread 0x00000000189d1000 Uncommon trap: reason=class_check action=maybe_recompile pc=0x0000000003e57c14 method=java.util.stream.ReferencePipeline$3$1.accept(Ljava/lang/Object;)V @ 12
Event: 142.350 Thread 0x00000000189d1000 Uncommon trap: reason=class_check action=maybe_recompile pc=0x0000000003e57c14 method=java.util.stream.ReferencePipeline$3$1.accept(Ljava/lang/Object;)V @ 12

Internal exceptions (10 events):
Event: 142.048 Thread 0x00000000189d1000 Exception <a 'java/lang/ClassNotFoundException': com/android/build/gradle/tasks/GenerateBuildConfigCustomizer> (0x00000000e20dd6e8) thrown at [C:\src\android\AOSP-openjdk\external\jetbrains\jdk\hotspot\src\share\vm\classfile\systemDictionary.cpp, line 210]Ø6ˆ™ö¡a@
Event: 142.050 Thread 0x00000000189d1000 Exception <a 'java/lang/ClassNotFoundException': com/android/build/gradle/tasks/GenerateBuildConfig_DecoratedCustomizer> (0x00000000e2120408) thrown at [C:\src\android\AOSP-openjdk\external\jetbrains\jdk\hotspot\src\share\vm\classfile\systemDictionary.cpp,`É‘áçƒa@
Event: 142.142 Thread 0x00000000189d1000 Exception <a 'java/lang/ClassNotFoundException': com/android/build/gradle/tasks/ProcessAndroidResources_DecoratedBeanInfo> (0x00000000e2311fb8) thrown at [C:\src\android\AOSP-openjdk\external\jetbrains\jdk\hotspot\src\share\vm\classfile\systemDictionary.cp&≈∂bîƒa@
Event: 142.143 Thread 0x00000000189d1000 Exception <a 'java/lang/ClassNotFoundException': com/android/build/gradle/tasks/ProcessAndroidResourcesBeanInfo> (0x00000000e2323e38) thrown at [C:\src\android\AOSP-openjdk\external\jetbrains\jdk\hotspot\src\share\vm\classfile\systemDictionary.cpp, line 21Áô0◊¥ƒa@
Event: 142.147 Thread 0x00000000189d1000 Exception <a 'java/lang/ClassNotFoundException': com/android/build/gradle/tasks/ProcessAndroidResourcesCustomizer> (0x00000000e23362d8) thrown at [C:\src\android\AOSP-openjdk\external\jetbrains\jdk\hotspot\src\share\vm\classfile\systemDictionary.cpp, line —~f‘ƒa@
Event: 142.151 Thread 0x00000000189d1000 Exception <a 'java/lang/ClassNotFoundException': com/android/build/gradle/tasks/ProcessAndroidResources_DecoratedCustomizer> (0x00000000e239b188) thrown at [C:\src\android\AOSP-openjdk\external\jetbrains\jdk\hotspot\src\share\vm\classfile\systemDictionary.
Event: 142.451 Thread 0x00000000189d1000 Exception <a 'java/lang/ClassNotFoundException': com/android/build/gradle/tasks/AidlCompile_DecoratedBeanInfo> (0x00000000e27cc028) thrown at [C:\src\android\AOSP-openjdk\external\jetbrains\jdk\hotspot\src\share\vm\classfile\systemDictionary.cpp, line 210]:>©RoŒa@
Event: 142.451 Thread 0x00000000189d1000 Exception <a 'java/lang/ClassNotFoundException': com/android/build/gradle/tasks/AidlCompileBeanInfo> (0x00000000e27db8c0) thrown at [C:\src\android\AOSP-openjdk\external\jetbrains\jdk\hotspot\src\share\vm\classfile\systemDictionary.cpp, line 210]
Event: 142.452 Thread 0x00000000189d1000 Exception <a 'java/lang/ClassNotFoundException': com/android/build/gradle/tasks/AidlCompileCustomizer> (0x00000000e27eb9b8) thrown at [C:\src\android\AOSP-openjdk\external\jetbrains\jdk\hotspot\src\share\vm\classfile\systemDictionary.cpp, line 210]
Event: 142.453 Thread 0x00000000189d1000 Exception <a 'java/lang/ClassNotFoundException': com/android/build/gradle/tasks/AidlCompile_DecoratedCustomizer> (0x00000000e2820ea8) thrown at [C:\src\android\AOSP-openjdk\external\jetbrains\jdk\hotspot\src\share\vm\classfile\systemDictionary.cpp, line 21ró=Øà¡a@

Events (10 events):
Event: 142.456 loading class com/android/builder/core/VariantConfiguration
Event: 142.456 loading class com/android/builder/core/VariantConfiguration done
Event: 142.457 loading class com/android/build/gradle/tasks/MergeSourceSetFolders$MergeShaderSourceFoldersConfigAction
Event: 142.457 loading class com/android/build/gradle/tasks/MergeSourceSetFolders$MergeShaderSourceFoldersConfigAction done
Event: 142.465 loading class com/android/build/gradle/internal/core/GradleVariantConfiguration
Event: 142.465 loading class com/android/build/gradle/internal/core/GradleVariantConfiguration done
Event: 142.465 loading class com/android/build/gradle/tasks/ShaderCompile$ConfigAction
Event: 142.465 loading class com/android/build/gradle/tasks/ShaderCompile$ConfigAction done
Event: 142.470 loading class com/android/build/gradle/tasks/ShaderCompile
Event: 142.470 loading class com/android/build/gradle/tasks/ShaderCompile done


Dynamic libraries:
0x00007ff678080000 - 0x00007ff6780b1000 	C:\Program Files\Android\Android Studio2\jre\bin\java.exe
0x00007ffc09af0000 - 0x00007ffc09cb1000 	C:\WINDOWS\SYSTEM32\ntdll.dll
0x00007ffc09550000 - 0x00007ffc095fd000 	C:\WINDOWS\system32\KERNEL32.DLL
0x00007ffbf27d0000 - 0x00007ffbf2803000 	C:\Program Files\AVAST Software\Avast\x64\aswhooka.dll
0x00007ffc063b0000 - 0x00007ffc06598000 	C:\WINDOWS\system32\KERNELBASE.dll
0x00007ffc094a0000 - 0x00007ffc09547000 	C:\WINDOWS\system32\ADVAPI32.dll
0x00007ffc096e0000 - 0x00007ffc0977d000 	C:\WINDOWS\system32\msvcrt.dll
0x00007ffc074d0000 - 0x00007ffc0752b000 	C:\WINDOWS\system32\sechost.dll
0x00007ffc09780000 - 0x00007ffc0989c000 	C:\WINDOWS\system32\RPCRT4.dll
0x00007ffc079e0000 - 0x00007ffc07b36000 	C:\WINDOWS\system32\USER32.dll
0x00007ffc098c0000 - 0x00007ffc09a46000 	C:\WINDOWS\system32\GDI32.dll
0x00007ffbfd870000 - 0x00007ffbfdae4000 	C:\WINDOWS\WinSxS\amd64_microsoft.windows.common-controls_6595b64144ccf1df_6.0.10586.672_none_a2d6b3cea53ff843\COMCTL32.dll
0x00007ffc07c50000 - 0x00007ffc07ecd000 	C:\WINDOWS\system32\combase.dll
0x00007ffc06bf0000 - 0x00007ffc06c5a000 	C:\WINDOWS\system32\bcryptPrimitives.dll
0x00007ffc09ab0000 - 0x00007ffc09aeb000 	C:\WINDOWS\system32\IMM32.DLL
0x0000000057b10000 - 0x0000000057be2000 	C:\Program Files\Android\Android Studio2\jre\jre\bin\msvcr100.dll
0x0000000057ca0000 - 0x00000000584d4000 	C:\Program Files\Android\Android Studio2\jre\jre\bin\server\jvm.dll
0x00007ffc07700000 - 0x00007ffc07708000 	C:\WINDOWS\system32\PSAPI.DLL
0x00007ffbf5760000 - 0x00007ffbf5769000 	C:\WINDOWS\SYSTEM32\WSOCK32.dll
0x00007ffc07ed0000 - 0x00007ffc07f3b000 	C:\WINDOWS\system32\WS2_32.dll
0x00007ffc04810000 - 0x00007ffc04833000 	C:\WINDOWS\SYSTEM32\WINMM.dll
0x00007ffbfe120000 - 0x00007ffbfe12a000 	C:\WINDOWS\SYSTEM32\VERSION.dll
0x00007ffc04560000 - 0x00007ffc0458c000 	C:\WINDOWS\SYSTEM32\WINMMBASE.dll
0x00007ffc061c0000 - 0x00007ffc06203000 	C:\WINDOWS\system32\cfgmgr32.dll
0x00007ffbfd720000 - 0x00007ffbfd72f000 	C:\Program Files\Android\Android Studio2\jre\jre\bin\verify.dll
0x00007ffbe4d70000 - 0x00007ffbe4d99000 	C:\Program Files\Android\Android Studio2\jre\jre\bin\java.dll
0x00007ffbe4d50000 - 0x00007ffbe4d66000 	C:\Program Files\Android\Android Studio2\jre\jre\bin\zip.dll
0x00007ffc07f40000 - 0x00007ffc0949c000 	C:\WINDOWS\system32\SHELL32.dll
0x00007ffc065a0000 - 0x00007ffc06be5000 	C:\WINDOWS\system32\windows.storage.dll
0x00007ffc07540000 - 0x00007ffc07592000 	C:\WINDOWS\system32\shlwapi.dll
0x00007ffc06190000 - 0x00007ffc0619f000 	C:\WINDOWS\system32\kernel.appcore.dll
0x00007ffc06e30000 - 0x00007ffc06ee5000 	C:\WINDOWS\system32\shcore.dll
0x00007ffc06140000 - 0x00007ffc0618b000 	C:\WINDOWS\system32\powrprof.dll
0x00007ffc06120000 - 0x00007ffc06134000 	C:\WINDOWS\system32\profapi.dll
0x00007ffbe1630000 - 0x00007ffbe164a000 	C:\Program Files\Android\Android Studio2\jre\jre\bin\net.dll
0x00007ffc05a40000 - 0x00007ffc05a9c000 	C:\WINDOWS\system32\mswsock.dll
0x00007ffbe0d80000 - 0x00007ffbe0d91000 	C:\Program Files\Android\Android Studio2\jre\jre\bin\nio.dll
0x00007ffbe8d50000 - 0x00007ffbe8d62000 	C:\Users\doha_\.gradle\native\19\windows-amd64\native-platform.dll
0x00007ffc05af0000 - 0x00007ffc05b07000 	C:\WINDOWS\SYSTEM32\CRYPTSP.dll
0x00007ffc05780000 - 0x00007ffc057b4000 	C:\WINDOWS\system32\rsaenh.dll
0x00007ffc05d10000 - 0x00007ffc05d39000 	C:\WINDOWS\SYSTEM32\bcrypt.dll
0x00007ffc058d0000 - 0x00007ffc058ef000 	C:\WINDOWS\SYSTEM32\USERENV.dll
0x00007ffc05c10000 - 0x00007ffc05c1b000 	C:\WINDOWS\SYSTEM32\CRYPTBASE.dll
0x00007ffc02a50000 - 0x00007ffc02a88000 	C:\WINDOWS\SYSTEM32\IPHLPAPI.DLL
0x00007ffc096d0000 - 0x00007ffc096d8000 	C:\WINDOWS\system32\NSI.dll
0x00007ffbfe660000 - 0x00007ffbfe676000 	C:\WINDOWS\SYSTEM32\dhcpcsvc6.DLL
0x00007ffc008f0000 - 0x00007ffc0090a000 	C:\WINDOWS\SYSTEM32\dhcpcsvc.DLL
0x00007ffbf9570000 - 0x00007ffbf957d000 	C:\Program Files\Android\Android Studio2\jre\jre\bin\management.dll

VM Arguments:
jvm_args: -Xmx1536m -Dfile.encoding=windows-1252 -Duser.country=US -Duser.language=en -Duser.variant 
java_command: org.gradle.launcher.daemon.bootstrap.GradleDaemon 2.14.1
java_class_path (initial): C:\Program Files\Android\Android Studio2\gradle\gradle-2.14.1\lib\gradle-launcher-2.14.1.jar
Launcher Type: SUN_STANDARD

Environment Variables:
PATH=C:\ProgramData\Oracle\Java\javapath;C:\Program Files (x86)\Intel\iCLS Client\;C:\Program Files\Intel\iCLS Client\;C:\WINDOWS\system32;C:\WINDOWS;C:\WINDOWS\System32\Wbem;C:\WINDOWS\System32\WindowsPowerShell\v1.0\;C:\Program Files (x86)\Intel\Intel(R) Management Engine Components\DAL;C:\Program Files\Intel\Intel(R) Management Engine Components\DAL;C:\Program Files (x86)\Intel\Intel(R) Management Engine Components\IPT;C:\Program Files\Intel\Intel(R) Management Engine Components\IPT;C:\Program Files (x86)\Microsoft SQL Server\Client SDK\ODBC\110\Tools\Binn\;C:\Program Files (x86)\Microsoft SQL Server\120\Tools\Binn\;C:\Program Files (x86)\Microsoft SQL Server\120\DTS\Binn\;C:\Program Files (x86)\Microsoft SQL Server\120\Tools\Binn\ManagementStudio\;C:\Program Files (x86)\NVIDIA Corporation\PhysX\Common;C:\Program Files\Microsoft\Web Platform Installer\;C:\Program Files (x86)\Microsoft ASP.NET\ASP.NET Web Pages\v1.0\;C:\Program Files (x86)\Windows Kits\8.0\Windows Performance Toolkit\;C:\Program Files\Microsoft SQL Server\110\Tools\Binn\;C:\WINDOWS\system32;C:\WINDOWS;C:\WINDOWS\System32\Wbem;C:\WINDOWS\System32\WindowsPowerShell\v1.0\;C:\Program Files\Anaconda3;C:\Program Files\Anaconda3\Scripts;C:\Program Files\Anaconda3\Library\bin;C:\Program Files (x86)\Skype\Phone\;C:\Program Files\OpenVPN\bin
USERNAME=doha_
OS=Windows_NT
PROCESSOR_IDENTIFIER=Intel64 Family 6 Model 69 Stepping 1, GenuineIntel



---------------  S Y S T E M  ---------------

OS: Windows 10.0 , 64 bit Build 10586 (10.0.10586.589)

CPU:total 4 (2 cores per cpu, 2 threads per core) family 6 model 69 stepping 1, cmov, cx8, fxsr, mmx, sse, sse2, sse3, ssse3, sse4.1, sse4.2, popcnt, avx, avx2, aes, clmul, erms, lzcnt, ht, tsc, tscinvbit, bmi1, bmi2

Memory: 4k page, physical 4095984k(371724k free), swap 5573776k(8440k free)

vm_info: OpenJDK 64-Bit Server VM (25.76-b03) for windows-amd64 JRE (1.8.0_76-release-b03), built on Jun 29 2016 19:09:20 by "ralucas" with MS VC++ 10.0 (VS2010)

time: Sat Apr 08 11:21:30 2017
elapsed time: 142 seconds (0d 0h 2m 22s)

