JvmtiExport can_access_local_variables 0
JvmtiExport can_hotswap_or_post_breakpoint 0
JvmtiExport can_post_on_exceptions 0
# 531 ciObject found
ciMethod java/lang/Object <init> ()V 4097 1 1333578 0 0
ciMethod java/lang/Object getClass ()Ljava/lang/Class; 2049 1 256 0 -1
ciMethod java/lang/Object hashCode ()I 2049 1 256 0 -1
ciMethod java/lang/Object equals (Ljava/lang/Object;)Z 1409 1 58278 0 64
ciMethod java/lang/String <init> ([CII)V 4097 1 5669 0 -1
ciMethod java/lang/String length ()I 4097 1 655844 0 -1
ciMethod java/lang/String getChars (II[CI)V 4097 1 5644 0 -1
ciMethod java/lang/String equals (Ljava/lang/Object;)Z 24945 109345 5166 0 -1
ciMethod java/lang/String endsWith (Ljava/lang/String;)Z 2345 1 31348 0 -1
ciMethod java/lang/String hashCode ()I 2673 32769 1009 0 288
ciMethod java/lang/String toCharArray ()[C 2049 1 27421 0 256
ciMethod java/lang/Class isInstance (Ljava/lang/Object;)Z 3073 1 384 0 -1
ciMethod java/lang/Class isAnnotation ()Z 2049 1 1618 0 -1
ciMethod java/lang/Class getName ()Ljava/lang/String; 817 1 66494 0 -1
ciMethod java/lang/Class getComponentType ()Ljava/lang/Class; 3081 1 385 0 -1
ciMethod java/lang/Class getConstantPool ()Lsun/reflect/ConstantPool; 3081 1 385 0 -1
ciMethod java/lang/Class isEnum ()Z 625 1 244 0 -1
ciMethod java/lang/Class casAnnotationType (Lsun/reflect/annotation/AnnotationType;Lsun/reflect/annotation/AnnotationType;)Z 129 1 54 0 -1
ciMethod java/lang/Class getAnnotationType ()Lsun/reflect/annotation/AnnotationType; 1025 1 128 0 0
ciMethod java/lang/System arraycopy (Ljava/lang/Object;ILjava/lang/Object;II)V 5121 1 640 0 -1
ciMethod java/util/Map size ()I 0 0 1 0 -1
ciMethod java/util/Map containsKey (Ljava/lang/Object;)Z 0 0 1 0 -1
ciMethod java/util/Map get (Ljava/lang/Object;)Ljava/lang/Object; 0 0 1 0 -1
ciMethod java/util/Map put (Ljava/lang/Object;Ljava/lang/Object;)Ljava/lang/Object; 0 0 1 0 -1
ciMethod java/util/Map entrySet ()Ljava/util/Set; 0 0 1 0 -1
ciMethod java/lang/reflect/Field getDeclaringClass ()Ljava/lang/Class; 1025 1 128 0 0
ciMethod java/lang/reflect/Field declaredAnnotations ()Ljava/util/Map; 473 1 5221 0 0
ciMethod java/lang/reflect/Method getName ()Ljava/lang/String; 1025 1 128 0 -1
ciMethod java/lang/reflect/Method getReturnType ()Ljava/lang/Class; 1065 1 133 0 -1
ciMethod java/lang/reflect/Method getParameterTypes ()[Ljava/lang/Class; 2057 1 78058 0 -1
ciMethod java/lang/reflect/Method getDefaultValue ()Ljava/lang/Object; 329 1 41 0 -1
ciMethod sun/reflect/ConstantPool getClassAt (I)Ljava/lang/Class; 0 0 1 0 0
ciMethod sun/reflect/ConstantPool getIntAt (I)I 321 1 40 0 -1
ciMethod sun/reflect/ConstantPool getLongAt (I)J 0 0 1 0 -1
ciMethod sun/reflect/ConstantPool getFloatAt (I)F 0 0 1 0 -1
ciMethod sun/reflect/ConstantPool getDoubleAt (I)D 0 0 1 0 -1
ciMethod sun/reflect/ConstantPool getUTF8At (I)Ljava/lang/String; 2097 1 2170 0 0
ciMethod sun/reflect/ConstantPool getClassAt0 (Ljava/lang/Object;I)Ljava/lang/Class; 0 0 1 0 -1
ciMethod sun/reflect/ConstantPool getUTF8At0 (Ljava/lang/Object;I)Ljava/lang/String; 2049 1 256 0 -1
ciMethod java/lang/annotation/Annotation annotationType ()Ljava/lang/Class; 0 0 1 0 -1
ciMethod java/lang/AbstractStringBuilder ensureCapacityInternal (I)V 4097 1 590458 0 -1
ciMethod java/lang/AbstractStringBuilder expandCapacity (I)V 1945 1 7417 0 -1
ciMethod java/lang/AbstractStringBuilder append (Ljava/lang/String;)Ljava/lang/AbstractStringBuilder; 4097 1 10970 0 -1
ciMethod java/lang/AbstractStringBuilder appendNull ()Ljava/lang/AbstractStringBuilder; 1 1 703 0 -1
ciMethod java/lang/StringBuilder <init> ()V 1561 1 130403 0 -1
ciMethod java/lang/StringBuilder <init> (Ljava/lang/String;)V 2049 1 12958 0 -1
ciMethod java/lang/StringBuilder append (Ljava/lang/String;)Ljava/lang/StringBuilder; 3377 1 315426 0 -1
ciMethod java/lang/StringBuilder toString ()Ljava/lang/String; 1737 1 130960 0 -1
ciMethod java/nio/Buffer <init> (IIII)V 1049 1 6275 0 384
ciMethod java/nio/Buffer position (I)Ljava/nio/Buffer; 2081 1 5444 0 128
ciMethod java/nio/Buffer limit (I)Ljava/nio/Buffer; 2065 1 5378 0 160
ciMethod java/nio/Buffer nextGetIndex ()I 1 1 1060 0 0
ciMethod java/nio/Buffer nextGetIndex (I)I 2049 1 4893 0 0
ciMethod java/lang/Boolean valueOf (Z)Ljava/lang/Boolean; 73 1 17763 0 -1
ciMethod java/lang/Character valueOf (C)Ljava/lang/Character; 129 1 19 0 -1
ciMethod java/lang/Float valueOf (F)Ljava/lang/Float; 25 1 3 0 -1
ciMethod java/lang/Double valueOf (D)Ljava/lang/Double; 49 1 6 0 -1
ciMethod java/lang/Byte valueOf (B)Ljava/lang/Byte; 1 1 398 0 -1
ciMethod java/lang/Short valueOf (S)Ljava/lang/Short; 193 1 24 0 -1
ciMethod java/lang/Integer valueOf (I)Ljava/lang/Integer; 409 1 10197 0 -1
ciMethod java/lang/Long valueOf (J)Ljava/lang/Long; 3121 1 5285 0 -1
ciMethod java/security/AccessController doPrivileged (Ljava/security/PrivilegedAction;)Ljava/lang/Object; 2049 1 256 0 -1
ciMethod java/util/List isEmpty ()Z 0 0 1 0 -1
ciMethod java/util/List iterator ()Ljava/util/Iterator; 0 0 1 0 -1
ciMethod java/util/AbstractCollection <init> ()V 417 1 160456 0 32
ciMethod java/util/Collections emptyMap ()Ljava/util/Map; 2089 1 3986 0 0
ciMethod java/util/Set iterator ()Ljava/util/Iterator; 0 0 1 0 -1
ciMethod java/util/AbstractSet <init> ()V 65 1 52581 0 32
ciMethod java/util/AbstractMap <init> ()V 465 1 40384 0 32
ciMethod sun/misc/SharedSecrets getJavaLangAccess ()Lsun/misc/JavaLangAccess; 1945 1 6999 0 0
ciMethod java/util/HashMap hash (Ljava/lang/Object;)I 4097 1 94388 0 160
ciMethod java/util/HashMap comparableClassFor (Ljava/lang/Object;)Ljava/lang/Class; 985 1 123 0 -1
ciMethod java/util/HashMap compareComparables (Ljava/lang/Class;Ljava/lang/Object;Ljava/lang/Object;)I 0 0 1 0 -1
ciMethod java/util/HashMap tableSizeFor (I)I 2745 1 5583 0 128
ciMethod java/util/HashMap <init> (IF)V 1721 1 6359 0 -1
ciMethod java/util/HashMap <init> (I)V 457 1 9529 0 -1
ciMethod java/util/HashMap <init> ()V 185 1 29792 0 32
ciMethod java/util/HashMap putMapEntries (Ljava/util/Map;Z)V 25 25 3814 0 0
ciMethod java/util/HashMap get (Ljava/lang/Object;)Ljava/lang/Object; 2097 1 32350 0 672
ciMethod java/util/HashMap getNode (ILjava/lang/Object;)Ljava/util/HashMap$Node; 2697 25 10936 0 480
ciMethod java/util/HashMap put (Ljava/lang/Object;Ljava/lang/Object;)Ljava/lang/Object; 1529 1 28921 0 1248
ciMethod java/util/HashMap putVal (ILjava/lang/Object;Ljava/lang/Object;ZZ)Ljava/lang/Object; 1529 49 20671 0 1184
ciMethod java/util/HashMap resize ()[Ljava/util/HashMap$Node; 545 153 6100 0 1344
ciMethod java/util/HashMap treeifyBin ([Ljava/util/HashMap$Node;I)V 1 1 8 0 0
ciMethod java/util/HashMap removeNode (ILjava/lang/Object;Ljava/lang/Object;ZZ)Ljava/util/HashMap$Node; 1 1 5208 0 -1
ciMethod java/util/HashMap entrySet ()Ljava/util/Set; 17 1 5900 0 0
ciMethod java/util/HashMap newNode (ILjava/lang/Object;Ljava/lang/Object;Ljava/util/HashMap$Node;)Ljava/util/HashMap$Node; 2049 1 6404 0 -1
ciMethod java/util/HashMap newTreeNode (ILjava/lang/Object;Ljava/lang/Object;Ljava/util/HashMap$Node;)Ljava/util/HashMap$TreeNode; 0 0 1 0 -1
ciMethod java/util/HashMap replacementTreeNode (Ljava/util/HashMap$Node;Ljava/util/HashMap$Node;)Ljava/util/HashMap$TreeNode; 0 0 1 0 -1
ciMethod java/util/HashMap afterNodeAccess (Ljava/util/HashMap$Node;)V 2049 1 1280 0 -1
ciMethod java/util/HashMap afterNodeInsertion (Z)V 2049 1 1280 0 -1
ciMethod java/util/Map$Entry getKey ()Ljava/lang/Object; 0 0 1 0 -1
ciMethod java/util/Map$Entry getValue ()Ljava/lang/Object; 0 0 1 0 -1
ciMethod java/util/HashMap$Node <init> (ILjava/lang/Object;Ljava/lang/Object;Ljava/util/HashMap$Node;)V 2049 1 12947 0 0
ciMethod java/util/HashMap$Node getKey ()Ljava/lang/Object; 1057 1 132 0 0
ciMethod java/util/HashMap$Node getValue ()Ljava/lang/Object; 1025 1 128 0 0
ciMethod java/util/Iterator hasNext ()Z 0 0 1 0 -1
ciMethod java/util/Iterator next ()Ljava/lang/Object; 0 0 1 0 -1
ciMethod sun/reflect/annotation/AnnotationType getInstance (Ljava/lang/Class;)Lsun/reflect/annotation/AnnotationType; 2081 1 2694 0 0
ciMethod sun/reflect/annotation/AnnotationType <init> (Ljava/lang/Class;)V 129 33 54 0 -1
ciMethod sun/reflect/annotation/AnnotationType invocationHandlerReturnType (Ljava/lang/Class;)Ljava/lang/Class; 577 1 72 0 -1
ciMethod sun/reflect/annotation/AnnotationType memberTypes ()Ljava/util/Map; 1033 1 129 0 0
ciMethod sun/reflect/annotation/AnnotationType members ()Ljava/util/Map; 0 0 1 0 -1
ciMethod sun/reflect/annotation/AnnotationType memberDefaults ()Ljava/util/Map; 1033 1 129 0 0
ciMethod sun/reflect/annotation/AnnotationType retention ()Ljava/lang/annotation/RetentionPolicy; 1033 1 129 0 0
ciMethod java/nio/ByteBuffer <init> (IIII[BI)V 529 1 2874 0 0
ciMethod java/nio/ByteBuffer wrap ([BII)Ljava/nio/ByteBuffer; 1 1 1150 0 0
ciMethod java/nio/ByteBuffer wrap ([B)Ljava/nio/ByteBuffer; 1 1 1150 0 0
ciMethod java/nio/ByteBuffer get ()B 0 0 1 0 -1
ciMethod java/nio/ByteBuffer _get (I)B 0 0 1 0 -1
ciMethod java/nio/ByteBuffer getShort ()S 0 0 1 0 -1
ciMethod java/nio/HeapByteBuffer <init> ([BII)V 1 1 1150 0 0
ciMethod java/nio/HeapByteBuffer ix (I)I 1777 1 10109 0 0
ciMethod java/nio/HeapByteBuffer get ()B 3105 1 572 0 0
ciMethod java/nio/HeapByteBuffer _get (I)B 3153 1 9982 0 0
ciMethod java/nio/HeapByteBuffer getShort ()S 2137 1 4801 0 0
ciMethod java/nio/Bits makeShort (BB)S 2137 1 4801 0 0
ciMethod java/nio/Bits getShortL (Ljava/nio/ByteBuffer;I)S 0 0 1 0 -1
ciMethod java/nio/Bits getShortB (Ljava/nio/ByteBuffer;I)S 2137 1 4801 0 0
ciMethod java/nio/Bits getShort (Ljava/nio/ByteBuffer;IZ)S 2137 1 4801 0 0
ciMethod java/nio/Bits byteOrder ()Ljava/nio/ByteOrder; 2049 1 2889 0 0
ciMethod java/util/LinkedHashMap linkNodeLast (Ljava/util/LinkedHashMap$Entry;)V 2041 1 6494 0 0
ciMethod java/util/LinkedHashMap newNode (ILjava/lang/Object;Ljava/lang/Object;Ljava/util/HashMap$Node;)Ljava/util/HashMap$Node; 2049 1 6491 0 288
ciMethod java/util/LinkedHashMap afterNodeInsertion (Z)V 2049 1 19836 0 2016
ciMethod java/util/LinkedHashMap afterNodeAccess (Ljava/util/HashMap$Node;)V 553 1 1753 0 0
ciMethod java/util/LinkedHashMap <init> ()V 2089 1 7166 0 64
ciMethod java/util/LinkedHashMap <init> (Ljava/util/Map;)V 1761 1 1310 0 0
ciMethod java/util/LinkedHashMap removeEldestEntry (Ljava/util/Map$Entry;)Z 1041 1 130 0 -1
ciMethod java/lang/Enum valueOf (Ljava/lang/Class;Ljava/lang/String;)Ljava/lang/Enum; 961 1 115 0 -1
ciMethod java/util/LinkedHashMap$Entry <init> (ILjava/lang/Object;Ljava/lang/Object;Ljava/util/HashMap$Node;)V 2049 1 6543 0 0
ciMethodData java/lang/Object <init> ()V 2 1333580 orig 264 8 30 224 114 0 0 0 0 128 4 92 21 0 0 0 0 32 1 0 0 0 0 0 0 0 0 0 0 0 0 0 0 0 0 0 0 0 0 0 0 0 0 0 0 0 0 0 0 0 0 0 0 0 0 0 0 0 0 0 0 0 0 0 0 0 0 0 0 0 0 0 0 0 0 0 0 0 0 0 0 77 68 79 32 101 120 116 114 97 32 100 97 116 97 32 108 111 99 107 0 0 0 0 0 0 0 0 0 0 0 0 0 0 0 0 0 0 0 0 0 0 0 0 0 0 0 0 0 0 0 0 0 0 0 0 0 0 0 0 0 0 0 0 0 0 0 0 0 0 0 0 0 0 0 0 0 0 0 0 0 0 0 0 0 0 0 0 0 0 0 0 0 0 0 0 0 0 0 0 0 0 0 0 0 1 0 0 0 0 0 0 0 1 0 0 0 0 0 0 0 1 0 0 0 0 0 0 0 0 0 0 0 0 0 0 0 0 2 0 0 97 186 162 0 1 0 0 0 0 0 0 0 0 0 0 0 2 0 0 0 0 0 3 0 1 0 0 0 0 0 0 0 255 255 255 255 0 0 0 0 0 0 0 0 data 0 oops 0
ciMethod sun/misc/JavaLangAccess getConstantPool (Ljava/lang/Class;)Lsun/reflect/ConstantPool; 0 0 1 0 -1
ciMethod sun/misc/JavaLangAccess casAnnotationType (Ljava/lang/Class;Lsun/reflect/annotation/AnnotationType;Lsun/reflect/annotation/AnnotationType;)Z 0 0 1 0 -1
ciMethod sun/misc/JavaLangAccess getAnnotationType (Ljava/lang/Class;)Lsun/reflect/annotation/AnnotationType; 0 0 1 0 -1
ciMethod sun/misc/JavaLangAccess getRawClassAnnotations (Ljava/lang/Class;)[B 0 0 1 0 -1
ciMethod java/lang/System$2 getConstantPool (Ljava/lang/Class;)Lsun/reflect/ConstantPool; 1393 1 2292 0 0
ciMethod java/lang/System$2 casAnnotationType (Ljava/lang/Class;Lsun/reflect/annotation/AnnotationType;Lsun/reflect/annotation/AnnotationType;)Z 129 1 54 0 0
ciMethod java/lang/System$2 getAnnotationType (Ljava/lang/Class;)Lsun/reflect/annotation/AnnotationType; 2081 1 2694 0 0
ciMethod java/lang/reflect/Array newInstance (Ljava/lang/Class;I)Ljava/lang/Object; 273 1 8382 0 -1
ciMethod java/util/HashMap$TreeNode root ()Ljava/util/HashMap$TreeNode; 0 0 1 0 -1
ciMethod java/util/HashMap$TreeNode moveRootToFront ([Ljava/util/HashMap$Node;Ljava/util/HashMap$TreeNode;)V 81 1 10 0 -1
ciMethod java/ut